mode: atomic
github.com/FITHSCS/backend/api/services/auth/build/all.go:13.19,15.2 1 0
github.com/FITHSCS/backend/api/services/auth/build/all.go:20.46,30.2 2 0
github.com/FITHSCS/backend/api/services/auth/main.go:34.13,38.53 2 0
github.com/FITHSCS/backend/api/services/auth/main.go:38.53,40.4 1 0
github.com/FITHSCS/backend/api/services/auth/main.go:43.2,43.48 1 0
github.com/FITHSCS/backend/api/services/auth/main.go:43.48,45.3 1 0
github.com/FITHSCS/backend/api/services/auth/main.go:47.2,53.38 3 0
github.com/FITHSCS/backend/api/services/auth/main.go:53.38,56.3 2 0
github.com/FITHSCS/backend/api/services/auth/main.go:59.57,104.16 5 0
github.com/FITHSCS/backend/api/services/auth/main.go:104.16,105.41 1 0
github.com/FITHSCS/backend/api/services/auth/main.go:105.41,108.4 2 0
github.com/FITHSCS/backend/api/services/auth/main.go:109.3,109.47 1 0
github.com/FITHSCS/backend/api/services/auth/main.go:115.2,119.16 4 0
github.com/FITHSCS/backend/api/services/auth/main.go:119.16,121.3 1 0
github.com/FITHSCS/backend/api/services/auth/main.go:122.2,142.16 6 0
github.com/FITHSCS/backend/api/services/auth/main.go:142.16,144.3 1 0
github.com/FITHSCS/backend/api/services/auth/main.go:146.2,166.16 6 0
github.com/FITHSCS/backend/api/services/auth/main.go:166.16,168.3 1 0
github.com/FITHSCS/backend/api/services/auth/main.go:170.2,171.16 2 0
github.com/FITHSCS/backend/api/services/auth/main.go:171.16,173.3 1 0
github.com/FITHSCS/backend/api/services/auth/main.go:175.2,175.16 1 0
github.com/FITHSCS/backend/api/services/auth/main.go:175.16,177.3 1 0
github.com/FITHSCS/backend/api/services/auth/main.go:179.2,187.16 3 0
github.com/FITHSCS/backend/api/services/auth/main.go:187.16,189.3 1 0
github.com/FITHSCS/backend/api/services/auth/main.go:194.2,194.12 1 0
github.com/FITHSCS/backend/api/services/auth/main.go:194.12,197.77 2 0
github.com/FITHSCS/backend/api/services/auth/main.go:197.77,199.4 1 0
github.com/FITHSCS/backend/api/services/auth/main.go:205.2,233.12 7 0
github.com/FITHSCS/backend/api/services/auth/main.go:233.12,237.3 2 0
github.com/FITHSCS/backend/api/services/auth/main.go:242.2,242.9 1 0
github.com/FITHSCS/backend/api/services/auth/main.go:243.29,244.45 1 0
github.com/FITHSCS/backend/api/services/auth/main.go:246.25,253.43 5 0
github.com/FITHSCS/backend/api/services/auth/main.go:253.43,256.4 2 0
github.com/FITHSCS/backend/api/services/auth/main.go:259.2,259.12 1 0
github.com/FITHSCS/backend/api/services/core/main.go:52.13,56.53 2 0
github.com/FITHSCS/backend/api/services/core/main.go:56.53,58.4 1 0
github.com/FITHSCS/backend/api/services/core/main.go:61.2,61.48 1 0
github.com/FITHSCS/backend/api/services/core/main.go:61.48,63.3 1 0
github.com/FITHSCS/backend/api/services/core/main.go:65.2,71.38 3 0
github.com/FITHSCS/backend/api/services/core/main.go:71.38,74.3 2 0
github.com/FITHSCS/backend/api/services/core/main.go:77.57,134.16 5 0
github.com/FITHSCS/backend/api/services/core/main.go:134.16,135.41 1 0
github.com/FITHSCS/backend/api/services/core/main.go:135.41,138.4 2 0
github.com/FITHSCS/backend/api/services/core/main.go:139.3,139.47 1 0
github.com/FITHSCS/backend/api/services/core/main.go:145.2,149.16 4 0
github.com/FITHSCS/backend/api/services/core/main.go:149.16,151.3 1 0
github.com/FITHSCS/backend/api/services/core/main.go:152.2,172.16 7 0
github.com/FITHSCS/backend/api/services/core/main.go:172.16,174.3 1 0
github.com/FITHSCS/backend/api/services/core/main.go:176.2,207.26 18 0
github.com/FITHSCS/backend/api/services/core/main.go:207.26,233.45 4 0
github.com/FITHSCS/backend/api/services/core/main.go:233.45,235.4 1 0
github.com/FITHSCS/backend/api/services/core/main.go:236.3,236.16 1 0
github.com/FITHSCS/backend/api/services/core/main.go:236.16,238.49 2 0
github.com/FITHSCS/backend/api/services/core/main.go:238.49,240.5 1 0
github.com/FITHSCS/backend/api/services/core/main.go:247.2,247.12 1 0
github.com/FITHSCS/backend/api/services/core/main.go:247.12,250.77 2 0
github.com/FITHSCS/backend/api/services/core/main.go:250.77,252.4 1 0
github.com/FITHSCS/backend/api/services/core/main.go:258.2,298.12 8 0
github.com/FITHSCS/backend/api/services/core/main.go:298.12,302.3 2 0
github.com/FITHSCS/backend/api/services/core/main.go:307.2,307.9 1 0
github.com/FITHSCS/backend/api/services/core/main.go:308.29,309.45 1 0
github.com/FITHSCS/backend/api/services/core/main.go:311.25,318.43 5 0
github.com/FITHSCS/backend/api/services/core/main.go:318.43,321.4 2 0
github.com/FITHSCS/backend/api/services/core/main.go:324.2,324.12 1 0
github.com/FITHSCS/backend/api/services/core/build/all/all.go:23.19,25.2 1 0
github.com/FITHSCS/backend/api/services/core/build/all/all.go:30.46,102.2 12 0
github.com/FITHSCS/backend/api/services/metrics/main.go:25.13,29.53 2 0
github.com/FITHSCS/backend/api/services/metrics/main.go:29.53,29.99 1 0
github.com/FITHSCS/backend/api/services/metrics/main.go:32.2,32.48 1 0
github.com/FITHSCS/backend/api/services/metrics/main.go:32.48,34.3 1 0
github.com/FITHSCS/backend/api/services/metrics/main.go:36.2,42.38 3 0
github.com/FITHSCS/backend/api/services/metrics/main.go:42.38,45.3 2 0
github.com/FITHSCS/backend/api/services/metrics/main.go:48.57,95.16 5 0
github.com/FITHSCS/backend/api/services/metrics/main.go:95.16,96.41 1 0
github.com/FITHSCS/backend/api/services/metrics/main.go:96.41,99.4 2 0
github.com/FITHSCS/backend/api/services/metrics/main.go:100.3,100.47 1 0
github.com/FITHSCS/backend/api/services/metrics/main.go:106.2,110.16 4 0
github.com/FITHSCS/backend/api/services/metrics/main.go:110.16,112.3 1 0
github.com/FITHSCS/backend/api/services/metrics/main.go:113.2,120.12 3 0
github.com/FITHSCS/backend/api/services/metrics/main.go:120.12,123.77 2 0
github.com/FITHSCS/backend/api/services/metrics/main.go:123.77,125.4 1 0
github.com/FITHSCS/backend/api/services/metrics/main.go:131.2,144.16 6 0
github.com/FITHSCS/backend/api/services/metrics/main.go:144.16,146.3 1 0
github.com/FITHSCS/backend/api/services/metrics/main.go:148.2,151.16 3 0
github.com/FITHSCS/backend/api/services/metrics/main.go:151.16,153.3 1 0
github.com/FITHSCS/backend/api/services/metrics/main.go:154.2,166.12 7 0
github.com/FITHSCS/backend/api/services/metrics/collector/expvar.go:23.40,46.2 3 0
github.com/FITHSCS/backend/api/services/metrics/collector/expvar.go:49.54,51.16 2 0
github.com/FITHSCS/backend/api/services/metrics/collector/expvar.go:51.16,53.3 1 0
github.com/FITHSCS/backend/api/services/metrics/collector/expvar.go:55.2,56.16 2 0
github.com/FITHSCS/backend/api/services/metrics/collector/expvar.go:56.16,58.3 1 0
github.com/FITHSCS/backend/api/services/metrics/collector/expvar.go:59.2,61.38 2 0
github.com/FITHSCS/backend/api/services/metrics/collector/expvar.go:61.38,63.17 2 0
github.com/FITHSCS/backend/api/services/metrics/collector/expvar.go:63.17,65.4 1 0
github.com/FITHSCS/backend/api/services/metrics/collector/expvar.go:66.3,66.38 1 0
github.com/FITHSCS/backend/api/services/metrics/collector/expvar.go:69.2,70.61 2 0
github.com/FITHSCS/backend/api/services/metrics/collector/expvar.go:70.61,72.3 1 0
github.com/FITHSCS/backend/api/services/metrics/collector/expvar.go:74.2,74.18 1 0
github.com/FITHSCS/backend/api/services/metrics/publisher/publisher.go:41.117,51.12 3 0
github.com/FITHSCS/backend/api/services/metrics/publisher/publisher.go:51.12,53.7 2 0
github.com/FITHSCS/backend/api/services/metrics/publisher/publisher.go:53.7,55.11 2 0
github.com/FITHSCS/backend/api/services/metrics/publisher/publisher.go:56.21,57.15 1 0
github.com/FITHSCS/backend/api/services/metrics/publisher/publisher.go:58.22,59.11 1 0
github.com/FITHSCS/backend/api/services/metrics/publisher/publisher.go:64.2,64.16 1 0
github.com/FITHSCS/backend/api/services/metrics/publisher/publisher.go:68.26,71.2 2 0
github.com/FITHSCS/backend/api/services/metrics/publisher/publisher.go:74.28,76.16 2 0
github.com/FITHSCS/backend/api/services/metrics/publisher/publisher.go:76.16,79.3 2 0
github.com/FITHSCS/backend/api/services/metrics/publisher/publisher.go:81.2,81.34 1 0
github.com/FITHSCS/backend/api/services/metrics/publisher/publisher.go:81.34,83.3 1 0
github.com/FITHSCS/backend/api/services/metrics/publisher/publisher.go:92.44,94.2 1 0
github.com/FITHSCS/backend/api/services/metrics/publisher/publisher.go:97.47,101.16 3 0
github.com/FITHSCS/backend/api/services/metrics/publisher/publisher.go:101.16,104.3 2 0
github.com/FITHSCS/backend/api/services/metrics/publisher/publisher.go:106.2,107.52 2 0
github.com/FITHSCS/backend/api/services/metrics/publisher/publisher.go:107.52,110.3 2 0
github.com/FITHSCS/backend/api/services/metrics/publisher/publisher.go:113.2,114.8 2 0
github.com/FITHSCS/backend/api/services/metrics/publisher/publisher.go:114.8,116.3 1 0
github.com/FITHSCS/backend/api/services/metrics/publisher/publisher.go:119.2,123.16 4 0
github.com/FITHSCS/backend/api/services/metrics/publisher/publisher.go:123.16,125.3 1 0
github.com/FITHSCS/backend/api/services/metrics/publisher/publisher.go:126.2,126.48 1 0
github.com/FITHSCS/backend/api/services/metrics/publisher/datadog/datadog.go:25.64,50.2 3 0
github.com/FITHSCS/backend/api/services/metrics/publisher/datadog/datadog.go:54.48,56.16 2 0
github.com/FITHSCS/backend/api/services/metrics/publisher/datadog/datadog.go:56.16,59.3 2 0
github.com/FITHSCS/backend/api/services/metrics/publisher/datadog/datadog.go:61.2,61.44 1 0
github.com/FITHSCS/backend/api/services/metrics/publisher/datadog/datadog.go:61.44,64.3 2 0
github.com/FITHSCS/backend/api/services/metrics/publisher/datadog/datadog.go:66.2,66.59 1 0
github.com/FITHSCS/backend/api/services/metrics/publisher/datadog/datadog.go:70.75,94.9 3 0
github.com/FITHSCS/backend/api/services/metrics/publisher/datadog/datadog.go:94.9,96.3 1 0
github.com/FITHSCS/backend/api/services/metrics/publisher/datadog/datadog.go:97.2,98.25 2 0
github.com/FITHSCS/backend/api/services/metrics/publisher/datadog/datadog.go:98.25,100.3 1 0
github.com/FITHSCS/backend/api/services/metrics/publisher/datadog/datadog.go:101.2,116.31 4 0
github.com/FITHSCS/backend/api/services/metrics/publisher/datadog/datadog.go:116.31,117.23 1 0
github.com/FITHSCS/backend/api/services/metrics/publisher/datadog/datadog.go:118.21,125.6 1 0
github.com/FITHSCS/backend/api/services/metrics/publisher/datadog/datadog.go:130.2,131.16 2 0
github.com/FITHSCS/backend/api/services/metrics/publisher/datadog/datadog.go:131.16,134.3 2 0
github.com/FITHSCS/backend/api/services/metrics/publisher/datadog/datadog.go:136.2,136.17 1 0
github.com/FITHSCS/backend/api/services/metrics/publisher/datadog/datadog.go:140.49,145.16 4 0
github.com/FITHSCS/backend/api/services/metrics/publisher/datadog/datadog.go:145.16,147.3 1 0
github.com/FITHSCS/backend/api/services/metrics/publisher/datadog/datadog.go:149.2,150.16 2 0
github.com/FITHSCS/backend/api/services/metrics/publisher/datadog/datadog.go:150.16,152.3 1 0
github.com/FITHSCS/backend/api/services/metrics/publisher/datadog/datadog.go:153.2,155.44 2 0
github.com/FITHSCS/backend/api/services/metrics/publisher/datadog/datadog.go:155.44,157.17 2 0
github.com/FITHSCS/backend/api/services/metrics/publisher/datadog/datadog.go:157.17,159.4 1 0
github.com/FITHSCS/backend/api/services/metrics/publisher/datadog/datadog.go:160.3,160.51 1 0
github.com/FITHSCS/backend/api/services/metrics/publisher/datadog/datadog.go:163.2,163.12 1 0
github.com/FITHSCS/backend/api/services/metrics/publisher/expvar/expvar.go:24.133,40.12 4 0
github.com/FITHSCS/backend/api/services/metrics/publisher/expvar/expvar.go:40.12,44.53 3 0
github.com/FITHSCS/backend/api/services/metrics/publisher/expvar/expvar.go:44.53,46.4 1 0
github.com/FITHSCS/backend/api/services/metrics/publisher/expvar/expvar.go:49.2,49.13 1 0
github.com/FITHSCS/backend/api/services/metrics/publisher/expvar/expvar.go:53.56,60.49 5 0
github.com/FITHSCS/backend/api/services/metrics/publisher/expvar/expvar.go:60.49,62.44 2 0
github.com/FITHSCS/backend/api/services/metrics/publisher/expvar/expvar.go:62.44,64.4 1 0
github.com/FITHSCS/backend/api/services/metrics/publisher/expvar/expvar.go:69.49,71.2 2 0
github.com/FITHSCS/backend/api/services/metrics/publisher/expvar/expvar.go:71.2,73.3 1 0
github.com/FITHSCS/backend/api/services/metrics/publisher/expvar/expvar.go:74.2,74.17 1 0
github.com/FITHSCS/backend/api/services/metrics/publisher/expvar/expvar.go:78.68,86.2 6 0
github.com/FITHSCS/backend/api/services/metrics/publisher/expvar/expvar.go:86.2,88.3 1 0
github.com/FITHSCS/backend/api/services/metrics/publisher/expvar/expvar.go:89.2,91.56 2 0
github.com/FITHSCS/backend/api/services/metrics/publisher/expvar/expvar.go:91.56,93.3 1 0
github.com/FITHSCS/backend/api/services/metrics/publisher/expvar/expvar.go:95.2,95.126 1 0
github.com/FITHSCS/backend/api/services/metrics/publisher/prometheus/prometheus.go:24.135,41.12 4 0
github.com/FITHSCS/backend/api/services/metrics/publisher/prometheus/prometheus.go:41.12,46.53 3 0
github.com/FITHSCS/backend/api/services/metrics/publisher/prometheus/prometheus.go:46.53,48.4 1 0
github.com/FITHSCS/backend/api/services/metrics/publisher/prometheus/prometheus.go:51.2,51.13 1 0
github.com/FITHSCS/backend/api/services/metrics/publisher/prometheus/prometheus.go:55.51,60.2 3 0
github.com/FITHSCS/backend/api/services/metrics/publisher/prometheus/prometheus.go:63.58,70.49 5 0
github.com/FITHSCS/backend/api/services/metrics/publisher/prometheus/prometheus.go:70.49,73.44 2 0
github.com/FITHSCS/backend/api/services/metrics/publisher/prometheus/prometheus.go:73.44,75.4 1 0
github.com/FITHSCS/backend/api/services/metrics/publisher/prometheus/prometheus.go:79.70,87.2 6 0
github.com/FITHSCS/backend/api/services/metrics/publisher/prometheus/prometheus.go:87.2,89.3 1 0
github.com/FITHSCS/backend/api/services/metrics/publisher/prometheus/prometheus.go:90.2,94.139 3 0
github.com/FITHSCS/backend/api/services/metrics/publisher/prometheus/prometheus.go:97.56,100.27 2 0
github.com/FITHSCS/backend/api/services/metrics/publisher/prometheus/prometheus.go:100.27,101.25 1 0
github.com/FITHSCS/backend/api/services/metrics/publisher/prometheus/prometheus.go:102.23,103.31 1 0
github.com/FITHSCS/backend/api/services/metrics/publisher/prometheus/prometheus.go:105.14,106.27 1 0
github.com/FITHSCS/backend/api/services/metrics/publisher/prometheus/prometheus.go:108.16,109.18 1 0
github.com/FITHSCS/backend/api/services/metrics/publisher/prometheus/prometheus.go:111.13,113.10 2 0
github.com/FITHSCS/backend/api/services/metrics/publisher/prometheus/prometheus.go:113.10,115.5 1 0
github.com/FITHSCS/backend/api/services/metrics/publisher/prometheus/prometheus.go:119.2,119.15 1 0
github.com/FITHSCS/backend/api/services/metrics/publisher/prometheus/prometheus.go:122.59,123.18 1 0
github.com/FITHSCS/backend/api/services/metrics/publisher/prometheus/prometheus.go:123.18,125.3 1 0
github.com/FITHSCS/backend/api/services/metrics/publisher/prometheus/prometheus.go:127.2,127.25 1 0
github.com/FITHSCS/backend/api/services/metrics/publisher/prometheus/prometheus.go:127.25,130.25 2 0
github.com/FITHSCS/backend/api/services/metrics/publisher/prometheus/prometheus.go:131.16,132.44 1 0
github.com/FITHSCS/backend/api/services/metrics/publisher/prometheus/prometheus.go:134.23,135.24 1 0
github.com/FITHSCS/backend/api/services/metrics/publisher/prometheus/prometheus.go:137.11,137.11 0 0
github.com/FITHSCS/backend/api/services/sync/main.go:30.13,34.57 2 0
github.com/FITHSCS/backend/api/services/sync/main.go:34.57,36.8 1 0
github.com/FITHSCS/backend/api/services/sync/main.go:39.5,39.51 1 0
github.com/FITHSCS/backend/api/services/sync/main.go:39.51,41.6 1 0
github.com/FITHSCS/backend/api/services/sync/main.go:43.5,47.41 3 0
github.com/FITHSCS/backend/api/services/sync/main.go:47.41,50.6 2 0
github.com/FITHSCS/backend/api/services/sync/main.go:53.57,94.19 5 0
github.com/FITHSCS/backend/api/services/sync/main.go:94.19,95.47 1 0
github.com/FITHSCS/backend/api/services/sync/main.go:95.47,98.10 2 0
github.com/FITHSCS/backend/api/services/sync/main.go:99.9,99.53 1 0
github.com/FITHSCS/backend/api/services/sync/main.go:103.5,107.19 4 0
github.com/FITHSCS/backend/api/services/sync/main.go:107.19,109.6 1 0
github.com/FITHSCS/backend/api/services/sync/main.go:110.5,127.19 6 0
github.com/FITHSCS/backend/api/services/sync/main.go:127.19,129.6 1 0
github.com/FITHSCS/backend/api/services/sync/main.go:130.5,140.15 5 0
github.com/FITHSCS/backend/api/services/sync/main.go:140.15,142.83 2 0
github.com/FITHSCS/backend/api/services/sync/main.go:142.83,144.10 1 0
github.com/FITHSCS/backend/api/services/sync/main.go:148.5,181.15 9 0
github.com/FITHSCS/backend/api/services/sync/main.go:181.15,184.6 2 0
github.com/FITHSCS/backend/api/services/sync/main.go:187.5,187.12 1 0
github.com/FITHSCS/backend/api/services/sync/main.go:188.32,189.51 1 0
github.com/FITHSCS/backend/api/services/sync/main.go:190.28,197.49 5 0
github.com/FITHSCS/backend/api/services/sync/main.go:197.49,200.10 2 0
github.com/FITHSCS/backend/api/services/sync/main.go:203.5,203.15 1 0
github.com/FITHSCS/backend/api/services/sync/build/all/all.go:15.19,17.2 1 0
github.com/FITHSCS/backend/api/services/sync/build/all/all.go:22.46,36.2 1 0
github.com/FITHSCS/backend/api/tooling/admin/main.go:36.13,37.88 1 0
github.com/FITHSCS/backend/api/tooling/admin/main.go:37.88,37.137 1 0
github.com/FITHSCS/backend/api/tooling/admin/main.go:39.2,39.33 1 0
github.com/FITHSCS/backend/api/tooling/admin/main.go:39.33,40.40 1 0
github.com/FITHSCS/backend/api/tooling/admin/main.go:40.40,42.4 1 0
github.com/FITHSCS/backend/api/tooling/admin/main.go:43.3,43.13 1 0
github.com/FITHSCS/backend/api/tooling/admin/main.go:47.36,57.16 4 0
github.com/FITHSCS/backend/api/tooling/admin/main.go:57.16,58.41 1 0
github.com/FITHSCS/backend/api/tooling/admin/main.go:58.41,61.4 2 0
github.com/FITHSCS/backend/api/tooling/admin/main.go:63.3,64.17 2 0
github.com/FITHSCS/backend/api/tooling/admin/main.go:64.17,66.4 1 0
github.com/FITHSCS/backend/api/tooling/admin/main.go:67.3,69.47 2 0
github.com/FITHSCS/backend/api/tooling/admin/main.go:72.2,72.44 1 0
github.com/FITHSCS/backend/api/tooling/admin/main.go:77.76,88.21 2 0
github.com/FITHSCS/backend/api/tooling/admin/main.go:89.17,90.52 1 0
github.com/FITHSCS/backend/api/tooling/admin/main.go:90.52,92.4 1 0
github.com/FITHSCS/backend/api/tooling/admin/main.go:94.14,95.49 1 0
github.com/FITHSCS/backend/api/tooling/admin/main.go:95.49,97.4 1 0
github.com/FITHSCS/backend/api/tooling/admin/main.go:99.22,100.52 1 0
github.com/FITHSCS/backend/api/tooling/admin/main.go:100.52,102.4 1 0
github.com/FITHSCS/backend/api/tooling/admin/main.go:103.3,103.49 1 0
github.com/FITHSCS/backend/api/tooling/admin/main.go:103.49,105.4 1 0
github.com/FITHSCS/backend/api/tooling/admin/main.go:107.17,111.80 4 0
github.com/FITHSCS/backend/api/tooling/admin/main.go:111.80,113.4 1 0
github.com/FITHSCS/backend/api/tooling/admin/main.go:115.10,119.26 4 0
github.com/FITHSCS/backend/api/tooling/admin/main.go:122.2,122.12 1 0
github.com/FITHSCS/backend/api/tooling/admin/commands/genkey.go:13.21,17.16 2 0
github.com/FITHSCS/backend/api/tooling/admin/commands/genkey.go:17.16,19.3 1 0
github.com/FITHSCS/backend/api/tooling/admin/commands/genkey.go:22.2,23.16 2 0
github.com/FITHSCS/backend/api/tooling/admin/commands/genkey.go:23.16,25.3 1 0
github.com/FITHSCS/backend/api/tooling/admin/commands/genkey.go:26.2,35.63 3 0
github.com/FITHSCS/backend/api/tooling/admin/commands/genkey.go:35.63,37.3 1 0
github.com/FITHSCS/backend/api/tooling/admin/commands/genkey.go:40.2,41.16 2 0
github.com/FITHSCS/backend/api/tooling/admin/commands/genkey.go:41.16,43.3 1 0
github.com/FITHSCS/backend/api/tooling/admin/commands/genkey.go:44.2,48.16 3 0
github.com/FITHSCS/backend/api/tooling/admin/commands/genkey.go:48.16,50.3 1 0
github.com/FITHSCS/backend/api/tooling/admin/commands/genkey.go:53.2,59.61 2 0
github.com/FITHSCS/backend/api/tooling/admin/commands/genkey.go:59.61,61.3 1 0
github.com/FITHSCS/backend/api/tooling/admin/commands/genkey.go:63.2,64.12 2 0
github.com/FITHSCS/backend/api/tooling/admin/commands/migrate.go:17.38,19.16 2 0
github.com/FITHSCS/backend/api/tooling/admin/commands/migrate.go:19.16,21.3 1 0
github.com/FITHSCS/backend/api/tooling/admin/commands/migrate.go:22.2,27.49 4 0
github.com/FITHSCS/backend/api/tooling/admin/commands/migrate.go:27.49,29.3 1 0
github.com/FITHSCS/backend/api/tooling/admin/commands/migrate.go:31.2,32.12 2 0
github.com/FITHSCS/backend/api/tooling/admin/commands/seed.go:13.35,15.16 2 0
github.com/FITHSCS/backend/api/tooling/admin/commands/seed.go:15.16,17.3 1 0
github.com/FITHSCS/backend/api/tooling/admin/commands/seed.go:18.2,23.46 4 0
github.com/FITHSCS/backend/api/tooling/admin/commands/seed.go:23.46,25.3 1 0
github.com/FITHSCS/backend/api/tooling/admin/commands/seed.go:27.2,28.12 2 0
github.com/FITHSCS/backend/api/tooling/admin/commands/useradd.go:19.101,20.48 1 0
github.com/FITHSCS/backend/api/tooling/admin/commands/useradd.go:20.48,23.3 2 0
github.com/FITHSCS/backend/api/tooling/admin/commands/useradd.go:25.2,26.16 2 0
github.com/FITHSCS/backend/api/tooling/admin/commands/useradd.go:26.16,28.3 1 0
github.com/FITHSCS/backend/api/tooling/admin/commands/useradd.go:29.2,37.16 6 0
github.com/FITHSCS/backend/api/tooling/admin/commands/useradd.go:37.16,39.3 1 0
github.com/FITHSCS/backend/api/tooling/admin/commands/useradd.go:41.2,49.16 3 0
github.com/FITHSCS/backend/api/tooling/admin/commands/useradd.go:49.16,51.3 1 0
github.com/FITHSCS/backend/api/tooling/admin/commands/useradd.go:53.2,54.12 2 0
github.com/FITHSCS/backend/api/tooling/logfmt/main.go:18.13,24.2 4 0
github.com/FITHSCS/backend/api/tooling/logfmt/main.go:26.13,33.21 5 0
github.com/FITHSCS/backend/api/tooling/logfmt/main.go:33.21,38.17 4 0
github.com/FITHSCS/backend/api/tooling/logfmt/main.go:38.17,39.21 1 0
github.com/FITHSCS/backend/api/tooling/logfmt/main.go:39.21,41.5 1 0
github.com/FITHSCS/backend/api/tooling/logfmt/main.go:42.4,42.12 1 0
github.com/FITHSCS/backend/api/tooling/logfmt/main.go:46.3,46.73 1 0
github.com/FITHSCS/backend/api/tooling/logfmt/main.go:46.73,47.12 1 0
github.com/FITHSCS/backend/api/tooling/logfmt/main.go:51.3,52.33 2 0
github.com/FITHSCS/backend/api/tooling/logfmt/main.go:52.33,54.4 1 0
github.com/FITHSCS/backend/api/tooling/logfmt/main.go:60.3,72.23 3 0
github.com/FITHSCS/backend/api/tooling/logfmt/main.go:72.23,73.13 1 0
github.com/FITHSCS/backend/api/tooling/logfmt/main.go:74.63,75.13 1 0
github.com/FITHSCS/backend/api/tooling/logfmt/main.go:80.4,80.48 1 0
github.com/FITHSCS/backend/api/tooling/logfmt/main.go:84.3,85.32 2 0
github.com/FITHSCS/backend/api/tooling/logfmt/main.go:88.2,88.38 1 0
github.com/FITHSCS/backend/api/tooling/logfmt/main.go:88.38,90.3 1 0
github.com/FITHSCS/backend/business/domain/auditbus/auditbus.go:31.63,36.2 1 1
github.com/FITHSCS/backend/business/domain/auditbus/auditbus.go:39.76,42.16 2 2
github.com/FITHSCS/backend/business/domain/auditbus/auditbus.go:42.16,44.3 1 0
github.com/FITHSCS/backend/business/domain/auditbus/auditbus.go:46.2,58.52 2 2
github.com/FITHSCS/backend/business/domain/auditbus/auditbus.go:58.52,60.3 1 0
github.com/FITHSCS/backend/business/domain/auditbus/auditbus.go:62.2,62.19 1 2
github.com/FITHSCS/backend/business/domain/auditbus/auditbus.go:66.118,69.16 2 1
github.com/FITHSCS/backend/business/domain/auditbus/auditbus.go:69.16,71.3 1 0
github.com/FITHSCS/backend/business/domain/auditbus/auditbus.go:73.2,73.20 1 1
github.com/FITHSCS/backend/business/domain/auditbus/auditbus.go:77.80,79.2 1 0
github.com/FITHSCS/backend/business/domain/auditbus/testutil.go:14.97,18.19 3 1
github.com/FITHSCS/backend/business/domain/auditbus/testutil.go:18.19,32.3 3 2
github.com/FITHSCS/backend/business/domain/auditbus/testutil.go:34.2,34.18 1 1
github.com/FITHSCS/backend/business/domain/auditbus/testutil.go:38.140,42.31 3 1
github.com/FITHSCS/backend/business/domain/auditbus/testutil.go:42.31,44.17 2 2
github.com/FITHSCS/backend/business/domain/auditbus/testutil.go:44.17,46.4 1 0
github.com/FITHSCS/backend/business/domain/auditbus/testutil.go:48.3,48.18 1 2
github.com/FITHSCS/backend/business/domain/auditbus/testutil.go:51.2,51.20 1 1
github.com/FITHSCS/backend/business/domain/auditbus/stores/auditdb/auditdb.go:24.55,29.2 1 0
github.com/FITHSCS/backend/business/domain/auditbus/stores/auditdb/auditdb.go:32.69,40.16 3 0
github.com/FITHSCS/backend/business/domain/auditbus/stores/auditdb/auditdb.go:40.16,42.3 1 0
github.com/FITHSCS/backend/business/domain/auditbus/stores/auditdb/auditdb.go:44.2,44.77 1 0
github.com/FITHSCS/backend/business/domain/auditbus/stores/auditdb/auditdb.go:44.77,46.3 1 0
github.com/FITHSCS/backend/business/domain/auditbus/stores/auditdb/auditdb.go:48.2,48.12 1 0
github.com/FITHSCS/backend/business/domain/auditbus/stores/auditdb/auditdb.go:51.133,68.16 6 0
github.com/FITHSCS/backend/business/domain/auditbus/stores/auditdb/auditdb.go:68.16,70.3 1 0
github.com/FITHSCS/backend/business/domain/auditbus/stores/auditdb/auditdb.go:72.2,76.95 4 0
github.com/FITHSCS/backend/business/domain/auditbus/stores/auditdb/auditdb.go:76.95,78.3 1 0
github.com/FITHSCS/backend/business/domain/auditbus/stores/auditdb/auditdb.go:80.2,80.30 1 0
github.com/FITHSCS/backend/business/domain/auditbus/stores/auditdb/auditdb.go:84.86,99.93 6 0
github.com/FITHSCS/backend/business/domain/auditbus/stores/auditdb/auditdb.go:99.93,101.3 1 0
github.com/FITHSCS/backend/business/domain/auditbus/stores/auditdb/auditdb.go:103.2,103.25 1 0
github.com/FITHSCS/backend/business/domain/auditbus/stores/auditdb/filter.go:11.87,14.25 2 0
github.com/FITHSCS/backend/business/domain/auditbus/stores/auditdb/filter.go:14.25,17.3 2 0
github.com/FITHSCS/backend/business/domain/auditbus/stores/auditdb/filter.go:19.2,19.29 1 0
github.com/FITHSCS/backend/business/domain/auditbus/stores/auditdb/filter.go:19.29,22.3 2 0
github.com/FITHSCS/backend/business/domain/auditbus/stores/auditdb/filter.go:24.2,24.27 1 0
github.com/FITHSCS/backend/business/domain/auditbus/stores/auditdb/filter.go:24.27,27.3 2 0
github.com/FITHSCS/backend/business/domain/auditbus/stores/auditdb/filter.go:29.2,29.27 1 0
github.com/FITHSCS/backend/business/domain/auditbus/stores/auditdb/filter.go:29.27,32.3 2 0
github.com/FITHSCS/backend/business/domain/auditbus/stores/auditdb/filter.go:34.2,34.26 1 0
github.com/FITHSCS/backend/business/domain/auditbus/stores/auditdb/filter.go:34.26,37.3 2 0
github.com/FITHSCS/backend/business/domain/auditbus/stores/auditdb/filter.go:39.2,39.25 1 0
github.com/FITHSCS/backend/business/domain/auditbus/stores/auditdb/filter.go:39.25,42.3 2 0
github.com/FITHSCS/backend/business/domain/auditbus/stores/auditdb/filter.go:44.2,44.25 1 0
github.com/FITHSCS/backend/business/domain/auditbus/stores/auditdb/filter.go:44.25,47.3 2 0
github.com/FITHSCS/backend/business/domain/auditbus/stores/auditdb/filter.go:49.2,49.17 1 0
github.com/FITHSCS/backend/business/domain/auditbus/stores/auditdb/filter.go:49.17,52.3 2 0
github.com/FITHSCS/backend/business/domain/auditbus/stores/auditdb/model.go:27.51,41.2 2 0
github.com/FITHSCS/backend/business/domain/auditbus/stores/auditdb/model.go:43.51,45.16 2 0
github.com/FITHSCS/backend/business/domain/auditbus/stores/auditdb/model.go:45.16,47.3 1 0
github.com/FITHSCS/backend/business/domain/auditbus/stores/auditdb/model.go:49.2,50.16 2 0
github.com/FITHSCS/backend/business/domain/auditbus/stores/auditdb/model.go:50.16,52.3 1 0
github.com/FITHSCS/backend/business/domain/auditbus/stores/auditdb/model.go:54.2,66.17 2 0
github.com/FITHSCS/backend/business/domain/auditbus/stores/auditdb/model.go:69.57,72.25 2 0
github.com/FITHSCS/backend/business/domain/auditbus/stores/auditdb/model.go:72.25,74.17 2 0
github.com/FITHSCS/backend/business/domain/auditbus/stores/auditdb/model.go:74.17,76.4 1 0
github.com/FITHSCS/backend/business/domain/auditbus/stores/auditdb/model.go:78.3,78.16 1 0
github.com/FITHSCS/backend/business/domain/auditbus/stores/auditdb/model.go:81.2,81.20 1 0
github.com/FITHSCS/backend/business/domain/auditbus/stores/auditdb/order.go:18.54,21.13 2 0
github.com/FITHSCS/backend/business/domain/auditbus/stores/auditdb/order.go:21.13,23.3 1 0
github.com/FITHSCS/backend/business/domain/auditbus/stores/auditdb/order.go:25.2,25.57 1 0
github.com/FITHSCS/backend/business/domain/delexceptionbus/store/delexceptiondb/delexceptiondb.go:24.55,29.2 1 0
github.com/FITHSCS/backend/business/domain/delexceptionbus/store/delexceptiondb/delexceptiondb.go:31.88,66.2 2 0
github.com/FITHSCS/backend/business/domain/delexceptionbus/store/delexceptiondb/delexceptiondb.go:68.88,84.2 2 0
github.com/FITHSCS/backend/business/domain/delexceptionbus/store/delexceptiondb/delexceptiondb.go:86.159,116.16 6 0
github.com/FITHSCS/backend/business/domain/delexceptionbus/store/delexceptiondb/delexceptiondb.go:116.16,118.3 1 0
github.com/FITHSCS/backend/business/domain/delexceptionbus/store/delexceptiondb/delexceptiondb.go:120.2,124.93 4 0
github.com/FITHSCS/backend/business/domain/delexceptionbus/store/delexceptiondb/delexceptiondb.go:124.93,126.3 1 0
github.com/FITHSCS/backend/business/domain/delexceptionbus/store/delexceptiondb/delexceptiondb.go:127.2,128.40 2 0
github.com/FITHSCS/backend/business/domain/delexceptionbus/store/delexceptiondb/delexceptiondb.go:132.93,147.93 6 0
github.com/FITHSCS/backend/business/domain/delexceptionbus/store/delexceptiondb/delexceptiondb.go:147.93,149.3 1 0
github.com/FITHSCS/backend/business/domain/delexceptionbus/store/delexceptiondb/delexceptiondb.go:151.2,151.25 1 0
github.com/FITHSCS/backend/business/domain/delexceptionbus/store/delexceptiondb/delexceptiondb.go:154.105,180.84 4 0
github.com/FITHSCS/backend/business/domain/delexceptionbus/store/delexceptiondb/delexceptiondb.go:180.84,181.42 1 0
github.com/FITHSCS/backend/business/domain/delexceptionbus/store/delexceptiondb/delexceptiondb.go:181.42,183.4 1 0
github.com/FITHSCS/backend/business/domain/delexceptionbus/store/delexceptiondb/delexceptiondb.go:184.3,184.50 1 0
github.com/FITHSCS/backend/business/domain/delexceptionbus/store/delexceptiondb/delexceptiondb.go:186.2,186.36 1 0
github.com/FITHSCS/backend/business/domain/delexceptionbus/store/delexceptiondb/delexceptiondb.go:189.86,201.89 3 0
github.com/FITHSCS/backend/business/domain/delexceptionbus/store/delexceptiondb/delexceptiondb.go:201.89,203.3 1 0
github.com/FITHSCS/backend/business/domain/delexceptionbus/store/delexceptiondb/delexceptiondb.go:204.2,204.12 1 0
github.com/FITHSCS/backend/business/domain/delexceptionbus/store/delexceptiondb/delexceptiondb.go:207.86,217.89 3 0
github.com/FITHSCS/backend/business/domain/delexceptionbus/store/delexceptiondb/delexceptiondb.go:217.89,219.3 1 0
github.com/FITHSCS/backend/business/domain/delexceptionbus/store/delexceptiondb/delexceptiondb.go:220.2,220.12 1 0
github.com/FITHSCS/backend/business/domain/delexceptionbus/store/delexceptiondb/filter.go:10.105,14.29 2 0
github.com/FITHSCS/backend/business/domain/delexceptionbus/store/delexceptiondb/filter.go:14.29,17.3 2 0
github.com/FITHSCS/backend/business/domain/delexceptionbus/store/delexceptiondb/filter.go:19.2,19.29 1 0
github.com/FITHSCS/backend/business/domain/delexceptionbus/store/delexceptiondb/filter.go:19.29,22.3 2 0
github.com/FITHSCS/backend/business/domain/delexceptionbus/store/delexceptiondb/filter.go:24.2,24.17 1 0
github.com/FITHSCS/backend/business/domain/delexceptionbus/store/delexceptiondb/filter.go:24.17,27.3 2 0
github.com/FITHSCS/backend/business/domain/delexceptionbus/store/delexceptiondb/model.go:29.87,47.2 1 0
github.com/FITHSCS/backend/business/domain/delexceptionbus/store/delexceptiondb/model.go:49.96,52.16 2 0
github.com/FITHSCS/backend/business/domain/delexceptionbus/store/delexceptiondb/model.go:52.16,54.3 1 0
github.com/FITHSCS/backend/business/domain/delexceptionbus/store/delexceptiondb/model.go:56.2,57.16 2 0
github.com/FITHSCS/backend/business/domain/delexceptionbus/store/delexceptiondb/model.go:57.16,59.3 1 0
github.com/FITHSCS/backend/business/domain/delexceptionbus/store/delexceptiondb/model.go:61.2,62.16 2 0
github.com/FITHSCS/backend/business/domain/delexceptionbus/store/delexceptiondb/model.go:62.16,64.3 1 0
github.com/FITHSCS/backend/business/domain/delexceptionbus/store/delexceptiondb/model.go:66.2,67.16 2 0
github.com/FITHSCS/backend/business/domain/delexceptionbus/store/delexceptiondb/model.go:67.16,69.3 1 0
github.com/FITHSCS/backend/business/domain/delexceptionbus/store/delexceptiondb/model.go:71.2,87.17 2 0
github.com/FITHSCS/backend/business/domain/delexceptionbus/store/delexceptiondb/model.go:91.102,93.25 2 0
github.com/FITHSCS/backend/business/domain/delexceptionbus/store/delexceptiondb/model.go:93.25,96.17 3 0
github.com/FITHSCS/backend/business/domain/delexceptionbus/store/delexceptiondb/model.go:96.17,98.4 1 0
github.com/FITHSCS/backend/business/domain/delexceptionbus/store/delexceptiondb/model.go:100.2,100.17 1 0
github.com/FITHSCS/backend/business/domain/delexceptionbus/store/delexceptiondb/order.go:21.49,23.9 2 0
github.com/FITHSCS/backend/business/domain/delexceptionbus/store/delexceptiondb/order.go:23.9,25.3 1 0
github.com/FITHSCS/backend/business/domain/delexceptionbus/store/delexceptiondb/order.go:26.2,26.53 1 0
github.com/FITHSCS/backend/business/domain/delexceptionbus/delexceptionbus.go:36.63,41.2 1 1
github.com/FITHSCS/backend/business/domain/delexceptionbus/delexceptionbus.go:43.101,62.55 3 6
github.com/FITHSCS/backend/business/domain/delexceptionbus/delexceptionbus.go:62.55,64.3 1 0
github.com/FITHSCS/backend/business/domain/delexceptionbus/delexceptionbus.go:65.2,65.22 1 6
github.com/FITHSCS/backend/business/domain/delexceptionbus/delexceptionbus.go:68.127,71.16 2 2
github.com/FITHSCS/backend/business/domain/delexceptionbus/delexceptionbus.go:71.16,73.3 1 0
github.com/FITHSCS/backend/business/domain/delexceptionbus/delexceptionbus.go:75.2,75.33 1 2
github.com/FITHSCS/backend/business/domain/delexceptionbus/delexceptionbus.go:75.33,77.3 1 2
github.com/FITHSCS/backend/business/domain/delexceptionbus/delexceptionbus.go:79.2,79.39 1 2
github.com/FITHSCS/backend/business/domain/delexceptionbus/delexceptionbus.go:79.39,81.3 1 2
github.com/FITHSCS/backend/business/domain/delexceptionbus/delexceptionbus.go:83.2,83.31 1 2
github.com/FITHSCS/backend/business/domain/delexceptionbus/delexceptionbus.go:83.31,85.3 1 2
github.com/FITHSCS/backend/business/domain/delexceptionbus/delexceptionbus.go:87.2,87.36 1 2
github.com/FITHSCS/backend/business/domain/delexceptionbus/delexceptionbus.go:87.36,89.3 1 2
github.com/FITHSCS/backend/business/domain/delexceptionbus/delexceptionbus.go:91.2,91.34 1 2
github.com/FITHSCS/backend/business/domain/delexceptionbus/delexceptionbus.go:91.34,93.3 1 2
github.com/FITHSCS/backend/business/domain/delexceptionbus/delexceptionbus.go:95.2,95.39 1 2
github.com/FITHSCS/backend/business/domain/delexceptionbus/delexceptionbus.go:95.39,97.3 1 2
github.com/FITHSCS/backend/business/domain/delexceptionbus/delexceptionbus.go:99.2,99.33 1 2
github.com/FITHSCS/backend/business/domain/delexceptionbus/delexceptionbus.go:99.33,101.3 1 2
github.com/FITHSCS/backend/business/domain/delexceptionbus/delexceptionbus.go:103.2,105.60 2 2
github.com/FITHSCS/backend/business/domain/delexceptionbus/delexceptionbus.go:105.60,107.3 1 0
github.com/FITHSCS/backend/business/domain/delexceptionbus/delexceptionbus.go:108.2,108.27 1 2
github.com/FITHSCS/backend/business/domain/delexceptionbus/delexceptionbus.go:111.95,114.16 2 1
github.com/FITHSCS/backend/business/domain/delexceptionbus/delexceptionbus.go:114.16,116.3 1 0
github.com/FITHSCS/backend/business/domain/delexceptionbus/delexceptionbus.go:117.2,117.22 1 1
github.com/FITHSCS/backend/business/domain/delexceptionbus/delexceptionbus.go:119.130,122.16 2 1
github.com/FITHSCS/backend/business/domain/delexceptionbus/delexceptionbus.go:122.16,124.3 1 0
github.com/FITHSCS/backend/business/domain/delexceptionbus/delexceptionbus.go:125.2,125.27 1 1
github.com/FITHSCS/backend/business/domain/delexceptionbus/delexceptionbus.go:128.80,130.2 1 0
github.com/FITHSCS/backend/business/domain/delexceptionbus/delexceptionbus.go:132.84,135.16 2 2
github.com/FITHSCS/backend/business/domain/delexceptionbus/delexceptionbus.go:135.16,137.3 1 0
github.com/FITHSCS/backend/business/domain/delexceptionbus/delexceptionbus.go:139.2,139.24 1 2
github.com/FITHSCS/backend/business/domain/delexceptionbus/delexceptionbus.go:139.24,141.3 1 0
github.com/FITHSCS/backend/business/domain/delexceptionbus/delexceptionbus.go:143.2,143.65 1 2
github.com/FITHSCS/backend/business/domain/delexceptionbus/delexceptionbus.go:143.65,145.3 1 0
github.com/FITHSCS/backend/business/domain/delexceptionbus/delexceptionbus.go:146.2,146.12 1 2
github.com/FITHSCS/backend/business/domain/delexceptionbus/delexceptionbus.go:150.84,152.65 1 2
github.com/FITHSCS/backend/business/domain/delexceptionbus/delexceptionbus.go:152.65,154.3 1 0
github.com/FITHSCS/backend/business/domain/delexceptionbus/delexceptionbus.go:155.2,155.12 1 2
github.com/FITHSCS/backend/business/domain/delexceptionbus/testutil.go:13.104,27.19 9 2
github.com/FITHSCS/backend/business/domain/delexceptionbus/testutil.go:27.19,44.3 3 4
github.com/FITHSCS/backend/business/domain/delexceptionbus/testutil.go:46.2,46.14 1 2
github.com/FITHSCS/backend/business/domain/delexceptionbus/testutil.go:49.147,53.27 3 2
github.com/FITHSCS/backend/business/domain/delexceptionbus/testutil.go:53.27,55.17 2 4
github.com/FITHSCS/backend/business/domain/delexceptionbus/testutil.go:55.17,57.4 1 0
github.com/FITHSCS/backend/business/domain/delexceptionbus/testutil.go:59.3,59.16 1 4
github.com/FITHSCS/backend/business/domain/delexceptionbus/testutil.go:62.2,62.18 1 2
github.com/FITHSCS/backend/business/domain/facilitybus/stores/facilitydb/facilitydb.go:27.55,32.2 1 0
github.com/FITHSCS/backend/business/domain/facilitybus/stores/facilitydb/facilitydb.go:34.75,67.2 2 0
github.com/FITHSCS/backend/business/domain/facilitybus/stores/facilitydb/facilitydb.go:69.75,87.2 2 0
github.com/FITHSCS/backend/business/domain/facilitybus/stores/facilitydb/facilitydb.go:89.142,118.16 6 0
github.com/FITHSCS/backend/business/domain/facilitybus/stores/facilitydb/facilitydb.go:118.16,120.3 1 0
github.com/FITHSCS/backend/business/domain/facilitybus/stores/facilitydb/facilitydb.go:122.2,126.93 4 0
github.com/FITHSCS/backend/business/domain/facilitybus/stores/facilitydb/facilitydb.go:126.93,128.3 1 0
github.com/FITHSCS/backend/business/domain/facilitybus/stores/facilitydb/facilitydb.go:129.2,130.32 2 0
github.com/FITHSCS/backend/business/domain/facilitybus/stores/facilitydb/facilitydb.go:134.89,149.93 6 0
github.com/FITHSCS/backend/business/domain/facilitybus/stores/facilitydb/facilitydb.go:149.93,151.3 1 0
github.com/FITHSCS/backend/business/domain/facilitybus/stores/facilitydb/facilitydb.go:153.2,153.25 1 0
github.com/FITHSCS/backend/business/domain/facilitybus/stores/facilitydb/facilitydb.go:156.92,179.84 4 0
github.com/FITHSCS/backend/business/domain/facilitybus/stores/facilitydb/facilitydb.go:179.84,180.42 1 0
github.com/FITHSCS/backend/business/domain/facilitybus/stores/facilitydb/facilitydb.go:180.42,182.4 1 0
github.com/FITHSCS/backend/business/domain/facilitybus/stores/facilitydb/facilitydb.go:183.3,183.37 1 0
github.com/FITHSCS/backend/business/domain/facilitybus/stores/facilitydb/facilitydb.go:185.2,185.27 1 0
github.com/FITHSCS/backend/business/domain/facilitybus/stores/facilitydb/facilitydb.go:188.77,200.80 3 0
github.com/FITHSCS/backend/business/domain/facilitybus/stores/facilitydb/facilitydb.go:200.80,202.3 1 0
github.com/FITHSCS/backend/business/domain/facilitybus/stores/facilitydb/facilitydb.go:203.2,203.12 1 0
github.com/FITHSCS/backend/business/domain/facilitybus/stores/facilitydb/facilitydb.go:206.77,216.80 3 0
github.com/FITHSCS/backend/business/domain/facilitybus/stores/facilitydb/facilitydb.go:216.80,218.3 1 0
github.com/FITHSCS/backend/business/domain/facilitybus/stores/facilitydb/facilitydb.go:219.2,219.12 1 0
github.com/FITHSCS/backend/business/domain/facilitybus/stores/facilitydb/filter.go:11.101,15.27 2 0
github.com/FITHSCS/backend/business/domain/facilitybus/stores/facilitydb/filter.go:15.27,18.3 2 0
github.com/FITHSCS/backend/business/domain/facilitybus/stores/facilitydb/filter.go:20.2,20.32 1 0
github.com/FITHSCS/backend/business/domain/facilitybus/stores/facilitydb/filter.go:20.32,23.3 2 0
github.com/FITHSCS/backend/business/domain/facilitybus/stores/facilitydb/filter.go:24.2,24.32 1 0
github.com/FITHSCS/backend/business/domain/facilitybus/stores/facilitydb/filter.go:24.32,27.3 2 0
github.com/FITHSCS/backend/business/domain/facilitybus/stores/facilitydb/filter.go:28.2,28.27 1 0
github.com/FITHSCS/backend/business/domain/facilitybus/stores/facilitydb/filter.go:28.27,31.3 2 0
github.com/FITHSCS/backend/business/domain/facilitybus/stores/facilitydb/filter.go:33.2,33.26 1 0
github.com/FITHSCS/backend/business/domain/facilitybus/stores/facilitydb/filter.go:33.26,36.3 2 0
github.com/FITHSCS/backend/business/domain/facilitybus/stores/facilitydb/filter.go:37.2,37.28 1 0
github.com/FITHSCS/backend/business/domain/facilitybus/stores/facilitydb/filter.go:37.28,40.3 2 0
github.com/FITHSCS/backend/business/domain/facilitybus/stores/facilitydb/filter.go:41.2,41.29 1 0
github.com/FITHSCS/backend/business/domain/facilitybus/stores/facilitydb/filter.go:41.29,44.3 2 0
github.com/FITHSCS/backend/business/domain/facilitybus/stores/facilitydb/filter.go:45.2,45.34 1 0
github.com/FITHSCS/backend/business/domain/facilitybus/stores/facilitydb/filter.go:45.34,48.3 2 0
github.com/FITHSCS/backend/business/domain/facilitybus/stores/facilitydb/filter.go:50.2,50.33 1 0
github.com/FITHSCS/backend/business/domain/facilitybus/stores/facilitydb/filter.go:50.33,53.3 2 0
github.com/FITHSCS/backend/business/domain/facilitybus/stores/facilitydb/filter.go:55.2,55.32 1 0
github.com/FITHSCS/backend/business/domain/facilitybus/stores/facilitydb/filter.go:55.32,58.3 2 0
github.com/FITHSCS/backend/business/domain/facilitybus/stores/facilitydb/filter.go:59.2,59.29 1 0
github.com/FITHSCS/backend/business/domain/facilitybus/stores/facilitydb/filter.go:59.29,62.3 2 0
github.com/FITHSCS/backend/business/domain/facilitybus/stores/facilitydb/filter.go:63.2,63.29 1 0
github.com/FITHSCS/backend/business/domain/facilitybus/stores/facilitydb/filter.go:63.29,66.3 2 0
github.com/FITHSCS/backend/business/domain/facilitybus/stores/facilitydb/filter.go:68.2,68.17 1 0
github.com/FITHSCS/backend/business/domain/facilitybus/stores/facilitydb/filter.go:68.17,71.3 2 0
github.com/FITHSCS/backend/business/domain/facilitybus/stores/facilitydb/model.go:38.56,55.2 1 0
github.com/FITHSCS/backend/business/domain/facilitybus/stores/facilitydb/model.go:58.65,61.16 2 0
github.com/FITHSCS/backend/business/domain/facilitybus/stores/facilitydb/model.go:61.16,63.3 1 0
github.com/FITHSCS/backend/business/domain/facilitybus/stores/facilitydb/model.go:65.2,66.16 2 0
github.com/FITHSCS/backend/business/domain/facilitybus/stores/facilitydb/model.go:66.16,68.3 1 0
github.com/FITHSCS/backend/business/domain/facilitybus/stores/facilitydb/model.go:69.2,70.16 2 0
github.com/FITHSCS/backend/business/domain/facilitybus/stores/facilitydb/model.go:70.16,72.3 1 0
github.com/FITHSCS/backend/business/domain/facilitybus/stores/facilitydb/model.go:74.2,75.16 2 0
github.com/FITHSCS/backend/business/domain/facilitybus/stores/facilitydb/model.go:75.16,77.3 1 0
github.com/FITHSCS/backend/business/domain/facilitybus/stores/facilitydb/model.go:79.2,80.16 2 0
github.com/FITHSCS/backend/business/domain/facilitybus/stores/facilitydb/model.go:80.16,82.3 1 0
github.com/FITHSCS/backend/business/domain/facilitybus/stores/facilitydb/model.go:83.2,84.16 2 0
github.com/FITHSCS/backend/business/domain/facilitybus/stores/facilitydb/model.go:84.16,86.3 1 0
github.com/FITHSCS/backend/business/domain/facilitybus/stores/facilitydb/model.go:87.2,88.16 2 0
github.com/FITHSCS/backend/business/domain/facilitybus/stores/facilitydb/model.go:88.16,90.3 1 0
github.com/FITHSCS/backend/business/domain/facilitybus/stores/facilitydb/model.go:91.2,92.16 2 0
github.com/FITHSCS/backend/business/domain/facilitybus/stores/facilitydb/model.go:92.16,94.3 1 0
github.com/FITHSCS/backend/business/domain/facilitybus/stores/facilitydb/model.go:96.2,111.17 2 0
github.com/FITHSCS/backend/business/domain/facilitybus/stores/facilitydb/model.go:115.72,117.25 2 0
github.com/FITHSCS/backend/business/domain/facilitybus/stores/facilitydb/model.go:117.25,120.17 3 0
github.com/FITHSCS/backend/business/domain/facilitybus/stores/facilitydb/model.go:120.17,122.4 1 0
github.com/FITHSCS/backend/business/domain/facilitybus/stores/facilitydb/model.go:124.2,124.17 1 0
github.com/FITHSCS/backend/business/domain/facilitybus/stores/facilitydb/order.go:20.49,22.9 2 0
github.com/FITHSCS/backend/business/domain/facilitybus/stores/facilitydb/order.go:22.9,24.3 1 0
github.com/FITHSCS/backend/business/domain/facilitybus/stores/facilitydb/order.go:25.2,25.53 1 0
github.com/FITHSCS/backend/business/domain/facilitybus/facilitybus.go:32.39,34.2 1 0
github.com/FITHSCS/backend/business/domain/facilitybus/facilitybus.go:41.63,46.2 1 1
github.com/FITHSCS/backend/business/domain/facilitybus/facilitybus.go:48.82,66.55 3 5
github.com/FITHSCS/backend/business/domain/facilitybus/facilitybus.go:66.55,68.3 1 0
github.com/FITHSCS/backend/business/domain/facilitybus/facilitybus.go:69.2,69.22 1 5
github.com/FITHSCS/backend/business/domain/facilitybus/facilitybus.go:72.117,75.16 2 1
github.com/FITHSCS/backend/business/domain/facilitybus/facilitybus.go:75.16,77.3 1 0
github.com/FITHSCS/backend/business/domain/facilitybus/facilitybus.go:79.2,79.38 1 1
github.com/FITHSCS/backend/business/domain/facilitybus/facilitybus.go:79.38,81.3 1 1
github.com/FITHSCS/backend/business/domain/facilitybus/facilitybus.go:83.2,83.38 1 1
github.com/FITHSCS/backend/business/domain/facilitybus/facilitybus.go:83.38,85.3 1 1
github.com/FITHSCS/backend/business/domain/facilitybus/facilitybus.go:87.2,87.33 1 1
github.com/FITHSCS/backend/business/domain/facilitybus/facilitybus.go:87.33,89.3 1 1
github.com/FITHSCS/backend/business/domain/facilitybus/facilitybus.go:91.2,91.32 1 1
github.com/FITHSCS/backend/business/domain/facilitybus/facilitybus.go:91.32,93.3 1 1
github.com/FITHSCS/backend/business/domain/facilitybus/facilitybus.go:95.2,95.34 1 1
github.com/FITHSCS/backend/business/domain/facilitybus/facilitybus.go:95.34,97.3 1 1
github.com/FITHSCS/backend/business/domain/facilitybus/facilitybus.go:98.2,98.35 1 1
github.com/FITHSCS/backend/business/domain/facilitybus/facilitybus.go:98.35,100.3 1 1
github.com/FITHSCS/backend/business/domain/facilitybus/facilitybus.go:101.2,101.40 1 1
github.com/FITHSCS/backend/business/domain/facilitybus/facilitybus.go:101.40,103.3 1 1
github.com/FITHSCS/backend/business/domain/facilitybus/facilitybus.go:105.2,105.41 1 1
github.com/FITHSCS/backend/business/domain/facilitybus/facilitybus.go:105.41,107.3 1 1
github.com/FITHSCS/backend/business/domain/facilitybus/facilitybus.go:109.2,109.38 1 1
github.com/FITHSCS/backend/business/domain/facilitybus/facilitybus.go:109.38,111.3 1 1
github.com/FITHSCS/backend/business/domain/facilitybus/facilitybus.go:113.2,113.35 1 1
github.com/FITHSCS/backend/business/domain/facilitybus/facilitybus.go:113.35,115.3 1 0
github.com/FITHSCS/backend/business/domain/facilitybus/facilitybus.go:117.2,119.61 2 1
github.com/FITHSCS/backend/business/domain/facilitybus/facilitybus.go:119.61,121.3 1 0
github.com/FITHSCS/backend/business/domain/facilitybus/facilitybus.go:122.2,122.28 1 1
github.com/FITHSCS/backend/business/domain/facilitybus/facilitybus.go:125.91,128.16 2 1
github.com/FITHSCS/backend/business/domain/facilitybus/facilitybus.go:128.16,130.3 1 0
github.com/FITHSCS/backend/business/domain/facilitybus/facilitybus.go:131.2,131.22 1 1
github.com/FITHSCS/backend/business/domain/facilitybus/facilitybus.go:133.121,136.16 2 1
github.com/FITHSCS/backend/business/domain/facilitybus/facilitybus.go:136.16,138.3 1 0
github.com/FITHSCS/backend/business/domain/facilitybus/facilitybus.go:139.2,139.24 1 1
github.com/FITHSCS/backend/business/domain/facilitybus/facilitybus.go:142.80,144.2 1 0
github.com/FITHSCS/backend/business/domain/facilitybus/facilitybus.go:146.80,149.16 2 0
github.com/FITHSCS/backend/business/domain/facilitybus/facilitybus.go:149.16,151.3 1 0
github.com/FITHSCS/backend/business/domain/facilitybus/facilitybus.go:153.2,153.24 1 0
github.com/FITHSCS/backend/business/domain/facilitybus/facilitybus.go:153.24,155.3 1 0
github.com/FITHSCS/backend/business/domain/facilitybus/facilitybus.go:157.2,157.61 1 0
github.com/FITHSCS/backend/business/domain/facilitybus/facilitybus.go:157.61,159.3 1 0
github.com/FITHSCS/backend/business/domain/facilitybus/facilitybus.go:160.2,160.12 1 0
github.com/FITHSCS/backend/business/domain/facilitybus/facilitybus.go:164.80,166.61 1 2
github.com/FITHSCS/backend/business/domain/facilitybus/facilitybus.go:166.61,168.3 1 0
github.com/FITHSCS/backend/business/domain/facilitybus/facilitybus.go:169.2,169.12 1 2
github.com/FITHSCS/backend/business/domain/facilitybus/testutil.go:13.71,18.19 4 2
github.com/FITHSCS/backend/business/domain/facilitybus/testutil.go:18.19,34.3 3 4
github.com/FITHSCS/backend/business/domain/facilitybus/testutil.go:36.2,36.14 1 2
github.com/FITHSCS/backend/business/domain/facilitybus/testutil.go:39.113,43.27 3 2
github.com/FITHSCS/backend/business/domain/facilitybus/testutil.go:43.27,45.17 2 4
github.com/FITHSCS/backend/business/domain/facilitybus/testutil.go:45.17,47.4 1 0
github.com/FITHSCS/backend/business/domain/facilitybus/testutil.go:49.3,49.16 1 4
github.com/FITHSCS/backend/business/domain/facilitybus/testutil.go:52.2,52.18 1 2
github.com/FITHSCS/backend/business/domain/gpstrackingbus/stores/gpstrackingdb/filter.go:10.104,13.32 2 0
github.com/FITHSCS/backend/business/domain/gpstrackingbus/stores/gpstrackingdb/filter.go:13.32,16.3 2 0
github.com/FITHSCS/backend/business/domain/gpstrackingbus/stores/gpstrackingdb/filter.go:18.2,18.27 1 0
github.com/FITHSCS/backend/business/domain/gpstrackingbus/stores/gpstrackingdb/filter.go:18.27,21.3 2 0
github.com/FITHSCS/backend/business/domain/gpstrackingbus/stores/gpstrackingdb/filter.go:23.2,23.35 1 0
github.com/FITHSCS/backend/business/domain/gpstrackingbus/stores/gpstrackingdb/filter.go:23.35,26.3 2 0
github.com/FITHSCS/backend/business/domain/gpstrackingbus/stores/gpstrackingdb/filter.go:28.2,28.29 1 0
github.com/FITHSCS/backend/business/domain/gpstrackingbus/stores/gpstrackingdb/filter.go:28.29,31.3 2 0
github.com/FITHSCS/backend/business/domain/gpstrackingbus/stores/gpstrackingdb/filter.go:33.2,33.17 1 0
github.com/FITHSCS/backend/business/domain/gpstrackingbus/stores/gpstrackingdb/filter.go:33.17,36.3 2 0
github.com/FITHSCS/backend/business/domain/gpstrackingbus/stores/gpstrackingdb/gpstrackingdb.go:26.55,31.2 1 0
github.com/FITHSCS/backend/business/domain/gpstrackingbus/stores/gpstrackingdb/gpstrackingdb.go:35.82,74.89 2 0
github.com/FITHSCS/backend/business/domain/gpstrackingbus/stores/gpstrackingdb/gpstrackingdb.go:74.89,76.3 1 0
github.com/FITHSCS/backend/business/domain/gpstrackingbus/stores/gpstrackingdb/gpstrackingdb.go:78.2,78.12 1 0
github.com/FITHSCS/backend/business/domain/gpstrackingbus/stores/gpstrackingdb/gpstrackingdb.go:82.105,111.89 4 0
github.com/FITHSCS/backend/business/domain/gpstrackingbus/stores/gpstrackingdb/gpstrackingdb.go:111.89,112.42 1 0
github.com/FITHSCS/backend/business/domain/gpstrackingbus/stores/gpstrackingdb/gpstrackingdb.go:112.42,114.4 1 0
github.com/FITHSCS/backend/business/domain/gpstrackingbus/stores/gpstrackingdb/gpstrackingdb.go:115.3,115.64 1 0
github.com/FITHSCS/backend/business/domain/gpstrackingbus/stores/gpstrackingdb/gpstrackingdb.go:118.2,118.38 1 0
github.com/FITHSCS/backend/business/domain/gpstrackingbus/stores/gpstrackingdb/gpstrackingdb.go:121.89,142.96 2 0
github.com/FITHSCS/backend/business/domain/gpstrackingbus/stores/gpstrackingdb/gpstrackingdb.go:142.96,144.3 1 0
github.com/FITHSCS/backend/business/domain/gpstrackingbus/stores/gpstrackingdb/gpstrackingdb.go:146.2,146.12 1 0
github.com/FITHSCS/backend/business/domain/gpstrackingbus/stores/gpstrackingdb/gpstrackingdb.go:149.79,159.74 3 0
github.com/FITHSCS/backend/business/domain/gpstrackingbus/stores/gpstrackingdb/gpstrackingdb.go:159.74,161.3 1 0
github.com/FITHSCS/backend/business/domain/gpstrackingbus/stores/gpstrackingdb/gpstrackingdb.go:163.2,163.12 1 0
github.com/FITHSCS/backend/business/domain/gpstrackingbus/stores/gpstrackingdb/gpstrackingdb.go:166.79,177.74 3 0
github.com/FITHSCS/backend/business/domain/gpstrackingbus/stores/gpstrackingdb/gpstrackingdb.go:177.74,179.3 1 0
github.com/FITHSCS/backend/business/domain/gpstrackingbus/stores/gpstrackingdb/gpstrackingdb.go:181.2,181.12 1 0
github.com/FITHSCS/backend/business/domain/gpstrackingbus/stores/gpstrackingdb/gpstrackingdb.go:185.150,214.16 6 0
github.com/FITHSCS/backend/business/domain/gpstrackingbus/stores/gpstrackingdb/gpstrackingdb.go:214.16,216.3 1 0
github.com/FITHSCS/backend/business/domain/gpstrackingbus/stores/gpstrackingdb/gpstrackingdb.go:218.2,222.93 4 0
github.com/FITHSCS/backend/business/domain/gpstrackingbus/stores/gpstrackingdb/gpstrackingdb.go:222.93,224.3 1 0
github.com/FITHSCS/backend/business/domain/gpstrackingbus/stores/gpstrackingdb/gpstrackingdb.go:226.2,226.33 1 0
github.com/FITHSCS/backend/business/domain/gpstrackingbus/stores/gpstrackingdb/gpstrackingdb.go:230.92,245.93 6 0
github.com/FITHSCS/backend/business/domain/gpstrackingbus/stores/gpstrackingdb/gpstrackingdb.go:245.93,247.3 1 0
github.com/FITHSCS/backend/business/domain/gpstrackingbus/stores/gpstrackingdb/gpstrackingdb.go:249.2,249.25 1 0
github.com/FITHSCS/backend/business/domain/gpstrackingbus/stores/gpstrackingdb/model.go:29.65,48.2 2 0
github.com/FITHSCS/backend/business/domain/gpstrackingbus/stores/gpstrackingdb/model.go:51.74,56.16 2 0
github.com/FITHSCS/backend/business/domain/gpstrackingbus/stores/gpstrackingdb/model.go:56.16,58.3 1 0
github.com/FITHSCS/backend/business/domain/gpstrackingbus/stores/gpstrackingdb/model.go:60.2,61.16 2 0
github.com/FITHSCS/backend/business/domain/gpstrackingbus/stores/gpstrackingdb/model.go:61.16,63.3 1 0
github.com/FITHSCS/backend/business/domain/gpstrackingbus/stores/gpstrackingdb/model.go:65.2,82.17 2 0
github.com/FITHSCS/backend/business/domain/gpstrackingbus/stores/gpstrackingdb/model.go:86.80,89.25 2 0
github.com/FITHSCS/backend/business/domain/gpstrackingbus/stores/gpstrackingdb/model.go:89.25,92.17 3 0
github.com/FITHSCS/backend/business/domain/gpstrackingbus/stores/gpstrackingdb/model.go:92.17,94.4 1 0
github.com/FITHSCS/backend/business/domain/gpstrackingbus/stores/gpstrackingdb/model.go:97.2,97.17 1 0
github.com/FITHSCS/backend/business/domain/gpstrackingbus/stores/gpstrackingdb/order.go:18.54,20.13 2 0
github.com/FITHSCS/backend/business/domain/gpstrackingbus/stores/gpstrackingdb/order.go:20.13,22.3 1 0
github.com/FITHSCS/backend/business/domain/gpstrackingbus/stores/gpstrackingdb/order.go:24.2,24.57 1 0
github.com/FITHSCS/backend/business/domain/gpstrackingbus/gpstrackingbus.go:34.39,36.2 1 0
github.com/FITHSCS/backend/business/domain/gpstrackingbus/gpstrackingbus.go:45.63,51.2 1 1
github.com/FITHSCS/backend/business/domain/gpstrackingbus/gpstrackingbus.go:54.87,75.57 3 5
github.com/FITHSCS/backend/business/domain/gpstrackingbus/gpstrackingbus.go:75.57,77.3 1 0
github.com/FITHSCS/backend/business/domain/gpstrackingbus/gpstrackingbus.go:79.2,79.24 1 5
github.com/FITHSCS/backend/business/domain/gpstrackingbus/gpstrackingbus.go:82.122,86.16 2 1
github.com/FITHSCS/backend/business/domain/gpstrackingbus/gpstrackingbus.go:86.16,88.3 1 0
github.com/FITHSCS/backend/business/domain/gpstrackingbus/gpstrackingbus.go:90.2,90.32 1 1
github.com/FITHSCS/backend/business/domain/gpstrackingbus/gpstrackingbus.go:90.32,92.3 1 1
github.com/FITHSCS/backend/business/domain/gpstrackingbus/gpstrackingbus.go:94.2,94.44 1 1
github.com/FITHSCS/backend/business/domain/gpstrackingbus/gpstrackingbus.go:94.44,96.3 1 1
github.com/FITHSCS/backend/business/domain/gpstrackingbus/gpstrackingbus.go:98.2,98.34 1 1
github.com/FITHSCS/backend/business/domain/gpstrackingbus/gpstrackingbus.go:98.34,100.3 1 1
github.com/FITHSCS/backend/business/domain/gpstrackingbus/gpstrackingbus.go:102.2,102.33 1 1
github.com/FITHSCS/backend/business/domain/gpstrackingbus/gpstrackingbus.go:102.33,104.3 1 1
github.com/FITHSCS/backend/business/domain/gpstrackingbus/gpstrackingbus.go:106.2,106.34 1 1
github.com/FITHSCS/backend/business/domain/gpstrackingbus/gpstrackingbus.go:106.34,108.3 1 1
github.com/FITHSCS/backend/business/domain/gpstrackingbus/gpstrackingbus.go:111.2,111.33 1 1
github.com/FITHSCS/backend/business/domain/gpstrackingbus/gpstrackingbus.go:111.33,113.3 1 1
github.com/FITHSCS/backend/business/domain/gpstrackingbus/gpstrackingbus.go:115.2,115.34 1 1
github.com/FITHSCS/backend/business/domain/gpstrackingbus/gpstrackingbus.go:115.34,117.3 1 1
github.com/FITHSCS/backend/business/domain/gpstrackingbus/gpstrackingbus.go:119.2,121.61 2 1
github.com/FITHSCS/backend/business/domain/gpstrackingbus/gpstrackingbus.go:121.61,123.3 1 0
github.com/FITHSCS/backend/business/domain/gpstrackingbus/gpstrackingbus.go:125.2,125.28 1 1
github.com/FITHSCS/backend/business/domain/gpstrackingbus/gpstrackingbus.go:129.95,132.16 2 1
github.com/FITHSCS/backend/business/domain/gpstrackingbus/gpstrackingbus.go:132.16,134.3 1 0
github.com/FITHSCS/backend/business/domain/gpstrackingbus/gpstrackingbus.go:136.2,136.24 1 1
github.com/FITHSCS/backend/business/domain/gpstrackingbus/gpstrackingbus.go:140.123,142.16 2 1
github.com/FITHSCS/backend/business/domain/gpstrackingbus/gpstrackingbus.go:142.16,144.3 1 0
github.com/FITHSCS/backend/business/domain/gpstrackingbus/gpstrackingbus.go:146.2,146.18 1 1
github.com/FITHSCS/backend/business/domain/gpstrackingbus/gpstrackingbus.go:150.80,152.2 1 0
github.com/FITHSCS/backend/business/domain/gpstrackingbus/gpstrackingbus.go:154.82,156.63 1 2
github.com/FITHSCS/backend/business/domain/gpstrackingbus/gpstrackingbus.go:156.63,158.3 1 0
github.com/FITHSCS/backend/business/domain/gpstrackingbus/gpstrackingbus.go:160.2,160.12 1 2
github.com/FITHSCS/backend/business/domain/gpstrackingbus/gpstrackingbus.go:163.82,165.63 1 2
github.com/FITHSCS/backend/business/domain/gpstrackingbus/gpstrackingbus.go:165.63,167.3 1 0
github.com/FITHSCS/backend/business/domain/gpstrackingbus/gpstrackingbus.go:169.2,169.12 1 2
github.com/FITHSCS/backend/business/domain/gpstrackingbus/testutil.go:13.88,19.19 4 2
github.com/FITHSCS/backend/business/domain/gpstrackingbus/testutil.go:19.19,36.3 3 4
github.com/FITHSCS/backend/business/domain/gpstrackingbus/testutil.go:38.2,38.17 1 2
github.com/FITHSCS/backend/business/domain/gpstrackingbus/testutil.go:41.131,45.27 3 2
github.com/FITHSCS/backend/business/domain/gpstrackingbus/testutil.go:45.27,47.17 2 4
github.com/FITHSCS/backend/business/domain/gpstrackingbus/testutil.go:47.17,49.4 1 0
github.com/FITHSCS/backend/business/domain/gpstrackingbus/testutil.go:51.3,51.16 1 4
github.com/FITHSCS/backend/business/domain/gpstrackingbus/testutil.go:54.2,54.18 1 2
github.com/FITHSCS/backend/business/domain/imagebus/stores/imagedb/filter.go:10.87,14.22 2 0
github.com/FITHSCS/backend/business/domain/imagebus/stores/imagedb/filter.go:14.22,17.3 2 0
github.com/FITHSCS/backend/business/domain/imagebus/stores/imagedb/filter.go:19.2,19.29 1 0
github.com/FITHSCS/backend/business/domain/imagebus/stores/imagedb/filter.go:19.29,22.3 2 0
github.com/FITHSCS/backend/business/domain/imagebus/stores/imagedb/filter.go:24.2,24.17 1 0
github.com/FITHSCS/backend/business/domain/imagebus/stores/imagedb/filter.go:24.17,27.3 2 0
github.com/FITHSCS/backend/business/domain/imagebus/stores/imagedb/imagedb.go:25.55,27.2 1 0
github.com/FITHSCS/backend/business/domain/imagebus/stores/imagedb/imagedb.go:29.69,62.16 3 0
github.com/FITHSCS/backend/business/domain/imagebus/stores/imagedb/imagedb.go:62.16,64.3 1 0
github.com/FITHSCS/backend/business/domain/imagebus/stores/imagedb/imagedb.go:65.2,65.70 1 0
github.com/FITHSCS/backend/business/domain/imagebus/stores/imagedb/imagedb.go:68.69,88.16 3 0
github.com/FITHSCS/backend/business/domain/imagebus/stores/imagedb/imagedb.go:88.16,90.3 1 0
github.com/FITHSCS/backend/business/domain/imagebus/stores/imagedb/imagedb.go:92.2,92.70 1 0
github.com/FITHSCS/backend/business/domain/imagebus/stores/imagedb/imagedb.go:95.133,125.16 7 0
github.com/FITHSCS/backend/business/domain/imagebus/stores/imagedb/imagedb.go:125.16,127.3 1 0
github.com/FITHSCS/backend/business/domain/imagebus/stores/imagedb/imagedb.go:129.2,134.93 4 0
github.com/FITHSCS/backend/business/domain/imagebus/stores/imagedb/imagedb.go:134.93,136.3 1 0
github.com/FITHSCS/backend/business/domain/imagebus/stores/imagedb/imagedb.go:138.2,138.28 1 0
github.com/FITHSCS/backend/business/domain/imagebus/stores/imagedb/imagedb.go:141.86,152.91 7 0
github.com/FITHSCS/backend/business/domain/imagebus/stores/imagedb/imagedb.go:152.91,154.3 1 0
github.com/FITHSCS/backend/business/domain/imagebus/stores/imagedb/imagedb.go:155.2,155.23 1 0
github.com/FITHSCS/backend/business/domain/imagebus/stores/imagedb/imagedb.go:158.91,183.84 4 0
github.com/FITHSCS/backend/business/domain/imagebus/stores/imagedb/imagedb.go:183.84,184.42 1 0
github.com/FITHSCS/backend/business/domain/imagebus/stores/imagedb/imagedb.go:184.42,186.4 1 0
github.com/FITHSCS/backend/business/domain/imagebus/stores/imagedb/imagedb.go:187.3,187.53 1 0
github.com/FITHSCS/backend/business/domain/imagebus/stores/imagedb/imagedb.go:189.2,189.24 1 0
github.com/FITHSCS/backend/business/domain/imagebus/stores/imagedb/imagedb.go:192.74,204.73 3 0
github.com/FITHSCS/backend/business/domain/imagebus/stores/imagedb/imagedb.go:204.73,206.3 1 0
github.com/FITHSCS/backend/business/domain/imagebus/stores/imagedb/imagedb.go:207.2,207.12 1 0
github.com/FITHSCS/backend/business/domain/imagebus/stores/imagedb/imagedb.go:210.77,219.73 3 0
github.com/FITHSCS/backend/business/domain/imagebus/stores/imagedb/imagedb.go:219.73,221.3 1 0
github.com/FITHSCS/backend/business/domain/imagebus/stores/imagedb/imagedb.go:222.2,222.12 1 0
github.com/FITHSCS/backend/business/domain/imagebus/stores/imagedb/model.go:29.53,48.2 2 0
github.com/FITHSCS/backend/business/domain/imagebus/stores/imagedb/model.go:50.53,53.16 2 0
github.com/FITHSCS/backend/business/domain/imagebus/stores/imagedb/model.go:53.16,55.3 1 0
github.com/FITHSCS/backend/business/domain/imagebus/stores/imagedb/model.go:57.2,58.16 2 0
github.com/FITHSCS/backend/business/domain/imagebus/stores/imagedb/model.go:58.16,60.3 1 0
github.com/FITHSCS/backend/business/domain/imagebus/stores/imagedb/model.go:62.2,63.16 2 0
github.com/FITHSCS/backend/business/domain/imagebus/stores/imagedb/model.go:63.16,65.3 1 0
github.com/FITHSCS/backend/business/domain/imagebus/stores/imagedb/model.go:67.2,68.16 2 0
github.com/FITHSCS/backend/business/domain/imagebus/stores/imagedb/model.go:68.16,70.3 1 0
github.com/FITHSCS/backend/business/domain/imagebus/stores/imagedb/model.go:72.2,87.17 2 0
github.com/FITHSCS/backend/business/domain/imagebus/stores/imagedb/model.go:91.59,94.25 2 0
github.com/FITHSCS/backend/business/domain/imagebus/stores/imagedb/model.go:94.25,97.17 3 0
github.com/FITHSCS/backend/business/domain/imagebus/stores/imagedb/model.go:97.17,99.4 1 0
github.com/FITHSCS/backend/business/domain/imagebus/stores/imagedb/model.go:101.2,101.17 1 0
github.com/FITHSCS/backend/business/domain/imagebus/stores/imagedb/order.go:22.49,24.9 2 0
github.com/FITHSCS/backend/business/domain/imagebus/stores/imagedb/order.go:24.9,26.3 1 0
github.com/FITHSCS/backend/business/domain/imagebus/stores/imagedb/order.go:27.2,27.53 1 0
github.com/FITHSCS/backend/business/domain/imagebus/imagebus.go:36.63,42.2 1 1
github.com/FITHSCS/backend/business/domain/imagebus/imagebus.go:44.76,64.52 3 6
github.com/FITHSCS/backend/business/domain/imagebus/imagebus.go:64.52,66.3 1 0
github.com/FITHSCS/backend/business/domain/imagebus/imagebus.go:67.2,67.19 1 6
github.com/FITHSCS/backend/business/domain/imagebus/imagebus.go:70.103,73.16 2 2
github.com/FITHSCS/backend/business/domain/imagebus/imagebus.go:73.16,75.3 1 0
github.com/FITHSCS/backend/business/domain/imagebus/imagebus.go:77.2,77.33 1 2
github.com/FITHSCS/backend/business/domain/imagebus/imagebus.go:77.33,79.3 1 2
github.com/FITHSCS/backend/business/domain/imagebus/imagebus.go:81.2,81.33 1 2
github.com/FITHSCS/backend/business/domain/imagebus/imagebus.go:81.33,83.3 1 2
github.com/FITHSCS/backend/business/domain/imagebus/imagebus.go:85.2,85.34 1 2
github.com/FITHSCS/backend/business/domain/imagebus/imagebus.go:85.34,87.3 1 2
github.com/FITHSCS/backend/business/domain/imagebus/imagebus.go:89.2,89.32 1 2
github.com/FITHSCS/backend/business/domain/imagebus/imagebus.go:89.32,91.3 1 2
github.com/FITHSCS/backend/business/domain/imagebus/imagebus.go:93.2,93.32 1 2
github.com/FITHSCS/backend/business/domain/imagebus/imagebus.go:93.32,95.3 1 2
github.com/FITHSCS/backend/business/domain/imagebus/imagebus.go:97.2,97.31 1 2
github.com/FITHSCS/backend/business/domain/imagebus/imagebus.go:97.31,99.3 1 2
github.com/FITHSCS/backend/business/domain/imagebus/imagebus.go:101.2,101.32 1 2
github.com/FITHSCS/backend/business/domain/imagebus/imagebus.go:101.32,103.3 1 2
github.com/FITHSCS/backend/business/domain/imagebus/imagebus.go:105.2,105.31 1 2
github.com/FITHSCS/backend/business/domain/imagebus/imagebus.go:105.31,107.3 1 2
github.com/FITHSCS/backend/business/domain/imagebus/imagebus.go:109.2,111.55 2 2
github.com/FITHSCS/backend/business/domain/imagebus/imagebus.go:111.55,113.3 1 0
github.com/FITHSCS/backend/business/domain/imagebus/imagebus.go:115.2,115.22 1 2
github.com/FITHSCS/backend/business/domain/imagebus/imagebus.go:118.118,120.16 2 1
github.com/FITHSCS/backend/business/domain/imagebus/imagebus.go:120.16,122.3 1 0
github.com/FITHSCS/backend/business/domain/imagebus/imagebus.go:123.2,123.20 1 1
github.com/FITHSCS/backend/business/domain/imagebus/imagebus.go:125.80,127.2 1 0
github.com/FITHSCS/backend/business/domain/imagebus/imagebus.go:129.85,132.16 2 1
github.com/FITHSCS/backend/business/domain/imagebus/imagebus.go:132.16,134.3 1 0
github.com/FITHSCS/backend/business/domain/imagebus/imagebus.go:135.2,135.25 1 1
github.com/FITHSCS/backend/business/domain/imagebus/imagebus.go:138.77,140.16 2 2
github.com/FITHSCS/backend/business/domain/imagebus/imagebus.go:140.16,142.3 1 0
github.com/FITHSCS/backend/business/domain/imagebus/imagebus.go:143.2,143.24 1 2
github.com/FITHSCS/backend/business/domain/imagebus/imagebus.go:143.24,145.3 1 0
github.com/FITHSCS/backend/business/domain/imagebus/imagebus.go:147.2,147.58 1 2
github.com/FITHSCS/backend/business/domain/imagebus/imagebus.go:147.58,149.3 1 0
github.com/FITHSCS/backend/business/domain/imagebus/imagebus.go:151.2,151.12 1 2
github.com/FITHSCS/backend/business/domain/imagebus/imagebus.go:154.77,156.58 1 2
github.com/FITHSCS/backend/business/domain/imagebus/imagebus.go:156.58,158.3 1 0
github.com/FITHSCS/backend/business/domain/imagebus/imagebus.go:159.2,159.12 1 2
github.com/FITHSCS/backend/business/domain/imagebus/testutil.go:14.96,25.19 8 2
github.com/FITHSCS/backend/business/domain/imagebus/testutil.go:25.19,41.3 3 4
github.com/FITHSCS/backend/business/domain/imagebus/testutil.go:43.2,43.14 1 2
github.com/FITHSCS/backend/business/domain/imagebus/testutil.go:46.139,50.27 3 2
github.com/FITHSCS/backend/business/domain/imagebus/testutil.go:50.27,52.17 2 4
github.com/FITHSCS/backend/business/domain/imagebus/testutil.go:52.17,54.4 1 0
github.com/FITHSCS/backend/business/domain/imagebus/testutil.go:56.3,56.16 1 4
github.com/FITHSCS/backend/business/domain/imagebus/testutil.go:59.2,59.18 1 2
github.com/FITHSCS/backend/business/domain/manifestbus/stores/manifestdb/filter.go:10.90,14.30 2 0
github.com/FITHSCS/backend/business/domain/manifestbus/stores/manifestdb/filter.go:14.30,17.3 2 0
github.com/FITHSCS/backend/business/domain/manifestbus/stores/manifestdb/filter.go:19.2,19.17 1 0
github.com/FITHSCS/backend/business/domain/manifestbus/stores/manifestdb/filter.go:19.17,22.3 2 0
github.com/FITHSCS/backend/business/domain/manifestbus/stores/manifestdb/manifestdb.go:25.55,27.2 1 0
github.com/FITHSCS/backend/business/domain/manifestbus/stores/manifestdb/manifestdb.go:29.75,66.16 3 0
github.com/FITHSCS/backend/business/domain/manifestbus/stores/manifestdb/manifestdb.go:66.16,68.3 1 0
github.com/FITHSCS/backend/business/domain/manifestbus/stores/manifestdb/manifestdb.go:69.2,69.70 1 0
github.com/FITHSCS/backend/business/domain/manifestbus/stores/manifestdb/manifestdb.go:72.75,94.16 3 0
github.com/FITHSCS/backend/business/domain/manifestbus/stores/manifestdb/manifestdb.go:94.16,96.3 1 0
github.com/FITHSCS/backend/business/domain/manifestbus/stores/manifestdb/manifestdb.go:98.2,98.70 1 0
github.com/FITHSCS/backend/business/domain/manifestbus/stores/manifestdb/manifestdb.go:102.100,134.16 7 0
github.com/FITHSCS/backend/business/domain/manifestbus/stores/manifestdb/manifestdb.go:134.16,136.3 1 0
github.com/FITHSCS/backend/business/domain/manifestbus/stores/manifestdb/manifestdb.go:137.2,141.93 4 0
github.com/FITHSCS/backend/business/domain/manifestbus/stores/manifestdb/manifestdb.go:141.93,143.3 1 0
github.com/FITHSCS/backend/business/domain/manifestbus/stores/manifestdb/manifestdb.go:144.2,145.31 2 0
github.com/FITHSCS/backend/business/domain/manifestbus/stores/manifestdb/manifestdb.go:148.89,159.91 7 0
github.com/FITHSCS/backend/business/domain/manifestbus/stores/manifestdb/manifestdb.go:159.91,161.3 1 0
github.com/FITHSCS/backend/business/domain/manifestbus/stores/manifestdb/manifestdb.go:162.2,162.23 1 0
github.com/FITHSCS/backend/business/domain/manifestbus/stores/manifestdb/manifestdb.go:165.100,192.84 4 0
github.com/FITHSCS/backend/business/domain/manifestbus/stores/manifestdb/manifestdb.go:192.84,193.42 1 0
github.com/FITHSCS/backend/business/domain/manifestbus/stores/manifestdb/manifestdb.go:193.42,195.4 1 0
github.com/FITHSCS/backend/business/domain/manifestbus/stores/manifestdb/manifestdb.go:196.3,196.59 1 0
github.com/FITHSCS/backend/business/domain/manifestbus/stores/manifestdb/manifestdb.go:198.2,198.27 1 0
github.com/FITHSCS/backend/business/domain/manifestbus/stores/manifestdb/manifestdb.go:201.77,213.78 3 0
github.com/FITHSCS/backend/business/domain/manifestbus/stores/manifestdb/manifestdb.go:213.78,215.3 1 0
github.com/FITHSCS/backend/business/domain/manifestbus/stores/manifestdb/manifestdb.go:216.2,216.12 1 0
github.com/FITHSCS/backend/business/domain/manifestbus/stores/manifestdb/manifestdb.go:219.77,228.78 3 0
github.com/FITHSCS/backend/business/domain/manifestbus/stores/manifestdb/manifestdb.go:228.78,230.3 1 0
github.com/FITHSCS/backend/business/domain/manifestbus/stores/manifestdb/manifestdb.go:231.2,231.12 1 0
github.com/FITHSCS/backend/business/domain/manifestbus/stores/manifestdb/model.go:32.65,53.2 2 0
github.com/FITHSCS/backend/business/domain/manifestbus/stores/manifestdb/model.go:55.65,58.16 2 0
github.com/FITHSCS/backend/business/domain/manifestbus/stores/manifestdb/model.go:58.16,60.3 1 0
github.com/FITHSCS/backend/business/domain/manifestbus/stores/manifestdb/model.go:62.2,63.16 2 0
github.com/FITHSCS/backend/business/domain/manifestbus/stores/manifestdb/model.go:63.16,65.3 1 0
github.com/FITHSCS/backend/business/domain/manifestbus/stores/manifestdb/model.go:67.2,68.16 2 0
github.com/FITHSCS/backend/business/domain/manifestbus/stores/manifestdb/model.go:68.16,70.3 1 0
github.com/FITHSCS/backend/business/domain/manifestbus/stores/manifestdb/model.go:72.2,89.17 2 0
github.com/FITHSCS/backend/business/domain/manifestbus/stores/manifestdb/model.go:93.71,96.25 2 0
github.com/FITHSCS/backend/business/domain/manifestbus/stores/manifestdb/model.go:96.25,99.17 3 0
github.com/FITHSCS/backend/business/domain/manifestbus/stores/manifestdb/model.go:99.17,101.4 1 0
github.com/FITHSCS/backend/business/domain/manifestbus/stores/manifestdb/model.go:103.2,103.17 1 0
github.com/FITHSCS/backend/business/domain/manifestbus/stores/manifestdb/order.go:22.49,24.9 2 0
github.com/FITHSCS/backend/business/domain/manifestbus/stores/manifestdb/order.go:24.9,26.3 1 0
github.com/FITHSCS/backend/business/domain/manifestbus/stores/manifestdb/order.go:27.2,27.53 1 0
github.com/FITHSCS/backend/business/domain/manifestbus/manifestbus.go:31.39,33.2 1 0
github.com/FITHSCS/backend/business/domain/manifestbus/manifestbus.go:40.63,46.2 1 1
github.com/FITHSCS/backend/business/domain/manifestbus/manifestbus.go:48.82,70.55 3 5
github.com/FITHSCS/backend/business/domain/manifestbus/manifestbus.go:70.55,72.3 1 0
github.com/FITHSCS/backend/business/domain/manifestbus/manifestbus.go:73.2,73.22 1 5
github.com/FITHSCS/backend/business/domain/manifestbus/manifestbus.go:76.122,79.16 2 1
github.com/FITHSCS/backend/business/domain/manifestbus/manifestbus.go:79.16,81.3 1 0
github.com/FITHSCS/backend/business/domain/manifestbus/manifestbus.go:83.2,83.41 1 1
github.com/FITHSCS/backend/business/domain/manifestbus/manifestbus.go:83.41,85.3 1 1
github.com/FITHSCS/backend/business/domain/manifestbus/manifestbus.go:87.2,87.44 1 1
github.com/FITHSCS/backend/business/domain/manifestbus/manifestbus.go:87.44,89.3 1 1
github.com/FITHSCS/backend/business/domain/manifestbus/manifestbus.go:91.2,91.35 1 1
github.com/FITHSCS/backend/business/domain/manifestbus/manifestbus.go:91.35,93.3 1 1
github.com/FITHSCS/backend/business/domain/manifestbus/manifestbus.go:95.2,95.38 1 1
github.com/FITHSCS/backend/business/domain/manifestbus/manifestbus.go:95.38,97.3 1 1
github.com/FITHSCS/backend/business/domain/manifestbus/manifestbus.go:99.2,99.34 1 1
github.com/FITHSCS/backend/business/domain/manifestbus/manifestbus.go:99.34,101.3 1 1
github.com/FITHSCS/backend/business/domain/manifestbus/manifestbus.go:103.2,103.40 1 1
github.com/FITHSCS/backend/business/domain/manifestbus/manifestbus.go:103.40,105.3 1 1
github.com/FITHSCS/backend/business/domain/manifestbus/manifestbus.go:107.2,107.38 1 1
github.com/FITHSCS/backend/business/domain/manifestbus/manifestbus.go:107.38,109.3 1 1
github.com/FITHSCS/backend/business/domain/manifestbus/manifestbus.go:111.2,111.40 1 1
github.com/FITHSCS/backend/business/domain/manifestbus/manifestbus.go:111.40,113.3 1 1
github.com/FITHSCS/backend/business/domain/manifestbus/manifestbus.go:115.2,115.37 1 1
github.com/FITHSCS/backend/business/domain/manifestbus/manifestbus.go:115.37,117.3 1 1
github.com/FITHSCS/backend/business/domain/manifestbus/manifestbus.go:119.2,119.36 1 1
github.com/FITHSCS/backend/business/domain/manifestbus/manifestbus.go:119.36,121.3 1 1
github.com/FITHSCS/backend/business/domain/manifestbus/manifestbus.go:123.2,125.57 2 1
github.com/FITHSCS/backend/business/domain/manifestbus/manifestbus.go:125.57,127.3 1 0
github.com/FITHSCS/backend/business/domain/manifestbus/manifestbus.go:129.2,129.24 1 1
github.com/FITHSCS/backend/business/domain/manifestbus/manifestbus.go:132.121,135.16 2 1
github.com/FITHSCS/backend/business/domain/manifestbus/manifestbus.go:135.16,137.3 1 0
github.com/FITHSCS/backend/business/domain/manifestbus/manifestbus.go:138.2,138.23 1 1
github.com/FITHSCS/backend/business/domain/manifestbus/manifestbus.go:140.80,142.2 1 0
github.com/FITHSCS/backend/business/domain/manifestbus/manifestbus.go:144.94,147.16 2 1
github.com/FITHSCS/backend/business/domain/manifestbus/manifestbus.go:147.16,149.3 1 0
github.com/FITHSCS/backend/business/domain/manifestbus/manifestbus.go:150.2,150.25 1 1
github.com/FITHSCS/backend/business/domain/manifestbus/manifestbus.go:153.83,155.16 2 2
github.com/FITHSCS/backend/business/domain/manifestbus/manifestbus.go:155.16,157.3 1 0
github.com/FITHSCS/backend/business/domain/manifestbus/manifestbus.go:158.2,158.24 1 2
github.com/FITHSCS/backend/business/domain/manifestbus/manifestbus.go:158.24,160.3 1 0
github.com/FITHSCS/backend/business/domain/manifestbus/manifestbus.go:162.2,162.64 1 2
github.com/FITHSCS/backend/business/domain/manifestbus/manifestbus.go:162.64,164.3 1 0
github.com/FITHSCS/backend/business/domain/manifestbus/manifestbus.go:166.2,166.12 1 2
github.com/FITHSCS/backend/business/domain/manifestbus/manifestbus.go:169.83,171.64 1 2
github.com/FITHSCS/backend/business/domain/manifestbus/manifestbus.go:171.64,173.3 1 0
github.com/FITHSCS/backend/business/domain/manifestbus/manifestbus.go:174.2,174.12 1 2
github.com/FITHSCS/backend/business/domain/manifestbus/testutil.go:14.98,23.19 7 2
github.com/FITHSCS/backend/business/domain/manifestbus/testutil.go:23.19,54.3 5 4
github.com/FITHSCS/backend/business/domain/manifestbus/testutil.go:56.2,56.14 1 2
github.com/FITHSCS/backend/business/domain/manifestbus/testutil.go:59.141,63.27 3 2
github.com/FITHSCS/backend/business/domain/manifestbus/testutil.go:63.27,65.17 2 4
github.com/FITHSCS/backend/business/domain/manifestbus/testutil.go:65.17,67.4 1 0
github.com/FITHSCS/backend/business/domain/manifestbus/testutil.go:69.3,69.16 1 4
github.com/FITHSCS/backend/business/domain/manifestbus/testutil.go:72.2,72.18 1 2
github.com/FITHSCS/backend/business/domain/pickupbatchbus/stores/pickupbatchdb/filter.go:12.93,16.27 2 0
github.com/FITHSCS/backend/business/domain/pickupbatchbus/stores/pickupbatchdb/filter.go:16.27,19.3 2 0
github.com/FITHSCS/backend/business/domain/pickupbatchbus/stores/pickupbatchdb/filter.go:20.2,20.27 1 0
github.com/FITHSCS/backend/business/domain/pickupbatchbus/stores/pickupbatchdb/filter.go:20.27,23.3 2 0
github.com/FITHSCS/backend/business/domain/pickupbatchbus/stores/pickupbatchdb/filter.go:25.2,25.29 1 0
github.com/FITHSCS/backend/business/domain/pickupbatchbus/stores/pickupbatchdb/filter.go:25.29,28.3 2 0
github.com/FITHSCS/backend/business/domain/pickupbatchbus/stores/pickupbatchdb/filter.go:29.2,29.34 1 0
github.com/FITHSCS/backend/business/domain/pickupbatchbus/stores/pickupbatchdb/filter.go:29.34,32.3 2 0
github.com/FITHSCS/backend/business/domain/pickupbatchbus/stores/pickupbatchdb/filter.go:33.2,33.39 1 0
github.com/FITHSCS/backend/business/domain/pickupbatchbus/stores/pickupbatchdb/filter.go:33.39,36.3 2 0
github.com/FITHSCS/backend/business/domain/pickupbatchbus/stores/pickupbatchdb/filter.go:38.2,38.46 1 0
github.com/FITHSCS/backend/business/domain/pickupbatchbus/stores/pickupbatchdb/filter.go:38.46,41.3 2 0
github.com/FITHSCS/backend/business/domain/pickupbatchbus/stores/pickupbatchdb/filter.go:42.2,42.28 1 0
github.com/FITHSCS/backend/business/domain/pickupbatchbus/stores/pickupbatchdb/filter.go:42.28,45.3 2 0
github.com/FITHSCS/backend/business/domain/pickupbatchbus/stores/pickupbatchdb/filter.go:47.2,47.28 1 0
github.com/FITHSCS/backend/business/domain/pickupbatchbus/stores/pickupbatchdb/filter.go:47.28,50.3 2 0
github.com/FITHSCS/backend/business/domain/pickupbatchbus/stores/pickupbatchdb/filter.go:51.2,51.29 1 0
github.com/FITHSCS/backend/business/domain/pickupbatchbus/stores/pickupbatchdb/filter.go:51.29,54.3 2 0
github.com/FITHSCS/backend/business/domain/pickupbatchbus/stores/pickupbatchdb/filter.go:56.2,56.29 1 0
github.com/FITHSCS/backend/business/domain/pickupbatchbus/stores/pickupbatchdb/filter.go:56.29,59.3 2 0
github.com/FITHSCS/backend/business/domain/pickupbatchbus/stores/pickupbatchdb/filter.go:60.2,60.29 1 0
github.com/FITHSCS/backend/business/domain/pickupbatchbus/stores/pickupbatchdb/filter.go:60.29,63.3 2 0
github.com/FITHSCS/backend/business/domain/pickupbatchbus/stores/pickupbatchdb/filter.go:65.2,65.17 1 0
github.com/FITHSCS/backend/business/domain/pickupbatchbus/stores/pickupbatchdb/filter.go:65.17,68.3 2 0
github.com/FITHSCS/backend/business/domain/pickupbatchbus/stores/pickupbatchdb/model.go:32.75,52.2 2 0
github.com/FITHSCS/backend/business/domain/pickupbatchbus/stores/pickupbatchdb/model.go:54.75,56.16 2 0
github.com/FITHSCS/backend/business/domain/pickupbatchbus/stores/pickupbatchdb/model.go:56.16,58.3 1 0
github.com/FITHSCS/backend/business/domain/pickupbatchbus/stores/pickupbatchdb/model.go:60.2,61.16 2 0
github.com/FITHSCS/backend/business/domain/pickupbatchbus/stores/pickupbatchdb/model.go:61.16,63.3 1 0
github.com/FITHSCS/backend/business/domain/pickupbatchbus/stores/pickupbatchdb/model.go:65.2,82.17 2 0
github.com/FITHSCS/backend/business/domain/pickupbatchbus/stores/pickupbatchdb/model.go:86.82,90.25 2 0
[...]
github.com/FITHSCS/backend/business/sdk/sqldb/dbarray/dbarray.go:851.15,854.20 3 0
github.com/FITHSCS/backend/business/sdk/sqldb/dbarray/dbarray.go:858.11,859.38 1 0
github.com/FITHSCS/backend/business/sdk/sqldb/dbarray/dbarray.go:859.38,860.55 1 0
github.com/FITHSCS/backend/business/sdk/sqldb/dbarray/dbarray.go:860.55,862.24 2 0
github.com/FITHSCS/backend/business/sdk/sqldb/dbarray/dbarray.go:862.24,864.7 1 0
github.com/FITHSCS/backend/business/sdk/sqldb/dbarray/dbarray.go:865.6,865.43 1 0
github.com/FITHSCS/backend/business/sdk/sqldb/dbarray/dbarray.go:865.43,867.7 1 0
github.com/FITHSCS/backend/business/sdk/sqldb/dbarray/dbarray.go:868.6,869.19 2 0
github.com/FITHSCS/backend/business/sdk/sqldb/dbarray/dbarray.go:875.2,875.19 1 0
github.com/FITHSCS/backend/business/sdk/sqldb/dbarray/dbarray.go:875.19,876.49 1 0
github.com/FITHSCS/backend/business/sdk/sqldb/dbarray/dbarray.go:876.49,879.16 3 0
github.com/FITHSCS/backend/business/sdk/sqldb/dbarray/dbarray.go:880.9,880.40 1 0
github.com/FITHSCS/backend/business/sdk/sqldb/dbarray/dbarray.go:880.40,884.4 3 0
github.com/FITHSCS/backend/business/sdk/sqldb/dbarray/dbarray.go:884.9,886.4 1 0
github.com/FITHSCS/backend/business/sdk/sqldb/dbarray/dbarray.go:889.1,890.19 1 0
github.com/FITHSCS/backend/business/sdk/sqldb/dbarray/dbarray.go:890.19,891.33 1 0
github.com/FITHSCS/backend/business/sdk/sqldb/dbarray/dbarray.go:891.33,894.4 2 0
github.com/FITHSCS/backend/business/sdk/sqldb/dbarray/dbarray.go:894.9,896.4 1 0
github.com/FITHSCS/backend/business/sdk/sqldb/dbarray/dbarray.go:898.2,898.15 1 0
github.com/FITHSCS/backend/business/sdk/sqldb/dbarray/dbarray.go:898.15,900.3 1 0
github.com/FITHSCS/backend/business/sdk/sqldb/dbarray/dbarray.go:901.2,901.16 1 0
github.com/FITHSCS/backend/business/sdk/sqldb/dbarray/dbarray.go:901.16,902.26 1 0
github.com/FITHSCS/backend/business/sdk/sqldb/dbarray/dbarray.go:902.26,903.29 1 0
github.com/FITHSCS/backend/business/sdk/sqldb/dbarray/dbarray.go:903.29,905.5 1 0
github.com/FITHSCS/backend/business/sdk/sqldb/dbarray/dbarray.go:908.2,908.8 1 0
github.com/FITHSCS/backend/business/sdk/sqldb/dbarray/dbarray.go:911.79,913.16 2 0
github.com/FITHSCS/backend/business/sdk/sqldb/dbarray/dbarray.go:913.16,915.3 1 0
github.com/FITHSCS/backend/business/sdk/sqldb/dbarray/dbarray.go:916.2,916.19 1 0
github.com/FITHSCS/backend/business/sdk/sqldb/dbarray/dbarray.go:916.19,918.3 1 0
github.com/FITHSCS/backend/business/sdk/sqldb/dbarray/dbarray.go:919.2,919.19 1 0
github.com/FITHSCS/backend/business/sdk/sqldb/dbarray/encode.go:68.63,69.23 1 0
github.com/FITHSCS/backend/business/sdk/sqldb/dbarray/encode.go:69.23,70.34 1 0
github.com/FITHSCS/backend/business/sdk/sqldb/dbarray/encode.go:72.2,72.32 1 0
github.com/FITHSCS/backend/business/sdk/sqldb/dbarray/encode.go:72.32,73.41 1 0
github.com/FITHSCS/backend/business/sdk/sqldb/dbarray/encode.go:75.2,77.31 3 0
github.com/FITHSCS/backend/business/sdk/sqldb/dbarray/encode.go:80.70,83.23 2 0
github.com/FITHSCS/backend/business/sdk/sqldb/dbarray/encode.go:84.13,85.39 1 0
github.com/FITHSCS/backend/business/sdk/sqldb/dbarray/encode.go:86.15,87.50 1 0
github.com/FITHSCS/backend/business/sdk/sqldb/dbarray/encode.go:88.14,89.22 1 0
github.com/FITHSCS/backend/business/sdk/sqldb/dbarray/encode.go:89.22,91.4 1 0
github.com/FITHSCS/backend/business/sdk/sqldb/dbarray/encode.go:93.3,93.11 1 0
github.com/FITHSCS/backend/business/sdk/sqldb/dbarray/encode.go:94.14,95.22 1 0
github.com/FITHSCS/backend/business/sdk/sqldb/dbarray/encode.go:95.22,97.4 1 0
github.com/FITHSCS/backend/business/sdk/sqldb/dbarray/encode.go:99.3,99.19 1 0
github.com/FITHSCS/backend/business/sdk/sqldb/dbarray/encode.go:100.12,101.36 1 0
github.com/FITHSCS/backend/business/sdk/sqldb/dbarray/encode.go:102.17,103.21 1 0
github.com/FITHSCS/backend/business/sdk/sqldb/dbarray/encode.go:105.10,106.43 1 0
github.com/FITHSCS/backend/business/sdk/sqldb/dbarray/encode.go:109.2,109.22 1 0
github.com/FITHSCS/backend/business/sdk/sqldb/dbarray/encode.go:113.35,114.23 1 0
github.com/FITHSCS/backend/business/sdk/sqldb/dbarray/encode.go:114.23,116.35 1 0
github.com/FITHSCS/backend/business/sdk/sqldb/dbarray/encode.go:116.35,118.4 1 0
github.com/FITHSCS/backend/business/sdk/sqldb/dbarray/encode.go:120.3,120.36 1 0
github.com/FITHSCS/backend/business/sdk/sqldb/dbarray/encode.go:120.36,122.4 1 0
github.com/FITHSCS/backend/business/sdk/sqldb/dbarray/encode.go:124.2,124.27 1 0
github.com/FITHSCS/backend/business/sdk/sqldb/dbarray/encode.go:128.42,133.19 2 0
github.com/FITHSCS/backend/business/sdk/sqldb/dbarray/encode.go:133.19,137.3 2 0
github.com/FITHSCS/backend/business/sdk/sqldb/dbarray/encode.go:138.2,142.17 4 0
github.com/FITHSCS/backend/business/sdk/sqldb/dbarray/encode.go:142.17,144.17 1 0
github.com/FITHSCS/backend/business/sdk/sqldb/dbarray/encode.go:144.17,146.4 1 0
github.com/FITHSCS/backend/business/sdk/sqldb/dbarray/encode.go:148.3,149.18 2 0
github.com/FITHSCS/backend/business/sdk/sqldb/dbarray/encode.go:149.18,151.4 1 0
github.com/FITHSCS/backend/business/sdk/sqldb/dbarray/encode.go:152.3,152.46 1 0
github.com/FITHSCS/backend/business/sdk/sqldb/dbarray/encode.go:155.2,155.8 1 0
github.com/FITHSCS/backend/business/sdk/sqldb/dbarray/encode.go:155.8,157.3 1 0
github.com/FITHSCS/backend/business/sdk/sqldb/dbarray/encode.go:158.2,158.10 1 0
github.com/FITHSCS/backend/business/sdk/sqldb/dbarray/encode.go:161.36,162.54 1 0
github.com/FITHSCS/backend/business/sdk/sqldb/dbarray/encode.go:167.54,168.54 1 0
github.com/FITHSCS/backend/business/sdk/sqldb/dbarray/encode.go:168.54,173.17 4 0
github.com/FITHSCS/backend/business/sdk/sqldb/dbarray/encode.go:173.17,175.4 1 0
github.com/FITHSCS/backend/business/sdk/sqldb/dbarray/encode.go:176.8,178.18 1 0
github.com/FITHSCS/backend/business/sdk/sqldb/dbarray/encode.go:178.18,179.20 1 0
github.com/FITHSCS/backend/business/sdk/sqldb/dbarray/encode.go:179.20,181.36 1 0
github.com/FITHSCS/backend/business/sdk/sqldb/dbarray/encode.go:181.36,184.14 3 0
github.com/FITHSCS/backend/business/sdk/sqldb/dbarray/encode.go:188.5,188.19 1 0
github.com/FITHSCS/backend/business/sdk/sqldb/dbarray/encode.go:188.19,190.6 1 0
github.com/FITHSCS/backend/business/sdk/sqldb/dbarray/encode.go:191.5,192.19 2 0
github.com/FITHSCS/backend/business/sdk/sqldb/dbarray/encode.go:192.19,194.6 1 0
github.com/FITHSCS/backend/business/sdk/sqldb/dbarray/encode.go:195.5,196.14 2 0
github.com/FITHSCS/backend/business/sdk/sqldb/dbarray/encode.go:197.10,201.16 2 0
github.com/FITHSCS/backend/business/sdk/sqldb/dbarray/encode.go:201.16,203.11 2 0
github.com/FITHSCS/backend/business/sdk/sqldb/dbarray/encode.go:205.5,206.14 2 0
github.com/FITHSCS/backend/business/sdk/sqldb/dbarray/encode.go:211.2,211.20 1 0
github.com/FITHSCS/backend/business/sdk/sqldb/dbarray/encode.go:214.63,215.28 1 0
github.com/FITHSCS/backend/business/sdk/sqldb/dbarray/encode.go:215.28,221.3 4 0
github.com/FITHSCS/backend/business/sdk/sqldb/dbarray/encode.go:221.8,223.23 1 0
github.com/FITHSCS/backend/business/sdk/sqldb/dbarray/encode.go:223.23,224.17 1 0
github.com/FITHSCS/backend/business/sdk/sqldb/dbarray/encode.go:224.17,226.5 1 0
github.com/FITHSCS/backend/business/sdk/sqldb/dbarray/encode.go:226.10,226.35 1 0
github.com/FITHSCS/backend/business/sdk/sqldb/dbarray/encode.go:226.35,228.5 1 0
github.com/FITHSCS/backend/business/sdk/sqldb/dbarray/encode.go:228.10,230.5 1 0
github.com/FITHSCS/backend/business/sdk/sqldb/dbarray/encode.go:234.2,234.15 1 0
github.com/FITHSCS/backend/business/sdk/unitest/unittest.go:10.56,11.27 1 0
github.com/FITHSCS/backend/business/sdk/unitest/unittest.go:11.27,12.27 1 0
github.com/FITHSCS/backend/business/sdk/unitest/unittest.go:12.27,16.18 3 0
github.com/FITHSCS/backend/business/sdk/unitest/unittest.go:16.18,24.5 7 0
github.com/FITHSCS/backend/business/sdk/unitest/unittest.go:27.3,27.33 1 0
github.com/FITHSCS/backend/business/types/domain/domain.go:22.38,26.2 3 0
github.com/FITHSCS/backend/business/types/domain/domain.go:29.33,31.2 1 0
github.com/FITHSCS/backend/business/types/domain/domain.go:34.39,36.2 1 0
github.com/FITHSCS/backend/business/types/domain/domain.go:39.47,41.2 1 0
github.com/FITHSCS/backend/business/types/domain/domain.go:46.42,48.13 2 0
github.com/FITHSCS/backend/business/types/domain/domain.go:48.13,50.3 1 0
github.com/FITHSCS/backend/business/types/domain/domain.go:52.2,52.20 1 0
github.com/FITHSCS/backend/business/types/domain/domain.go:57.37,59.16 2 0
github.com/FITHSCS/backend/business/types/domain/domain.go:59.16,60.13 1 0
github.com/FITHSCS/backend/business/types/domain/domain.go:63.2,63.15 1 0
github.com/FITHSCS/backend/business/types/facilitytype/facilitytype.go:18.34,18.54 1 0
github.com/FITHSCS/backend/business/types/facilitytype/facilitytype.go:22.46,23.24 1 0
github.com/FITHSCS/backend/business/types/facilitytype/facilitytype.go:23.24,25.3 1 0
github.com/FITHSCS/backend/business/types/facilitytype/facilitytype.go:26.2,26.33 1 0
github.com/FITHSCS/backend/business/types/facilitytype/facilitytype.go:29.41,31.16 2 0
github.com/FITHSCS/backend/business/types/facilitytype/facilitytype.go:31.16,32.13 1 0
github.com/FITHSCS/backend/business/types/facilitytype/facilitytype.go:34.2,34.11 1 0
github.com/FITHSCS/backend/business/types/facilitytype/facilitytype.go:37.41,39.2 1 0
github.com/FITHSCS/backend/business/types/facilitytype/facilitytype.go:46.38,46.62 1 0
github.com/FITHSCS/backend/business/types/facilitytype/facilitytype.go:50.58,53.32 2 0
github.com/FITHSCS/backend/business/types/facilitytype/facilitytype.go:53.32,55.3 1 0
github.com/FITHSCS/backend/business/types/facilitytype/facilitytype.go:57.2,57.41 1 0
github.com/FITHSCS/backend/business/types/facilitytype/facilitytype.go:57.41,59.3 1 0
github.com/FITHSCS/backend/business/types/facilitytype/facilitytype.go:59.8,59.45 1 0
github.com/FITHSCS/backend/business/types/facilitytype/facilitytype.go:59.45,61.3 1 0
github.com/FITHSCS/backend/business/types/facilitytype/facilitytype.go:61.8,63.3 1 0
github.com/FITHSCS/backend/business/types/facilitytype/facilitytype.go:66.61,68.2 1 0
github.com/FITHSCS/backend/business/types/facilitytype/facilitytype.go:70.51,72.16 2 0
github.com/FITHSCS/backend/business/types/facilitytype/facilitytype.go:72.16,73.13 1 0
github.com/FITHSCS/backend/business/types/facilitytype/facilitytype.go:75.2,75.15 1 0
github.com/FITHSCS/backend/business/types/facilitytype/facilitytype.go:78.49,80.2 1 0
github.com/FITHSCS/backend/business/types/facilitytype/facilitytype.go:87.32,87.48 1 0
github.com/FITHSCS/backend/business/types/facilitytype/facilitytype.go:89.41,90.68 1 0
github.com/FITHSCS/backend/business/types/facilitytype/facilitytype.go:90.68,92.3 1 0
github.com/FITHSCS/backend/business/types/facilitytype/facilitytype.go:93.2,93.27 1 0
github.com/FITHSCS/backend/business/types/facilitytype/facilitytype.go:96.35,98.16 2 0
github.com/FITHSCS/backend/business/types/facilitytype/facilitytype.go:98.16,99.13 1 0
github.com/FITHSCS/backend/business/types/facilitytype/facilitytype.go:101.2,101.12 1 0
github.com/FITHSCS/backend/business/types/facilitytype/facilitytype.go:103.33,105.2 1 0
github.com/FITHSCS/backend/business/types/facilitytype/facilitytype.go:112.33,112.50 1 0
github.com/FITHSCS/backend/business/types/facilitytype/facilitytype.go:114.44,115.74 1 0
github.com/FITHSCS/backend/business/types/facilitytype/facilitytype.go:115.74,117.3 1 0
github.com/FITHSCS/backend/business/types/facilitytype/facilitytype.go:118.2,118.30 1 0
github.com/FITHSCS/backend/business/types/facilitytype/facilitytype.go:121.37,123.16 2 0
github.com/FITHSCS/backend/business/types/facilitytype/facilitytype.go:123.16,124.13 1 0
github.com/FITHSCS/backend/business/types/facilitytype/facilitytype.go:126.2,126.12 1 0
github.com/FITHSCS/backend/business/types/facilitytype/facilitytype.go:129.35,131.2 1 0
github.com/FITHSCS/backend/business/types/facilitytype/facilitytype.go:138.37,138.58 1 0
github.com/FITHSCS/backend/business/types/facilitytype/facilitytype.go:140.56,141.70 1 0
github.com/FITHSCS/backend/business/types/facilitytype/facilitytype.go:141.70,143.3 1 0
github.com/FITHSCS/backend/business/types/facilitytype/facilitytype.go:144.2,144.42 1 0
github.com/FITHSCS/backend/business/types/facilitytype/facilitytype.go:147.45,149.16 2 0
github.com/FITHSCS/backend/business/types/facilitytype/facilitytype.go:149.16,150.13 1 0
github.com/FITHSCS/backend/business/types/facilitytype/facilitytype.go:152.2,152.15 1 0
github.com/FITHSCS/backend/business/types/facilitytype/facilitytype.go:155.43,157.2 1 0
github.com/FITHSCS/backend/business/types/genstringtype/genstringtype.go:10.37,12.2 1 0
github.com/FITHSCS/backend/business/types/genstringtype/genstringtype.go:15.47,17.2 1 0
github.com/FITHSCS/backend/business/types/genstringtype/genstringtype.go:20.51,22.2 1 0
github.com/FITHSCS/backend/business/types/genstringtype/genstringtype.go:26.45,28.2 1 0
github.com/FITHSCS/backend/business/types/genstringtype/genstringtype.go:32.40,34.16 2 0
github.com/FITHSCS/backend/business/types/genstringtype/genstringtype.go:34.16,35.13 1 0
github.com/FITHSCS/backend/business/types/genstringtype/genstringtype.go:38.2,38.18 1 0
github.com/FITHSCS/backend/business/types/genstringtype/genstringtype.go:50.31,51.14 1 0
github.com/FITHSCS/backend/business/types/genstringtype/genstringtype.go:51.14,53.3 1 0
github.com/FITHSCS/backend/business/types/genstringtype/genstringtype.go:55.2,55.16 1 0
github.com/FITHSCS/backend/business/types/genstringtype/genstringtype.go:59.28,61.2 1 0
github.com/FITHSCS/backend/business/types/genstringtype/genstringtype.go:64.35,66.2 1 0
github.com/FITHSCS/backend/business/types/genstringtype/genstringtype.go:72.44,73.17 1 0
github.com/FITHSCS/backend/business/types/genstringtype/genstringtype.go:73.17,75.3 1 0
github.com/FITHSCS/backend/business/types/genstringtype/genstringtype.go:77.2,77.31 1 0
github.com/FITHSCS/backend/business/types/genstringtype/genstringtype.go:82.39,84.16 2 0
github.com/FITHSCS/backend/business/types/genstringtype/genstringtype.go:84.16,85.13 1 0
github.com/FITHSCS/backend/business/types/genstringtype/genstringtype.go:88.2,88.13 1 0
github.com/FITHSCS/backend/business/types/name/name.go:15.31,17.2 1 0
github.com/FITHSCS/backend/business/types/name/name.go:20.35,22.2 1 0
github.com/FITHSCS/backend/business/types/name/name.go:25.45,27.2 1 0
github.com/FITHSCS/backend/business/types/name/name.go:35.40,36.35 1 0
github.com/FITHSCS/backend/business/types/name/name.go:36.35,38.3 1 0
github.com/FITHSCS/backend/business/types/name/name.go:40.2,40.25 1 0
github.com/FITHSCS/backend/business/types/name/name.go:45.35,47.16 2 0
github.com/FITHSCS/backend/business/types/name/name.go:47.16,48.13 1 0
github.com/FITHSCS/backend/business/types/name/name.go:51.2,51.13 1 0
github.com/FITHSCS/backend/business/types/name/name.go:63.31,64.14 1 0
github.com/FITHSCS/backend/business/types/name/name.go:64.14,66.3 1 0
github.com/FITHSCS/backend/business/types/name/name.go:68.2,68.16 1 0
github.com/FITHSCS/backend/business/types/name/name.go:72.28,74.2 1 0
github.com/FITHSCS/backend/business/types/name/name.go:77.35,79.2 1 0
github.com/FITHSCS/backend/business/types/name/name.go:85.44,86.17 1 0
github.com/FITHSCS/backend/business/types/name/name.go:86.17,88.3 1 0
github.com/FITHSCS/backend/business/types/name/name.go:90.2,90.35 1 0
github.com/FITHSCS/backend/business/types/name/name.go:90.35,92.3 1 0
github.com/FITHSCS/backend/business/types/name/name.go:94.2,94.31 1 0
github.com/FITHSCS/backend/business/types/name/name.go:99.39,101.16 2 0
github.com/FITHSCS/backend/business/types/name/name.go:101.16,102.13 1 0
github.com/FITHSCS/backend/business/types/name/name.go:105.2,105.13 1 0
github.com/FITHSCS/backend/business/types/role/role.go:22.32,26.2 3 0
github.com/FITHSCS/backend/business/types/role/role.go:29.31,31.2 1 0
github.com/FITHSCS/backend/business/types/role/role.go:34.35,36.2 1 0
github.com/FITHSCS/backend/business/types/role/role.go:39.45,41.2 1 0
github.com/FITHSCS/backend/business/types/role/role.go:46.40,48.13 2 0
github.com/FITHSCS/backend/business/types/role/role.go:48.13,50.3 1 0
github.com/FITHSCS/backend/business/types/role/role.go:52.2,52.18 1 0
github.com/FITHSCS/backend/business/types/role/role.go:57.35,59.16 2 0
github.com/FITHSCS/backend/business/types/role/role.go:59.16,60.13 1 0
github.com/FITHSCS/backend/business/types/role/role.go:63.2,63.13 1 0
github.com/FITHSCS/backend/business/types/role/role.go:68.46,70.32 2 0
github.com/FITHSCS/backend/business/types/role/role.go:70.32,72.3 1 0
github.com/FITHSCS/backend/business/types/role/role.go:74.2,74.14 1 0
github.com/FITHSCS/backend/business/types/role/role.go:79.48,81.32 2 0
github.com/FITHSCS/backend/business/types/role/role.go:81.32,83.17 2 0
github.com/FITHSCS/backend/business/types/role/role.go:83.17,85.4 1 0
github.com/FITHSCS/backend/business/types/role/role.go:86.3,86.21 1 0
github.com/FITHSCS/backend/business/types/role/role.go:89.2,89.22 1 0
github.com/FITHSCS/backend/business/domain/vehiclebus/testutil.go:11.50,15.19 3 2
github.com/FITHSCS/backend/business/domain/vehiclebus/testutil.go:15.19,27.3 3 4
github.com/FITHSCS/backend/business/domain/vehiclebus/testutil.go:29.2,29.17 1 2
github.com/FITHSCS/backend/business/domain/vehiclebus/testutil.go:32.93,36.27 3 2
github.com/FITHSCS/backend/business/domain/vehiclebus/testutil.go:36.27,38.17 2 4
github.com/FITHSCS/backend/business/domain/vehiclebus/testutil.go:38.17,40.4 1 0
github.com/FITHSCS/backend/business/domain/vehiclebus/testutil.go:42.3,42.16 1 4
github.com/FITHSCS/backend/business/domain/vehiclebus/testutil.go:45.2,45.18 1 2
github.com/FITHSCS/backend/business/domain/vehiclebus/vehiclebus.go:36.63,42.2 1 1
github.com/FITHSCS/backend/business/domain/vehiclebus/vehiclebus.go:44.80,60.54 3 5
github.com/FITHSCS/backend/business/domain/vehiclebus/vehiclebus.go:60.54,62.3 1 0
github.com/FITHSCS/backend/business/domain/vehiclebus/vehiclebus.go:63.2,63.21 1 5
github.com/FITHSCS/backend/business/domain/vehiclebus/vehiclebus.go:66.115,69.16 2 1
github.com/FITHSCS/backend/business/domain/vehiclebus/vehiclebus.go:69.16,71.3 1 0
github.com/FITHSCS/backend/business/domain/vehiclebus/vehiclebus.go:73.2,73.38 1 1
github.com/FITHSCS/backend/business/domain/vehiclebus/vehiclebus.go:73.38,75.3 1 1
github.com/FITHSCS/backend/business/domain/vehiclebus/vehiclebus.go:77.2,77.38 1 1
github.com/FITHSCS/backend/business/domain/vehiclebus/vehiclebus.go:77.38,79.3 1 1
github.com/FITHSCS/backend/business/domain/vehiclebus/vehiclebus.go:81.2,81.41 1 1
github.com/FITHSCS/backend/business/domain/vehiclebus/vehiclebus.go:81.41,83.3 1 1
github.com/FITHSCS/backend/business/domain/vehiclebus/vehiclebus.go:85.2,85.41 1 1
github.com/FITHSCS/backend/business/domain/vehiclebus/vehiclebus.go:85.41,87.3 1 1
github.com/FITHSCS/backend/business/domain/vehiclebus/vehiclebus.go:89.2,89.40 1 1
github.com/FITHSCS/backend/business/domain/vehiclebus/vehiclebus.go:89.40,91.3 1 1
github.com/FITHSCS/backend/business/domain/vehiclebus/vehiclebus.go:93.2,95.65 2 1
github.com/FITHSCS/backend/business/domain/vehiclebus/vehiclebus.go:95.65,97.3 1 0
github.com/FITHSCS/backend/business/domain/vehiclebus/vehiclebus.go:98.2,98.32 1 1
github.com/FITHSCS/backend/business/domain/vehiclebus/vehiclebus.go:101.89,104.16 2 1
github.com/FITHSCS/backend/business/domain/vehiclebus/vehiclebus.go:104.16,106.3 1 0
github.com/FITHSCS/backend/business/domain/vehiclebus/vehiclebus.go:107.2,107.21 1 1
github.com/FITHSCS/backend/business/domain/vehiclebus/vehiclebus.go:110.120,113.16 2 1
github.com/FITHSCS/backend/business/domain/vehiclebus/vehiclebus.go:113.16,115.3 1 0
github.com/FITHSCS/backend/business/domain/vehiclebus/vehiclebus.go:116.2,116.22 1 1
github.com/FITHSCS/backend/business/domain/vehiclebus/vehiclebus.go:119.80,121.2 1 0
github.com/FITHSCS/backend/business/domain/vehiclebus/vehiclebus.go:123.75,125.56 1 2
github.com/FITHSCS/backend/business/domain/vehiclebus/vehiclebus.go:125.56,127.3 1 0
github.com/FITHSCS/backend/business/domain/vehiclebus/vehiclebus.go:128.2,128.12 1 2
