mode: atomic
github.com/FITHSCS/backend/api/services/auth/build/all.go:13.19,15.2 1 0
github.com/FITHSCS/backend/api/services/auth/build/all.go:20.46,30.2 2 0
github.com/FITHSCS/backend/api/services/auth/main.go:34.13,38.53 2 0
github.com/FITHSCS/backend/api/services/auth/main.go:38.53,40.4 1 0
github.com/FITHSCS/backend/api/services/auth/main.go:43.2,43.48 1 0
github.com/FITHSCS/backend/api/services/auth/main.go:43.48,45.3 1 0
github.com/FITHSCS/backend/api/services/auth/main.go:47.2,53.38 3 0
github.com/FITHSCS/backend/api/services/auth/main.go:53.38,56.3 2 0
github.com/FITHSCS/backend/api/services/auth/main.go:59.57,104.16 5 0
github.com/FITHSCS/backend/api/services/auth/main.go:104.16,105.41 1 0
github.com/FITHSCS/backend/api/services/auth/main.go:105.41,108.4 2 0
github.com/FITHSCS/backend/api/services/auth/main.go:109.3,109.47 1 0
github.com/FITHSCS/backend/api/services/auth/main.go:115.2,119.16 4 0
github.com/FITHSCS/backend/api/services/auth/main.go:119.16,121.3 1 0
github.com/FITHSCS/backend/api/services/auth/main.go:122.2,142.16 6 0
github.com/FITHSCS/backend/api/services/auth/main.go:142.16,144.3 1 0
github.com/FITHSCS/backend/api/services/auth/main.go:146.2,166.16 6 0
github.com/FITHSCS/backend/api/services/auth/main.go:166.16,168.3 1 0
github.com/FITHSCS/backend/api/services/auth/main.go:170.2,171.16 2 0
github.com/FITHSCS/backend/api/services/auth/main.go:171.16,173.3 1 0
github.com/FITHSCS/backend/api/services/auth/main.go:175.2,175.16 1 0
github.com/FITHSCS/backend/api/services/auth/main.go:175.16,177.3 1 0
github.com/FITHSCS/backend/api/services/auth/main.go:179.2,187.16 3 0
github.com/FITHSCS/backend/api/services/auth/main.go:187.16,189.3 1 0
github.com/FITHSCS/backend/api/services/auth/main.go:194.2,194.12 1 0
github.com/FITHSCS/backend/api/services/auth/main.go:194.12,197.77 2 0
github.com/FITHSCS/backend/api/services/auth/main.go:197.77,199.4 1 0
github.com/FITHSCS/backend/api/services/auth/main.go:205.2,233.12 7 0
github.com/FITHSCS/backend/api/services/auth/main.go:233.12,237.3 2 0
github.com/FITHSCS/backend/api/services/auth/main.go:242.2,242.9 1 0
github.com/FITHSCS/backend/api/services/auth/main.go:243.29,244.45 1 0
github.com/FITHSCS/backend/api/services/auth/main.go:246.25,253.43 5 0
github.com/FITHSCS/backend/api/services/auth/main.go:253.43,256.4 2 0
github.com/FITHSCS/backend/api/services/auth/main.go:259.2,259.12 1 0
github.com/FITHSCS/backend/api/services/core/main.go:52.13,56.53 2 0
github.com/FITHSCS/backend/api/services/core/main.go:56.53,58.4 1 0
github.com/FITHSCS/backend/api/services/core/main.go:61.2,61.48 1 0
github.com/FITHSCS/backend/api/services/core/main.go:61.48,63.3 1 0
github.com/FITHSCS/backend/api/services/core/main.go:65.2,71.38 3 0
github.com/FITHSCS/backend/api/services/core/main.go:71.38,74.3 2 0
github.com/FITHSCS/backend/api/services/core/main.go:77.57,134.16 5 0
github.com/FITHSCS/backend/api/services/core/main.go:134.16,135.41 1 0
github.com/FITHSCS/backend/api/services/core/main.go:135.41,138.4 2 0
github.com/FITHSCS/backend/api/services/core/main.go:139.3,139.47 1 0
github.com/FITHSCS/backend/api/services/core/main.go:145.2,149.16 4 0
github.com/FITHSCS/backend/api/services/core/main.go:149.16,151.3 1 0
github.com/FITHSCS/backend/api/services/core/main.go:152.2,172.16 7 0
github.com/FITHSCS/backend/api/services/core/main.go:172.16,174.3 1 0
github.com/FITHSCS/backend/api/services/core/main.go:176.2,207.26 18 0
github.com/FITHSCS/backend/api/services/core/main.go:207.26,233.45 4 0
github.com/FITHSCS/backend/api/services/core/main.go:233.45,235.4 1 0
github.com/FITHSCS/backend/api/services/core/main.go:236.3,236.16 1 0
github.com/FITHSCS/backend/api/services/core/main.go:236.16,238.49 2 0
github.com/FITHSCS/backend/api/services/core/main.go:238.49,240.5 1 0
github.com/FITHSCS/backend/api/services/core/main.go:247.2,247.12 1 0
github.com/FITHSCS/backend/api/services/core/main.go:247.12,250.77 2 0
github.com/FITHSCS/backend/api/services/core/main.go:250.77,252.4 1 0
github.com/FITHSCS/backend/api/services/core/main.go:258.2,298.12 8 0
github.com/FITHSCS/backend/api/services/core/main.go:298.12,302.3 2 0
github.com/FITHSCS/backend/api/services/core/main.go:307.2,307.9 1 0
github.com/FITHSCS/backend/api/services/core/main.go:308.29,309.45 1 0
github.com/FITHSCS/backend/api/services/core/main.go:311.25,318.43 5 0
github.com/FITHSCS/backend/api/services/core/main.go:318.43,321.4 2 0
github.com/FITHSCS/backend/api/services/core/main.go:324.2,324.12 1 0
github.com/FITHSCS/backend/api/services/core/build/all/all.go:23.19,25.2 1 0
github.com/FITHSCS/backend/api/services/core/build/all/all.go:30.46,102.2 12 0
github.com/FITHSCS/backend/api/services/metrics/main.go:25.13,29.53 2 0
github.com/FITHSCS/backend/api/services/metrics/main.go:29.53,29.99 1 0
github.com/FITHSCS/backend/api/services/metrics/main.go:32.2,32.48 1 0
github.com/FITHSCS/backend/api/services/metrics/main.go:32.48,34.3 1 0
github.com/FITHSCS/backend/api/services/metrics/main.go:36.2,42.38 3 0
github.com/FITHSCS/backend/api/services/metrics/main.go:42.38,45.3 2 0
github.com/FITHSCS/backend/api/services/metrics/main.go:48.57,95.16 5 0
github.com/FITHSCS/backend/api/services/metrics/main.go:95.16,96.41 1 0
github.com/FITHSCS/backend/api/services/metrics/main.go:96.41,99.4 2 0
github.com/FITHSCS/backend/api/services/metrics/main.go:100.3,100.47 1 0
github.com/FITHSCS/backend/api/services/metrics/main.go:106.2,110.16 4 0
github.com/FITHSCS/backend/api/services/metrics/main.go:110.16,112.3 1 0
github.com/FITHSCS/backend/api/services/metrics/main.go:113.2,120.12 3 0
github.com/FITHSCS/backend/api/services/metrics/main.go:120.12,123.77 2 0
github.com/FITHSCS/backend/api/services/metrics/main.go:123.77,125.4 1 0
github.com/FITHSCS/backend/api/services/metrics/main.go:131.2,144.16 6 0
github.com/FITHSCS/backend/api/services/metrics/main.go:144.16,146.3 1 0
github.com/FITHSCS/backend/api/services/metrics/main.go:148.2,151.16 3 0
github.com/FITHSCS/backend/api/services/metrics/main.go:151.16,153.3 1 0
github.com/FITHSCS/backend/api/services/metrics/main.go:154.2,166.12 7 0
github.com/FITHSCS/backend/api/services/metrics/collector/expvar.go:23.40,46.2 3 0
github.com/FITHSCS/backend/api/services/metrics/collector/expvar.go:49.54,51.16 2 0
github.com/FITHSCS/backend/api/services/metrics/collector/expvar.go:51.16,53.3 1 0
github.com/FITHSCS/backend/api/services/metrics/collector/expvar.go:55.2,56.16 2 0
github.com/FITHSCS/backend/api/services/metrics/collector/expvar.go:56.16,58.3 1 0
github.com/FITHSCS/backend/api/services/metrics/collector/expvar.go:59.2,61.38 2 0
github.com/FITHSCS/backend/api/services/metrics/collector/expvar.go:61.38,63.17 2 0
github.com/FITHSCS/backend/api/services/metrics/collector/expvar.go:63.17,65.4 1 0
github.com/FITHSCS/backend/api/services/metrics/collector/expvar.go:66.3,66.38 1 0
github.com/FITHSCS/backend/api/services/metrics/collector/expvar.go:69.2,70.61 2 0
github.com/FITHSCS/backend/api/services/metrics/collector/expvar.go:70.61,72.3 1 0
github.com/FITHSCS/backend/api/services/metrics/collector/expvar.go:74.2,74.18 1 0
github.com/FITHSCS/backend/api/services/metrics/publisher/publisher.go:41.117,51.12 3 0
github.com/FITHSCS/backend/api/services/metrics/publisher/publisher.go:51.12,53.7 2 0
github.com/FITHSCS/backend/api/services/metrics/publisher/publisher.go:53.7,55.11 2 0
github.com/FITHSCS/backend/api/services/metrics/publisher/publisher.go:56.21,57.15 1 0
github.com/FITHSCS/backend/api/services/metrics/publisher/publisher.go:58.22,59.11 1 0
github.com/FITHSCS/backend/api/services/metrics/publisher/publisher.go:64.2,64.16 1 0
github.com/FITHSCS/backend/api/services/metrics/publisher/publisher.go:68.26,71.2 2 0
github.com/FITHSCS/backend/api/services/metrics/publisher/publisher.go:74.28,76.16 2 0
github.com/FITHSCS/backend/api/services/metrics/publisher/publisher.go:76.16,79.3 2 0
github.com/FITHSCS/backend/api/services/metrics/publisher/publisher.go:81.2,81.34 1 0
github.com/FITHSCS/backend/api/services/metrics/publisher/publisher.go:81.34,83.3 1 0
github.com/FITHSCS/backend/api/services/metrics/publisher/publisher.go:92.44,94.2 1 0
github.com/FITHSCS/backend/api/services/metrics/publisher/publisher.go:97.47,101.16 3 0
github.com/FITHSCS/backend/api/services/metrics/publisher/publisher.go:101.16,104.3 2 0
github.com/FITHSCS/backend/api/services/metrics/publisher/publisher.go:106.2,107.52 2 0
github.com/FITHSCS/backend/api/services/metrics/publisher/publisher.go:107.52,110.3 2 0
github.com/FITHSCS/backend/api/services/metrics/publisher/publisher.go:113.2,114.8 2 0
github.com/FITHSCS/backend/api/services/metrics/publisher/publisher.go:114.8,116.3 1 0
github.com/FITHSCS/backend/api/services/metrics/publisher/publisher.go:119.2,123.16 4 0
github.com/FITHSCS/backend/api/services/metrics/publisher/publisher.go:123.16,125.3 1 0
github.com/FITHSCS/backend/api/services/metrics/publisher/publisher.go:126.2,126.48 1 0
github.com/FITHSCS/backend/api/services/metrics/publisher/datadog/datadog.go:25.64,50.2 3 0
github.com/FITHSCS/backend/api/services/metrics/publisher/datadog/datadog.go:54.48,56.16 2 0
github.com/FITHSCS/backend/api/services/metrics/publisher/datadog/datadog.go:56.16,59.3 2 0
github.com/FITHSCS/backend/api/services/metrics/publisher/datadog/datadog.go:61.2,61.44 1 0
github.com/FITHSCS/backend/api/services/metrics/publisher/datadog/datadog.go:61.44,64.3 2 0
github.com/FITHSCS/backend/api/services/metrics/publisher/datadog/datadog.go:66.2,66.59 1 0
github.com/FITHSCS/backend/api/services/metrics/publisher/datadog/datadog.go:70.75,94.9 3 0
github.com/FITHSCS/backend/api/services/metrics/publisher/datadog/datadog.go:94.9,96.3 1 0
github.com/FITHSCS/backend/api/services/metrics/publisher/datadog/datadog.go:97.2,98.25 2 0
github.com/FITHSCS/backend/api/services/metrics/publisher/datadog/datadog.go:98.25,100.3 1 0
github.com/FITHSCS/backend/api/services/metrics/publisher/datadog/datadog.go:101.2,116.31 4 0
github.com/FITHSCS/backend/api/services/metrics/publisher/datadog/datadog.go:116.31,117.23 1 0
github.com/FITHSCS/backend/api/services/metrics/publisher/datadog/datadog.go:118.21,125.6 1 0
github.com/FITHSCS/backend/api/services/metrics/publisher/datadog/datadog.go:130.2,131.16 2 0
github.com/FITHSCS/backend/api/services/metrics/publisher/datadog/datadog.go:131.16,134.3 2 0
github.com/FITHSCS/backend/api/services/metrics/publisher/datadog/datadog.go:136.2,136.17 1 0
github.com/FITHSCS/backend/api/services/metrics/publisher/datadog/datadog.go:140.49,145.16 4 0
github.com/FITHSCS/backend/api/services/metrics/publisher/datadog/datadog.go:145.16,147.3 1 0
github.com/FITHSCS/backend/api/services/metrics/publisher/datadog/datadog.go:149.2,150.16 2 0
github.com/FITHSCS/backend/api/services/metrics/publisher/datadog/datadog.go:150.16,152.3 1 0
github.com/FITHSCS/backend/api/services/metrics/publisher/datadog/datadog.go:153.2,155.44 2 0
github.com/FITHSCS/backend/api/services/metrics/publisher/datadog/datadog.go:155.44,157.17 2 0
github.com/FITHSCS/backend/api/services/metrics/publisher/datadog/datadog.go:157.17,159.4 1 0
github.com/FITHSCS/backend/api/services/metrics/publisher/datadog/datadog.go:160.3,160.51 1 0
github.com/FITHSCS/backend/api/services/metrics/publisher/datadog/datadog.go:163.2,163.12 1 0
github.com/FITHSCS/backend/api/services/metrics/publisher/expvar/expvar.go:24.133,40.12 4 0
github.com/FITHSCS/backend/api/services/metrics/publisher/expvar/expvar.go:40.12,44.53 3 0
github.com/FITHSCS/backend/api/services/metrics/publisher/expvar/expvar.go:44.53,46.4 1 0
github.com/FITHSCS/backend/api/services/metrics/publisher/expvar/expvar.go:49.2,49.13 1 0
github.com/FITHSCS/backend/api/services/metrics/publisher/expvar/expvar.go:53.56,60.49 5 0
github.com/FITHSCS/backend/api/services/metrics/publisher/expvar/expvar.go:60.49,62.44 2 0
github.com/FITHSCS/backend/api/services/metrics/publisher/expvar/expvar.go:62.44,64.4 1 0
github.com/FITHSCS/backend/api/services/metrics/publisher/expvar/expvar.go:69.49,71.2 2 0
github.com/FITHSCS/backend/api/services/metrics/publisher/expvar/expvar.go:71.2,73.3 1 0
github.com/FITHSCS/backend/api/services/metrics/publisher/expvar/expvar.go:74.2,74.17 1 0
github.com/FITHSCS/backend/api/services/metrics/publisher/expvar/expvar.go:78.68,86.2 6 0
github.com/FITHSCS/backend/api/services/metrics/publisher/expvar/expvar.go:86.2,88.3 1 0
github.com/FITHSCS/backend/api/services/metrics/publisher/expvar/expvar.go:89.2,91.56 2 0
github.com/FITHSCS/backend/api/services/metrics/publisher/expvar/expvar.go:91.56,93.3 1 0
github.com/FITHSCS/backend/api/services/metrics/publisher/expvar/expvar.go:95.2,95.126 1 0
github.com/FITHSCS/backend/api/services/metrics/publisher/prometheus/prometheus.go:24.135,41.12 4 0
github.com/FITHSCS/backend/api/services/metrics/publisher/prometheus/prometheus.go:41.12,46.53 3 0
github.com/FITHSCS/backend/api/services/metrics/publisher/prometheus/prometheus.go:46.53,48.4 1 0
github.com/FITHSCS/backend/api/services/metrics/publisher/prometheus/prometheus.go:51.2,51.13 1 0
github.com/FITHSCS/backend/api/services/metrics/publisher/prometheus/prometheus.go:55.51,60.2 3 0
github.com/FITHSCS/backend/api/services/metrics/publisher/prometheus/prometheus.go:63.58,70.49 5 0
github.com/FITHSCS/backend/api/services/metrics/publisher/prometheus/prometheus.go:70.49,73.44 2 0
github.com/FITHSCS/backend/api/services/metrics/publisher/prometheus/prometheus.go:73.44,75.4 1 0
github.com/FITHSCS/backend/api/services/metrics/publisher/prometheus/prometheus.go:79.70,87.2 6 0
github.com/FITHSCS/backend/api/services/metrics/publisher/prometheus/prometheus.go:87.2,89.3 1 0
github.com/FITHSCS/backend/api/services/metrics/publisher/prometheus/prometheus.go:90.2,94.139 3 0
github.com/FITHSCS/backend/api/services/metrics/publisher/prometheus/prometheus.go:97.56,100.27 2 0
github.com/FITHSCS/backend/api/services/metrics/publisher/prometheus/prometheus.go:100.27,101.25 1 0
github.com/FITHSCS/backend/api/services/metrics/publisher/prometheus/prometheus.go:102.23,103.31 1 0
github.com/FITHSCS/backend/api/services/metrics/publisher/prometheus/prometheus.go:105.14,106.27 1 0
github.com/FITHSCS/backend/api/services/metrics/publisher/prometheus/prometheus.go:108.16,109.18 1 0
github.com/FITHSCS/backend/api/services/metrics/publisher/prometheus/prometheus.go:111.13,113.10 2 0
github.com/FITHSCS/backend/api/services/metrics/publisher/prometheus/prometheus.go:113.10,115.5 1 0
github.com/FITHSCS/backend/api/services/metrics/publisher/prometheus/prometheus.go:119.2,119.15 1 0
github.com/FITHSCS/backend/api/services/metrics/publisher/prometheus/prometheus.go:122.59,123.18 1 0
github.com/FITHSCS/backend/api/services/metrics/publisher/prometheus/prometheus.go:123.18,125.3 1 0
github.com/FITHSCS/backend/api/services/metrics/publisher/prometheus/prometheus.go:127.2,127.25 1 0
github.com/FITHSCS/backend/api/services/metrics/publisher/prometheus/prometheus.go:127.25,130.25 2 0
github.com/FITHSCS/backend/api/services/metrics/publisher/prometheus/prometheus.go:131.16,132.44 1 0
github.com/FITHSCS/backend/api/services/metrics/publisher/prometheus/prometheus.go:134.23,135.24 1 0
github.com/FITHSCS/backend/api/services/metrics/publisher/prometheus/prometheus.go:137.11,137.11 0 0
github.com/FITHSCS/backend/api/services/sync/main.go:30.13,34.57 2 0
github.com/FITHSCS/backend/api/services/sync/main.go:34.57,36.8 1 0
github.com/FITHSCS/backend/api/services/sync/main.go:39.5,39.51 1 0
github.com/FITHSCS/backend/api/services/sync/main.go:39.51,41.6 1 0
github.com/FITHSCS/backend/api/services/sync/main.go:43.5,47.41 3 0
github.com/FITHSCS/backend/api/services/sync/main.go:47.41,50.6 2 0
github.com/FITHSCS/backend/api/services/sync/main.go:53.57,94.19 5 0
github.com/FITHSCS/backend/api/services/sync/main.go:94.19,95.47 1 0
github.com/FITHSCS/backend/api/services/sync/main.go:95.47,98.10 2 0
github.com/FITHSCS/backend/api/services/sync/main.go:99.9,99.53 1 0
github.com/FITHSCS/backend/api/services/sync/main.go:103.5,107.19 4 0
github.com/FITHSCS/backend/api/services/sync/main.go:107.19,109.6 1 0
github.com/FITHSCS/backend/api/services/sync/main.go:110.5,127.19 6 0
github.com/FITHSCS/backend/api/services/sync/main.go:127.19,129.6 1 0
github.com/FITHSCS/backend/api/services/sync/main.go:130.5,140.15 5 0
github.com/FITHSCS/backend/api/services/sync/main.go:140.15,142.83 2 0
github.com/FITHSCS/backend/api/services/sync/main.go:142.83,144.10 1 0
github.com/FITHSCS/backend/api/services/sync/main.go:148.5,181.15 9 0
github.com/FITHSCS/backend/api/services/sync/main.go:181.15,184.6 2 0
github.com/FITHSCS/backend/api/services/sync/main.go:187.5,187.12 1 0
github.com/FITHSCS/backend/api/services/sync/main.go:188.32,189.51 1 0
github.com/FITHSCS/backend/api/services/sync/main.go:190.28,197.49 5 0
github.com/FITHSCS/backend/api/services/sync/main.go:197.49,200.10 2 0
github.com/FITHSCS/backend/api/services/sync/main.go:203.5,203.15 1 0
github.com/FITHSCS/backend/api/services/sync/build/all/all.go:15.19,17.2 1 0
github.com/FITHSCS/backend/api/services/sync/build/all/all.go:22.46,36.2 1 0
github.com/FITHSCS/backend/api/tooling/admin/main.go:36.13,37.88 1 0
github.com/FITHSCS/backend/api/tooling/admin/main.go:37.88,37.137 1 0
github.com/FITHSCS/backend/api/tooling/admin/main.go:39.2,39.33 1 0
github.com/FITHSCS/backend/api/tooling/admin/main.go:39.33,40.40 1 0
github.com/FITHSCS/backend/api/tooling/admin/main.go:40.40,42.4 1 0
github.com/FITHSCS/backend/api/tooling/admin/main.go:43.3,43.13 1 0
github.com/FITHSCS/backend/api/tooling/admin/main.go:47.36,57.16 4 0
github.com/FITHSCS/backend/api/tooling/admin/main.go:57.16,58.41 1 0
github.com/FITHSCS/backend/api/tooling/admin/main.go:58.41,61.4 2 0
github.com/FITHSCS/backend/api/tooling/admin/main.go:63.3,64.17 2 0
github.com/FITHSCS/backend/api/tooling/admin/main.go:64.17,66.4 1 0
github.com/FITHSCS/backend/api/tooling/admin/main.go:67.3,69.47 2 0
github.com/FITHSCS/backend/api/tooling/admin/main.go:72.2,72.44 1 0
github.com/FITHSCS/backend/api/tooling/admin/main.go:77.76,88.21 2 0
github.com/FITHSCS/backend/api/tooling/admin/main.go:89.17,90.52 1 0
github.com/FITHSCS/backend/api/tooling/admin/main.go:90.52,92.4 1 0
github.com/FITHSCS/backend/api/tooling/admin/main.go:94.14,95.49 1 0
github.com/FITHSCS/backend/api/tooling/admin/main.go:95.49,97.4 1 0
github.com/FITHSCS/backend/api/tooling/admin/main.go:99.22,100.52 1 0
github.com/FITHSCS/backend/api/tooling/admin/main.go:100.52,102.4 1 0
github.com/FITHSCS/backend/api/tooling/admin/main.go:103.3,103.49 1 0
github.com/FITHSCS/backend/api/tooling/admin/main.go:103.49,105.4 1 0
github.com/FITHSCS/backend/api/tooling/admin/main.go:107.17,111.80 4 0
github.com/FITHSCS/backend/api/tooling/admin/main.go:111.80,113.4 1 0
github.com/FITHSCS/backend/api/tooling/admin/main.go:115.10,119.26 4 0
github.com/FITHSCS/backend/api/tooling/admin/main.go:122.2,122.12 1 0
github.com/FITHSCS/backend/api/tooling/admin/commands/genkey.go:13.21,17.16 2 0
github.com/FITHSCS/backend/api/tooling/admin/commands/genkey.go:17.16,19.3 1 0
github.com/FITHSCS/backend/api/tooling/admin/commands/genkey.go:22.2,23.16 2 0
github.com/FITHSCS/backend/api/tooling/admin/commands/genkey.go:23.16,25.3 1 0
github.com/FITHSCS/backend/api/tooling/admin/commands/genkey.go:26.2,35.63 3 0
github.com/FITHSCS/backend/api/tooling/admin/commands/genkey.go:35.63,37.3 1 0
github.com/FITHSCS/backend/api/tooling/admin/commands/genkey.go:40.2,41.16 2 0
github.com/FITHSCS/backend/api/tooling/admin/commands/genkey.go:41.16,43.3 1 0
github.com/FITHSCS/backend/api/tooling/admin/commands/genkey.go:44.2,48.16 3 0
github.com/FITHSCS/backend/api/tooling/admin/commands/genkey.go:48.16,50.3 1 0
github.com/FITHSCS/backend/api/tooling/admin/commands/genkey.go:53.2,59.61 2 0
github.com/FITHSCS/backend/api/tooling/admin/commands/genkey.go:59.61,61.3 1 0
github.com/FITHSCS/backend/api/tooling/admin/commands/genkey.go:63.2,64.12 2 0
github.com/FITHSCS/backend/api/tooling/admin/commands/migrate.go:17.38,19.16 2 0
github.com/FITHSCS/backend/api/tooling/admin/commands/migrate.go:19.16,21.3 1 0
github.com/FITHSCS/backend/api/tooling/admin/commands/migrate.go:22.2,27.49 4 0
github.com/FITHSCS/backend/api/tooling/admin/commands/migrate.go:27.49,29.3 1 0
github.com/FITHSCS/backend/api/tooling/admin/commands/migrate.go:31.2,32.12 2 0
github.com/FITHSCS/backend/api/tooling/admin/commands/seed.go:13.35,15.16 2 0
github.com/FITHSCS/backend/api/tooling/admin/commands/seed.go:15.16,17.3 1 0
github.com/FITHSCS/backend/api/tooling/admin/commands/seed.go:18.2,23.46 4 0
github.com/FITHSCS/backend/api/tooling/admin/commands/seed.go:23.46,25.3 1 0
github.com/FITHSCS/backend/api/tooling/admin/commands/seed.go:27.2,28.12 2 0
github.com/FITHSCS/backend/api/tooling/admin/commands/useradd.go:19.101,20.48 1 0
github.com/FITHSCS/backend/api/tooling/admin/commands/useradd.go:20.48,23.3 2 0
github.com/FITHSCS/backend/api/tooling/admin/commands/useradd.go:25.2,26.16 2 0
github.com/FITHSCS/backend/api/tooling/admin/commands/useradd.go:26.16,28.3 1 0
github.com/FITHSCS/backend/api/tooling/admin/commands/useradd.go:29.2,37.16 6 0
github.com/FITHSCS/backend/api/tooling/admin/commands/useradd.go:37.16,39.3 1 0
github.com/FITHSCS/backend/api/tooling/admin/commands/useradd.go:41.2,49.16 3 0
github.com/FITHSCS/backend/api/tooling/admin/commands/useradd.go:49.16,51.3 1 0
github.com/FITHSCS/backend/api/tooling/admin/commands/useradd.go:53.2,54.12 2 0
github.com/FITHSCS/backend/api/tooling/logfmt/main.go:18.13,24.2 4 0
github.com/FITHSCS/backend/api/tooling/logfmt/main.go:26.13,33.21 5 0
github.com/FITHSCS/backend/api/tooling/logfmt/main.go:33.21,38.17 4 0
github.com/FITHSCS/backend/api/tooling/logfmt/main.go:38.17,39.21 1 0
github.com/FITHSCS/backend/api/tooling/logfmt/main.go:39.21,41.5 1 0
github.com/FITHSCS/backend/api/tooling/logfmt/main.go:42.4,42.12 1 0
github.com/FITHSCS/backend/api/tooling/logfmt/main.go:46.3,46.73 1 0
github.com/FITHSCS/backend/api/tooling/logfmt/main.go:46.73,47.12 1 0
github.com/FITHSCS/backend/api/tooling/logfmt/main.go:51.3,52.33 2 0
github.com/FITHSCS/backend/api/tooling/logfmt/main.go:52.33,54.4 1 0
github.com/FITHSCS/backend/api/tooling/logfmt/main.go:60.3,72.23 3 0
github.com/FITHSCS/backend/api/tooling/logfmt/main.go:72.23,73.13 1 0
github.com/FITHSCS/backend/api/tooling/logfmt/main.go:74.63,75.13 1 0
github.com/FITHSCS/backend/api/tooling/logfmt/main.go:80.4,80.48 1 0
github.com/FITHSCS/backend/api/tooling/logfmt/main.go:84.3,85.32 2 0
github.com/FITHSCS/backend/api/tooling/logfmt/main.go:88.2,88.38 1 0
github.com/FITHSCS/backend/api/tooling/logfmt/main.go:88.38,90.3 1 0
github.com/FITHSCS/backend/app/domain/auditapp/auditapp.go:20.47,24.2 1 0
github.com/FITHSCS/backend/app/domain/auditapp/auditapp.go:26.71,28.16 2 0
github.com/FITHSCS/backend/app/domain/auditapp/auditapp.go:28.16,30.3 1 0
github.com/FITHSCS/backend/app/domain/auditapp/auditapp.go:32.2,33.16 2 0
github.com/FITHSCS/backend/app/domain/auditapp/auditapp.go:33.16,35.3 1 0
github.com/FITHSCS/backend/app/domain/auditapp/auditapp.go:37.2,38.16 2 0
github.com/FITHSCS/backend/app/domain/auditapp/auditapp.go:38.16,40.3 1 0
github.com/FITHSCS/backend/app/domain/auditapp/auditapp.go:42.2,43.16 2 0
github.com/FITHSCS/backend/app/domain/auditapp/auditapp.go:43.16,45.3 1 0
github.com/FITHSCS/backend/app/domain/auditapp/auditapp.go:47.2,48.16 2 0
github.com/FITHSCS/backend/app/domain/auditapp/auditapp.go:48.16,50.3 1 0
github.com/FITHSCS/backend/app/domain/auditapp/auditapp.go:52.2,53.16 2 0
github.com/FITHSCS/backend/app/domain/auditapp/auditapp.go:53.16,55.3 1 0
github.com/FITHSCS/backend/app/domain/auditapp/auditapp.go:57.2,57.56 1 0
github.com/FITHSCS/backend/app/domain/auditapp/filter.go:27.61,44.2 3 0
github.com/FITHSCS/backend/app/domain/auditapp/filter.go:46.64,50.20 3 0
github.com/FITHSCS/backend/app/domain/auditapp/filter.go:50.20,52.14 2 0
github.com/FITHSCS/backend/app/domain/auditapp/filter.go:53.12,54.22 1 0
github.com/FITHSCS/backend/app/domain/auditapp/filter.go:55.11,56.34 1 0
github.com/FITHSCS/backend/app/domain/auditapp/filter.go:60.2,60.24 1 0
github.com/FITHSCS/backend/app/domain/auditapp/filter.go:60.24,62.14 2 0
github.com/FITHSCS/backend/app/domain/auditapp/filter.go:63.12,64.30 1 0
github.com/FITHSCS/backend/app/domain/auditapp/filter.go:65.11,66.38 1 0
github.com/FITHSCS/backend/app/domain/auditapp/filter.go:70.2,70.22 1 0
github.com/FITHSCS/backend/app/domain/auditapp/filter.go:70.22,72.14 2 0
github.com/FITHSCS/backend/app/domain/auditapp/filter.go:73.12,74.26 1 0
github.com/FITHSCS/backend/app/domain/auditapp/filter.go:75.11,76.36 1 0
github.com/FITHSCS/backend/app/domain/auditapp/filter.go:80.2,80.22 1 0
github.com/FITHSCS/backend/app/domain/auditapp/filter.go:80.22,82.14 2 0
github.com/FITHSCS/backend/app/domain/auditapp/filter.go:83.12,84.24 1 0
github.com/FITHSCS/backend/app/domain/auditapp/filter.go:85.11,86.36 1 0
github.com/FITHSCS/backend/app/domain/auditapp/filter.go:90.2,90.21 1 0
github.com/FITHSCS/backend/app/domain/auditapp/filter.go:90.21,92.3 1 0
github.com/FITHSCS/backend/app/domain/auditapp/filter.go:94.2,94.20 1 0
github.com/FITHSCS/backend/app/domain/auditapp/filter.go:94.20,96.14 2 0
github.com/FITHSCS/backend/app/domain/auditapp/filter.go:97.12,98.21 1 0
github.com/FITHSCS/backend/app/domain/auditapp/filter.go:99.11,100.33 1 0
github.com/FITHSCS/backend/app/domain/auditapp/filter.go:104.2,104.20 1 0
github.com/FITHSCS/backend/app/domain/auditapp/filter.go:104.20,106.14 2 0
github.com/FITHSCS/backend/app/domain/auditapp/filter.go:107.12,108.21 1 0
github.com/FITHSCS/backend/app/domain/auditapp/filter.go:109.11,110.33 1 0
github.com/FITHSCS/backend/app/domain/auditapp/filter.go:114.2,114.24 1 0
github.com/FITHSCS/backend/app/domain/auditapp/filter.go:114.24,116.3 1 0
github.com/FITHSCS/backend/app/domain/auditapp/filter.go:118.2,118.20 1 0
github.com/FITHSCS/backend/app/domain/auditapp/model.go:24.51,27.2 2 0
github.com/FITHSCS/backend/app/domain/auditapp/model.go:29.43,41.2 1 0
github.com/FITHSCS/backend/app/domain/auditapp/model.go:43.51,45.29 2 0
github.com/FITHSCS/backend/app/domain/auditapp/model.go:45.29,47.3 1 0
github.com/FITHSCS/backend/app/domain/auditapp/model.go:49.2,49.12 1 0
github.com/FITHSCS/backend/app/domain/auditapp/route.go:21.39,29.2 4 0
github.com/FITHSCS/backend/app/domain/authapp/authapp.go:20.34,24.2 1 0
github.com/FITHSCS/backend/app/domain/authapp/authapp.go:26.71,28.15 2 0
github.com/FITHSCS/backend/app/domain/authapp/authapp.go:28.15,30.3 1 0
github.com/FITHSCS/backend/app/domain/authapp/authapp.go:33.2,36.16 3 0
github.com/FITHSCS/backend/app/domain/authapp/authapp.go:36.16,38.3 1 0
github.com/FITHSCS/backend/app/domain/authapp/authapp.go:40.2,40.26 1 0
github.com/FITHSCS/backend/app/domain/authapp/authapp.go:43.78,48.16 2 0
github.com/FITHSCS/backend/app/domain/authapp/authapp.go:48.16,50.3 1 0
github.com/FITHSCS/backend/app/domain/authapp/authapp.go:52.2,57.13 2 0
github.com/FITHSCS/backend/app/domain/authapp/authapp.go:60.75,62.45 2 0
github.com/FITHSCS/backend/app/domain/authapp/authapp.go:62.45,64.3 1 0
github.com/FITHSCS/backend/app/domain/authapp/authapp.go:66.2,66.83 1 0
github.com/FITHSCS/backend/app/domain/authapp/authapp.go:66.83,68.3 1 0
github.com/FITHSCS/backend/app/domain/authapp/authapp.go:70.2,70.12 1 0
github.com/FITHSCS/backend/app/domain/authapp/model.go:10.49,13.2 2 0
github.com/FITHSCS/backend/app/domain/authapp/route.go:18.39,29.2 7 0
github.com/FITHSCS/backend/app/domain/consumerapp/consumerapp.go:77.27,107.2 4 0
github.com/FITHSCS/backend/app/domain/consumerapp/consumerapp.go:109.48,114.15 3 0
github.com/FITHSCS/backend/app/domain/consumerapp/consumerapp.go:114.15,116.3 1 0
github.com/FITHSCS/backend/app/domain/consumerapp/consumerapp.go:117.2,117.49 1 0
github.com/FITHSCS/backend/app/domain/consumerapp/consumerapp.go:117.49,119.3 1 0
github.com/FITHSCS/backend/app/domain/consumerapp/consumerapp.go:120.2,124.35 3 0
github.com/FITHSCS/backend/app/domain/consumerapp/consumerapp.go:124.35,127.3 2 0
github.com/FITHSCS/backend/app/domain/consumerapp/consumerapp.go:130.2,130.35 1 0
github.com/FITHSCS/backend/app/domain/consumerapp/consumerapp.go:130.35,133.3 2 0
github.com/FITHSCS/backend/app/domain/consumerapp/consumerapp.go:134.2,136.12 3 0
github.com/FITHSCS/backend/app/domain/consumerapp/consumerapp.go:171.60,177.34 4 0
github.com/FITHSCS/backend/app/domain/consumerapp/consumerapp.go:177.34,180.17 2 0
github.com/FITHSCS/backend/app/domain/consumerapp/consumerapp.go:180.17,183.12 3 0
github.com/FITHSCS/backend/app/domain/consumerapp/consumerapp.go:187.3,188.17 2 0
github.com/FITHSCS/backend/app/domain/consumerapp/consumerapp.go:188.17,192.12 4 0
github.com/FITHSCS/backend/app/domain/consumerapp/consumerapp.go:195.3,195.27 1 0
github.com/FITHSCS/backend/app/domain/consumerapp/consumerapp.go:195.27,199.12 4 0
github.com/FITHSCS/backend/app/domain/consumerapp/consumerapp.go:202.3,205.61 2 0
github.com/FITHSCS/backend/app/domain/consumerapp/consumerapp.go:205.61,208.12 3 0
github.com/FITHSCS/backend/app/domain/consumerapp/consumerapp.go:211.3,212.13 2 0
github.com/FITHSCS/backend/app/domain/consumerapp/consumerapp.go:215.2,215.68 1 0
github.com/FITHSCS/backend/app/domain/consumerapp/consumerapp.go:218.71,240.45 7 0
github.com/FITHSCS/backend/app/domain/consumerapp/consumerapp.go:240.45,242.3 1 0
github.com/FITHSCS/backend/app/domain/consumerapp/consumerapp.go:244.2,244.12 1 0
github.com/FITHSCS/backend/app/domain/consumerapp/consumerapp.go:249.67,260.6 9 0
github.com/FITHSCS/backend/app/domain/consumerapp/consumerapp.go:260.6,261.10 1 0
github.com/FITHSCS/backend/app/domain/consumerapp/consumerapp.go:262.21,264.10 2 0
github.com/FITHSCS/backend/app/domain/consumerapp/consumerapp.go:265.11,269.18 2 0
github.com/FITHSCS/backend/app/domain/consumerapp/consumerapp.go:269.18,270.89 1 0
github.com/FITHSCS/backend/app/domain/consumerapp/consumerapp.go:270.89,273.6 2 0
github.com/FITHSCS/backend/app/domain/consumerapp/consumerapp.go:275.5,275.34 1 0
github.com/FITHSCS/backend/app/domain/consumerapp/consumerapp.go:275.34,279.52 3 0
github.com/FITHSCS/backend/app/domain/consumerapp/consumerapp.go:279.52,283.7 2 0
github.com/FITHSCS/backend/app/domain/consumerapp/consumerapp.go:285.6,288.14 4 0
github.com/FITHSCS/backend/app/domain/consumerapp/consumerapp.go:290.5,291.49 2 0
github.com/FITHSCS/backend/app/domain/consumerapp/consumerapp.go:291.49,295.6 2 0
github.com/FITHSCS/backend/app/domain/consumerapp/consumerapp.go:296.5,299.13 4 0
github.com/FITHSCS/backend/app/domain/consumerapp/consumerapp.go:303.4,308.50 5 0
github.com/FITHSCS/backend/app/domain/consumerapp/consumerapp.go:308.50,310.13 2 0
github.com/FITHSCS/backend/app/domain/consumerapp/consumerapp.go:312.4,314.11 2 0
github.com/FITHSCS/backend/app/domain/consumerapp/consumerapp.go:315.36,315.36 0 0
github.com/FITHSCS/backend/app/domain/consumerapp/consumerapp.go:317.22,318.11 1 0
github.com/FITHSCS/backend/app/domain/consumerapp/consumerapp.go:319.12,321.12 2 0
github.com/FITHSCS/backend/app/domain/consumerapp/consumerapp.go:322.37,322.37 0 0
github.com/FITHSCS/backend/app/domain/consumerapp/consumerapp.go:323.23,324.12 1 0
github.com/FITHSCS/backend/app/domain/consumerapp/consumerapp.go:332.52,338.6 2 0
github.com/FITHSCS/backend/app/domain/consumerapp/consumerapp.go:338.6,340.10 1 0
github.com/FITHSCS/backend/app/domain/consumerapp/consumerapp.go:341.21,342.10 1 0
github.com/FITHSCS/backend/app/domain/consumerapp/consumerapp.go:343.37,344.53 1 0
github.com/FITHSCS/backend/app/domain/consumerapp/consumerapp.go:344.53,346.5 1 0
github.com/FITHSCS/backend/app/domain/consumerapp/consumerapp.go:423.71,427.99 2 0
github.com/FITHSCS/backend/app/domain/consumerapp/consumerapp.go:427.99,429.3 1 0
github.com/FITHSCS/backend/app/domain/consumerapp/consumerapp.go:431.2,431.39 1 0
github.com/FITHSCS/backend/app/domain/consumerapp/consumerapp.go:431.39,433.27 1 0
github.com/FITHSCS/backend/app/domain/consumerapp/consumerapp.go:434.23,435.26 1 0
github.com/FITHSCS/backend/app/domain/consumerapp/consumerapp.go:435.26,438.5 2 0
github.com/FITHSCS/backend/app/domain/consumerapp/consumerapp.go:439.4,441.65 3 0
github.com/FITHSCS/backend/app/domain/consumerapp/consumerapp.go:441.65,444.5 2 0
github.com/FITHSCS/backend/app/domain/consumerapp/consumerapp.go:445.4,451.18 6 0
github.com/FITHSCS/backend/app/domain/consumerapp/consumerapp.go:451.18,454.5 2 0
github.com/FITHSCS/backend/app/domain/consumerapp/consumerapp.go:455.4,457.18 2 0
github.com/FITHSCS/backend/app/domain/consumerapp/consumerapp.go:457.18,460.5 2 0
github.com/FITHSCS/backend/app/domain/consumerapp/consumerapp.go:464.19,466.26 1 0
github.com/FITHSCS/backend/app/domain/consumerapp/consumerapp.go:466.26,469.5 2 0
github.com/FITHSCS/backend/app/domain/consumerapp/consumerapp.go:470.4,471.62 2 0
github.com/FITHSCS/backend/app/domain/consumerapp/consumerapp.go:471.62,474.5 2 0
github.com/FITHSCS/backend/app/domain/consumerapp/consumerapp.go:475.4,476.18 2 0
github.com/FITHSCS/backend/app/domain/consumerapp/consumerapp.go:476.18,479.5 2 0
github.com/FITHSCS/backend/app/domain/consumerapp/consumerapp.go:480.4,481.18 2 0
github.com/FITHSCS/backend/app/domain/consumerapp/consumerapp.go:481.18,484.5 2 0
github.com/FITHSCS/backend/app/domain/consumerapp/consumerapp.go:486.20,487.26 1 0
github.com/FITHSCS/backend/app/domain/consumerapp/consumerapp.go:487.26,490.5 2 0
github.com/FITHSCS/backend/app/domain/consumerapp/consumerapp.go:491.4,492.63 2 0
github.com/FITHSCS/backend/app/domain/consumerapp/consumerapp.go:492.63,495.5 2 0
github.com/FITHSCS/backend/app/domain/consumerapp/consumerapp.go:496.4,497.18 2 0
github.com/FITHSCS/backend/app/domain/consumerapp/consumerapp.go:497.18,500.5 2 0
github.com/FITHSCS/backend/app/domain/consumerapp/consumerapp.go:501.4,502.18 2 0
github.com/FITHSCS/backend/app/domain/consumerapp/consumerapp.go:502.18,505.5 2 0
github.com/FITHSCS/backend/app/domain/consumerapp/consumerapp.go:506.22,507.26 1 0
github.com/FITHSCS/backend/app/domain/consumerapp/consumerapp.go:507.26,510.5 2 0
github.com/FITHSCS/backend/app/domain/consumerapp/consumerapp.go:511.4,512.65 2 0
github.com/FITHSCS/backend/app/domain/consumerapp/consumerapp.go:512.65,515.5 2 0
github.com/FITHSCS/backend/app/domain/consumerapp/consumerapp.go:516.4,517.18 2 0
github.com/FITHSCS/backend/app/domain/consumerapp/consumerapp.go:517.18,520.5 2 0
github.com/FITHSCS/backend/app/domain/consumerapp/consumerapp.go:521.4,522.18 2 0
github.com/FITHSCS/backend/app/domain/consumerapp/consumerapp.go:522.18,525.5 2 0
github.com/FITHSCS/backend/app/domain/consumerapp/consumerapp.go:530.2,530.12 1 0
github.com/FITHSCS/backend/app/domain/consumerapp/consumerapp.go:533.50,544.2 2 0
github.com/FITHSCS/backend/app/domain/consumerapp/consumerapp.go:546.51,551.16 3 0
github.com/FITHSCS/backend/app/domain/consumerapp/consumerapp.go:551.16,553.3 1 0
github.com/FITHSCS/backend/app/domain/consumerapp/consumerapp.go:555.2,559.46 3 0
github.com/FITHSCS/backend/app/domain/consumerapp/consumerapp.go:559.46,561.3 1 0
github.com/FITHSCS/backend/app/domain/consumerapp/consumerapp.go:563.2,564.12 2 0
github.com/FITHSCS/backend/app/domain/consumerapp/consumerapp.go:564.12,567.3 2 0
github.com/FITHSCS/backend/app/domain/consumerapp/consumerapp.go:569.2,569.9 1 0
github.com/FITHSCS/backend/app/domain/consumerapp/consumerapp.go:570.14,571.54 1 0
github.com/FITHSCS/backend/app/domain/consumerapp/consumerapp.go:572.38,573.53 1 0
github.com/FITHSCS/backend/app/domain/consumerapp/consumerapp.go:575.2,576.12 2 0
github.com/FITHSCS/backend/app/domain/consumerapp/consumerapp.go:580.44,581.11 1 0
github.com/FITHSCS/backend/app/domain/consumerapp/consumerapp.go:581.11,583.3 1 0
github.com/FITHSCS/backend/app/domain/consumerapp/consumerapp.go:584.2,584.10 1 0
github.com/FITHSCS/backend/app/domain/consumerapp/model.go:36.46,39.2 1 0
github.com/FITHSCS/backend/app/domain/consumerapp/model.go:41.72,43.16 2 0
github.com/FITHSCS/backend/app/domain/consumerapp/model.go:43.16,45.3 1 0
github.com/FITHSCS/backend/app/domain/consumerapp/model.go:46.2,46.36 1 0
github.com/FITHSCS/backend/app/domain/consumerapp/model.go:49.70,52.16 2 0
github.com/FITHSCS/backend/app/domain/consumerapp/model.go:52.16,54.3 1 0
github.com/FITHSCS/backend/app/domain/consumerapp/model.go:55.2,55.37 1 0
github.com/FITHSCS/backend/app/domain/consumerapp/model.go:58.71,61.16 2 0
github.com/FITHSCS/backend/app/domain/consumerapp/model.go:61.16,63.3 1 0
github.com/FITHSCS/backend/app/domain/consumerapp/model.go:64.2,64.37 1 0
github.com/FITHSCS/backend/app/domain/consumerapp/model.go:67.73,70.16 2 0
github.com/FITHSCS/backend/app/domain/consumerapp/model.go:70.16,72.3 1 0
github.com/FITHSCS/backend/app/domain/consumerapp/model.go:73.2,73.37 1 0
github.com/FITHSCS/backend/app/domain/consumerapp/model.go:148.94,151.16 2 0
github.com/FITHSCS/backend/app/domain/consumerapp/model.go:151.16,153.3 1 0
github.com/FITHSCS/backend/app/domain/consumerapp/model.go:154.2,155.16 2 0
github.com/FITHSCS/backend/app/domain/consumerapp/model.go:155.16,157.3 1 0
github.com/FITHSCS/backend/app/domain/consumerapp/model.go:158.2,159.16 2 0
github.com/FITHSCS/backend/app/domain/consumerapp/model.go:159.16,161.3 1 0
github.com/FITHSCS/backend/app/domain/consumerapp/model.go:162.2,163.16 2 0
github.com/FITHSCS/backend/app/domain/consumerapp/model.go:163.16,165.3 1 0
github.com/FITHSCS/backend/app/domain/consumerapp/model.go:168.2,177.16 9 0
github.com/FITHSCS/backend/app/domain/consumerapp/model.go:177.16,179.3 1 0
github.com/FITHSCS/backend/app/domain/consumerapp/model.go:180.2,181.16 2 0
github.com/FITHSCS/backend/app/domain/consumerapp/model.go:181.16,183.3 1 0
github.com/FITHSCS/backend/app/domain/consumerapp/model.go:185.2,186.16 2 0
github.com/FITHSCS/backend/app/domain/consumerapp/model.go:186.16,188.3 1 0
github.com/FITHSCS/backend/app/domain/consumerapp/model.go:190.2,191.16 2 0
github.com/FITHSCS/backend/app/domain/consumerapp/model.go:191.16,193.3 1 0
github.com/FITHSCS/backend/app/domain/consumerapp/model.go:195.2,196.16 2 0
github.com/FITHSCS/backend/app/domain/consumerapp/model.go:196.16,198.3 1 0
github.com/FITHSCS/backend/app/domain/consumerapp/model.go:199.2,215.8 1 0
github.com/FITHSCS/backend/app/domain/consumerapp/model.go:219.85,222.16 2 0
github.com/FITHSCS/backend/app/domain/consumerapp/model.go:222.16,224.3 1 0
github.com/FITHSCS/backend/app/domain/consumerapp/model.go:226.2,227.16 2 0
github.com/FITHSCS/backend/app/domain/consumerapp/model.go:227.16,230.3 1 0
github.com/FITHSCS/backend/app/domain/consumerapp/model.go:231.2,232.16 2 0
github.com/FITHSCS/backend/app/domain/consumerapp/model.go:232.16,234.3 1 0
github.com/FITHSCS/backend/app/domain/consumerapp/model.go:235.2,236.16 2 0
github.com/FITHSCS/backend/app/domain/consumerapp/model.go:236.16,238.3 1 0
github.com/FITHSCS/backend/app/domain/consumerapp/model.go:239.2,240.16 2 0
github.com/FITHSCS/backend/app/domain/consumerapp/model.go:240.16,242.3 1 0
github.com/FITHSCS/backend/app/domain/consumerapp/model.go:243.2,244.16 2 0
github.com/FITHSCS/backend/app/domain/consumerapp/model.go:244.16,246.3 1 0
github.com/FITHSCS/backend/app/domain/consumerapp/model.go:247.2,248.16 2 0
github.com/FITHSCS/backend/app/domain/consumerapp/model.go:248.16,250.3 1 0
github.com/FITHSCS/backend/app/domain/consumerapp/model.go:251.2,252.16 2 0
github.com/FITHSCS/backend/app/domain/consumerapp/model.go:252.16,254.3 1 0
github.com/FITHSCS/backend/app/domain/consumerapp/model.go:255.2,256.16 2 0
github.com/FITHSCS/backend/app/domain/consumerapp/model.go:256.16,258.3 1 0
github.com/FITHSCS/backend/app/domain/consumerapp/model.go:259.2,260.16 2 0
github.com/FITHSCS/backend/app/domain/consumerapp/model.go:260.16,262.3 1 0
github.com/FITHSCS/backend/app/domain/consumerapp/model.go:263.2,269.16 6 0
github.com/FITHSCS/backend/app/domain/consumerapp/model.go:269.16,271.3 1 0
github.com/FITHSCS/backend/app/domain/consumerapp/model.go:272.2,273.16 2 0
github.com/FITHSCS/backend/app/domain/consumerapp/model.go:273.16,275.3 1 0
github.com/FITHSCS/backend/app/domain/consumerapp/model.go:276.2,277.16 2 0
github.com/FITHSCS/backend/app/domain/consumerapp/model.go:277.16,279.3 1 0
github.com/FITHSCS/backend/app/domain/consumerapp/model.go:280.2,298.8 1 0
github.com/FITHSCS/backend/app/domain/consumerapp/model.go:301.80,304.16 2 0
github.com/FITHSCS/backend/app/domain/consumerapp/model.go:304.16,306.3 1 0
github.com/FITHSCS/backend/app/domain/consumerapp/model.go:308.2,309.16 2 0
github.com/FITHSCS/backend/app/domain/consumerapp/model.go:309.16,311.3 1 0
github.com/FITHSCS/backend/app/domain/consumerapp/model.go:313.2,314.16 2 0
github.com/FITHSCS/backend/app/domain/consumerapp/model.go:314.16,316.3 1 0
github.com/FITHSCS/backend/app/domain/consumerapp/model.go:317.2,318.16 2 0
github.com/FITHSCS/backend/app/domain/consumerapp/model.go:318.16,320.3 1 0
github.com/FITHSCS/backend/app/domain/consumerapp/model.go:321.2,322.16 2 0
github.com/FITHSCS/backend/app/domain/consumerapp/model.go:322.16,324.3 1 0
github.com/FITHSCS/backend/app/domain/consumerapp/model.go:325.2,326.16 2 0
github.com/FITHSCS/backend/app/domain/consumerapp/model.go:326.16,328.3 1 0
github.com/FITHSCS/backend/app/domain/consumerapp/model.go:329.2,330.16 2 0
github.com/FITHSCS/backend/app/domain/consumerapp/model.go:330.16,332.3 1 0
github.com/FITHSCS/backend/app/domain/consumerapp/model.go:333.2,334.16 2 0
github.com/FITHSCS/backend/app/domain/consumerapp/model.go:334.16,336.3 1 0
github.com/FITHSCS/backend/app/domain/consumerapp/model.go:337.2,338.16 2 0
github.com/FITHSCS/backend/app/domain/consumerapp/model.go:338.16,340.3 1 0
github.com/FITHSCS/backend/app/domain/consumerapp/model.go:341.2,342.16 2 0
github.com/FITHSCS/backend/app/domain/consumerapp/model.go:342.16,344.3 1 0
github.com/FITHSCS/backend/app/domain/consumerapp/model.go:345.2,346.16 2 0
github.com/FITHSCS/backend/app/domain/consumerapp/model.go:346.16,348.3 1 0
github.com/FITHSCS/backend/app/domain/consumerapp/model.go:349.2,350.16 2 0
github.com/FITHSCS/backend/app/domain/consumerapp/model.go:350.16,352.3 1 0
github.com/FITHSCS/backend/app/domain/consumerapp/model.go:353.2,354.16 2 0
github.com/FITHSCS/backend/app/domain/consumerapp/model.go:354.16,356.3 1 0
github.com/FITHSCS/backend/app/domain/consumerapp/model.go:357.2,377.8 3 0
github.com/FITHSCS/backend/app/domain/consumerapp/model.go:381.95,384.16 2 0
github.com/FITHSCS/backend/app/domain/consumerapp/model.go:384.16,386.3 1 0
github.com/FITHSCS/backend/app/domain/consumerapp/model.go:388.2,389.16 2 0
github.com/FITHSCS/backend/app/domain/consumerapp/model.go:389.16,391.3 1 0
github.com/FITHSCS/backend/app/domain/consumerapp/model.go:392.2,393.16 2 0
github.com/FITHSCS/backend/app/domain/consumerapp/model.go:393.16,395.3 1 0
github.com/FITHSCS/backend/app/domain/consumerapp/model.go:396.2,397.16 2 0
github.com/FITHSCS/backend/app/domain/consumerapp/model.go:397.16,399.3 1 0
github.com/FITHSCS/backend/app/domain/consumerapp/model.go:400.2,401.16 2 0
github.com/FITHSCS/backend/app/domain/consumerapp/model.go:401.16,403.3 1 0
github.com/FITHSCS/backend/app/domain/consumerapp/model.go:404.2,405.16 2 0
github.com/FITHSCS/backend/app/domain/consumerapp/model.go:405.16,407.3 1 0
github.com/FITHSCS/backend/app/domain/consumerapp/model.go:408.2,409.16 2 0
github.com/FITHSCS/backend/app/domain/consumerapp/model.go:409.16,411.3 1 0
github.com/FITHSCS/backend/app/domain/consumerapp/model.go:412.2,413.16 2 0
github.com/FITHSCS/backend/app/domain/consumerapp/model.go:413.16,415.3 1 0
github.com/FITHSCS/backend/app/domain/consumerapp/model.go:416.2,417.16 2 0
github.com/FITHSCS/backend/app/domain/consumerapp/model.go:417.16,419.3 1 0
github.com/FITHSCS/backend/app/domain/consumerapp/model.go:420.2,421.16 2 0
github.com/FITHSCS/backend/app/domain/consumerapp/model.go:421.16,423.3 1 0
github.com/FITHSCS/backend/app/domain/consumerapp/model.go:424.2,425.16 2 0
github.com/FITHSCS/backend/app/domain/consumerapp/model.go:425.16,427.3 1 0
github.com/FITHSCS/backend/app/domain/consumerapp/model.go:428.2,429.16 2 0
github.com/FITHSCS/backend/app/domain/consumerapp/model.go:429.16,431.3 1 0
github.com/FITHSCS/backend/app/domain/consumerapp/model.go:432.2,449.8 3 0
github.com/FITHSCS/backend/app/domain/delexceptionapp/delexceptionapp.go:21.58,25.2 1 0
github.com/FITHSCS/backend/app/domain/delexceptionapp/delexceptionapp.go:27.72,29.56 2 0
github.com/FITHSCS/backend/app/domain/delexceptionapp/delexceptionapp.go:29.56,31.3 1 0
github.com/FITHSCS/backend/app/domain/delexceptionapp/delexceptionapp.go:33.2,34.16 2 0
github.com/FITHSCS/backend/app/domain/delexceptionapp/delexceptionapp.go:34.16,36.3 1 0
github.com/FITHSCS/backend/app/domain/delexceptionapp/delexceptionapp.go:38.2,39.16 2 0
github.com/FITHSCS/backend/app/domain/delexceptionapp/delexceptionapp.go:39.16,41.3 1 0
github.com/FITHSCS/backend/app/domain/delexceptionapp/delexceptionapp.go:43.2,43.36 1 0
github.com/FITHSCS/backend/app/domain/delexceptionapp/delexceptionapp.go:46.72,51.16 3 0
github.com/FITHSCS/backend/app/domain/delexceptionapp/delexceptionapp.go:51.16,53.3 1 0
github.com/FITHSCS/backend/app/domain/delexceptionapp/delexceptionapp.go:55.2,56.44 2 0
github.com/FITHSCS/backend/app/domain/delexceptionapp/delexceptionapp.go:56.44,58.3 1 0
github.com/FITHSCS/backend/app/domain/delexceptionapp/delexceptionapp.go:60.2,61.16 2 0
github.com/FITHSCS/backend/app/domain/delexceptionapp/delexceptionapp.go:61.16,63.3 1 0
github.com/FITHSCS/backend/app/domain/delexceptionapp/delexceptionapp.go:65.2,66.16 2 0
github.com/FITHSCS/backend/app/domain/delexceptionapp/delexceptionapp.go:66.16,68.3 1 0
github.com/FITHSCS/backend/app/domain/delexceptionapp/delexceptionapp.go:70.2,70.39 1 0
github.com/FITHSCS/backend/app/domain/delexceptionapp/delexceptionapp.go:73.75,77.16 3 0
github.com/FITHSCS/backend/app/domain/delexceptionapp/delexceptionapp.go:77.16,79.3 1 0
github.com/FITHSCS/backend/app/domain/delexceptionapp/delexceptionapp.go:81.2,82.16 2 0
github.com/FITHSCS/backend/app/domain/delexceptionapp/delexceptionapp.go:82.16,84.3 1 0
github.com/FITHSCS/backend/app/domain/delexceptionapp/delexceptionapp.go:86.2,86.40 1 0
github.com/FITHSCS/backend/app/domain/delexceptionapp/delexceptionapp.go:89.71,93.16 3 0
github.com/FITHSCS/backend/app/domain/delexceptionapp/delexceptionapp.go:93.16,95.3 1 0
github.com/FITHSCS/backend/app/domain/delexceptionapp/delexceptionapp.go:97.2,98.16 2 0
github.com/FITHSCS/backend/app/domain/delexceptionapp/delexceptionapp.go:98.16,100.3 1 0
github.com/FITHSCS/backend/app/domain/delexceptionapp/delexceptionapp.go:102.2,103.16 2 0
github.com/FITHSCS/backend/app/domain/delexceptionapp/delexceptionapp.go:103.16,105.3 1 0
github.com/FITHSCS/backend/app/domain/delexceptionapp/delexceptionapp.go:107.2,108.16 2 0
github.com/FITHSCS/backend/app/domain/delexceptionapp/delexceptionapp.go:108.16,110.3 1 0
github.com/FITHSCS/backend/app/domain/delexceptionapp/delexceptionapp.go:112.2,113.16 2 0
github.com/FITHSCS/backend/app/domain/delexceptionapp/delexceptionapp.go:113.16,115.3 1 0
github.com/FITHSCS/backend/app/domain/delexceptionapp/delexceptionapp.go:117.2,117.68 1 0
github.com/FITHSCS/backend/app/domain/delexceptionapp/delexceptionapp.go:120.76,124.16 3 0
github.com/FITHSCS/backend/app/domain/delexceptionapp/delexceptionapp.go:124.16,126.3 1 0
github.com/FITHSCS/backend/app/domain/delexceptionapp/delexceptionapp.go:128.2,129.16 2 0
github.com/FITHSCS/backend/app/domain/delexceptionapp/delexceptionapp.go:129.16,131.3 1 0
github.com/FITHSCS/backend/app/domain/delexceptionapp/delexceptionapp.go:133.2,135.3 1 0
github.com/FITHSCS/backend/app/domain/delexceptionapp/delexceptionapp.go:138.76,142.16 3 0
github.com/FITHSCS/backend/app/domain/delexceptionapp/delexceptionapp.go:142.16,144.3 1 0
github.com/FITHSCS/backend/app/domain/delexceptionapp/delexceptionapp.go:146.2,147.16 2 0
github.com/FITHSCS/backend/app/domain/delexceptionapp/delexceptionapp.go:147.16,149.3 1 0
github.com/FITHSCS/backend/app/domain/delexceptionapp/delexceptionapp.go:151.2,153.3 1 0
github.com/FITHSCS/backend/app/domain/delexceptionapp/filter.go:19.52,31.2 3 0
github.com/FITHSCS/backend/app/domain/delexceptionapp/filter.go:33.71,37.24 3 0
github.com/FITHSCS/backend/app/domain/delexceptionapp/filter.go:37.24,39.14 2 0
github.com/FITHSCS/backend/app/domain/delexceptionapp/filter.go:40.12,41.28 1 0
github.com/FITHSCS/backend/app/domain/delexceptionapp/filter.go:42.11,43.37 1 0
github.com/FITHSCS/backend/app/domain/delexceptionapp/filter.go:47.2,47.24 1 0
github.com/FITHSCS/backend/app/domain/delexceptionapp/filter.go:47.24,49.14 2 0
github.com/FITHSCS/backend/app/domain/delexceptionapp/filter.go:50.12,51.28 1 0
github.com/FITHSCS/backend/app/domain/delexceptionapp/filter.go:52.11,53.37 1 0
github.com/FITHSCS/backend/app/domain/delexceptionapp/filter.go:57.2,57.24 1 0
github.com/FITHSCS/backend/app/domain/delexceptionapp/filter.go:57.24,59.3 1 0
github.com/FITHSCS/backend/app/domain/delexceptionapp/filter.go:61.2,61.20 1 0
github.com/FITHSCS/backend/app/domain/delexceptionapp/model.go:33.63,36.2 2 0
github.com/FITHSCS/backend/app/domain/delexceptionapp/model.go:38.88,56.2 1 0
github.com/FITHSCS/backend/app/domain/delexceptionapp/model.go:58.95,60.33 2 0
github.com/FITHSCS/backend/app/domain/delexceptionapp/model.go:60.33,62.3 1 0
github.com/FITHSCS/backend/app/domain/delexceptionapp/model.go:64.2,64.12 1 0
github.com/FITHSCS/backend/app/domain/delexceptionapp/model.go:81.60,83.2 1 0
github.com/FITHSCS/backend/app/domain/delexceptionapp/model.go:86.50,87.40 1 0
github.com/FITHSCS/backend/app/domain/delexceptionapp/model.go:87.40,89.3 1 0
github.com/FITHSCS/backend/app/domain/delexceptionapp/model.go:91.2,91.12 1 0
github.com/FITHSCS/backend/app/domain/delexceptionapp/model.go:94.128,97.16 2 0
github.com/FITHSCS/backend/app/domain/delexceptionapp/model.go:97.16,99.3 1 0
github.com/FITHSCS/backend/app/domain/delexceptionapp/model.go:101.2,102.16 2 0
github.com/FITHSCS/backend/app/domain/delexceptionapp/model.go:102.16,104.3 1 0
github.com/FITHSCS/backend/app/domain/delexceptionapp/model.go:106.2,107.16 2 0
github.com/FITHSCS/backend/app/domain/delexceptionapp/model.go:107.16,109.3 1 0
github.com/FITHSCS/backend/app/domain/delexceptionapp/model.go:111.2,112.16 2 0
github.com/FITHSCS/backend/app/domain/delexceptionapp/model.go:112.16,114.3 1 0
github.com/FITHSCS/backend/app/domain/delexceptionapp/model.go:116.2,117.16 2 0
github.com/FITHSCS/backend/app/domain/delexceptionapp/model.go:117.16,119.3 1 0
github.com/FITHSCS/backend/app/domain/delexceptionapp/model.go:121.2,122.16 2 0
github.com/FITHSCS/backend/app/domain/delexceptionapp/model.go:122.16,124.3 1 0
github.com/FITHSCS/backend/app/domain/delexceptionapp/model.go:126.2,127.16 2 0
github.com/FITHSCS/backend/app/domain/delexceptionapp/model.go:127.16,129.3 1 0
github.com/FITHSCS/backend/app/domain/delexceptionapp/model.go:131.2,132.32 2 0
github.com/FITHSCS/backend/app/domain/delexceptionapp/model.go:132.32,134.17 2 0
github.com/FITHSCS/backend/app/domain/delexceptionapp/model.go:134.17,136.4 1 0
github.com/FITHSCS/backend/app/domain/delexceptionapp/model.go:137.3,137.55 1 0
github.com/FITHSCS/backend/app/domain/delexceptionapp/model.go:140.2,141.16 2 0
github.com/FITHSCS/backend/app/domain/delexceptionapp/model.go:141.16,143.3 1 0
github.com/FITHSCS/backend/app/domain/delexceptionapp/model.go:145.2,158.20 2 0
github.com/FITHSCS/backend/app/domain/delexceptionapp/model.go:177.62,179.2 1 0
github.com/FITHSCS/backend/app/domain/delexceptionapp/model.go:182.52,183.40 1 0
github.com/FITHSCS/backend/app/domain/delexceptionapp/model.go:183.40,185.3 1 0
github.com/FITHSCS/backend/app/domain/delexceptionapp/model.go:187.2,187.12 1 0
github.com/FITHSCS/backend/app/domain/delexceptionapp/model.go:190.127,193.33 2 0
github.com/FITHSCS/backend/app/domain/delexceptionapp/model.go:193.33,195.17 2 0
github.com/FITHSCS/backend/app/domain/delexceptionapp/model.go:195.17,197.4 1 0
github.com/FITHSCS/backend/app/domain/delexceptionapp/model.go:198.3,198.19 1 0
github.com/FITHSCS/backend/app/domain/delexceptionapp/model.go:201.2,202.39 2 0
github.com/FITHSCS/backend/app/domain/delexceptionapp/model.go:202.39,204.17 2 0
github.com/FITHSCS/backend/app/domain/delexceptionapp/model.go:204.17,206.4 1 0
github.com/FITHSCS/backend/app/domain/delexceptionapp/model.go:207.3,207.18 1 0
github.com/FITHSCS/backend/app/domain/delexceptionapp/model.go:210.2,211.31 2 0
github.com/FITHSCS/backend/app/domain/delexceptionapp/model.go:211.31,213.17 2 0
github.com/FITHSCS/backend/app/domain/delexceptionapp/model.go:213.17,215.4 1 0
github.com/FITHSCS/backend/app/domain/delexceptionapp/model.go:216.3,216.14 1 0
github.com/FITHSCS/backend/app/domain/delexceptionapp/model.go:219.2,220.36 2 0
github.com/FITHSCS/backend/app/domain/delexceptionapp/model.go:220.36,222.17 2 0
github.com/FITHSCS/backend/app/domain/delexceptionapp/model.go:222.17,224.4 1 0
github.com/FITHSCS/backend/app/domain/delexceptionapp/model.go:225.3,225.20 1 0
github.com/FITHSCS/backend/app/domain/delexceptionapp/model.go:228.2,229.34 2 0
github.com/FITHSCS/backend/app/domain/delexceptionapp/model.go:229.34,231.17 2 0
github.com/FITHSCS/backend/app/domain/delexceptionapp/model.go:231.17,233.4 1 0
github.com/FITHSCS/backend/app/domain/delexceptionapp/model.go:234.3,234.14 1 0
github.com/FITHSCS/backend/app/domain/delexceptionapp/model.go:237.2,238.39 2 0
github.com/FITHSCS/backend/app/domain/delexceptionapp/model.go:238.39,240.17 2 0
github.com/FITHSCS/backend/app/domain/delexceptionapp/model.go:240.17,242.4 1 0
github.com/FITHSCS/backend/app/domain/delexceptionapp/model.go:243.3,243.21 1 0
github.com/FITHSCS/backend/app/domain/delexceptionapp/model.go:246.2,247.33 2 0
github.com/FITHSCS/backend/app/domain/delexceptionapp/model.go:247.33,249.17 2 0
github.com/FITHSCS/backend/app/domain/delexceptionapp/model.go:249.17,251.4 1 0
github.com/FITHSCS/backend/app/domain/delexceptionapp/model.go:252.3,252.50 1 0
github.com/FITHSCS/backend/app/domain/delexceptionapp/model.go:255.2,256.32 2 0
github.com/FITHSCS/backend/app/domain/delexceptionapp/model.go:256.32,258.17 2 0
github.com/FITHSCS/backend/app/domain/delexceptionapp/model.go:258.17,260.4 1 0
github.com/FITHSCS/backend/app/domain/delexceptionapp/model.go:261.3,261.23 1 0
github.com/FITHSCS/backend/app/domain/delexceptionapp/model.go:264.2,265.31 2 0
github.com/FITHSCS/backend/app/domain/delexceptionapp/model.go:265.31,267.3 1 0
github.com/FITHSCS/backend/app/domain/delexceptionapp/model.go:269.2,281.27 2 0
github.com/FITHSCS/backend/app/domain/delexceptionapp/model.go:291.61,294.2 2 0
github.com/FITHSCS/backend/app/domain/delexceptionapp/route.go:19.39,32.2 9 0
github.com/FITHSCS/backend/app/domain/facilityapp/facilityapp.go:22.53,26.2 1 0
github.com/FITHSCS/backend/app/domain/facilityapp/facilityapp.go:28.72,31.43 2 0
github.com/FITHSCS/backend/app/domain/facilityapp/facilityapp.go:31.43,33.3 1 0
github.com/FITHSCS/backend/app/domain/facilityapp/facilityapp.go:35.2,37.16 2 0
github.com/FITHSCS/backend/app/domain/facilityapp/facilityapp.go:37.16,39.3 1 0
github.com/FITHSCS/backend/app/domain/facilityapp/facilityapp.go:41.2,42.16 2 0
github.com/FITHSCS/backend/app/domain/facilityapp/facilityapp.go:42.16,44.3 1 0
github.com/FITHSCS/backend/app/domain/facilityapp/facilityapp.go:45.2,45.39 1 0
github.com/FITHSCS/backend/app/domain/facilityapp/facilityapp.go:48.71,52.16 3 0
github.com/FITHSCS/backend/app/domain/facilityapp/facilityapp.go:52.16,54.3 1 0
github.com/FITHSCS/backend/app/domain/facilityapp/facilityapp.go:55.2,56.16 2 0
github.com/FITHSCS/backend/app/domain/facilityapp/facilityapp.go:56.16,58.3 1 0
github.com/FITHSCS/backend/app/domain/facilityapp/facilityapp.go:59.2,60.16 2 0
github.com/FITHSCS/backend/app/domain/facilityapp/facilityapp.go:60.16,62.3 1 0
github.com/FITHSCS/backend/app/domain/facilityapp/facilityapp.go:64.2,65.16 2 0
github.com/FITHSCS/backend/app/domain/facilityapp/facilityapp.go:65.16,67.3 1 0
github.com/FITHSCS/backend/app/domain/facilityapp/facilityapp.go:69.2,70.16 2 0
github.com/FITHSCS/backend/app/domain/facilityapp/facilityapp.go:70.16,72.3 1 0
github.com/FITHSCS/backend/app/domain/facilityapp/facilityapp.go:74.2,74.66 1 0
github.com/FITHSCS/backend/app/domain/facilityapp/facilityapp.go:78.72,83.16 3 0
github.com/FITHSCS/backend/app/domain/facilityapp/facilityapp.go:83.16,85.3 1 0
github.com/FITHSCS/backend/app/domain/facilityapp/facilityapp.go:87.2,89.47 2 0
github.com/FITHSCS/backend/app/domain/facilityapp/facilityapp.go:89.47,91.3 1 0
github.com/FITHSCS/backend/app/domain/facilityapp/facilityapp.go:92.2,94.16 2 0
github.com/FITHSCS/backend/app/domain/facilityapp/facilityapp.go:94.16,96.3 1 0
github.com/FITHSCS/backend/app/domain/facilityapp/facilityapp.go:98.2,99.16 2 0
github.com/FITHSCS/backend/app/domain/facilityapp/facilityapp.go:99.16,101.3 1 0
github.com/FITHSCS/backend/app/domain/facilityapp/facilityapp.go:102.2,102.39 1 0
github.com/FITHSCS/backend/app/domain/facilityapp/facilityapp.go:105.75,110.16 3 0
github.com/FITHSCS/backend/app/domain/facilityapp/facilityapp.go:110.16,112.3 1 0
github.com/FITHSCS/backend/app/domain/facilityapp/facilityapp.go:114.2,115.16 2 0
github.com/FITHSCS/backend/app/domain/facilityapp/facilityapp.go:115.16,117.3 1 0
github.com/FITHSCS/backend/app/domain/facilityapp/facilityapp.go:119.2,119.41 1 0
github.com/FITHSCS/backend/app/domain/facilityapp/facilityapp.go:122.76,128.16 3 0
github.com/FITHSCS/backend/app/domain/facilityapp/facilityapp.go:128.16,130.3 1 0
github.com/FITHSCS/backend/app/domain/facilityapp/facilityapp.go:131.2,131.66 1 0
github.com/FITHSCS/backend/app/domain/facilityapp/facilityapp.go:131.66,133.3 1 0
github.com/FITHSCS/backend/app/domain/facilityapp/facilityapp.go:134.2,136.3 1 0
github.com/FITHSCS/backend/app/domain/facilityapp/facilityapp.go:139.76,145.16 3 0
github.com/FITHSCS/backend/app/domain/facilityapp/facilityapp.go:145.16,147.3 1 0
github.com/FITHSCS/backend/app/domain/facilityapp/facilityapp.go:148.2,148.66 1 0
github.com/FITHSCS/backend/app/domain/facilityapp/facilityapp.go:148.66,150.3 1 0
github.com/FITHSCS/backend/app/domain/facilityapp/facilityapp.go:151.2,153.3 1 0
github.com/FITHSCS/backend/app/domain/facilityapp/filter.go:34.52,57.2 3 0
github.com/FITHSCS/backend/app/domain/facilityapp/filter.go:59.67,64.17 3 0
github.com/FITHSCS/backend/app/domain/facilityapp/filter.go:64.17,66.17 2 0
github.com/FITHSCS/backend/app/domain/facilityapp/filter.go:66.17,68.4 1 0
github.com/FITHSCS/backend/app/domain/facilityapp/filter.go:68.9,70.4 1 0
github.com/FITHSCS/backend/app/domain/facilityapp/filter.go:73.2,73.27 1 0
github.com/FITHSCS/backend/app/domain/facilityapp/filter.go:73.27,75.14 2 0
github.com/FITHSCS/backend/app/domain/facilityapp/filter.go:76.12,77.31 1 0
github.com/FITHSCS/backend/app/domain/facilityapp/filter.go:78.11,79.41 1 0
github.com/FITHSCS/backend/app/domain/facilityapp/filter.go:83.2,83.27 1 0
github.com/FITHSCS/backend/app/domain/facilityapp/filter.go:83.27,86.14 2 0
github.com/FITHSCS/backend/app/domain/facilityapp/filter.go:87.12,88.34 1 0
github.com/FITHSCS/backend/app/domain/facilityapp/filter.go:89.11,90.41 1 0
github.com/FITHSCS/backend/app/domain/facilityapp/filter.go:94.2,94.22 1 0
github.com/FITHSCS/backend/app/domain/facilityapp/filter.go:94.22,96.14 2 0
github.com/FITHSCS/backend/app/domain/facilityapp/filter.go:97.12,98.29 1 0
github.com/FITHSCS/backend/app/domain/facilityapp/filter.go:99.11,100.44 1 0
github.com/FITHSCS/backend/app/domain/facilityapp/filter.go:103.2,103.24 1 0
github.com/FITHSCS/backend/app/domain/facilityapp/filter.go:103.24,106.17 2 0
github.com/FITHSCS/backend/app/domain/facilityapp/filter.go:106.17,108.4 1 0
github.com/FITHSCS/backend/app/domain/facilityapp/filter.go:110.3,111.17 2 0
github.com/FITHSCS/backend/app/domain/facilityapp/filter.go:111.17,113.4 1 0
github.com/FITHSCS/backend/app/domain/facilityapp/filter.go:114.3,114.32 1 0
github.com/FITHSCS/backend/app/domain/facilityapp/filter.go:117.2,117.23 1 0
github.com/FITHSCS/backend/app/domain/facilityapp/filter.go:117.23,119.17 2 0
github.com/FITHSCS/backend/app/domain/facilityapp/filter.go:119.17,121.4 1 0
github.com/FITHSCS/backend/app/domain/facilityapp/filter.go:123.3,124.17 2 0
github.com/FITHSCS/backend/app/domain/facilityapp/filter.go:124.17,126.4 1 0
github.com/FITHSCS/backend/app/domain/facilityapp/filter.go:127.3,127.30 1 0
github.com/FITHSCS/backend/app/domain/facilityapp/filter.go:129.2,129.29 1 0
github.com/FITHSCS/backend/app/domain/facilityapp/filter.go:129.29,131.17 2 0
github.com/FITHSCS/backend/app/domain/facilityapp/filter.go:131.17,133.4 1 0
github.com/FITHSCS/backend/app/domain/facilityapp/filter.go:135.3,136.17 2 0
github.com/FITHSCS/backend/app/domain/facilityapp/filter.go:136.17,138.4 1 0
github.com/FITHSCS/backend/app/domain/facilityapp/filter.go:139.3,139.42 1 0
github.com/FITHSCS/backend/app/domain/facilityapp/filter.go:142.2,142.28 1 0
github.com/FITHSCS/backend/app/domain/facilityapp/filter.go:142.28,145.14 2 0
github.com/FITHSCS/backend/app/domain/facilityapp/filter.go:146.12,147.38 1 0
github.com/FITHSCS/backend/app/domain/facilityapp/filter.go:148.11,149.42 1 0
github.com/FITHSCS/backend/app/domain/facilityapp/filter.go:152.2,152.27 1 0
github.com/FITHSCS/backend/app/domain/facilityapp/filter.go:152.27,154.14 2 0
github.com/FITHSCS/backend/app/domain/facilityapp/filter.go:155.12,156.36 1 0
github.com/FITHSCS/backend/app/domain/facilityapp/filter.go:157.11,158.41 1 0
github.com/FITHSCS/backend/app/domain/facilityapp/filter.go:161.2,161.24 1 0
github.com/FITHSCS/backend/app/domain/facilityapp/filter.go:161.24,163.14 2 0
github.com/FITHSCS/backend/app/domain/facilityapp/filter.go:164.12,165.25 1 0
github.com/FITHSCS/backend/app/domain/facilityapp/filter.go:166.11,167.46 1 0
github.com/FITHSCS/backend/app/domain/facilityapp/filter.go:170.2,170.24 1 0
github.com/FITHSCS/backend/app/domain/facilityapp/filter.go:170.24,172.14 2 0
github.com/FITHSCS/backend/app/domain/facilityapp/filter.go:173.12,174.25 1 0
github.com/FITHSCS/backend/app/domain/facilityapp/filter.go:175.11,176.44 1 0
github.com/FITHSCS/backend/app/domain/facilityapp/filter.go:179.2,179.24 1 0
github.com/FITHSCS/backend/app/domain/facilityapp/filter.go:179.24,181.3 1 0
github.com/FITHSCS/backend/app/domain/facilityapp/filter.go:182.2,182.20 1 0
github.com/FITHSCS/backend/app/domain/facilityapp/model.go:35.54,38.2 2 0
github.com/FITHSCS/backend/app/domain/facilityapp/model.go:40.54,44.2 2 0
github.com/FITHSCS/backend/app/domain/facilityapp/model.go:48.60,66.2 1 0
github.com/FITHSCS/backend/app/domain/facilityapp/model.go:70.68,72.38 2 0
github.com/FITHSCS/backend/app/domain/facilityapp/model.go:72.38,74.3 1 0
github.com/FITHSCS/backend/app/domain/facilityapp/model.go:75.2,75.12 1 0
github.com/FITHSCS/backend/app/domain/facilityapp/model.go:92.51,94.2 1 0
github.com/FITHSCS/backend/app/domain/facilityapp/model.go:98.41,100.40 1 0
github.com/FITHSCS/backend/app/domain/facilityapp/model.go:100.40,102.3 1 0
github.com/FITHSCS/backend/app/domain/facilityapp/model.go:103.2,103.12 1 0
github.com/FITHSCS/backend/app/domain/facilityapp/model.go:108.73,112.16 2 0
github.com/FITHSCS/backend/app/domain/facilityapp/model.go:112.16,114.3 1 0
github.com/FITHSCS/backend/app/domain/facilityapp/model.go:115.2,116.16 2 0
github.com/FITHSCS/backend/app/domain/facilityapp/model.go:116.16,118.3 1 0
github.com/FITHSCS/backend/app/domain/facilityapp/model.go:120.2,121.16 2 0
github.com/FITHSCS/backend/app/domain/facilityapp/model.go:121.16,123.3 1 0
github.com/FITHSCS/backend/app/domain/facilityapp/model.go:125.2,126.16 2 0
github.com/FITHSCS/backend/app/domain/facilityapp/model.go:126.16,128.3 1 0
github.com/FITHSCS/backend/app/domain/facilityapp/model.go:130.2,132.16 2 0
github.com/FITHSCS/backend/app/domain/facilityapp/model.go:132.16,134.3 1 0
github.com/FITHSCS/backend/app/domain/facilityapp/model.go:136.2,138.16 2 0
github.com/FITHSCS/backend/app/domain/facilityapp/model.go:138.16,140.3 1 0
github.com/FITHSCS/backend/app/domain/facilityapp/model.go:142.2,144.16 2 0
github.com/FITHSCS/backend/app/domain/facilityapp/model.go:144.16,146.3 1 0
github.com/FITHSCS/backend/app/domain/facilityapp/model.go:148.2,149.16 2 0
github.com/FITHSCS/backend/app/domain/facilityapp/model.go:149.16,151.3 1 0
github.com/FITHSCS/backend/app/domain/facilityapp/model.go:153.2,154.16 2 0
github.com/FITHSCS/backend/app/domain/facilityapp/model.go:154.16,156.3 1 0
github.com/FITHSCS/backend/app/domain/facilityapp/model.go:158.2,169.17 2 0
github.com/FITHSCS/backend/app/domain/facilityapp/model.go:189.54,191.2 1 0
github.com/FITHSCS/backend/app/domain/facilityapp/model.go:193.44,194.40 1 0
github.com/FITHSCS/backend/app/domain/facilityapp/model.go:194.40,196.3 1 0
github.com/FITHSCS/backend/app/domain/facilityapp/model.go:197.2,197.12 1 0
github.com/FITHSCS/backend/app/domain/facilityapp/model.go:200.82,203.29 2 0
github.com/FITHSCS/backend/app/domain/facilityapp/model.go:203.29,205.17 2 0
github.com/FITHSCS/backend/app/domain/facilityapp/model.go:205.17,207.4 1 0
github.com/FITHSCS/backend/app/domain/facilityapp/model.go:208.3,208.18 1 0
github.com/FITHSCS/backend/app/domain/facilityapp/model.go:211.2,212.29 2 0
github.com/FITHSCS/backend/app/domain/facilityapp/model.go:212.29,214.17 2 0
github.com/FITHSCS/backend/app/domain/facilityapp/model.go:214.17,216.4 1 0
github.com/FITHSCS/backend/app/domain/facilityapp/model.go:217.3,217.26 1 0
github.com/FITHSCS/backend/app/domain/facilityapp/model.go:220.2,221.24 2 0
github.com/FITHSCS/backend/app/domain/facilityapp/model.go:221.24,224.17 2 0
github.com/FITHSCS/backend/app/domain/facilityapp/model.go:224.17,226.4 1 0
github.com/FITHSCS/backend/app/domain/facilityapp/model.go:227.3,227.24 1 0
github.com/FITHSCS/backend/app/domain/facilityapp/model.go:231.2,232.25 2 0
github.com/FITHSCS/backend/app/domain/facilityapp/model.go:232.25,234.17 2 0
github.com/FITHSCS/backend/app/domain/facilityapp/model.go:234.17,237.4 1 0
github.com/FITHSCS/backend/app/domain/facilityapp/model.go:238.3,238.26 1 0
github.com/FITHSCS/backend/app/domain/facilityapp/model.go:242.2,243.26 2 0
github.com/FITHSCS/backend/app/domain/facilityapp/model.go:243.26,245.17 2 0
github.com/FITHSCS/backend/app/domain/facilityapp/model.go:245.17,247.4 1 0
github.com/FITHSCS/backend/app/domain/facilityapp/model.go:248.3,248.28 1 0
github.com/FITHSCS/backend/app/domain/facilityapp/model.go:251.2,252.31 2 0
github.com/FITHSCS/backend/app/domain/facilityapp/model.go:252.31,254.17 2 0
github.com/FITHSCS/backend/app/domain/facilityapp/model.go:254.17,256.4 1 0
github.com/FITHSCS/backend/app/domain/facilityapp/model.go:257.3,257.27 1 0
github.com/FITHSCS/backend/app/domain/facilityapp/model.go:260.2,261.30 2 0
github.com/FITHSCS/backend/app/domain/facilityapp/model.go:261.30,263.17 2 0
github.com/FITHSCS/backend/app/domain/facilityapp/model.go:263.17,265.4 1 0
github.com/FITHSCS/backend/app/domain/facilityapp/model.go:266.3,266.20 1 0
github.com/FITHSCS/backend/app/domain/facilityapp/model.go:270.2,271.29 2 0
github.com/FITHSCS/backend/app/domain/facilityapp/model.go:271.29,273.17 2 0
github.com/FITHSCS/backend/app/domain/facilityapp/model.go:273.17,275.4 1 0
github.com/FITHSCS/backend/app/domain/facilityapp/model.go:276.3,276.21 1 0
github.com/FITHSCS/backend/app/domain/facilityapp/model.go:278.2,288.17 2 0
github.com/FITHSCS/backend/app/domain/facilityapp/model.go:298.60,301.2 2 0
github.com/FITHSCS/backend/app/domain/facilityapp/route.go:21.39,36.2 9 0
github.com/FITHSCS/backend/app/domain/gpstrackingapp/filter.go:22.52,36.2 3 0
github.com/FITHSCS/backend/app/domain/gpstrackingapp/filter.go:38.70,42.22 3 0
github.com/FITHSCS/backend/app/domain/gpstrackingapp/filter.go:42.22,44.14 2 0
github.com/FITHSCS/backend/app/domain/gpstrackingapp/filter.go:45.12,46.24 1 0
github.com/FITHSCS/backend/app/domain/gpstrackingapp/filter.go:47.11,48.35 1 0
github.com/FITHSCS/backend/app/domain/gpstrackingapp/filter.go:52.2,52.27 1 0
github.com/FITHSCS/backend/app/domain/gpstrackingapp/filter.go:52.27,54.14 2 0
github.com/FITHSCS/backend/app/domain/gpstrackingapp/filter.go:55.12,56.29 1 0
github.com/FITHSCS/backend/app/domain/gpstrackingapp/filter.go:57.11,58.43 1 0
github.com/FITHSCS/backend/app/domain/gpstrackingapp/filter.go:62.2,62.22 1 0
github.com/FITHSCS/backend/app/domain/gpstrackingapp/filter.go:62.22,64.14 2 0
github.com/FITHSCS/backend/app/domain/gpstrackingapp/filter.go:65.12,66.24 1 0
github.com/FITHSCS/backend/app/domain/gpstrackingapp/filter.go:67.11,68.35 1 0
github.com/FITHSCS/backend/app/domain/gpstrackingapp/filter.go:72.2,72.34 1 0
github.com/FITHSCS/backend/app/domain/gpstrackingapp/filter.go:72.34,74.14 2 0
github.com/FITHSCS/backend/app/domain/gpstrackingapp/filter.go:75.12,76.32 1 0
github.com/FITHSCS/backend/app/domain/gpstrackingapp/filter.go:77.11,78.47 1 0
github.com/FITHSCS/backend/app/domain/gpstrackingapp/filter.go:82.2,82.24 1 0
github.com/FITHSCS/backend/app/domain/gpstrackingapp/filter.go:82.24,84.3 1 0
github.com/FITHSCS/backend/app/domain/gpstrackingapp/filter.go:86.2,86.20 1 0
github.com/FITHSCS/backend/app/domain/gpstrackingapp/gpstackingapp.go:21.55,25.2 1 0
github.com/FITHSCS/backend/app/domain/gpstrackingapp/gpstackingapp.go:27.72,29.54 2 0
github.com/FITHSCS/backend/app/domain/gpstrackingapp/gpstackingapp.go:29.54,31.3 1 0
github.com/FITHSCS/backend/app/domain/gpstrackingapp/gpstackingapp.go:33.2,34.16 2 0
github.com/FITHSCS/backend/app/domain/gpstrackingapp/gpstackingapp.go:34.16,36.3 1 0
github.com/FITHSCS/backend/app/domain/gpstrackingapp/gpstackingapp.go:38.2,39.16 2 0
github.com/FITHSCS/backend/app/domain/gpstrackingapp/gpstackingapp.go:39.16,41.3 1 0
github.com/FITHSCS/backend/app/domain/gpstrackingapp/gpstackingapp.go:43.2,43.29 1 0
github.com/FITHSCS/backend/app/domain/gpstrackingapp/gpstackingapp.go:46.72,51.16 3 0
github.com/FITHSCS/backend/app/domain/gpstrackingapp/gpstackingapp.go:51.16,53.3 1 0
github.com/FITHSCS/backend/app/domain/gpstrackingapp/gpstackingapp.go:55.2,56.44 2 0
github.com/FITHSCS/backend/app/domain/gpstrackingapp/gpstackingapp.go:56.44,58.3 1 0
github.com/FITHSCS/backend/app/domain/gpstrackingapp/gpstackingapp.go:60.2,61.16 2 0
github.com/FITHSCS/backend/app/domain/gpstrackingapp/gpstackingapp.go:61.16,63.3 1 0
github.com/FITHSCS/backend/app/domain/gpstrackingapp/gpstackingapp.go:65.2,66.16 2 0
github.com/FITHSCS/backend/app/domain/gpstrackingapp/gpstackingapp.go:66.16,68.3 1 0
github.com/FITHSCS/backend/app/domain/gpstrackingapp/gpstackingapp.go:70.2,70.32 1 0
github.com/FITHSCS/backend/app/domain/gpstrackingapp/gpstackingapp.go:73.75,77.16 3 0
github.com/FITHSCS/backend/app/domain/gpstrackingapp/gpstackingapp.go:77.16,79.3 1 0
github.com/FITHSCS/backend/app/domain/gpstrackingapp/gpstackingapp.go:81.2,82.16 2 0
github.com/FITHSCS/backend/app/domain/gpstrackingapp/gpstackingapp.go:82.16,84.3 1 0
github.com/FITHSCS/backend/app/domain/gpstrackingapp/gpstackingapp.go:86.2,86.33 1 0
github.com/FITHSCS/backend/app/domain/gpstrackingapp/gpstackingapp.go:89.76,93.16 3 0
github.com/FITHSCS/backend/app/domain/gpstrackingapp/gpstackingapp.go:93.16,95.3 1 0
github.com/FITHSCS/backend/app/domain/gpstrackingapp/gpstackingapp.go:97.2,98.16 2 0
github.com/FITHSCS/backend/app/domain/gpstrackingapp/gpstackingapp.go:98.16,100.3 1 0
github.com/FITHSCS/backend/app/domain/gpstrackingapp/gpstackingapp.go:102.2,104.3 1 0
github.com/FITHSCS/backend/app/domain/gpstrackingapp/gpstackingapp.go:107.76,111.16 3 0
github.com/FITHSCS/backend/app/domain/gpstrackingapp/gpstackingapp.go:111.16,113.3 1 0
github.com/FITHSCS/backend/app/domain/gpstrackingapp/gpstackingapp.go:115.2,116.16 2 0
github.com/FITHSCS/backend/app/domain/gpstrackingapp/gpstackingapp.go:116.16,118.3 1 0
github.com/FITHSCS/backend/app/domain/gpstrackingapp/gpstackingapp.go:120.2,122.3 1 0
github.com/FITHSCS/backend/app/domain/gpstrackingapp/gpstackingapp.go:125.71,129.16 3 0
github.com/FITHSCS/backend/app/domain/gpstrackingapp/gpstackingapp.go:129.16,131.3 1 0
github.com/FITHSCS/backend/app/domain/gpstrackingapp/gpstackingapp.go:133.2,134.16 2 0
github.com/FITHSCS/backend/app/domain/gpstrackingapp/gpstackingapp.go:134.16,136.3 1 0
github.com/FITHSCS/backend/app/domain/gpstrackingapp/gpstackingapp.go:138.2,139.16 2 0
github.com/FITHSCS/backend/app/domain/gpstrackingapp/gpstackingapp.go:139.16,141.3 1 0
github.com/FITHSCS/backend/app/domain/gpstrackingapp/gpstackingapp.go:143.2,144.16 2 0
github.com/FITHSCS/backend/app/domain/gpstrackingapp/gpstackingapp.go:144.16,146.3 1 0
github.com/FITHSCS/backend/app/domain/gpstrackingapp/gpstackingapp.go:148.2,149.16 2 0
github.com/FITHSCS/backend/app/domain/gpstrackingapp/gpstackingapp.go:149.16,151.3 1 0
github.com/FITHSCS/backend/app/domain/gpstrackingapp/gpstackingapp.go:153.2,153.61 1 0
github.com/FITHSCS/backend/app/domain/gpstrackingapp/model.go:35.56,38.2 2 0
github.com/FITHSCS/backend/app/domain/gpstrackingapp/model.go:40.67,56.2 1 0
github.com/FITHSCS/backend/app/domain/gpstrackingapp/model.go:58.73,60.33 2 0
github.com/FITHSCS/backend/app/domain/gpstrackingapp/model.go:60.33,62.3 1 0
github.com/FITHSCS/backend/app/domain/gpstrackingapp/model.go:64.2,64.12 1 0
github.com/FITHSCS/backend/app/domain/gpstrackingapp/model.go:81.53,83.2 1 0
github.com/FITHSCS/backend/app/domain/gpstrackingapp/model.go:86.43,87.40 1 0
github.com/FITHSCS/backend/app/domain/gpstrackingapp/model.go:87.40,89.3 1 0
github.com/FITHSCS/backend/app/domain/gpstrackingapp/model.go:91.2,91.12 1 0
github.com/FITHSCS/backend/app/domain/gpstrackingapp/model.go:94.109,97.16 2 0
github.com/FITHSCS/backend/app/domain/gpstrackingapp/model.go:97.16,99.3 1 0
github.com/FITHSCS/backend/app/domain/gpstrackingapp/model.go:101.2,102.16 2 0
github.com/FITHSCS/backend/app/domain/gpstrackingapp/model.go:102.16,104.3 1 0
github.com/FITHSCS/backend/app/domain/gpstrackingapp/model.go:106.2,107.16 2 0
github.com/FITHSCS/backend/app/domain/gpstrackingapp/model.go:107.16,109.3 1 0
github.com/FITHSCS/backend/app/domain/gpstrackingapp/model.go:111.2,112.34 2 0
github.com/FITHSCS/backend/app/domain/gpstrackingapp/model.go:112.34,114.17 2 0
github.com/FITHSCS/backend/app/domain/gpstrackingapp/model.go:114.17,116.4 1 0
github.com/FITHSCS/backend/app/domain/gpstrackingapp/model.go:117.3,117.25 1 0
github.com/FITHSCS/backend/app/domain/gpstrackingapp/model.go:120.2,121.27 2 0
github.com/FITHSCS/backend/app/domain/gpstrackingapp/model.go:121.27,123.17 2 0
github.com/FITHSCS/backend/app/domain/gpstrackingapp/model.go:123.17,125.4 1 0
github.com/FITHSCS/backend/app/domain/gpstrackingapp/model.go:126.3,126.14 1 0
github.com/FITHSCS/backend/app/domain/gpstrackingapp/model.go:129.2,130.16 2 0
github.com/FITHSCS/backend/app/domain/gpstrackingapp/model.go:130.16,132.3 1 0
github.com/FITHSCS/backend/app/domain/gpstrackingapp/model.go:134.2,135.16 2 0
github.com/FITHSCS/backend/app/domain/gpstrackingapp/model.go:135.16,137.3 1 0
github.com/FITHSCS/backend/app/domain/gpstrackingapp/model.go:139.2,140.30 2 0
github.com/FITHSCS/backend/app/domain/gpstrackingapp/model.go:140.30,142.17 2 0
github.com/FITHSCS/backend/app/domain/gpstrackingapp/model.go:142.17,144.4 1 0
github.com/FITHSCS/backend/app/domain/gpstrackingapp/model.go:145.3,145.17 1 0
github.com/FITHSCS/backend/app/domain/gpstrackingapp/model.go:148.2,149.16 2 0
github.com/FITHSCS/backend/app/domain/gpstrackingapp/model.go:149.16,151.3 1 0
github.com/FITHSCS/backend/app/domain/gpstrackingapp/model.go:153.2,166.20 2 0
github.com/FITHSCS/backend/app/domain/gpstrackingapp/model.go:185.56,187.2 1 0
github.com/FITHSCS/backend/app/domain/gpstrackingapp/model.go:190.46,191.40 1 0
github.com/FITHSCS/backend/app/domain/gpstrackingapp/model.go:191.40,193.3 1 0
github.com/FITHSCS/backend/app/domain/gpstrackingapp/model.go:195.2,195.12 1 0
github.com/FITHSCS/backend/app/domain/gpstrackingapp/model.go:198.116,201.33 2 0
github.com/FITHSCS/backend/app/domain/gpstrackingapp/model.go:201.33,203.17 2 0
github.com/FITHSCS/backend/app/domain/gpstrackingapp/model.go:203.17,205.4 1 0
github.com/FITHSCS/backend/app/domain/gpstrackingapp/model.go:206.3,206.21 1 0
github.com/FITHSCS/backend/app/domain/gpstrackingapp/model.go:209.2,210.35 2 0
github.com/FITHSCS/backend/app/domain/gpstrackingapp/model.go:210.35,212.17 2 0
github.com/FITHSCS/backend/app/domain/gpstrackingapp/model.go:212.17,214.4 1 0
github.com/FITHSCS/backend/app/domain/gpstrackingapp/model.go:215.3,215.21 1 0
github.com/FITHSCS/backend/app/domain/gpstrackingapp/model.go:218.2,219.45 2 0
github.com/FITHSCS/backend/app/domain/gpstrackingapp/model.go:219.45,221.17 2 0
github.com/FITHSCS/backend/app/domain/gpstrackingapp/model.go:221.17,223.4 1 0
github.com/FITHSCS/backend/app/domain/gpstrackingapp/model.go:224.3,224.21 1 0
github.com/FITHSCS/backend/app/domain/gpstrackingapp/model.go:227.2,228.34 2 0
github.com/FITHSCS/backend/app/domain/gpstrackingapp/model.go:228.34,230.17 2 0
github.com/FITHSCS/backend/app/domain/gpstrackingapp/model.go:230.17,232.4 1 0
github.com/FITHSCS/backend/app/domain/gpstrackingapp/model.go:233.3,233.18 1 0
github.com/FITHSCS/backend/app/domain/gpstrackingapp/model.go:236.2,237.35 2 0
github.com/FITHSCS/backend/app/domain/gpstrackingapp/model.go:237.35,239.17 2 0
github.com/FITHSCS/backend/app/domain/gpstrackingapp/model.go:239.17,241.4 1 0
github.com/FITHSCS/backend/app/domain/gpstrackingapp/model.go:242.3,242.20 1 0
github.com/FITHSCS/backend/app/domain/gpstrackingapp/model.go:245.2,246.34 2 0
github.com/FITHSCS/backend/app/domain/gpstrackingapp/model.go:246.34,248.17 2 0
github.com/FITHSCS/backend/app/domain/gpstrackingapp/model.go:248.17,250.4 1 0
github.com/FITHSCS/backend/app/domain/gpstrackingapp/model.go:251.3,251.18 1 0
github.com/FITHSCS/backend/app/domain/gpstrackingapp/model.go:254.2,255.31 2 0
github.com/FITHSCS/backend/app/domain/gpstrackingapp/model.go:255.31,257.17 2 0
github.com/FITHSCS/backend/app/domain/gpstrackingapp/model.go:257.17,259.4 1 0
github.com/FITHSCS/backend/app/domain/gpstrackingapp/model.go:260.3,260.15 1 0
github.com/FITHSCS/backend/app/domain/gpstrackingapp/model.go:263.2,264.38 2 0
github.com/FITHSCS/backend/app/domain/gpstrackingapp/model.go:264.38,266.17 2 0
github.com/FITHSCS/backend/app/domain/gpstrackingapp/model.go:266.17,268.4 1 0
github.com/FITHSCS/backend/app/domain/gpstrackingapp/model.go:269.3,269.27 1 0
github.com/FITHSCS/backend/app/domain/gpstrackingapp/model.go:272.2,273.34 2 0
github.com/FITHSCS/backend/app/domain/gpstrackingapp/model.go:273.34,275.3 1 0
github.com/FITHSCS/backend/app/domain/gpstrackingapp/model.go:277.2,278.35 2 0
github.com/FITHSCS/backend/app/domain/gpstrackingapp/model.go:278.35,280.17 2 0
github.com/FITHSCS/backend/app/domain/gpstrackingapp/model.go:280.17,282.4 1 0
github.com/FITHSCS/backend/app/domain/gpstrackingapp/model.go:283.3,283.23 1 0
github.com/FITHSCS/backend/app/domain/gpstrackingapp/model.go:286.2,299.27 2 0
github.com/FITHSCS/backend/app/domain/gpstrackingapp/model.go:309.62,312.2 2 0
github.com/FITHSCS/backend/app/domain/gpstrackingapp/route.go:19.39,32.2 9 0
github.com/FITHSCS/backend/app/domain/imageapp/filter.go:28.61,47.2 3 0
github.com/FITHSCS/backend/app/domain/imageapp/filter.go:49.64,54.17 3 0
github.com/FITHSCS/backend/app/domain/imageapp/filter.go:54.17,56.17 2 0
github.com/FITHSCS/backend/app/domain/imageapp/filter.go:56.17,58.4 1 0
github.com/FITHSCS/backend/app/domain/imageapp/filter.go:58.9,60.4 1 0
github.com/FITHSCS/backend/app/domain/imageapp/filter.go:63.2,63.24 1 0
github.com/FITHSCS/backend/app/domain/imageapp/filter.go:63.24,65.14 2 0
github.com/FITHSCS/backend/app/domain/imageapp/filter.go:66.12,67.25 1 0
github.com/FITHSCS/backend/app/domain/imageapp/filter.go:68.11,69.38 1 0
github.com/FITHSCS/backend/app/domain/imageapp/filter.go:73.2,73.24 1 0
github.com/FITHSCS/backend/app/domain/imageapp/filter.go:73.24,75.14 2 0
github.com/FITHSCS/backend/app/domain/imageapp/filter.go:76.12,77.25 1 0
github.com/FITHSCS/backend/app/domain/imageapp/filter.go:78.11,79.38 1 0
github.com/FITHSCS/backend/app/domain/imageapp/filter.go:82.2,82.24 1 0
github.com/FITHSCS/backend/app/domain/imageapp/filter.go:82.24,84.14 2 0
github.com/FITHSCS/backend/app/domain/imageapp/filter.go:85.12,86.25 1 0
[...]
github.com/FITHSCS/backend/business/types/role/role.go:86.3,86.21 1 0
github.com/FITHSCS/backend/business/types/role/role.go:89.2,89.22 1 0
github.com/FITHSCS/backend/foundation/docker/docker.go:22.119,27.19 1 0
github.com/FITHSCS/backend/foundation/docker/docker.go:27.19,29.17 2 0
github.com/FITHSCS/backend/foundation/docker/docker.go:29.17,31.12 2 0
github.com/FITHSCS/backend/foundation/docker/docker.go:34.3,34.16 1 0
github.com/FITHSCS/backend/foundation/docker/docker.go:37.2,37.63 1 0
github.com/FITHSCS/backend/foundation/docker/docker.go:41.37,42.65 1 0
github.com/FITHSCS/backend/foundation/docker/docker.go:42.65,44.3 1 0
github.com/FITHSCS/backend/foundation/docker/docker.go:46.2,46.69 1 0
github.com/FITHSCS/backend/foundation/docker/docker.go:46.69,48.3 1 0
github.com/FITHSCS/backend/foundation/docker/docker.go:50.2,50.12 1 0
github.com/FITHSCS/backend/foundation/docker/docker.go:54.42,56.16 2 0
github.com/FITHSCS/backend/foundation/docker/docker.go:56.16,58.3 1 0
github.com/FITHSCS/backend/foundation/docker/docker.go:60.2,60.12 1 0
github.com/FITHSCS/backend/foundation/docker/docker.go:65.119,66.46 1 0
github.com/FITHSCS/backend/foundation/docker/docker.go:66.46,68.3 1 0
github.com/FITHSCS/backend/foundation/docker/docker.go:70.2,78.34 8 0
github.com/FITHSCS/backend/foundation/docker/docker.go:78.34,80.3 1 0
github.com/FITHSCS/backend/foundation/docker/docker.go:82.2,84.16 3 0
github.com/FITHSCS/backend/foundation/docker/docker.go:84.16,87.3 2 0
github.com/FITHSCS/backend/foundation/docker/docker.go:89.2,94.15 2 0
github.com/FITHSCS/backend/foundation/docker/docker.go:97.58,99.16 2 0
github.com/FITHSCS/backend/foundation/docker/docker.go:99.16,101.3 1 0
github.com/FITHSCS/backend/foundation/docker/docker.go:103.2,108.15 2 0
github.com/FITHSCS/backend/foundation/docker/docker.go:111.90,123.34 5 0
github.com/FITHSCS/backend/foundation/docker/docker.go:123.34,125.3 1 0
github.com/FITHSCS/backend/foundation/docker/docker.go:127.2,131.59 2 0
github.com/FITHSCS/backend/foundation/docker/docker.go:131.59,133.3 1 0
github.com/FITHSCS/backend/foundation/docker/docker.go:135.2,135.27 1 0
github.com/FITHSCS/backend/foundation/docker/docker.go:135.27,136.25 1 0
github.com/FITHSCS/backend/foundation/docker/docker.go:136.25,139.24 1 0
github.com/FITHSCS/backend/foundation/docker/docker.go:139.24,141.5 1 0
github.com/FITHSCS/backend/foundation/docker/docker.go:143.4,143.40 1 0
github.com/FITHSCS/backend/foundation/docker/docker.go:147.2,147.55 1 0
github.com/FITHSCS/backend/foundation/keystore/keystore.go:32.22,36.2 1 0
github.com/FITHSCS/backend/foundation/keystore/keystore.go:40.62,41.20 1 0
github.com/FITHSCS/backend/foundation/keystore/keystore.go:41.20,43.3 1 0
github.com/FITHSCS/backend/foundation/keystore/keystore.go:45.2,49.61 2 0
github.com/FITHSCS/backend/foundation/keystore/keystore.go:49.61,51.3 1 0
github.com/FITHSCS/backend/foundation/keystore/keystore.go:53.2,54.16 2 0
github.com/FITHSCS/backend/foundation/keystore/keystore.go:54.16,56.3 1 0
github.com/FITHSCS/backend/foundation/keystore/keystore.go:58.2,65.27 3 0
github.com/FITHSCS/backend/foundation/keystore/keystore.go:73.63,74.69 1 0
github.com/FITHSCS/backend/foundation/keystore/keystore.go:74.69,75.17 1 0
github.com/FITHSCS/backend/foundation/keystore/keystore.go:75.17,77.4 1 0
github.com/FITHSCS/backend/foundation/keystore/keystore.go:79.3,79.23 1 0
github.com/FITHSCS/backend/foundation/keystore/keystore.go:79.23,81.4 1 0
github.com/FITHSCS/backend/foundation/keystore/keystore.go:83.3,83.35 1 0
github.com/FITHSCS/backend/foundation/keystore/keystore.go:83.35,85.4 1 0
github.com/FITHSCS/backend/foundation/keystore/keystore.go:87.3,88.17 2 0
github.com/FITHSCS/backend/foundation/keystore/keystore.go:88.17,90.4 1 0
github.com/FITHSCS/backend/foundation/keystore/keystore.go:91.3,97.17 3 0
github.com/FITHSCS/backend/foundation/keystore/keystore.go:97.17,99.4 1 0
github.com/FITHSCS/backend/foundation/keystore/keystore.go:101.3,103.17 3 0
github.com/FITHSCS/backend/foundation/keystore/keystore.go:103.17,105.4 1 0
github.com/FITHSCS/backend/foundation/keystore/keystore.go:107.3,114.13 3 0
github.com/FITHSCS/backend/foundation/keystore/keystore.go:117.2,117.50 1 0
github.com/FITHSCS/backend/foundation/keystore/keystore.go:117.50,119.3 1 0
github.com/FITHSCS/backend/foundation/keystore/keystore.go:121.2,121.27 1 0
github.com/FITHSCS/backend/foundation/keystore/keystore.go:125.60,127.12 2 0
github.com/FITHSCS/backend/foundation/keystore/keystore.go:127.12,129.3 1 0
github.com/FITHSCS/backend/foundation/keystore/keystore.go:131.2,131.28 1 0
github.com/FITHSCS/backend/foundation/keystore/keystore.go:135.59,137.12 2 0
github.com/FITHSCS/backend/foundation/keystore/keystore.go:137.12,139.3 1 0
github.com/FITHSCS/backend/foundation/keystore/keystore.go:141.2,141.27 1 0
github.com/FITHSCS/backend/foundation/keystore/keystore.go:144.53,146.18 2 0
github.com/FITHSCS/backend/foundation/keystore/keystore.go:146.18,148.3 1 0
github.com/FITHSCS/backend/foundation/keystore/keystore.go:150.2,152.16 3 0
github.com/FITHSCS/backend/foundation/keystore/keystore.go:152.16,154.17 2 0
github.com/FITHSCS/backend/foundation/keystore/keystore.go:154.17,156.4 1 0
github.com/FITHSCS/backend/foundation/keystore/keystore.go:159.2,160.9 2 0
github.com/FITHSCS/backend/foundation/keystore/keystore.go:160.9,162.3 1 0
github.com/FITHSCS/backend/foundation/keystore/keystore.go:164.2,165.16 2 0
github.com/FITHSCS/backend/foundation/keystore/keystore.go:165.16,167.3 1 0
github.com/FITHSCS/backend/foundation/keystore/keystore.go:169.2,175.55 3 0
github.com/FITHSCS/backend/foundation/keystore/keystore.go:175.55,177.3 1 0
github.com/FITHSCS/backend/foundation/keystore/keystore.go:179.2,179.26 1 0
github.com/FITHSCS/backend/foundation/logger/debug.go:11.51,16.34 3 0
github.com/FITHSCS/backend/foundation/logger/debug.go:16.34,18.20 2 0
github.com/FITHSCS/backend/foundation/logger/debug.go:18.20,20.4 1 0
github.com/FITHSCS/backend/foundation/logger/debug.go:22.3,23.24 2 0
github.com/FITHSCS/backend/foundation/logger/debug.go:23.24,25.4 1 0
github.com/FITHSCS/backend/foundation/logger/debug.go:27.3,27.38 1 0
github.com/FITHSCS/backend/foundation/logger/debug.go:30.2,33.40 3 0
github.com/FITHSCS/backend/foundation/logger/debug.go:37.32,39.2 1 0
github.com/FITHSCS/backend/foundation/logger/debug.go:42.36,44.2 1 0
github.com/FITHSCS/backend/foundation/logger/handler.go:16.69,21.2 1 0
github.com/FITHSCS/backend/foundation/logger/handler.go:25.74,27.2 1 0
github.com/FITHSCS/backend/foundation/logger/handler.go:31.64,33.2 1 0
github.com/FITHSCS/backend/foundation/logger/handler.go:38.58,40.2 1 0
github.com/FITHSCS/backend/foundation/logger/handler.go:44.71,45.17 1 0
github.com/FITHSCS/backend/foundation/logger/handler.go:46.23,47.28 1 0
github.com/FITHSCS/backend/foundation/logger/handler.go:47.28,49.4 1 0
github.com/FITHSCS/backend/foundation/logger/handler.go:51.23,52.28 1 0
github.com/FITHSCS/backend/foundation/logger/handler.go:52.28,54.4 1 0
github.com/FITHSCS/backend/foundation/logger/handler.go:56.22,57.27 1 0
github.com/FITHSCS/backend/foundation/logger/handler.go:57.27,59.4 1 0
github.com/FITHSCS/backend/foundation/logger/handler.go:61.22,62.27 1 0
github.com/FITHSCS/backend/foundation/logger/handler.go:62.27,64.4 1 0
github.com/FITHSCS/backend/foundation/logger/handler.go:67.2,67.33 1 0
github.com/FITHSCS/backend/foundation/logger/logger.go:27.88,29.2 1 0
github.com/FITHSCS/backend/foundation/logger/logger.go:32.113,34.2 1 0
github.com/FITHSCS/backend/foundation/logger/logger.go:38.45,40.2 1 0
github.com/FITHSCS/backend/foundation/logger/logger.go:43.60,45.2 1 0
github.com/FITHSCS/backend/foundation/logger/logger.go:48.72,50.2 1 0
github.com/FITHSCS/backend/foundation/logger/logger.go:53.85,55.2 1 0
github.com/FITHSCS/backend/foundation/logger/logger.go:58.71,60.2 1 0
github.com/FITHSCS/backend/foundation/logger/logger.go:63.84,65.2 1 0
github.com/FITHSCS/backend/foundation/logger/logger.go:68.71,70.2 1 0
github.com/FITHSCS/backend/foundation/logger/logger.go:73.84,75.2 1 0
github.com/FITHSCS/backend/foundation/logger/logger.go:78.72,80.2 1 0
github.com/FITHSCS/backend/foundation/logger/logger.go:83.85,85.2 1 0
github.com/FITHSCS/backend/foundation/logger/logger.go:87.97,90.42 2 0
github.com/FITHSCS/backend/foundation/logger/logger.go:90.42,92.3 1 0
github.com/FITHSCS/backend/foundation/logger/logger.go:94.2,99.26 4 0
github.com/FITHSCS/backend/foundation/logger/logger.go:99.26,101.3 1 0
github.com/FITHSCS/backend/foundation/logger/logger.go:102.2,104.28 2 0
github.com/FITHSCS/backend/foundation/logger/logger.go:107.103,111.52 1 0
github.com/FITHSCS/backend/foundation/logger/logger.go:111.52,112.30 1 0
github.com/FITHSCS/backend/foundation/logger/logger.go:112.30,113.54 1 0
github.com/FITHSCS/backend/foundation/logger/logger.go:113.54,116.5 2 0
github.com/FITHSCS/backend/foundation/logger/logger.go:119.3,119.11 1 0
github.com/FITHSCS/backend/foundation/logger/logger.go:123.2,127.92 2 0
github.com/FITHSCS/backend/foundation/logger/logger.go:127.92,129.3 1 0
github.com/FITHSCS/backend/foundation/logger/logger.go:132.2,142.3 3 0
github.com/FITHSCS/backend/foundation/logger/model.go:29.37,32.33 2 0
github.com/FITHSCS/backend/foundation/logger/model.go:32.33,35.3 2 0
github.com/FITHSCS/backend/foundation/logger/model.go:36.2,43.3 2 0
github.com/FITHSCS/backend/foundation/otel/context.go:16.74,18.2 1 0
github.com/FITHSCS/backend/foundation/otel/context.go:20.70,22.2 1 0
github.com/FITHSCS/backend/foundation/otel/context.go:25.45,27.9 2 0
github.com/FITHSCS/backend/foundation/otel/context.go:27.9,29.3 1 0
github.com/FITHSCS/backend/foundation/otel/context.go:31.2,31.10 1 0
github.com/FITHSCS/backend/foundation/otel/otel.go:33.107,46.16 2 0
github.com/FITHSCS/backend/foundation/otel/otel.go:46.16,48.3 1 0
github.com/FITHSCS/backend/foundation/otel/otel.go:50.2,51.40 2 0
github.com/FITHSCS/backend/foundation/otel/otel.go:51.41,51.42 0 0
github.com/FITHSCS/backend/foundation/otel/otel.go:53.2,53.18 1 0
github.com/FITHSCS/backend/foundation/otel/otel.go:54.10,56.43 2 0
github.com/FITHSCS/backend/foundation/otel/otel.go:58.10,75.40 3 0
github.com/FITHSCS/backend/foundation/otel/otel.go:75.40,77.4 1 0
github.com/FITHSCS/backend/foundation/otel/otel.go:79.3,79.21 1 0
github.com/FITHSCS/backend/foundation/otel/otel.go:85.2,93.37 3 0
github.com/FITHSCS/backend/foundation/otel/otel.go:99.78,103.51 3 0
github.com/FITHSCS/backend/foundation/otel/otel.go:103.51,105.3 1 0
github.com/FITHSCS/backend/foundation/otel/otel.go:106.2,108.12 2 0
github.com/FITHSCS/backend/foundation/otel/otel.go:112.115,114.21 2 0
github.com/FITHSCS/backend/foundation/otel/otel.go:114.21,116.3 1 0
github.com/FITHSCS/backend/foundation/otel/otel.go:118.2,121.18 3 0
github.com/FITHSCS/backend/foundation/otel/otel.go:126.62,129.2 2 0
github.com/FITHSCS/backend/foundation/otel/sampler.go:12.95,17.2 1 0
github.com/FITHSCS/backend/foundation/otel/sampler.go:21.99,22.39 1 0
github.com/FITHSCS/backend/foundation/otel/sampler.go:22.39,23.52 1 0
github.com/FITHSCS/backend/foundation/otel/sampler.go:23.52,24.84 1 0
github.com/FITHSCS/backend/foundation/otel/sampler.go:24.84,26.5 1 0
github.com/FITHSCS/backend/foundation/otel/sampler.go:30.2,30.73 1 0
github.com/FITHSCS/backend/foundation/otel/sampler.go:34.46,36.2 1 0
github.com/FITHSCS/backend/foundation/web/context.go:17.74,19.2 1 0
github.com/FITHSCS/backend/foundation/web/context.go:21.76,23.2 1 0
github.com/FITHSCS/backend/foundation/web/context.go:26.57,28.9 2 0
github.com/FITHSCS/backend/foundation/web/context.go:28.9,30.3 1 0
github.com/FITHSCS/backend/foundation/web/context.go:32.2,32.10 1 0
github.com/FITHSCS/backend/foundation/web/middleware.go:11.68,16.36 1 0
github.com/FITHSCS/backend/foundation/web/middleware.go:16.36,18.20 2 0
github.com/FITHSCS/backend/foundation/web/middleware.go:18.20,20.4 1 0
github.com/FITHSCS/backend/foundation/web/middleware.go:23.2,23.16 1 0
github.com/FITHSCS/backend/foundation/web/request.go:10.48,12.2 1 0
github.com/FITHSCS/backend/foundation/web/request.go:26.47,28.16 2 0
github.com/FITHSCS/backend/foundation/web/request.go:28.16,30.3 1 0
github.com/FITHSCS/backend/foundation/web/request.go:32.2,32.39 1 0
github.com/FITHSCS/backend/foundation/web/request.go:32.39,34.3 1 0
github.com/FITHSCS/backend/foundation/web/request.go:36.2,36.32 1 0
github.com/FITHSCS/backend/foundation/web/request.go:36.32,37.38 1 0
github.com/FITHSCS/backend/foundation/web/request.go:37.38,39.4 1 0
github.com/FITHSCS/backend/foundation/web/request.go:42.2,42.12 1 0
github.com/FITHSCS/backend/foundation/web/response.go:15.33,17.2 1 0
github.com/FITHSCS/backend/foundation/web/response.go:20.52,22.2 1 0
github.com/FITHSCS/backend/foundation/web/response.go:31.78,32.36 1 0
github.com/FITHSCS/backend/foundation/web/response.go:32.36,34.3 1 0
github.com/FITHSCS/backend/foundation/web/response.go:38.2,38.34 1 0
github.com/FITHSCS/backend/foundation/web/response.go:38.34,39.39 1 0
github.com/FITHSCS/backend/foundation/web/response.go:39.39,41.4 1 0
github.com/FITHSCS/backend/foundation/web/response.go:44.2,46.26 2 0
github.com/FITHSCS/backend/foundation/web/response.go:47.18,48.30 1 0
github.com/FITHSCS/backend/foundation/web/response.go:50.13,51.46 1 0
github.com/FITHSCS/backend/foundation/web/response.go:53.10,54.18 1 0
github.com/FITHSCS/backend/foundation/web/response.go:54.18,56.4 1 0
github.com/FITHSCS/backend/foundation/web/response.go:59.2,59.40 1 0
github.com/FITHSCS/backend/foundation/web/response.go:59.40,62.3 2 0
github.com/FITHSCS/backend/foundation/web/response.go:64.2,65.16 2 0
github.com/FITHSCS/backend/foundation/web/response.go:65.16,68.3 2 0
github.com/FITHSCS/backend/foundation/web/response.go:70.2,73.41 3 0
github.com/FITHSCS/backend/foundation/web/response.go:73.41,75.3 1 0
github.com/FITHSCS/backend/foundation/web/response.go:77.2,77.12 1 0
github.com/FITHSCS/backend/foundation/web/web.go:45.66,62.2 2 0
github.com/FITHSCS/backend/foundation/web/web.go:68.65,70.2 1 0
github.com/FITHSCS/backend/foundation/web/web.go:75.44,78.64 2 0
github.com/FITHSCS/backend/foundation/web/web.go:78.64,80.3 1 0
github.com/FITHSCS/backend/foundation/web/web.go:81.2,83.58 2 0
github.com/FITHSCS/backend/foundation/web/web.go:86.63,87.58 1 0
github.com/FITHSCS/backend/foundation/web/web.go:87.58,100.36 3 0
github.com/FITHSCS/backend/foundation/web/web.go:100.36,101.44 1 0
github.com/FITHSCS/backend/foundation/web/web.go:101.44,103.10 2 0
github.com/FITHSCS/backend/foundation/web/web.go:107.3,111.28 4 0
github.com/FITHSCS/backend/foundation/web/web.go:114.2,114.10 1 0
github.com/FITHSCS/backend/foundation/web/web.go:120.99,121.52 1 0
github.com/FITHSCS/backend/foundation/web/web.go:121.52,126.47 3 0
github.com/FITHSCS/backend/foundation/web/web.go:126.47,129.4 2 0
github.com/FITHSCS/backend/foundation/web/web.go:132.2,133.17 2 0
github.com/FITHSCS/backend/foundation/web/web.go:133.17,135.3 1 0
github.com/FITHSCS/backend/foundation/web/web.go:136.2,138.32 2 0
github.com/FITHSCS/backend/foundation/web/web.go:143.109,147.22 3 0
github.com/FITHSCS/backend/foundation/web/web.go:147.22,149.3 1 0
github.com/FITHSCS/backend/foundation/web/web.go:151.2,151.52 1 0
github.com/FITHSCS/backend/foundation/web/web.go:151.52,159.47 5 0
github.com/FITHSCS/backend/foundation/web/web.go:159.47,162.4 2 0
github.com/FITHSCS/backend/foundation/web/web.go:165.2,166.17 2 0
github.com/FITHSCS/backend/foundation/web/web.go:166.17,168.3 1 0
github.com/FITHSCS/backend/foundation/web/web.go:169.2,171.32 2 0
github.com/FITHSCS/backend/foundation/web/web.go:177.120,178.68 1 0
github.com/FITHSCS/backend/foundation/web/web.go:178.68,182.3 3 0
github.com/FITHSCS/backend/foundation/web/web.go:184.2,187.22 3 0
github.com/FITHSCS/backend/foundation/web/web.go:187.22,189.3 1 0
github.com/FITHSCS/backend/foundation/web/web.go:191.2,191.52 1 0
github.com/FITHSCS/backend/foundation/web/web.go:191.52,198.3 4 0
github.com/FITHSCS/backend/foundation/web/web.go:200.2,201.17 2 0
github.com/FITHSCS/backend/foundation/web/web.go:201.17,203.3 1 0
github.com/FITHSCS/backend/foundation/web/web.go:204.2,206.32 2 0
github.com/FITHSCS/backend/foundation/web/web.go:211.79,215.16 3 0
github.com/FITHSCS/backend/foundation/web/web.go:215.16,217.3 1 0
github.com/FITHSCS/backend/foundation/web/web.go:219.2,221.52 2 0
github.com/FITHSCS/backend/foundation/web/web.go:221.52,222.43 1 0
github.com/FITHSCS/backend/foundation/web/web.go:222.43,224.18 2 0
github.com/FITHSCS/backend/foundation/web/web.go:224.18,227.5 2 0
github.com/FITHSCS/backend/foundation/web/web.go:229.4,230.10 2 0
github.com/FITHSCS/backend/foundation/web/web.go:233.3,233.29 1 0
github.com/FITHSCS/backend/foundation/web/web.go:236.2,238.12 2 0
github.com/FITHSCS/backend/foundation/web/web.go:243.74,245.16 2 0
github.com/FITHSCS/backend/foundation/web/web.go:245.16,247.3 1 0
github.com/FITHSCS/backend/foundation/web/web.go:249.2,253.12 3 0
github.com/FITHSCS/backend/business/domain/vehiclebus/testutil.go:11.50,15.19 3 2
github.com/FITHSCS/backend/business/domain/vehiclebus/testutil.go:15.19,27.3 3 4
github.com/FITHSCS/backend/business/domain/vehiclebus/testutil.go:29.2,29.17 1 2
github.com/FITHSCS/backend/business/domain/vehiclebus/testutil.go:32.93,36.27 3 2
github.com/FITHSCS/backend/business/domain/vehiclebus/testutil.go:36.27,38.17 2 4
github.com/FITHSCS/backend/business/domain/vehiclebus/testutil.go:38.17,40.4 1 0
github.com/FITHSCS/backend/business/domain/vehiclebus/testutil.go:42.3,42.16 1 4
github.com/FITHSCS/backend/business/domain/vehiclebus/testutil.go:45.2,45.18 1 2
github.com/FITHSCS/backend/business/domain/vehiclebus/vehiclebus.go:36.63,42.2 1 1
github.com/FITHSCS/backend/business/domain/vehiclebus/vehiclebus.go:44.80,60.54 3 5
github.com/FITHSCS/backend/business/domain/vehiclebus/vehiclebus.go:60.54,62.3 1 0
github.com/FITHSCS/backend/business/domain/vehiclebus/vehiclebus.go:63.2,63.21 1 5
github.com/FITHSCS/backend/business/domain/vehiclebus/vehiclebus.go:66.115,69.16 2 1
github.com/FITHSCS/backend/business/domain/vehiclebus/vehiclebus.go:69.16,71.3 1 0
github.com/FITHSCS/backend/business/domain/vehiclebus/vehiclebus.go:73.2,73.38 1 1
github.com/FITHSCS/backend/business/domain/vehiclebus/vehiclebus.go:73.38,75.3 1 1
github.com/FITHSCS/backend/business/domain/vehiclebus/vehiclebus.go:77.2,77.38 1 1
github.com/FITHSCS/backend/business/domain/vehiclebus/vehiclebus.go:77.38,79.3 1 1
github.com/FITHSCS/backend/business/domain/vehiclebus/vehiclebus.go:81.2,81.41 1 1
github.com/FITHSCS/backend/business/domain/vehiclebus/vehiclebus.go:81.41,83.3 1 1
github.com/FITHSCS/backend/business/domain/vehiclebus/vehiclebus.go:85.2,85.41 1 1
github.com/FITHSCS/backend/business/domain/vehiclebus/vehiclebus.go:85.41,87.3 1 1
github.com/FITHSCS/backend/business/domain/vehiclebus/vehiclebus.go:89.2,89.40 1 1
github.com/FITHSCS/backend/business/domain/vehiclebus/vehiclebus.go:89.40,91.3 1 1
github.com/FITHSCS/backend/business/domain/vehiclebus/vehiclebus.go:93.2,95.65 2 1
github.com/FITHSCS/backend/business/domain/vehiclebus/vehiclebus.go:95.65,97.3 1 0
github.com/FITHSCS/backend/business/domain/vehiclebus/vehiclebus.go:98.2,98.32 1 1
github.com/FITHSCS/backend/business/domain/vehiclebus/vehiclebus.go:101.89,104.16 2 1
github.com/FITHSCS/backend/business/domain/vehiclebus/vehiclebus.go:104.16,106.3 1 0
github.com/FITHSCS/backend/business/domain/vehiclebus/vehiclebus.go:107.2,107.21 1 1
github.com/FITHSCS/backend/business/domain/vehiclebus/vehiclebus.go:110.120,113.16 2 1
github.com/FITHSCS/backend/business/domain/vehiclebus/vehiclebus.go:113.16,115.3 1 0
github.com/FITHSCS/backend/business/domain/vehiclebus/vehiclebus.go:116.2,116.22 1 1
github.com/FITHSCS/backend/business/domain/vehiclebus/vehiclebus.go:119.80,121.2 1 0
github.com/FITHSCS/backend/business/domain/vehiclebus/vehiclebus.go:123.75,125.56 1 2
github.com/FITHSCS/backend/business/domain/vehiclebus/vehiclebus.go:125.56,127.3 1 0
github.com/FITHSCS/backend/business/domain/vehiclebus/vehiclebus.go:128.2,128.12 1 2
