mode: atomic
github.com/FITHSCS/backend/business/domain/auditbus/auditbus.go:31.63,36.2 1 1
github.com/FITHSCS/backend/business/domain/auditbus/auditbus.go:39.76,42.16 2 2
github.com/FITHSCS/backend/business/domain/auditbus/auditbus.go:42.16,44.3 1 0
github.com/FITHSCS/backend/business/domain/auditbus/auditbus.go:46.2,58.52 2 2
github.com/FITHSCS/backend/business/domain/auditbus/auditbus.go:58.52,60.3 1 0
github.com/FITHSCS/backend/business/domain/auditbus/auditbus.go:62.2,62.19 1 2
github.com/FITHSCS/backend/business/domain/auditbus/auditbus.go:66.118,69.16 2 1
github.com/FITHSCS/backend/business/domain/auditbus/auditbus.go:69.16,71.3 1 0
github.com/FITHSCS/backend/business/domain/auditbus/auditbus.go:73.2,73.20 1 1
github.com/FITHSCS/backend/business/domain/auditbus/auditbus.go:77.80,79.2 1 0
github.com/FITHSCS/backend/business/domain/auditbus/testutil.go:14.97,18.19 3 1
github.com/FITHSCS/backend/business/domain/auditbus/testutil.go:18.19,32.3 3 2
github.com/FITHSCS/backend/business/domain/auditbus/testutil.go:34.2,34.18 1 1
github.com/FITHSCS/backend/business/domain/auditbus/testutil.go:38.140,42.31 3 1
github.com/FITHSCS/backend/business/domain/auditbus/testutil.go:42.31,44.17 2 2
github.com/FITHSCS/backend/business/domain/auditbus/testutil.go:44.17,46.4 1 0
github.com/FITHSCS/backend/business/domain/auditbus/testutil.go:48.3,48.18 1 2
github.com/FITHSCS/backend/business/domain/auditbus/testutil.go:51.2,51.20 1 1
github.com/FITHSCS/backend/business/domain/facilitybus/facilitybus.go:54.90,61.44 2 1
github.com/FITHSCS/backend/business/domain/facilitybus/facilitybus.go:61.44,63.17 2 0
github.com/FITHSCS/backend/business/domain/facilitybus/facilitybus.go:63.17,65.4 1 0
github.com/FITHSCS/backend/business/domain/facilitybus/facilitybus.go:68.2,68.10 1 1
github.com/FITHSCS/backend/business/domain/facilitybus/facilitybus.go:71.101,89.55 3 5
github.com/FITHSCS/backend/business/domain/facilitybus/facilitybus.go:89.55,91.3 1 0
github.com/FITHSCS/backend/business/domain/facilitybus/facilitybus.go:92.2,92.22 1 5
github.com/FITHSCS/backend/business/domain/facilitybus/facilitybus.go:95.136,98.16 2 1
github.com/FITHSCS/backend/business/domain/facilitybus/facilitybus.go:98.16,100.3 1 0
github.com/FITHSCS/backend/business/domain/facilitybus/facilitybus.go:102.2,102.38 1 1
github.com/FITHSCS/backend/business/domain/facilitybus/facilitybus.go:102.38,104.3 1 1
github.com/FITHSCS/backend/business/domain/facilitybus/facilitybus.go:106.2,106.38 1 1
github.com/FITHSCS/backend/business/domain/facilitybus/facilitybus.go:106.38,108.3 1 1
github.com/FITHSCS/backend/business/domain/facilitybus/facilitybus.go:110.2,110.33 1 1
github.com/FITHSCS/backend/business/domain/facilitybus/facilitybus.go:110.33,112.3 1 1
github.com/FITHSCS/backend/business/domain/facilitybus/facilitybus.go:114.2,114.32 1 1
github.com/FITHSCS/backend/business/domain/facilitybus/facilitybus.go:114.32,116.3 1 1
github.com/FITHSCS/backend/business/domain/facilitybus/facilitybus.go:118.2,118.34 1 1
github.com/FITHSCS/backend/business/domain/facilitybus/facilitybus.go:118.34,120.3 1 1
github.com/FITHSCS/backend/business/domain/facilitybus/facilitybus.go:121.2,121.35 1 1
github.com/FITHSCS/backend/business/domain/facilitybus/facilitybus.go:121.35,123.3 1 1
github.com/FITHSCS/backend/business/domain/facilitybus/facilitybus.go:124.2,124.40 1 1
github.com/FITHSCS/backend/business/domain/facilitybus/facilitybus.go:124.40,126.3 1 1
github.com/FITHSCS/backend/business/domain/facilitybus/facilitybus.go:128.2,128.41 1 1
github.com/FITHSCS/backend/business/domain/facilitybus/facilitybus.go:128.41,130.3 1 1
github.com/FITHSCS/backend/business/domain/facilitybus/facilitybus.go:132.2,132.38 1 1
github.com/FITHSCS/backend/business/domain/facilitybus/facilitybus.go:132.38,134.3 1 1
github.com/FITHSCS/backend/business/domain/facilitybus/facilitybus.go:136.2,136.35 1 1
github.com/FITHSCS/backend/business/domain/facilitybus/facilitybus.go:136.35,138.3 1 0
github.com/FITHSCS/backend/business/domain/facilitybus/facilitybus.go:140.2,142.61 2 1
github.com/FITHSCS/backend/business/domain/facilitybus/facilitybus.go:142.61,144.3 1 0
github.com/FITHSCS/backend/business/domain/facilitybus/facilitybus.go:145.2,145.28 1 1
github.com/FITHSCS/backend/business/domain/facilitybus/facilitybus.go:148.91,151.16 2 1
github.com/FITHSCS/backend/business/domain/facilitybus/facilitybus.go:151.16,153.3 1 0
github.com/FITHSCS/backend/business/domain/facilitybus/facilitybus.go:154.2,154.22 1 1
github.com/FITHSCS/backend/business/domain/facilitybus/facilitybus.go:156.121,159.16 2 1
github.com/FITHSCS/backend/business/domain/facilitybus/facilitybus.go:159.16,161.3 1 0
github.com/FITHSCS/backend/business/domain/facilitybus/facilitybus.go:162.2,162.24 1 1
github.com/FITHSCS/backend/business/domain/facilitybus/facilitybus.go:165.80,167.2 1 0
github.com/FITHSCS/backend/business/domain/facilitybus/facilitybus.go:169.99,172.16 2 0
github.com/FITHSCS/backend/business/domain/facilitybus/facilitybus.go:172.16,174.3 1 0
github.com/FITHSCS/backend/business/domain/facilitybus/facilitybus.go:176.2,176.24 1 0
github.com/FITHSCS/backend/business/domain/facilitybus/facilitybus.go:176.24,178.3 1 0
github.com/FITHSCS/backend/business/domain/facilitybus/facilitybus.go:180.2,180.61 1 0
github.com/FITHSCS/backend/business/domain/facilitybus/facilitybus.go:180.61,182.3 1 0
github.com/FITHSCS/backend/business/domain/facilitybus/facilitybus.go:183.2,183.12 1 0
github.com/FITHSCS/backend/business/domain/facilitybus/facilitybus.go:187.99,189.61 1 2
github.com/FITHSCS/backend/business/domain/facilitybus/facilitybus.go:189.61,191.3 1 0
github.com/FITHSCS/backend/business/domain/facilitybus/facilitybus.go:192.2,192.12 1 2
github.com/FITHSCS/backend/business/domain/facilitybus/testutil.go:13.71,18.19 4 2
github.com/FITHSCS/backend/business/domain/facilitybus/testutil.go:18.19,34.3 3 4
github.com/FITHSCS/backend/business/domain/facilitybus/testutil.go:36.2,36.14 1 2
github.com/FITHSCS/backend/business/domain/facilitybus/testutil.go:39.115,43.27 3 2
github.com/FITHSCS/backend/business/domain/facilitybus/testutil.go:43.27,45.17 2 4
github.com/FITHSCS/backend/business/domain/facilitybus/testutil.go:45.17,47.4 1 0
github.com/FITHSCS/backend/business/domain/facilitybus/testutil.go:49.3,49.16 1 4
github.com/FITHSCS/backend/business/domain/facilitybus/testutil.go:52.2,52.18 1 2
github.com/FITHSCS/backend/business/domain/manifestbus/manifestbus.go:31.39,33.2 1 0
github.com/FITHSCS/backend/business/domain/manifestbus/manifestbus.go:40.63,46.2 1 1
github.com/FITHSCS/backend/business/domain/manifestbus/manifestbus.go:48.82,70.55 3 5
github.com/FITHSCS/backend/business/domain/manifestbus/manifestbus.go:70.55,72.3 1 0
github.com/FITHSCS/backend/business/domain/manifestbus/manifestbus.go:73.2,73.22 1 5
github.com/FITHSCS/backend/business/domain/manifestbus/manifestbus.go:76.122,79.16 2 1
github.com/FITHSCS/backend/business/domain/manifestbus/manifestbus.go:79.16,81.3 1 0
github.com/FITHSCS/backend/business/domain/manifestbus/manifestbus.go:83.2,83.41 1 1
github.com/FITHSCS/backend/business/domain/manifestbus/manifestbus.go:83.41,85.3 1 1
github.com/FITHSCS/backend/business/domain/manifestbus/manifestbus.go:87.2,87.44 1 1
github.com/FITHSCS/backend/business/domain/manifestbus/manifestbus.go:87.44,89.3 1 1
github.com/FITHSCS/backend/business/domain/manifestbus/manifestbus.go:91.2,91.35 1 1
github.com/FITHSCS/backend/business/domain/manifestbus/manifestbus.go:91.35,93.3 1 1
github.com/FITHSCS/backend/business/domain/manifestbus/manifestbus.go:95.2,95.38 1 1
github.com/FITHSCS/backend/business/domain/manifestbus/manifestbus.go:95.38,97.3 1 1
github.com/FITHSCS/backend/business/domain/manifestbus/manifestbus.go:99.2,99.34 1 1
github.com/FITHSCS/backend/business/domain/manifestbus/manifestbus.go:99.34,101.3 1 1
github.com/FITHSCS/backend/business/domain/manifestbus/manifestbus.go:103.2,103.40 1 1
github.com/FITHSCS/backend/business/domain/manifestbus/manifestbus.go:103.40,105.3 1 1
github.com/FITHSCS/backend/business/domain/manifestbus/manifestbus.go:107.2,107.38 1 1
github.com/FITHSCS/backend/business/domain/manifestbus/manifestbus.go:107.38,109.3 1 1
github.com/FITHSCS/backend/business/domain/manifestbus/manifestbus.go:111.2,111.40 1 1
github.com/FITHSCS/backend/business/domain/manifestbus/manifestbus.go:111.40,113.3 1 1
github.com/FITHSCS/backend/business/domain/manifestbus/manifestbus.go:115.2,115.37 1 1
github.com/FITHSCS/backend/business/domain/manifestbus/manifestbus.go:115.37,117.3 1 1
github.com/FITHSCS/backend/business/domain/manifestbus/manifestbus.go:119.2,119.36 1 1
github.com/FITHSCS/backend/business/domain/manifestbus/manifestbus.go:119.36,121.3 1 1
github.com/FITHSCS/backend/business/domain/manifestbus/manifestbus.go:123.2,125.57 2 1
github.com/FITHSCS/backend/business/domain/manifestbus/manifestbus.go:125.57,127.3 1 0
github.com/FITHSCS/backend/business/domain/manifestbus/manifestbus.go:129.2,129.24 1 1
github.com/FITHSCS/backend/business/domain/manifestbus/manifestbus.go:132.121,135.16 2 1
github.com/FITHSCS/backend/business/domain/manifestbus/manifestbus.go:135.16,137.3 1 0
github.com/FITHSCS/backend/business/domain/manifestbus/manifestbus.go:138.2,138.23 1 1
github.com/FITHSCS/backend/business/domain/manifestbus/manifestbus.go:140.80,142.2 1 0
github.com/FITHSCS/backend/business/domain/manifestbus/manifestbus.go:144.94,147.16 2 1
github.com/FITHSCS/backend/business/domain/manifestbus/manifestbus.go:147.16,149.3 1 0
github.com/FITHSCS/backend/business/domain/manifestbus/manifestbus.go:150.2,150.25 1 1
github.com/FITHSCS/backend/business/domain/manifestbus/manifestbus.go:153.83,155.16 2 2
github.com/FITHSCS/backend/business/domain/manifestbus/manifestbus.go:155.16,157.3 1 0
github.com/FITHSCS/backend/business/domain/manifestbus/manifestbus.go:158.2,158.24 1 2
github.com/FITHSCS/backend/business/domain/manifestbus/manifestbus.go:158.24,160.3 1 0
github.com/FITHSCS/backend/business/domain/manifestbus/manifestbus.go:162.2,162.64 1 2
github.com/FITHSCS/backend/business/domain/manifestbus/manifestbus.go:162.64,164.3 1 0
github.com/FITHSCS/backend/business/domain/manifestbus/manifestbus.go:166.2,166.12 1 2
github.com/FITHSCS/backend/business/domain/manifestbus/manifestbus.go:169.83,171.64 1 2
github.com/FITHSCS/backend/business/domain/manifestbus/manifestbus.go:171.64,173.3 1 0
github.com/FITHSCS/backend/business/domain/manifestbus/manifestbus.go:174.2,174.12 1 2
github.com/FITHSCS/backend/business/domain/manifestbus/testutil.go:14.98,23.19 7 2
github.com/FITHSCS/backend/business/domain/manifestbus/testutil.go:23.19,54.3 5 4
github.com/FITHSCS/backend/business/domain/manifestbus/testutil.go:56.2,56.14 1 2
github.com/FITHSCS/backend/business/domain/manifestbus/testutil.go:59.141,63.27 3 2
github.com/FITHSCS/backend/business/domain/manifestbus/testutil.go:63.27,65.17 2 4
github.com/FITHSCS/backend/business/domain/manifestbus/testutil.go:65.17,67.4 1 0
github.com/FITHSCS/backend/business/domain/manifestbus/testutil.go:69.3,69.16 1 4
github.com/FITHSCS/backend/business/domain/manifestbus/testutil.go:72.2,72.18 1 2
github.com/FITHSCS/backend/business/domain/userbus/testutil.go:15.51,19.19 3 2
github.com/FITHSCS/backend/business/domain/userbus/testutil.go:19.19,32.3 3 4
github.com/FITHSCS/backend/business/domain/userbus/testutil.go:34.2,34.16 1 2
github.com/FITHSCS/backend/business/domain/userbus/testutil.go:38.97,42.29 3 2
github.com/FITHSCS/backend/business/domain/userbus/testutil.go:42.29,44.17 2 4
github.com/FITHSCS/backend/business/domain/userbus/testutil.go:44.17,46.4 1 0
github.com/FITHSCS/backend/business/domain/userbus/testutil.go:47.3,47.16 1 4
github.com/FITHSCS/backend/business/domain/userbus/testutil.go:50.2,50.18 1 2
github.com/FITHSCS/backend/business/domain/userbus/userbus.go:65.90,72.44 2 1
github.com/FITHSCS/backend/business/domain/userbus/userbus.go:72.44,74.17 2 0
github.com/FITHSCS/backend/business/domain/userbus/userbus.go:74.17,76.4 1 0
github.com/FITHSCS/backend/business/domain/userbus/userbus.go:79.2,79.10 1 1
github.com/FITHSCS/backend/business/domain/userbus/userbus.go:83.93,85.16 2 5
github.com/FITHSCS/backend/business/domain/userbus/userbus.go:85.16,87.3 1 0
github.com/FITHSCS/backend/business/domain/userbus/userbus.go:88.2,103.50 3 5
github.com/FITHSCS/backend/business/domain/userbus/userbus.go:103.50,105.3 1 0
github.com/FITHSCS/backend/business/domain/userbus/userbus.go:107.2,107.17 1 5
github.com/FITHSCS/backend/business/domain/userbus/userbus.go:111.106,112.20 1 1
github.com/FITHSCS/backend/business/domain/userbus/userbus.go:112.20,114.3 1 1
github.com/FITHSCS/backend/business/domain/userbus/userbus.go:116.2,116.21 1 1
github.com/FITHSCS/backend/business/domain/userbus/userbus.go:116.21,118.3 1 1
github.com/FITHSCS/backend/business/domain/userbus/userbus.go:120.2,120.21 1 1
github.com/FITHSCS/backend/business/domain/userbus/userbus.go:120.21,122.3 1 0
github.com/FITHSCS/backend/business/domain/userbus/userbus.go:124.2,124.21 1 1
github.com/FITHSCS/backend/business/domain/userbus/userbus.go:124.21,126.3 1 1
github.com/FITHSCS/backend/business/domain/userbus/userbus.go:128.2,128.24 1 1
github.com/FITHSCS/backend/business/domain/userbus/userbus.go:128.24,130.17 2 1
github.com/FITHSCS/backend/business/domain/userbus/userbus.go:130.17,132.4 1 0
github.com/FITHSCS/backend/business/domain/userbus/userbus.go:133.3,133.24 1 1
github.com/FITHSCS/backend/business/domain/userbus/userbus.go:136.2,136.26 1 1
github.com/FITHSCS/backend/business/domain/userbus/userbus.go:136.26,138.3 1 1
github.com/FITHSCS/backend/business/domain/userbus/userbus.go:140.2,140.23 1 1
github.com/FITHSCS/backend/business/domain/userbus/userbus.go:140.23,142.3 1 0
github.com/FITHSCS/backend/business/domain/userbus/userbus.go:144.2,146.50 2 1
github.com/FITHSCS/backend/business/domain/userbus/userbus.go:146.50,148.3 1 0
github.com/FITHSCS/backend/business/domain/userbus/userbus.go:150.2,150.17 1 1
github.com/FITHSCS/backend/business/domain/userbus/userbus.go:154.83,155.50 1 2
github.com/FITHSCS/backend/business/domain/userbus/userbus.go:155.50,157.3 1 0
github.com/FITHSCS/backend/business/domain/userbus/userbus.go:159.2,159.12 1 2
github.com/FITHSCS/backend/business/domain/userbus/userbus.go:163.117,165.16 2 1
github.com/FITHSCS/backend/business/domain/userbus/userbus.go:165.16,167.3 1 0
github.com/FITHSCS/backend/business/domain/userbus/userbus.go:169.2,169.19 1 1
github.com/FITHSCS/backend/business/domain/userbus/userbus.go:173.80,175.2 1 0
github.com/FITHSCS/backend/business/domain/userbus/userbus.go:178.83,180.16 2 0
github.com/FITHSCS/backend/business/domain/userbus/userbus.go:180.16,182.3 1 0
github.com/FITHSCS/backend/business/domain/userbus/userbus.go:184.2,184.18 1 0
github.com/FITHSCS/backend/business/domain/userbus/userbus.go:188.88,190.16 2 0
github.com/FITHSCS/backend/business/domain/userbus/userbus.go:190.16,192.3 1 0
github.com/FITHSCS/backend/business/domain/userbus/userbus.go:194.2,194.18 1 0
github.com/FITHSCS/backend/business/domain/userbus/userbus.go:198.98,200.16 2 0
github.com/FITHSCS/backend/business/domain/userbus/userbus.go:200.16,202.3 1 0
github.com/FITHSCS/backend/business/domain/userbus/userbus.go:204.2,204.18 1 0
github.com/FITHSCS/backend/business/domain/userbus/userbus.go:210.117,212.16 2 0
github.com/FITHSCS/backend/business/domain/userbus/userbus.go:212.16,214.3 1 0
github.com/FITHSCS/backend/business/domain/userbus/userbus.go:216.2,216.90 1 0
github.com/FITHSCS/backend/business/domain/userbus/userbus.go:216.90,218.3 1 0
github.com/FITHSCS/backend/business/domain/userbus/userbus.go:220.2,220.17 1 0
github.com/FITHSCS/backend/business/domain/gpstrackingbus/gpstrackingbus.go:34.39,36.2 1 0
github.com/FITHSCS/backend/business/domain/gpstrackingbus/gpstrackingbus.go:45.63,51.2 1 1
github.com/FITHSCS/backend/business/domain/gpstrackingbus/gpstrackingbus.go:54.87,75.57 3 5
github.com/FITHSCS/backend/business/domain/gpstrackingbus/gpstrackingbus.go:75.57,77.3 1 0
github.com/FITHSCS/backend/business/domain/gpstrackingbus/gpstrackingbus.go:79.2,79.24 1 5
github.com/FITHSCS/backend/business/domain/gpstrackingbus/gpstrackingbus.go:82.122,86.16 2 1
github.com/FITHSCS/backend/business/domain/gpstrackingbus/gpstrackingbus.go:86.16,88.3 1 0
github.com/FITHSCS/backend/business/domain/gpstrackingbus/gpstrackingbus.go:90.2,90.32 1 1
github.com/FITHSCS/backend/business/domain/gpstrackingbus/gpstrackingbus.go:90.32,92.3 1 1
github.com/FITHSCS/backend/business/domain/gpstrackingbus/gpstrackingbus.go:94.2,94.44 1 1
github.com/FITHSCS/backend/business/domain/gpstrackingbus/gpstrackingbus.go:94.44,96.3 1 1
github.com/FITHSCS/backend/business/domain/gpstrackingbus/gpstrackingbus.go:98.2,98.34 1 1
github.com/FITHSCS/backend/business/domain/gpstrackingbus/gpstrackingbus.go:98.34,100.3 1 1
github.com/FITHSCS/backend/business/domain/gpstrackingbus/gpstrackingbus.go:102.2,102.33 1 1
github.com/FITHSCS/backend/business/domain/gpstrackingbus/gpstrackingbus.go:102.33,104.3 1 1
github.com/FITHSCS/backend/business/domain/gpstrackingbus/gpstrackingbus.go:106.2,106.34 1 1
github.com/FITHSCS/backend/business/domain/gpstrackingbus/gpstrackingbus.go:106.34,108.3 1 1
github.com/FITHSCS/backend/business/domain/gpstrackingbus/gpstrackingbus.go:111.2,111.33 1 1
github.com/FITHSCS/backend/business/domain/gpstrackingbus/gpstrackingbus.go:111.33,113.3 1 1
github.com/FITHSCS/backend/business/domain/gpstrackingbus/gpstrackingbus.go:115.2,115.34 1 1
github.com/FITHSCS/backend/business/domain/gpstrackingbus/gpstrackingbus.go:115.34,117.3 1 1
github.com/FITHSCS/backend/business/domain/gpstrackingbus/gpstrackingbus.go:119.2,121.61 2 1
github.com/FITHSCS/backend/business/domain/gpstrackingbus/gpstrackingbus.go:121.61,123.3 1 0
github.com/FITHSCS/backend/business/domain/gpstrackingbus/gpstrackingbus.go:125.2,125.28 1 1
github.com/FITHSCS/backend/business/domain/gpstrackingbus/gpstrackingbus.go:129.95,132.16 2 1
github.com/FITHSCS/backend/business/domain/gpstrackingbus/gpstrackingbus.go:132.16,134.3 1 0
github.com/FITHSCS/backend/business/domain/gpstrackingbus/gpstrackingbus.go:136.2,136.24 1 1
github.com/FITHSCS/backend/business/domain/gpstrackingbus/gpstrackingbus.go:140.123,142.16 2 1
github.com/FITHSCS/backend/business/domain/gpstrackingbus/gpstrackingbus.go:142.16,144.3 1 0
github.com/FITHSCS/backend/business/domain/gpstrackingbus/gpstrackingbus.go:146.2,146.18 1 1
github.com/FITHSCS/backend/business/domain/gpstrackingbus/gpstrackingbus.go:150.80,152.2 1 0
github.com/FITHSCS/backend/business/domain/gpstrackingbus/gpstrackingbus.go:154.82,156.63 1 2
github.com/FITHSCS/backend/business/domain/gpstrackingbus/gpstrackingbus.go:156.63,158.3 1 0
github.com/FITHSCS/backend/business/domain/gpstrackingbus/gpstrackingbus.go:160.2,160.12 1 2
github.com/FITHSCS/backend/business/domain/gpstrackingbus/gpstrackingbus.go:163.82,165.63 1 2
github.com/FITHSCS/backend/business/domain/gpstrackingbus/gpstrackingbus.go:165.63,167.3 1 0
github.com/FITHSCS/backend/business/domain/gpstrackingbus/gpstrackingbus.go:169.2,169.12 1 2
github.com/FITHSCS/backend/business/domain/gpstrackingbus/testutil.go:13.88,19.19 4 2
github.com/FITHSCS/backend/business/domain/gpstrackingbus/testutil.go:19.19,36.3 3 4
github.com/FITHSCS/backend/business/domain/gpstrackingbus/testutil.go:38.2,38.17 1 2
github.com/FITHSCS/backend/business/domain/gpstrackingbus/testutil.go:41.131,45.27 3 2
github.com/FITHSCS/backend/business/domain/gpstrackingbus/testutil.go:45.27,47.17 2 4
github.com/FITHSCS/backend/business/domain/gpstrackingbus/testutil.go:47.17,49.4 1 0
github.com/FITHSCS/backend/business/domain/gpstrackingbus/testutil.go:51.3,51.16 1 4
github.com/FITHSCS/backend/business/domain/gpstrackingbus/testutil.go:54.2,54.18 1 2
github.com/FITHSCS/backend/business/domain/signaturebus/signaturebus.go:25.39,27.2 1 0
github.com/FITHSCS/backend/business/domain/signaturebus/signaturebus.go:34.63,39.2 1 1
github.com/FITHSCS/backend/business/domain/signaturebus/signaturebus.go:41.84,64.56 3 5
github.com/FITHSCS/backend/business/domain/signaturebus/signaturebus.go:64.56,66.3 1 0
github.com/FITHSCS/backend/business/domain/signaturebus/signaturebus.go:68.2,68.23 1 5
github.com/FITHSCS/backend/business/domain/signaturebus/signaturebus.go:71.123,74.16 2 1
github.com/FITHSCS/backend/business/domain/signaturebus/signaturebus.go:74.16,76.3 1 0
github.com/FITHSCS/backend/business/domain/signaturebus/signaturebus.go:78.2,78.39 1 1
github.com/FITHSCS/backend/business/domain/signaturebus/signaturebus.go:78.39,80.3 1 1
github.com/FITHSCS/backend/business/domain/signaturebus/signaturebus.go:82.2,82.39 1 1
github.com/FITHSCS/backend/business/domain/signaturebus/signaturebus.go:82.39,84.3 1 1
github.com/FITHSCS/backend/business/domain/signaturebus/signaturebus.go:86.2,86.38 1 1
github.com/FITHSCS/backend/business/domain/signaturebus/signaturebus.go:86.38,88.3 1 1
github.com/FITHSCS/backend/business/domain/signaturebus/signaturebus.go:90.2,90.42 1 1
github.com/FITHSCS/backend/business/domain/signaturebus/signaturebus.go:90.42,92.3 1 1
github.com/FITHSCS/backend/business/domain/signaturebus/signaturebus.go:94.2,94.42 1 1
github.com/FITHSCS/backend/business/domain/signaturebus/signaturebus.go:94.42,96.3 1 1
github.com/FITHSCS/backend/business/domain/signaturebus/signaturebus.go:98.2,98.37 1 1
github.com/FITHSCS/backend/business/domain/signaturebus/signaturebus.go:98.37,100.3 1 1
github.com/FITHSCS/backend/business/domain/signaturebus/signaturebus.go:102.2,102.37 1 1
github.com/FITHSCS/backend/business/domain/signaturebus/signaturebus.go:102.37,104.3 1 1
github.com/FITHSCS/backend/business/domain/signaturebus/signaturebus.go:106.2,106.38 1 1
github.com/FITHSCS/backend/business/domain/signaturebus/signaturebus.go:106.38,108.3 1 1
github.com/FITHSCS/backend/business/domain/signaturebus/signaturebus.go:110.2,110.37 1 1
github.com/FITHSCS/backend/business/domain/signaturebus/signaturebus.go:110.37,112.3 1 1
github.com/FITHSCS/backend/business/domain/signaturebus/signaturebus.go:114.2,114.43 1 1
github.com/FITHSCS/backend/business/domain/signaturebus/signaturebus.go:114.43,116.3 1 1
github.com/FITHSCS/backend/business/domain/signaturebus/signaturebus.go:118.2,118.39 1 1
github.com/FITHSCS/backend/business/domain/signaturebus/signaturebus.go:118.39,120.3 1 1
github.com/FITHSCS/backend/business/domain/signaturebus/signaturebus.go:122.2,122.37 1 1
github.com/FITHSCS/backend/business/domain/signaturebus/signaturebus.go:122.37,124.3 1 1
github.com/FITHSCS/backend/business/domain/signaturebus/signaturebus.go:126.2,126.38 1 1
github.com/FITHSCS/backend/business/domain/signaturebus/signaturebus.go:126.38,128.3 1 1
github.com/FITHSCS/backend/business/domain/signaturebus/signaturebus.go:130.2,132.55 2 1
github.com/FITHSCS/backend/business/domain/signaturebus/signaturebus.go:132.55,134.3 1 0
github.com/FITHSCS/backend/business/domain/signaturebus/signaturebus.go:135.2,135.22 1 1
github.com/FITHSCS/backend/business/domain/signaturebus/signaturebus.go:138.93,141.16 2 1
github.com/FITHSCS/backend/business/domain/signaturebus/signaturebus.go:141.16,143.3 1 0
github.com/FITHSCS/backend/business/domain/signaturebus/signaturebus.go:144.2,144.23 1 1
github.com/FITHSCS/backend/business/domain/signaturebus/signaturebus.go:147.122,150.16 2 1
github.com/FITHSCS/backend/business/domain/signaturebus/signaturebus.go:150.16,152.3 1 0
github.com/FITHSCS/backend/business/domain/signaturebus/signaturebus.go:153.2,153.24 1 1
github.com/FITHSCS/backend/business/domain/signaturebus/signaturebus.go:156.80,158.2 1 0
github.com/FITHSCS/backend/business/domain/signaturebus/signaturebus.go:160.81,163.16 2 2
github.com/FITHSCS/backend/business/domain/signaturebus/signaturebus.go:163.16,165.3 1 0
github.com/FITHSCS/backend/business/domain/signaturebus/signaturebus.go:167.2,167.24 1 2
github.com/FITHSCS/backend/business/domain/signaturebus/signaturebus.go:167.24,169.3 1 0
github.com/FITHSCS/backend/business/domain/signaturebus/signaturebus.go:171.2,171.62 1 2
github.com/FITHSCS/backend/business/domain/signaturebus/signaturebus.go:171.62,173.3 1 0
github.com/FITHSCS/backend/business/domain/signaturebus/signaturebus.go:174.2,174.12 1 2
github.com/FITHSCS/backend/business/domain/signaturebus/signaturebus.go:178.81,179.62 1 2
github.com/FITHSCS/backend/business/domain/signaturebus/signaturebus.go:179.62,181.3 1 0
github.com/FITHSCS/backend/business/domain/signaturebus/signaturebus.go:182.2,182.12 1 2
github.com/FITHSCS/backend/business/domain/signaturebus/testutil.go:14.79,24.19 8 2
github.com/FITHSCS/backend/business/domain/signaturebus/testutil.go:24.19,44.3 3 4
github.com/FITHSCS/backend/business/domain/signaturebus/testutil.go:46.2,46.14 1 2
github.com/FITHSCS/backend/business/domain/signaturebus/testutil.go:49.122,53.27 3 2
github.com/FITHSCS/backend/business/domain/signaturebus/testutil.go:53.27,55.17 2 4
github.com/FITHSCS/backend/business/domain/signaturebus/testutil.go:55.17,57.4 1 0
github.com/FITHSCS/backend/business/domain/signaturebus/testutil.go:59.3,59.16 1 4
github.com/FITHSCS/backend/business/domain/signaturebus/testutil.go:62.2,62.18 1 2
github.com/FITHSCS/backend/business/domain/vehiclebus/testutil.go:12.50,16.19 3 2
github.com/FITHSCS/backend/business/domain/vehiclebus/testutil.go:16.19,28.3 3 4
github.com/FITHSCS/backend/business/domain/vehiclebus/testutil.go:30.2,30.17 1 2
github.com/FITHSCS/backend/business/domain/vehiclebus/testutil.go:33.95,37.27 3 2
github.com/FITHSCS/backend/business/domain/vehiclebus/testutil.go:37.27,39.17 2 4
github.com/FITHSCS/backend/business/domain/vehiclebus/testutil.go:39.17,41.4 1 0
github.com/FITHSCS/backend/business/domain/vehiclebus/testutil.go:43.3,43.16 1 4
github.com/FITHSCS/backend/business/domain/vehiclebus/testutil.go:46.2,46.18 1 2
github.com/FITHSCS/backend/business/domain/vehiclebus/vehiclebus.go:52.90,59.44 2 1
github.com/FITHSCS/backend/business/domain/vehiclebus/vehiclebus.go:59.44,61.17 2 0
github.com/FITHSCS/backend/business/domain/vehiclebus/vehiclebus.go:61.17,63.4 1 0
github.com/FITHSCS/backend/business/domain/vehiclebus/vehiclebus.go:66.2,66.10 1 1
github.com/FITHSCS/backend/business/domain/vehiclebus/vehiclebus.go:69.99,85.54 3 5
github.com/FITHSCS/backend/business/domain/vehiclebus/vehiclebus.go:85.54,87.3 1 0
github.com/FITHSCS/backend/business/domain/vehiclebus/vehiclebus.go:88.2,88.21 1 5
github.com/FITHSCS/backend/business/domain/vehiclebus/vehiclebus.go:91.134,94.16 2 1
github.com/FITHSCS/backend/business/domain/vehiclebus/vehiclebus.go:94.16,96.3 1 0
github.com/FITHSCS/backend/business/domain/vehiclebus/vehiclebus.go:98.2,98.38 1 1
github.com/FITHSCS/backend/business/domain/vehiclebus/vehiclebus.go:98.38,100.3 1 1
github.com/FITHSCS/backend/business/domain/vehiclebus/vehiclebus.go:102.2,102.38 1 1
github.com/FITHSCS/backend/business/domain/vehiclebus/vehiclebus.go:102.38,104.3 1 1
github.com/FITHSCS/backend/business/domain/vehiclebus/vehiclebus.go:106.2,106.41 1 1
github.com/FITHSCS/backend/business/domain/vehiclebus/vehiclebus.go:106.41,108.3 1 1
github.com/FITHSCS/backend/business/domain/vehiclebus/vehiclebus.go:110.2,110.41 1 1
github.com/FITHSCS/backend/business/domain/vehiclebus/vehiclebus.go:110.41,112.3 1 1
github.com/FITHSCS/backend/business/domain/vehiclebus/vehiclebus.go:114.2,114.40 1 1
github.com/FITHSCS/backend/business/domain/vehiclebus/vehiclebus.go:114.40,116.3 1 1
github.com/FITHSCS/backend/business/domain/vehiclebus/vehiclebus.go:118.2,120.65 2 1
github.com/FITHSCS/backend/business/domain/vehiclebus/vehiclebus.go:120.65,122.3 1 0
github.com/FITHSCS/backend/business/domain/vehiclebus/vehiclebus.go:123.2,123.32 1 1
github.com/FITHSCS/backend/business/domain/vehiclebus/vehiclebus.go:126.89,129.16 2 1
github.com/FITHSCS/backend/business/domain/vehiclebus/vehiclebus.go:129.16,131.3 1 0
github.com/FITHSCS/backend/business/domain/vehiclebus/vehiclebus.go:132.2,132.21 1 1
github.com/FITHSCS/backend/business/domain/vehiclebus/vehiclebus.go:135.120,138.16 2 1
github.com/FITHSCS/backend/business/domain/vehiclebus/vehiclebus.go:138.16,140.3 1 0
github.com/FITHSCS/backend/business/domain/vehiclebus/vehiclebus.go:141.2,141.22 1 1
github.com/FITHSCS/backend/business/domain/vehiclebus/vehiclebus.go:144.80,146.2 1 0
github.com/FITHSCS/backend/business/domain/vehiclebus/vehiclebus.go:148.94,150.56 1 2
github.com/FITHSCS/backend/business/domain/vehiclebus/vehiclebus.go:150.56,152.3 1 0
github.com/FITHSCS/backend/business/domain/vehiclebus/vehiclebus.go:153.2,153.12 1 2
github.com/FITHSCS/backend/business/domain/delexceptionbus/delexceptionbus.go:36.39,38.2 1 0
github.com/FITHSCS/backend/business/domain/delexceptionbus/delexceptionbus.go:40.63,45.2 1 1
github.com/FITHSCS/backend/business/domain/delexceptionbus/delexceptionbus.go:47.101,67.55 3 6
github.com/FITHSCS/backend/business/domain/delexceptionbus/delexceptionbus.go:67.55,69.3 1 0
github.com/FITHSCS/backend/business/domain/delexceptionbus/delexceptionbus.go:70.2,70.22 1 6
github.com/FITHSCS/backend/business/domain/delexceptionbus/delexceptionbus.go:73.127,76.16 2 4
github.com/FITHSCS/backend/business/domain/delexceptionbus/delexceptionbus.go:76.16,78.3 1 0
github.com/FITHSCS/backend/business/domain/delexceptionbus/delexceptionbus.go:80.2,80.33 1 4
github.com/FITHSCS/backend/business/domain/delexceptionbus/delexceptionbus.go:80.33,82.3 1 4
github.com/FITHSCS/backend/business/domain/delexceptionbus/delexceptionbus.go:84.2,84.39 1 4
github.com/FITHSCS/backend/business/domain/delexceptionbus/delexceptionbus.go:84.39,86.3 1 4
github.com/FITHSCS/backend/business/domain/delexceptionbus/delexceptionbus.go:88.2,88.31 1 4
github.com/FITHSCS/backend/business/domain/delexceptionbus/delexceptionbus.go:88.31,90.3 1 4
github.com/FITHSCS/backend/business/domain/delexceptionbus/delexceptionbus.go:92.2,92.36 1 4
github.com/FITHSCS/backend/business/domain/delexceptionbus/delexceptionbus.go:92.36,94.3 1 4
github.com/FITHSCS/backend/business/domain/delexceptionbus/delexceptionbus.go:96.2,96.34 1 4
github.com/FITHSCS/backend/business/domain/delexceptionbus/delexceptionbus.go:96.34,98.3 1 4
github.com/FITHSCS/backend/business/domain/delexceptionbus/delexceptionbus.go:100.2,100.39 1 4
github.com/FITHSCS/backend/business/domain/delexceptionbus/delexceptionbus.go:100.39,102.3 1 4
github.com/FITHSCS/backend/business/domain/delexceptionbus/delexceptionbus.go:104.2,104.34 1 4
github.com/FITHSCS/backend/business/domain/delexceptionbus/delexceptionbus.go:104.34,106.3 1 4
github.com/FITHSCS/backend/business/domain/delexceptionbus/delexceptionbus.go:108.2,108.33 1 4
github.com/FITHSCS/backend/business/domain/delexceptionbus/delexceptionbus.go:108.33,110.3 1 4
github.com/FITHSCS/backend/business/domain/delexceptionbus/delexceptionbus.go:112.2,114.60 2 4
github.com/FITHSCS/backend/business/domain/delexceptionbus/delexceptionbus.go:114.60,116.3 1 0
github.com/FITHSCS/backend/business/domain/delexceptionbus/delexceptionbus.go:117.2,117.27 1 4
github.com/FITHSCS/backend/business/domain/delexceptionbus/delexceptionbus.go:120.95,123.16 2 1
github.com/FITHSCS/backend/business/domain/delexceptionbus/delexceptionbus.go:123.16,125.3 1 0
github.com/FITHSCS/backend/business/domain/delexceptionbus/delexceptionbus.go:126.2,126.22 1 1
github.com/FITHSCS/backend/business/domain/delexceptionbus/delexceptionbus.go:128.130,131.16 2 1
github.com/FITHSCS/backend/business/domain/delexceptionbus/delexceptionbus.go:131.16,133.3 1 0
github.com/FITHSCS/backend/business/domain/delexceptionbus/delexceptionbus.go:134.2,134.27 1 1
github.com/FITHSCS/backend/business/domain/delexceptionbus/delexceptionbus.go:137.80,139.2 1 0
github.com/FITHSCS/backend/business/domain/delexceptionbus/delexceptionbus.go:141.84,144.16 2 2
github.com/FITHSCS/backend/business/domain/delexceptionbus/delexceptionbus.go:144.16,146.3 1 0
github.com/FITHSCS/backend/business/domain/delexceptionbus/delexceptionbus.go:148.2,148.24 1 2
github.com/FITHSCS/backend/business/domain/delexceptionbus/delexceptionbus.go:148.24,150.3 1 0
github.com/FITHSCS/backend/business/domain/delexceptionbus/delexceptionbus.go:152.2,152.65 1 2
github.com/FITHSCS/backend/business/domain/delexceptionbus/delexceptionbus.go:152.65,154.3 1 0
github.com/FITHSCS/backend/business/domain/delexceptionbus/delexceptionbus.go:155.2,155.12 1 2
github.com/FITHSCS/backend/business/domain/delexceptionbus/delexceptionbus.go:159.84,161.65 1 2
github.com/FITHSCS/backend/business/domain/delexceptionbus/delexceptionbus.go:161.65,163.3 1 0
github.com/FITHSCS/backend/business/domain/delexceptionbus/delexceptionbus.go:164.2,164.12 1 2
github.com/FITHSCS/backend/business/domain/delexceptionbus/testutil.go:13.104,31.19 10 2
github.com/FITHSCS/backend/business/domain/delexceptionbus/testutil.go:31.19,49.3 3 4
github.com/FITHSCS/backend/business/domain/delexceptionbus/testutil.go:51.2,51.14 1 2
github.com/FITHSCS/backend/business/domain/delexceptionbus/testutil.go:54.147,58.27 3 2
github.com/FITHSCS/backend/business/domain/delexceptionbus/testutil.go:58.27,60.17 2 4
github.com/FITHSCS/backend/business/domain/delexceptionbus/testutil.go:60.17,62.4 1 0
github.com/FITHSCS/backend/business/domain/delexceptionbus/testutil.go:64.3,64.16 1 4
github.com/FITHSCS/backend/business/domain/delexceptionbus/testutil.go:67.2,67.18 1 2
github.com/FITHSCS/backend/business/domain/imagebus/imagebus.go:37.39,39.2 1 0
github.com/FITHSCS/backend/business/domain/imagebus/imagebus.go:42.63,48.2 1 1
github.com/FITHSCS/backend/business/domain/imagebus/imagebus.go:50.76,70.52 3 6
github.com/FITHSCS/backend/business/domain/imagebus/imagebus.go:70.52,72.3 1 0
github.com/FITHSCS/backend/business/domain/imagebus/imagebus.go:73.2,73.19 1 6
github.com/FITHSCS/backend/business/domain/imagebus/imagebus.go:76.103,79.16 2 2
github.com/FITHSCS/backend/business/domain/imagebus/imagebus.go:79.16,81.3 1 0
github.com/FITHSCS/backend/business/domain/imagebus/imagebus.go:83.2,83.33 1 2
github.com/FITHSCS/backend/business/domain/imagebus/imagebus.go:83.33,85.3 1 2
github.com/FITHSCS/backend/business/domain/imagebus/imagebus.go:87.2,87.33 1 2
github.com/FITHSCS/backend/business/domain/imagebus/imagebus.go:87.33,89.3 1 2
github.com/FITHSCS/backend/business/domain/imagebus/imagebus.go:91.2,91.34 1 2
github.com/FITHSCS/backend/business/domain/imagebus/imagebus.go:91.34,93.3 1 2
github.com/FITHSCS/backend/business/domain/imagebus/imagebus.go:95.2,95.32 1 2
github.com/FITHSCS/backend/business/domain/imagebus/imagebus.go:95.32,97.3 1 2
github.com/FITHSCS/backend/business/domain/imagebus/imagebus.go:99.2,99.32 1 2
github.com/FITHSCS/backend/business/domain/imagebus/imagebus.go:99.32,101.3 1 2
github.com/FITHSCS/backend/business/domain/imagebus/imagebus.go:103.2,103.31 1 2
github.com/FITHSCS/backend/business/domain/imagebus/imagebus.go:103.31,105.3 1 2
github.com/FITHSCS/backend/business/domain/imagebus/imagebus.go:107.2,107.32 1 2
github.com/FITHSCS/backend/business/domain/imagebus/imagebus.go:107.32,109.3 1 2
github.com/FITHSCS/backend/business/domain/imagebus/imagebus.go:111.2,111.31 1 2
github.com/FITHSCS/backend/business/domain/imagebus/imagebus.go:111.31,113.3 1 2
github.com/FITHSCS/backend/business/domain/imagebus/imagebus.go:115.2,117.55 2 2
github.com/FITHSCS/backend/business/domain/imagebus/imagebus.go:117.55,119.3 1 0
github.com/FITHSCS/backend/business/domain/imagebus/imagebus.go:121.2,121.22 1 2
github.com/FITHSCS/backend/business/domain/imagebus/imagebus.go:124.118,126.16 2 1
github.com/FITHSCS/backend/business/domain/imagebus/imagebus.go:126.16,128.3 1 0
github.com/FITHSCS/backend/business/domain/imagebus/imagebus.go:129.2,129.20 1 1
github.com/FITHSCS/backend/business/domain/imagebus/imagebus.go:131.80,133.2 1 0
github.com/FITHSCS/backend/business/domain/imagebus/imagebus.go:135.85,138.16 2 1
github.com/FITHSCS/backend/business/domain/imagebus/imagebus.go:138.16,140.3 1 0
github.com/FITHSCS/backend/business/domain/imagebus/imagebus.go:141.2,141.25 1 1
github.com/FITHSCS/backend/business/domain/imagebus/imagebus.go:144.77,146.16 2 2
github.com/FITHSCS/backend/business/domain/imagebus/imagebus.go:146.16,148.3 1 0
github.com/FITHSCS/backend/business/domain/imagebus/imagebus.go:149.2,149.24 1 2
github.com/FITHSCS/backend/business/domain/imagebus/imagebus.go:149.24,151.3 1 0
github.com/FITHSCS/backend/business/domain/imagebus/imagebus.go:153.2,153.58 1 2
github.com/FITHSCS/backend/business/domain/imagebus/imagebus.go:153.58,155.3 1 0
github.com/FITHSCS/backend/business/domain/imagebus/imagebus.go:157.2,157.12 1 2
github.com/FITHSCS/backend/business/domain/imagebus/imagebus.go:160.77,162.58 1 2
github.com/FITHSCS/backend/business/domain/imagebus/imagebus.go:162.58,164.3 1 0
github.com/FITHSCS/backend/business/domain/imagebus/imagebus.go:165.2,165.12 1 2
github.com/FITHSCS/backend/business/domain/imagebus/testutil.go:14.96,25.19 8 2
github.com/FITHSCS/backend/business/domain/imagebus/testutil.go:25.19,41.3 3 4
github.com/FITHSCS/backend/business/domain/imagebus/testutil.go:43.2,43.14 1 2
github.com/FITHSCS/backend/business/domain/imagebus/testutil.go:46.139,50.27 3 2
github.com/FITHSCS/backend/business/domain/imagebus/testutil.go:50.27,52.17 2 4
github.com/FITHSCS/backend/business/domain/imagebus/testutil.go:52.17,54.4 1 0
github.com/FITHSCS/backend/business/domain/imagebus/testutil.go:56.3,56.16 1 4
github.com/FITHSCS/backend/business/domain/imagebus/testutil.go:59.2,59.18 1 2
github.com/FITHSCS/backend/business/domain/qrcodebus/qrcodebus.go:30.39,32.2 1 0
github.com/FITHSCS/backend/business/domain/qrcodebus/qrcodebus.go:39.63,44.2 1 1
github.com/FITHSCS/backend/business/domain/qrcodebus/qrcodebus.go:46.78,61.53 3 5
github.com/FITHSCS/backend/business/domain/qrcodebus/qrcodebus.go:61.53,63.3 1 0
github.com/FITHSCS/backend/business/domain/qrcodebus/qrcodebus.go:65.2,65.20 1 5
github.com/FITHSCS/backend/business/domain/qrcodebus/qrcodebus.go:68.119,70.16 2 1
github.com/FITHSCS/backend/business/domain/qrcodebus/qrcodebus.go:70.16,72.3 1 0
github.com/FITHSCS/backend/business/domain/qrcodebus/qrcodebus.go:73.2,73.21 1 1
github.com/FITHSCS/backend/business/domain/qrcodebus/qrcodebus.go:76.87,79.16 2 1
github.com/FITHSCS/backend/business/domain/qrcodebus/qrcodebus.go:79.16,81.3 1 0
github.com/FITHSCS/backend/business/domain/qrcodebus/qrcodebus.go:82.2,82.20 1 1
github.com/FITHSCS/backend/business/domain/qrcodebus/qrcodebus.go:85.89,87.16 2 1
github.com/FITHSCS/backend/business/domain/qrcodebus/qrcodebus.go:87.16,89.3 1 0
github.com/FITHSCS/backend/business/domain/qrcodebus/qrcodebus.go:90.2,90.20 1 1
github.com/FITHSCS/backend/business/domain/qrcodebus/qrcodebus.go:93.80,95.2 1 0
github.com/FITHSCS/backend/business/domain/qrcodebus/qrcodebus.go:97.79,98.60 1 2
github.com/FITHSCS/backend/business/domain/qrcodebus/qrcodebus.go:98.60,100.3 1 0
github.com/FITHSCS/backend/business/domain/qrcodebus/qrcodebus.go:101.2,101.12 1 2
github.com/FITHSCS/backend/business/domain/qrcodebus/utiltest.go:12.64,20.19 6 2
github.com/FITHSCS/backend/business/domain/qrcodebus/utiltest.go:20.19,32.3 3 4
github.com/FITHSCS/backend/business/domain/qrcodebus/utiltest.go:34.2,34.14 1 2
github.com/FITHSCS/backend/business/domain/qrcodebus/utiltest.go:37.107,41.27 3 2
github.com/FITHSCS/backend/business/domain/qrcodebus/utiltest.go:41.27,43.17 2 4
github.com/FITHSCS/backend/business/domain/qrcodebus/utiltest.go:43.17,45.4 1 0
github.com/FITHSCS/backend/business/domain/qrcodebus/utiltest.go:46.3,46.16 1 4
github.com/FITHSCS/backend/business/domain/qrcodebus/utiltest.go:49.2,49.18 1 2
github.com/FITHSCS/backend/business/domain/syncbatchbus/syncbatchbus.go:23.39,25.2 1 0
github.com/FITHSCS/backend/business/domain/syncbatchbus/syncbatchbus.go:32.63,38.2 1 1
github.com/FITHSCS/backend/business/domain/syncbatchbus/syncbatchbus.go:40.84,44.50 3 36
github.com/FITHSCS/backend/business/domain/syncbatchbus/syncbatchbus.go:44.50,48.8 1 18
github.com/FITHSCS/backend/business/domain/syncbatchbus/syncbatchbus.go:50.7,51.52 2 36
github.com/FITHSCS/backend/business/domain/syncbatchbus/syncbatchbus.go:51.52,57.8 1 18
github.com/FITHSCS/backend/business/domain/syncbatchbus/syncbatchbus.go:58.7,76.61 3 36
github.com/FITHSCS/backend/business/domain/syncbatchbus/syncbatchbus.go:76.61,78.8 1 0
github.com/FITHSCS/backend/business/domain/syncbatchbus/syncbatchbus.go:79.7,79.28 1 36
github.com/FITHSCS/backend/business/domain/syncbatchbus/syncbatchbus.go:81.93,84.21 2 12
github.com/FITHSCS/backend/business/domain/syncbatchbus/syncbatchbus.go:84.21,86.8 1 0
github.com/FITHSCS/backend/business/domain/syncbatchbus/syncbatchbus.go:87.7,88.28 2 12
github.com/FITHSCS/backend/business/domain/syncbatchbus/testutil.go:14.114,19.26 3 1
github.com/FITHSCS/backend/business/domain/syncbatchbus/testutil.go:19.26,63.4 5 2
github.com/FITHSCS/backend/business/domain/syncbatchbus/testutil.go:64.3,64.15 1 1
github.com/FITHSCS/backend/business/domain/syncbatchbus/testutil.go:69.159,74.26 3 1
github.com/FITHSCS/backend/business/domain/syncbatchbus/testutil.go:74.26,115.4 5 2
github.com/FITHSCS/backend/business/domain/syncbatchbus/testutil.go:116.3,116.15 1 1
github.com/FITHSCS/backend/business/domain/syncbatchbus/testutil.go:122.126,128.28 3 1
github.com/FITHSCS/backend/business/domain/syncbatchbus/testutil.go:128.28,170.6 5 2
github.com/FITHSCS/backend/business/domain/syncbatchbus/testutil.go:171.5,171.17 1 1
github.com/FITHSCS/backend/business/domain/syncbatchbus/testutil.go:174.100,179.26 3 1
github.com/FITHSCS/backend/business/domain/syncbatchbus/testutil.go:179.26,216.4 5 2
github.com/FITHSCS/backend/business/domain/syncbatchbus/testutil.go:217.3,217.15 1 1
github.com/FITHSCS/backend/business/domain/syncbatchbus/testutil.go:222.110,227.26 3 1
github.com/FITHSCS/backend/business/domain/syncbatchbus/testutil.go:227.26,266.4 5 2
github.com/FITHSCS/backend/business/domain/syncbatchbus/testutil.go:267.3,267.15 1 1
github.com/FITHSCS/backend/business/domain/syncbatchbus/testutil.go:273.120,277.26 3 1
github.com/FITHSCS/backend/business/domain/syncbatchbus/testutil.go:277.26,315.4 5 2
github.com/FITHSCS/backend/business/domain/syncbatchbus/testutil.go:316.3,316.15 1 1
github.com/FITHSCS/backend/business/domain/syncbatchbus/testutil.go:320.130,324.26 3 1
github.com/FITHSCS/backend/business/domain/syncbatchbus/testutil.go:324.26,364.4 5 2
github.com/FITHSCS/backend/business/domain/syncbatchbus/testutil.go:365.3,365.15 1 1
github.com/FITHSCS/backend/business/domain/syncbatchbus/testutil.go:371.112,376.30 3 1
github.com/FITHSCS/backend/business/domain/syncbatchbus/testutil.go:376.30,414.4 5 2
github.com/FITHSCS/backend/business/domain/syncbatchbus/testutil.go:415.3,415.15 1 1
github.com/FITHSCS/backend/business/domain/syncbatchbus/testutil.go:420.122,425.30 3 1
github.com/FITHSCS/backend/business/domain/syncbatchbus/testutil.go:425.30,465.4 5 2
github.com/FITHSCS/backend/business/domain/syncbatchbus/testutil.go:466.3,466.15 1 1
github.com/FITHSCS/backend/business/domain/syncbatchbus/testutil.go:473.104,478.26 3 1
github.com/FITHSCS/backend/business/domain/syncbatchbus/testutil.go:478.26,519.4 5 2
github.com/FITHSCS/backend/business/domain/syncbatchbus/testutil.go:520.3,520.15 1 1
github.com/FITHSCS/backend/business/domain/syncbatchbus/testutil.go:523.153,528.26 3 1
github.com/FITHSCS/backend/business/domain/syncbatchbus/testutil.go:528.26,567.4 5 2
github.com/FITHSCS/backend/business/domain/syncbatchbus/testutil.go:568.3,568.15 1 1
github.com/FITHSCS/backend/business/domain/syncbatchbus/testutil.go:573.116,578.28 3 1
github.com/FITHSCS/backend/business/domain/syncbatchbus/testutil.go:578.28,620.6 5 2
github.com/FITHSCS/backend/business/domain/syncbatchbus/testutil.go:621.5,621.17 1 1
github.com/FITHSCS/backend/business/domain/syncbatchbus/testutil.go:626.196,629.32 3 1
github.com/FITHSCS/backend/business/domain/syncbatchbus/testutil.go:629.32,631.23 2 2
github.com/FITHSCS/backend/business/domain/syncbatchbus/testutil.go:631.23,633.10 1 0
github.com/FITHSCS/backend/business/domain/syncbatchbus/testutil.go:634.9,634.42 1 2
github.com/FITHSCS/backend/business/domain/syncbatchbus/testutil.go:636.5,636.28 1 1
github.com/FITHSCS/backend/business/domain/syncbatchbus/testutil.go:639.169,643.33 3 1
github.com/FITHSCS/backend/business/domain/syncbatchbus/testutil.go:643.33,645.27 2 2
github.com/FITHSCS/backend/business/domain/syncbatchbus/testutil.go:645.27,647.14 1 0
github.com/FITHSCS/backend/business/domain/syncbatchbus/testutil.go:648.13,648.46 1 2
github.com/FITHSCS/backend/business/domain/syncbatchbus/testutil.go:650.7,650.30 1 1
github.com/FITHSCS/backend/business/domain/syncbatchbus/testutil.go:654.206,657.32 3 1
github.com/FITHSCS/backend/business/domain/syncbatchbus/testutil.go:657.32,659.23 2 2
github.com/FITHSCS/backend/business/domain/syncbatchbus/testutil.go:659.23,661.10 1 0
github.com/FITHSCS/backend/business/domain/syncbatchbus/testutil.go:662.9,662.42 1 2
github.com/FITHSCS/backend/business/domain/syncbatchbus/testutil.go:664.5,664.28 1 1
github.com/FITHSCS/backend/business/domain/syncbatchbus/testutil.go:667.156,671.31 3 1
github.com/FITHSCS/backend/business/domain/syncbatchbus/testutil.go:671.31,673.23 2 2
github.com/FITHSCS/backend/business/domain/syncbatchbus/testutil.go:673.23,675.10 1 0
github.com/FITHSCS/backend/business/domain/syncbatchbus/testutil.go:676.9,676.42 1 2
github.com/FITHSCS/backend/business/domain/syncbatchbus/testutil.go:678.5,678.28 1 1
github.com/FITHSCS/backend/business/domain/syncbatchbus/testutil.go:682.158,686.31 3 1
github.com/FITHSCS/backend/business/domain/syncbatchbus/testutil.go:686.31,688.23 2 2
github.com/FITHSCS/backend/business/domain/syncbatchbus/testutil.go:688.23,690.10 1 0
github.com/FITHSCS/backend/business/domain/syncbatchbus/testutil.go:691.9,691.42 1 2
github.com/FITHSCS/backend/business/domain/syncbatchbus/testutil.go:693.5,693.28 1 1
github.com/FITHSCS/backend/business/domain/syncbatchbus/testutil.go:696.146,700.31 3 1
github.com/FITHSCS/backend/business/domain/syncbatchbus/testutil.go:700.31,702.23 2 2
github.com/FITHSCS/backend/business/domain/syncbatchbus/testutil.go:702.23,704.10 1 0
github.com/FITHSCS/backend/business/domain/syncbatchbus/testutil.go:705.9,705.42 1 2
github.com/FITHSCS/backend/business/domain/syncbatchbus/testutil.go:707.5,707.28 1 1
github.com/FITHSCS/backend/business/domain/syncbatchbus/testutil.go:710.142,714.31 3 1
github.com/FITHSCS/backend/business/domain/syncbatchbus/testutil.go:714.31,716.23 2 2
github.com/FITHSCS/backend/business/domain/syncbatchbus/testutil.go:716.23,718.10 1 0
github.com/FITHSCS/backend/business/domain/syncbatchbus/testutil.go:719.9,719.42 1 2
github.com/FITHSCS/backend/business/domain/syncbatchbus/testutil.go:721.5,721.28 1 1
github.com/FITHSCS/backend/business/domain/syncbatchbus/testutil.go:724.152,728.31 3 1
github.com/FITHSCS/backend/business/domain/syncbatchbus/testutil.go:728.31,730.23 2 2
github.com/FITHSCS/backend/business/domain/syncbatchbus/testutil.go:730.23,732.10 1 0
github.com/FITHSCS/backend/business/domain/syncbatchbus/testutil.go:733.9,733.42 1 2
github.com/FITHSCS/backend/business/domain/syncbatchbus/testutil.go:735.5,735.28 1 1
github.com/FITHSCS/backend/business/domain/syncbatchbus/testutil.go:740.162,744.31 3 1
github.com/FITHSCS/backend/business/domain/syncbatchbus/testutil.go:744.31,746.23 2 2
github.com/FITHSCS/backend/business/domain/syncbatchbus/testutil.go:746.23,748.10 1 0
github.com/FITHSCS/backend/business/domain/syncbatchbus/testutil.go:749.9,749.42 1 2
github.com/FITHSCS/backend/business/domain/syncbatchbus/testutil.go:751.5,751.28 1 1
github.com/FITHSCS/backend/business/domain/syncbatchbus/testutil.go:755.172,759.31 3 1
github.com/FITHSCS/backend/business/domain/syncbatchbus/testutil.go:759.31,761.23 2 2
github.com/FITHSCS/backend/business/domain/syncbatchbus/testutil.go:761.23,763.10 1 0
github.com/FITHSCS/backend/business/domain/syncbatchbus/testutil.go:764.9,764.42 1 2
github.com/FITHSCS/backend/business/domain/syncbatchbus/testutil.go:766.5,766.28 1 1
github.com/FITHSCS/backend/business/domain/syncbatchbus/testutil.go:769.155,773.31 3 1
github.com/FITHSCS/backend/business/domain/syncbatchbus/testutil.go:773.31,775.23 2 2
github.com/FITHSCS/backend/business/domain/syncbatchbus/testutil.go:775.23,777.10 1 0
github.com/FITHSCS/backend/business/domain/syncbatchbus/testutil.go:778.9,778.42 1 2
github.com/FITHSCS/backend/business/domain/syncbatchbus/testutil.go:780.5,780.28 1 1
github.com/FITHSCS/backend/business/domain/syncbatchbus/testutil.go:785.165,789.31 3 1
github.com/FITHSCS/backend/business/domain/syncbatchbus/testutil.go:789.31,791.23 2 2
github.com/FITHSCS/backend/business/domain/syncbatchbus/testutil.go:791.23,793.10 1 0
github.com/FITHSCS/backend/business/domain/syncbatchbus/testutil.go:794.9,794.42 1 2
github.com/FITHSCS/backend/business/domain/syncbatchbus/testutil.go:796.5,796.28 1 1
