mode: atomic
github.com/FITHSCS/backend/business/domain/auditbus/auditbus.go:31.63,36.2 1 1
github.com/FITHSCS/backend/business/domain/auditbus/auditbus.go:39.76,42.16 2 2
github.com/FITHSCS/backend/business/domain/auditbus/auditbus.go:42.16,44.3 1 0
github.com/FITHSCS/backend/business/domain/auditbus/auditbus.go:46.2,58.52 2 2
github.com/FITHSCS/backend/business/domain/auditbus/auditbus.go:58.52,60.3 1 0
github.com/FITHSCS/backend/business/domain/auditbus/auditbus.go:62.2,62.19 1 2
github.com/FITHSCS/backend/business/domain/auditbus/auditbus.go:66.118,69.16 2 1
github.com/FITHSCS/backend/business/domain/auditbus/auditbus.go:69.16,71.3 1 0
github.com/FITHSCS/backend/business/domain/auditbus/auditbus.go:73.2,73.20 1 1
github.com/FITHSCS/backend/business/domain/auditbus/auditbus.go:77.80,79.2 1 0
github.com/FITHSCS/backend/business/domain/auditbus/testutil.go:14.97,18.19 3 1
github.com/FITHSCS/backend/business/domain/auditbus/testutil.go:18.19,32.3 3 2
github.com/FITHSCS/backend/business/domain/auditbus/testutil.go:34.2,34.18 1 1
github.com/FITHSCS/backend/business/domain/auditbus/testutil.go:38.140,42.31 3 1
github.com/FITHSCS/backend/business/domain/auditbus/testutil.go:42.31,44.17 2 2
github.com/FITHSCS/backend/business/domain/auditbus/testutil.go:44.17,46.4 1 0
github.com/FITHSCS/backend/business/domain/auditbus/testutil.go:48.3,48.18 1 2
github.com/FITHSCS/backend/business/domain/auditbus/testutil.go:51.2,51.20 1 1
github.com/FITHSCS/backend/business/domain/auditbus/stores/auditdb/auditdb.go:24.55,29.2 1 0
github.com/FITHSCS/backend/business/domain/auditbus/stores/auditdb/auditdb.go:32.69,40.16 3 0
github.com/FITHSCS/backend/business/domain/auditbus/stores/auditdb/auditdb.go:40.16,42.3 1 0
github.com/FITHSCS/backend/business/domain/auditbus/stores/auditdb/auditdb.go:44.2,44.77 1 0
github.com/FITHSCS/backend/business/domain/auditbus/stores/auditdb/auditdb.go:44.77,46.3 1 0
github.com/FITHSCS/backend/business/domain/auditbus/stores/auditdb/auditdb.go:48.2,48.12 1 0
github.com/FITHSCS/backend/business/domain/auditbus/stores/auditdb/auditdb.go:51.133,68.16 6 0
github.com/FITHSCS/backend/business/domain/auditbus/stores/auditdb/auditdb.go:68.16,70.3 1 0
github.com/FITHSCS/backend/business/domain/auditbus/stores/auditdb/auditdb.go:72.2,76.95 4 0
github.com/FITHSCS/backend/business/domain/auditbus/stores/auditdb/auditdb.go:76.95,78.3 1 0
github.com/FITHSCS/backend/business/domain/auditbus/stores/auditdb/auditdb.go:80.2,80.30 1 0
github.com/FITHSCS/backend/business/domain/auditbus/stores/auditdb/auditdb.go:84.86,99.93 6 0
github.com/FITHSCS/backend/business/domain/auditbus/stores/auditdb/auditdb.go:99.93,101.3 1 0
github.com/FITHSCS/backend/business/domain/auditbus/stores/auditdb/auditdb.go:103.2,103.25 1 0
github.com/FITHSCS/backend/business/domain/auditbus/stores/auditdb/filter.go:11.87,14.25 2 0
github.com/FITHSCS/backend/business/domain/auditbus/stores/auditdb/filter.go:14.25,17.3 2 0
github.com/FITHSCS/backend/business/domain/auditbus/stores/auditdb/filter.go:19.2,19.29 1 0
github.com/FITHSCS/backend/business/domain/auditbus/stores/auditdb/filter.go:19.29,22.3 2 0
github.com/FITHSCS/backend/business/domain/auditbus/stores/auditdb/filter.go:24.2,24.27 1 0
github.com/FITHSCS/backend/business/domain/auditbus/stores/auditdb/filter.go:24.27,27.3 2 0
github.com/FITHSCS/backend/business/domain/auditbus/stores/auditdb/filter.go:29.2,29.27 1 0
github.com/FITHSCS/backend/business/domain/auditbus/stores/auditdb/filter.go:29.27,32.3 2 0
github.com/FITHSCS/backend/business/domain/auditbus/stores/auditdb/filter.go:34.2,34.26 1 0
github.com/FITHSCS/backend/business/domain/auditbus/stores/auditdb/filter.go:34.26,37.3 2 0
github.com/FITHSCS/backend/business/domain/auditbus/stores/auditdb/filter.go:39.2,39.25 1 0
github.com/FITHSCS/backend/business/domain/auditbus/stores/auditdb/filter.go:39.25,42.3 2 0
github.com/FITHSCS/backend/business/domain/auditbus/stores/auditdb/filter.go:44.2,44.25 1 0
github.com/FITHSCS/backend/business/domain/auditbus/stores/auditdb/filter.go:44.25,47.3 2 0
github.com/FITHSCS/backend/business/domain/auditbus/stores/auditdb/filter.go:49.2,49.17 1 0
github.com/FITHSCS/backend/business/domain/auditbus/stores/auditdb/filter.go:49.17,52.3 2 0
github.com/FITHSCS/backend/business/domain/auditbus/stores/auditdb/model.go:27.51,41.2 2 0
github.com/FITHSCS/backend/business/domain/auditbus/stores/auditdb/model.go:43.51,45.16 2 0
github.com/FITHSCS/backend/business/domain/auditbus/stores/auditdb/model.go:45.16,47.3 1 0
github.com/FITHSCS/backend/business/domain/auditbus/stores/auditdb/model.go:49.2,50.16 2 0
github.com/FITHSCS/backend/business/domain/auditbus/stores/auditdb/model.go:50.16,52.3 1 0
github.com/FITHSCS/backend/business/domain/auditbus/stores/auditdb/model.go:54.2,66.17 2 0
github.com/FITHSCS/backend/business/domain/auditbus/stores/auditdb/model.go:69.57,72.25 2 0
github.com/FITHSCS/backend/business/domain/auditbus/stores/auditdb/model.go:72.25,74.17 2 0
github.com/FITHSCS/backend/business/domain/auditbus/stores/auditdb/model.go:74.17,76.4 1 0
github.com/FITHSCS/backend/business/domain/auditbus/stores/auditdb/model.go:78.3,78.16 1 0
github.com/FITHSCS/backend/business/domain/auditbus/stores/auditdb/model.go:81.2,81.20 1 0
github.com/FITHSCS/backend/business/domain/auditbus/stores/auditdb/order.go:18.54,21.13 2 0
github.com/FITHSCS/backend/business/domain/auditbus/stores/auditdb/order.go:21.13,23.3 1 0
github.com/FITHSCS/backend/business/domain/auditbus/stores/auditdb/order.go:25.2,25.57 1 0
github.com/FITHSCS/backend/business/domain/delexceptionbus/store/delexceptiondb/delexceptiondb.go:24.55,29.2 1 0
github.com/FITHSCS/backend/business/domain/delexceptionbus/store/delexceptiondb/delexceptiondb.go:31.88,66.2 2 0
github.com/FITHSCS/backend/business/domain/delexceptionbus/store/delexceptiondb/delexceptiondb.go:68.88,84.2 2 0
github.com/FITHSCS/backend/business/domain/delexceptionbus/store/delexceptiondb/delexceptiondb.go:86.159,116.16 6 0
github.com/FITHSCS/backend/business/domain/delexceptionbus/store/delexceptiondb/delexceptiondb.go:116.16,118.3 1 0
github.com/FITHSCS/backend/business/domain/delexceptionbus/store/delexceptiondb/delexceptiondb.go:120.2,124.93 4 0
github.com/FITHSCS/backend/business/domain/delexceptionbus/store/delexceptiondb/delexceptiondb.go:124.93,126.3 1 0
github.com/FITHSCS/backend/business/domain/delexceptionbus/store/delexceptiondb/delexceptiondb.go:127.2,128.40 2 0
github.com/FITHSCS/backend/business/domain/delexceptionbus/store/delexceptiondb/delexceptiondb.go:132.93,147.93 6 0
github.com/FITHSCS/backend/business/domain/delexceptionbus/store/delexceptiondb/delexceptiondb.go:147.93,149.3 1 0
github.com/FITHSCS/backend/business/domain/delexceptionbus/store/delexceptiondb/delexceptiondb.go:151.2,151.25 1 0
github.com/FITHSCS/backend/business/domain/delexceptionbus/store/delexceptiondb/delexceptiondb.go:154.105,180.84 4 0
github.com/FITHSCS/backend/business/domain/delexceptionbus/store/delexceptiondb/delexceptiondb.go:180.84,181.42 1 0
github.com/FITHSCS/backend/business/domain/delexceptionbus/store/delexceptiondb/delexceptiondb.go:181.42,183.4 1 0
github.com/FITHSCS/backend/business/domain/delexceptionbus/store/delexceptiondb/delexceptiondb.go:184.3,184.50 1 0
github.com/FITHSCS/backend/business/domain/delexceptionbus/store/delexceptiondb/delexceptiondb.go:186.2,186.36 1 0
github.com/FITHSCS/backend/business/domain/delexceptionbus/store/delexceptiondb/delexceptiondb.go:189.86,201.89 3 0
github.com/FITHSCS/backend/business/domain/delexceptionbus/store/delexceptiondb/delexceptiondb.go:201.89,203.3 1 0
github.com/FITHSCS/backend/business/domain/delexceptionbus/store/delexceptiondb/delexceptiondb.go:204.2,204.12 1 0
github.com/FITHSCS/backend/business/domain/delexceptionbus/store/delexceptiondb/delexceptiondb.go:207.86,217.89 3 0
github.com/FITHSCS/backend/business/domain/delexceptionbus/store/delexceptiondb/delexceptiondb.go:217.89,219.3 1 0
github.com/FITHSCS/backend/business/domain/delexceptionbus/store/delexceptiondb/delexceptiondb.go:220.2,220.12 1 0
github.com/FITHSCS/backend/business/domain/delexceptionbus/store/delexceptiondb/filter.go:10.105,14.29 2 0
github.com/FITHSCS/backend/business/domain/delexceptionbus/store/delexceptiondb/filter.go:14.29,17.3 2 0
github.com/FITHSCS/backend/business/domain/delexceptionbus/store/delexceptiondb/filter.go:19.2,19.29 1 0
github.com/FITHSCS/backend/business/domain/delexceptionbus/store/delexceptiondb/filter.go:19.29,22.3 2 0
github.com/FITHSCS/backend/business/domain/delexceptionbus/store/delexceptiondb/filter.go:24.2,24.17 1 0
github.com/FITHSCS/backend/business/domain/delexceptionbus/store/delexceptiondb/filter.go:24.17,27.3 2 0
github.com/FITHSCS/backend/business/domain/delexceptionbus/store/delexceptiondb/model.go:29.87,47.2 1 0
github.com/FITHSCS/backend/business/domain/delexceptionbus/store/delexceptiondb/model.go:49.96,52.16 2 0
github.com/FITHSCS/backend/business/domain/delexceptionbus/store/delexceptiondb/model.go:52.16,54.3 1 0
github.com/FITHSCS/backend/business/domain/delexceptionbus/store/delexceptiondb/model.go:56.2,57.16 2 0
github.com/FITHSCS/backend/business/domain/delexceptionbus/store/delexceptiondb/model.go:57.16,59.3 1 0
github.com/FITHSCS/backend/business/domain/delexceptionbus/store/delexceptiondb/model.go:61.2,62.16 2 0
github.com/FITHSCS/backend/business/domain/delexceptionbus/store/delexceptiondb/model.go:62.16,64.3 1 0
github.com/FITHSCS/backend/business/domain/delexceptionbus/store/delexceptiondb/model.go:66.2,67.16 2 0
github.com/FITHSCS/backend/business/domain/delexceptionbus/store/delexceptiondb/model.go:67.16,69.3 1 0
github.com/FITHSCS/backend/business/domain/delexceptionbus/store/delexceptiondb/model.go:71.2,87.17 2 0
github.com/FITHSCS/backend/business/domain/delexceptionbus/store/delexceptiondb/model.go:91.102,93.25 2 0
github.com/FITHSCS/backend/business/domain/delexceptionbus/store/delexceptiondb/model.go:93.25,96.17 3 0
github.com/FITHSCS/backend/business/domain/delexceptionbus/store/delexceptiondb/model.go:96.17,98.4 1 0
github.com/FITHSCS/backend/business/domain/delexceptionbus/store/delexceptiondb/model.go:100.2,100.17 1 0
github.com/FITHSCS/backend/business/domain/delexceptionbus/store/delexceptiondb/order.go:21.49,23.9 2 0
github.com/FITHSCS/backend/business/domain/delexceptionbus/store/delexceptiondb/order.go:23.9,25.3 1 0
github.com/FITHSCS/backend/business/domain/delexceptionbus/store/delexceptiondb/order.go:26.2,26.53 1 0
github.com/FITHSCS/backend/business/domain/delexceptionbus/delexceptionbus.go:36.63,41.2 1 1
github.com/FITHSCS/backend/business/domain/delexceptionbus/delexceptionbus.go:43.101,62.55 3 6
github.com/FITHSCS/backend/business/domain/delexceptionbus/delexceptionbus.go:62.55,64.3 1 0
github.com/FITHSCS/backend/business/domain/delexceptionbus/delexceptionbus.go:65.2,65.22 1 6
github.com/FITHSCS/backend/business/domain/delexceptionbus/delexceptionbus.go:68.127,71.16 2 2
github.com/FITHSCS/backend/business/domain/delexceptionbus/delexceptionbus.go:71.16,73.3 1 0
github.com/FITHSCS/backend/business/domain/delexceptionbus/delexceptionbus.go:75.2,75.33 1 2
github.com/FITHSCS/backend/business/domain/delexceptionbus/delexceptionbus.go:75.33,77.3 1 2
github.com/FITHSCS/backend/business/domain/delexceptionbus/delexceptionbus.go:79.2,79.39 1 2
github.com/FITHSCS/backend/business/domain/delexceptionbus/delexceptionbus.go:79.39,81.3 1 2
github.com/FITHSCS/backend/business/domain/delexceptionbus/delexceptionbus.go:83.2,83.31 1 2
github.com/FITHSCS/backend/business/domain/delexceptionbus/delexceptionbus.go:83.31,85.3 1 2
github.com/FITHSCS/backend/business/domain/delexceptionbus/delexceptionbus.go:87.2,87.36 1 2
github.com/FITHSCS/backend/business/domain/delexceptionbus/delexceptionbus.go:87.36,89.3 1 2
github.com/FITHSCS/backend/business/domain/delexceptionbus/delexceptionbus.go:91.2,91.34 1 2
github.com/FITHSCS/backend/business/domain/delexceptionbus/delexceptionbus.go:91.34,93.3 1 2
github.com/FITHSCS/backend/business/domain/delexceptionbus/delexceptionbus.go:95.2,95.39 1 2
github.com/FITHSCS/backend/business/domain/delexceptionbus/delexceptionbus.go:95.39,97.3 1 2
github.com/FITHSCS/backend/business/domain/delexceptionbus/delexceptionbus.go:99.2,99.33 1 2
github.com/FITHSCS/backend/business/domain/delexceptionbus/delexceptionbus.go:99.33,101.3 1 2
github.com/FITHSCS/backend/business/domain/delexceptionbus/delexceptionbus.go:103.2,105.60 2 2
github.com/FITHSCS/backend/business/domain/delexceptionbus/delexceptionbus.go:105.60,107.3 1 0
github.com/FITHSCS/backend/business/domain/delexceptionbus/delexceptionbus.go:108.2,108.27 1 2
github.com/FITHSCS/backend/business/domain/delexceptionbus/delexceptionbus.go:111.95,114.16 2 1
github.com/FITHSCS/backend/business/domain/delexceptionbus/delexceptionbus.go:114.16,116.3 1 0
github.com/FITHSCS/backend/business/domain/delexceptionbus/delexceptionbus.go:117.2,117.22 1 1
github.com/FITHSCS/backend/business/domain/delexceptionbus/delexceptionbus.go:119.130,122.16 2 1
github.com/FITHSCS/backend/business/domain/delexceptionbus/delexceptionbus.go:122.16,124.3 1 0
github.com/FITHSCS/backend/business/domain/delexceptionbus/delexceptionbus.go:125.2,125.27 1 1
github.com/FITHSCS/backend/business/domain/delexceptionbus/delexceptionbus.go:128.80,130.2 1 0
github.com/FITHSCS/backend/business/domain/delexceptionbus/delexceptionbus.go:132.84,135.16 2 2
github.com/FITHSCS/backend/business/domain/delexceptionbus/delexceptionbus.go:135.16,137.3 1 0
github.com/FITHSCS/backend/business/domain/delexceptionbus/delexceptionbus.go:139.2,139.24 1 2
github.com/FITHSCS/backend/business/domain/delexceptionbus/delexceptionbus.go:139.24,141.3 1 0
github.com/FITHSCS/backend/business/domain/delexceptionbus/delexceptionbus.go:143.2,143.65 1 2
github.com/FITHSCS/backend/business/domain/delexceptionbus/delexceptionbus.go:143.65,145.3 1 0
github.com/FITHSCS/backend/business/domain/delexceptionbus/delexceptionbus.go:146.2,146.12 1 2
github.com/FITHSCS/backend/business/domain/delexceptionbus/delexceptionbus.go:150.84,152.65 1 2
github.com/FITHSCS/backend/business/domain/delexceptionbus/delexceptionbus.go:152.65,154.3 1 0
github.com/FITHSCS/backend/business/domain/delexceptionbus/delexceptionbus.go:155.2,155.12 1 2
github.com/FITHSCS/backend/business/domain/delexceptionbus/testutil.go:13.104,27.19 9 2
github.com/FITHSCS/backend/business/domain/delexceptionbus/testutil.go:27.19,44.3 3 4
github.com/FITHSCS/backend/business/domain/delexceptionbus/testutil.go:46.2,46.14 1 2
github.com/FITHSCS/backend/business/domain/delexceptionbus/testutil.go:49.147,53.27 3 2
github.com/FITHSCS/backend/business/domain/delexceptionbus/testutil.go:53.27,55.17 2 4
github.com/FITHSCS/backend/business/domain/delexceptionbus/testutil.go:55.17,57.4 1 0
github.com/FITHSCS/backend/business/domain/delexceptionbus/testutil.go:59.3,59.16 1 4
github.com/FITHSCS/backend/business/domain/delexceptionbus/testutil.go:62.2,62.18 1 2
github.com/FITHSCS/backend/business/domain/facilitybus/stores/facilitydb/facilitydb.go:27.55,32.2 1 0
github.com/FITHSCS/backend/business/domain/facilitybus/stores/facilitydb/facilitydb.go:34.75,67.2 2 0
github.com/FITHSCS/backend/business/domain/facilitybus/stores/facilitydb/facilitydb.go:69.75,87.2 2 0
github.com/FITHSCS/backend/business/domain/facilitybus/stores/facilitydb/facilitydb.go:89.142,118.16 6 0
github.com/FITHSCS/backend/business/domain/facilitybus/stores/facilitydb/facilitydb.go:118.16,120.3 1 0
github.com/FITHSCS/backend/business/domain/facilitybus/stores/facilitydb/facilitydb.go:122.2,126.93 4 0
github.com/FITHSCS/backend/business/domain/facilitybus/stores/facilitydb/facilitydb.go:126.93,128.3 1 0
github.com/FITHSCS/backend/business/domain/facilitybus/stores/facilitydb/facilitydb.go:129.2,130.32 2 0
github.com/FITHSCS/backend/business/domain/facilitybus/stores/facilitydb/facilitydb.go:134.89,149.93 6 0
github.com/FITHSCS/backend/business/domain/facilitybus/stores/facilitydb/facilitydb.go:149.93,151.3 1 0
github.com/FITHSCS/backend/business/domain/facilitybus/stores/facilitydb/facilitydb.go:153.2,153.25 1 0
github.com/FITHSCS/backend/business/domain/facilitybus/stores/facilitydb/facilitydb.go:156.92,179.84 4 0
github.com/FITHSCS/backend/business/domain/facilitybus/stores/facilitydb/facilitydb.go:179.84,180.42 1 0
github.com/FITHSCS/backend/business/domain/facilitybus/stores/facilitydb/facilitydb.go:180.42,182.4 1 0
github.com/FITHSCS/backend/business/domain/facilitybus/stores/facilitydb/facilitydb.go:183.3,183.37 1 0
github.com/FITHSCS/backend/business/domain/facilitybus/stores/facilitydb/facilitydb.go:185.2,185.27 1 0
github.com/FITHSCS/backend/business/domain/facilitybus/stores/facilitydb/facilitydb.go:188.77,200.80 3 0
github.com/FITHSCS/backend/business/domain/facilitybus/stores/facilitydb/facilitydb.go:200.80,202.3 1 0
github.com/FITHSCS/backend/business/domain/facilitybus/stores/facilitydb/facilitydb.go:203.2,203.12 1 0
github.com/FITHSCS/backend/business/domain/facilitybus/stores/facilitydb/facilitydb.go:206.77,216.80 3 0
github.com/FITHSCS/backend/business/domain/facilitybus/stores/facilitydb/facilitydb.go:216.80,218.3 1 0
github.com/FITHSCS/backend/business/domain/facilitybus/stores/facilitydb/facilitydb.go:219.2,219.12 1 0
github.com/FITHSCS/backend/business/domain/facilitybus/stores/facilitydb/filter.go:11.101,15.27 2 0
github.com/FITHSCS/backend/business/domain/facilitybus/stores/facilitydb/filter.go:15.27,18.3 2 0
github.com/FITHSCS/backend/business/domain/facilitybus/stores/facilitydb/filter.go:20.2,20.32 1 0
github.com/FITHSCS/backend/business/domain/facilitybus/stores/facilitydb/filter.go:20.32,23.3 2 0
github.com/FITHSCS/backend/business/domain/facilitybus/stores/facilitydb/filter.go:24.2,24.32 1 0
github.com/FITHSCS/backend/business/domain/facilitybus/stores/facilitydb/filter.go:24.32,27.3 2 0
github.com/FITHSCS/backend/business/domain/facilitybus/stores/facilitydb/filter.go:28.2,28.27 1 0
github.com/FITHSCS/backend/business/domain/facilitybus/stores/facilitydb/filter.go:28.27,31.3 2 0
github.com/FITHSCS/backend/business/domain/facilitybus/stores/facilitydb/filter.go:33.2,33.26 1 0
github.com/FITHSCS/backend/business/domain/facilitybus/stores/facilitydb/filter.go:33.26,36.3 2 0
github.com/FITHSCS/backend/business/domain/facilitybus/stores/facilitydb/filter.go:37.2,37.28 1 0
github.com/FITHSCS/backend/business/domain/facilitybus/stores/facilitydb/filter.go:37.28,40.3 2 0
github.com/FITHSCS/backend/business/domain/facilitybus/stores/facilitydb/filter.go:41.2,41.29 1 0
github.com/FITHSCS/backend/business/domain/facilitybus/stores/facilitydb/filter.go:41.29,44.3 2 0
github.com/FITHSCS/backend/business/domain/facilitybus/stores/facilitydb/filter.go:45.2,45.34 1 0
github.com/FITHSCS/backend/business/domain/facilitybus/stores/facilitydb/filter.go:45.34,48.3 2 0
github.com/FITHSCS/backend/business/domain/facilitybus/stores/facilitydb/filter.go:50.2,50.33 1 0
github.com/FITHSCS/backend/business/domain/facilitybus/stores/facilitydb/filter.go:50.33,53.3 2 0
github.com/FITHSCS/backend/business/domain/facilitybus/stores/facilitydb/filter.go:55.2,55.32 1 0
github.com/FITHSCS/backend/business/domain/facilitybus/stores/facilitydb/filter.go:55.32,58.3 2 0
github.com/FITHSCS/backend/business/domain/facilitybus/stores/facilitydb/filter.go:59.2,59.29 1 0
github.com/FITHSCS/backend/business/domain/facilitybus/stores/facilitydb/filter.go:59.29,62.3 2 0
github.com/FITHSCS/backend/business/domain/facilitybus/stores/facilitydb/filter.go:63.2,63.29 1 0
github.com/FITHSCS/backend/business/domain/facilitybus/stores/facilitydb/filter.go:63.29,66.3 2 0
github.com/FITHSCS/backend/business/domain/facilitybus/stores/facilitydb/filter.go:68.2,68.17 1 0
github.com/FITHSCS/backend/business/domain/facilitybus/stores/facilitydb/filter.go:68.17,71.3 2 0
github.com/FITHSCS/backend/business/domain/facilitybus/stores/facilitydb/model.go:38.56,55.2 1 0
github.com/FITHSCS/backend/business/domain/facilitybus/stores/facilitydb/model.go:58.65,61.16 2 0
github.com/FITHSCS/backend/business/domain/facilitybus/stores/facilitydb/model.go:61.16,63.3 1 0
github.com/FITHSCS/backend/business/domain/facilitybus/stores/facilitydb/model.go:65.2,66.16 2 0
github.com/FITHSCS/backend/business/domain/facilitybus/stores/facilitydb/model.go:66.16,68.3 1 0
github.com/FITHSCS/backend/business/domain/facilitybus/stores/facilitydb/model.go:69.2,70.16 2 0
github.com/FITHSCS/backend/business/domain/facilitybus/stores/facilitydb/model.go:70.16,72.3 1 0
github.com/FITHSCS/backend/business/domain/facilitybus/stores/facilitydb/model.go:74.2,75.16 2 0
github.com/FITHSCS/backend/business/domain/facilitybus/stores/facilitydb/model.go:75.16,77.3 1 0
github.com/FITHSCS/backend/business/domain/facilitybus/stores/facilitydb/model.go:79.2,80.16 2 0
github.com/FITHSCS/backend/business/domain/facilitybus/stores/facilitydb/model.go:80.16,82.3 1 0
github.com/FITHSCS/backend/business/domain/facilitybus/stores/facilitydb/model.go:83.2,84.16 2 0
github.com/FITHSCS/backend/business/domain/facilitybus/stores/facilitydb/model.go:84.16,86.3 1 0
github.com/FITHSCS/backend/business/domain/facilitybus/stores/facilitydb/model.go:87.2,88.16 2 0
github.com/FITHSCS/backend/business/domain/facilitybus/stores/facilitydb/model.go:88.16,90.3 1 0
github.com/FITHSCS/backend/business/domain/facilitybus/stores/facilitydb/model.go:91.2,92.16 2 0
github.com/FITHSCS/backend/business/domain/facilitybus/stores/facilitydb/model.go:92.16,94.3 1 0
github.com/FITHSCS/backend/business/domain/facilitybus/stores/facilitydb/model.go:96.2,111.17 2 0
github.com/FITHSCS/backend/business/domain/facilitybus/stores/facilitydb/model.go:115.72,117.25 2 0
github.com/FITHSCS/backend/business/domain/facilitybus/stores/facilitydb/model.go:117.25,120.17 3 0
github.com/FITHSCS/backend/business/domain/facilitybus/stores/facilitydb/model.go:120.17,122.4 1 0
github.com/FITHSCS/backend/business/domain/facilitybus/stores/facilitydb/model.go:124.2,124.17 1 0
github.com/FITHSCS/backend/business/domain/facilitybus/stores/facilitydb/order.go:20.49,22.9 2 0
github.com/FITHSCS/backend/business/domain/facilitybus/stores/facilitydb/order.go:22.9,24.3 1 0
github.com/FITHSCS/backend/business/domain/facilitybus/stores/facilitydb/order.go:25.2,25.53 1 0
github.com/FITHSCS/backend/business/domain/facilitybus/facilitybus.go:32.39,34.2 1 0
github.com/FITHSCS/backend/business/domain/facilitybus/facilitybus.go:41.63,46.2 1 1
github.com/FITHSCS/backend/business/domain/facilitybus/facilitybus.go:48.82,66.55 3 5
github.com/FITHSCS/backend/business/domain/facilitybus/facilitybus.go:66.55,68.3 1 0
github.com/FITHSCS/backend/business/domain/facilitybus/facilitybus.go:69.2,69.22 1 5
github.com/FITHSCS/backend/business/domain/facilitybus/facilitybus.go:72.117,75.16 2 1
github.com/FITHSCS/backend/business/domain/facilitybus/facilitybus.go:75.16,77.3 1 0
github.com/FITHSCS/backend/business/domain/facilitybus/facilitybus.go:79.2,79.38 1 1
github.com/FITHSCS/backend/business/domain/facilitybus/facilitybus.go:79.38,81.3 1 1
github.com/FITHSCS/backend/business/domain/facilitybus/facilitybus.go:83.2,83.38 1 1
github.com/FITHSCS/backend/business/domain/facilitybus/facilitybus.go:83.38,85.3 1 1
github.com/FITHSCS/backend/business/domain/facilitybus/facilitybus.go:87.2,87.33 1 1
github.com/FITHSCS/backend/business/domain/facilitybus/facilitybus.go:87.33,89.3 1 1
github.com/FITHSCS/backend/business/domain/facilitybus/facilitybus.go:91.2,91.32 1 1
github.com/FITHSCS/backend/business/domain/facilitybus/facilitybus.go:91.32,93.3 1 1
github.com/FITHSCS/backend/business/domain/facilitybus/facilitybus.go:95.2,95.34 1 1
github.com/FITHSCS/backend/business/domain/facilitybus/facilitybus.go:95.34,97.3 1 1
github.com/FITHSCS/backend/business/domain/facilitybus/facilitybus.go:98.2,98.35 1 1
github.com/FITHSCS/backend/business/domain/facilitybus/facilitybus.go:98.35,100.3 1 1
github.com/FITHSCS/backend/business/domain/facilitybus/facilitybus.go:101.2,101.40 1 1
github.com/FITHSCS/backend/business/domain/facilitybus/facilitybus.go:101.40,103.3 1 1
github.com/FITHSCS/backend/business/domain/facilitybus/facilitybus.go:105.2,105.41 1 1
github.com/FITHSCS/backend/business/domain/facilitybus/facilitybus.go:105.41,107.3 1 1
github.com/FITHSCS/backend/business/domain/facilitybus/facilitybus.go:109.2,109.38 1 1
github.com/FITHSCS/backend/business/domain/facilitybus/facilitybus.go:109.38,111.3 1 1
github.com/FITHSCS/backend/business/domain/facilitybus/facilitybus.go:113.2,113.35 1 1
github.com/FITHSCS/backend/business/domain/facilitybus/facilitybus.go:113.35,115.3 1 0
github.com/FITHSCS/backend/business/domain/facilitybus/facilitybus.go:117.2,119.61 2 1
github.com/FITHSCS/backend/business/domain/facilitybus/facilitybus.go:119.61,121.3 1 0
github.com/FITHSCS/backend/business/domain/facilitybus/facilitybus.go:122.2,122.28 1 1
github.com/FITHSCS/backend/business/domain/facilitybus/facilitybus.go:125.91,128.16 2 1
github.com/FITHSCS/backend/business/domain/facilitybus/facilitybus.go:128.16,130.3 1 0
github.com/FITHSCS/backend/business/domain/facilitybus/facilitybus.go:131.2,131.22 1 1
github.com/FITHSCS/backend/business/domain/facilitybus/facilitybus.go:133.121,136.16 2 1
github.com/FITHSCS/backend/business/domain/facilitybus/facilitybus.go:136.16,138.3 1 0
github.com/FITHSCS/backend/business/domain/facilitybus/facilitybus.go:139.2,139.24 1 1
github.com/FITHSCS/backend/business/domain/facilitybus/facilitybus.go:142.80,144.2 1 0
github.com/FITHSCS/backend/business/domain/facilitybus/facilitybus.go:146.80,149.16 2 0
github.com/FITHSCS/backend/business/domain/facilitybus/facilitybus.go:149.16,151.3 1 0
github.com/FITHSCS/backend/business/domain/facilitybus/facilitybus.go:153.2,153.24 1 0
github.com/FITHSCS/backend/business/domain/facilitybus/facilitybus.go:153.24,155.3 1 0
github.com/FITHSCS/backend/business/domain/facilitybus/facilitybus.go:157.2,157.61 1 0
github.com/FITHSCS/backend/business/domain/facilitybus/facilitybus.go:157.61,159.3 1 0
github.com/FITHSCS/backend/business/domain/facilitybus/facilitybus.go:160.2,160.12 1 0
github.com/FITHSCS/backend/business/domain/facilitybus/facilitybus.go:164.80,166.61 1 2
github.com/FITHSCS/backend/business/domain/facilitybus/facilitybus.go:166.61,168.3 1 0
github.com/FITHSCS/backend/business/domain/facilitybus/facilitybus.go:169.2,169.12 1 2
github.com/FITHSCS/backend/business/domain/facilitybus/testutil.go:13.71,18.19 4 2
github.com/FITHSCS/backend/business/domain/facilitybus/testutil.go:18.19,34.3 3 4
github.com/FITHSCS/backend/business/domain/facilitybus/testutil.go:36.2,36.14 1 2
github.com/FITHSCS/backend/business/domain/facilitybus/testutil.go:39.113,43.27 3 2
github.com/FITHSCS/backend/business/domain/facilitybus/testutil.go:43.27,45.17 2 4
github.com/FITHSCS/backend/business/domain/facilitybus/testutil.go:45.17,47.4 1 0
github.com/FITHSCS/backend/business/domain/facilitybus/testutil.go:49.3,49.16 1 4
github.com/FITHSCS/backend/business/domain/facilitybus/testutil.go:52.2,52.18 1 2
github.com/FITHSCS/backend/business/domain/gpstrackingbus/stores/gpstrackingdb/filter.go:10.104,13.32 2 0
github.com/FITHSCS/backend/business/domain/gpstrackingbus/stores/gpstrackingdb/filter.go:13.32,16.3 2 0
github.com/FITHSCS/backend/business/domain/gpstrackingbus/stores/gpstrackingdb/filter.go:18.2,18.27 1 0
github.com/FITHSCS/backend/business/domain/gpstrackingbus/stores/gpstrackingdb/filter.go:18.27,21.3 2 0
github.com/FITHSCS/backend/business/domain/gpstrackingbus/stores/gpstrackingdb/filter.go:23.2,23.35 1 0
github.com/FITHSCS/backend/business/domain/gpstrackingbus/stores/gpstrackingdb/filter.go:23.35,26.3 2 0
github.com/FITHSCS/backend/business/domain/gpstrackingbus/stores/gpstrackingdb/filter.go:28.2,28.29 1 0
github.com/FITHSCS/backend/business/domain/gpstrackingbus/stores/gpstrackingdb/filter.go:28.29,31.3 2 0
github.com/FITHSCS/backend/business/domain/gpstrackingbus/stores/gpstrackingdb/filter.go:33.2,33.17 1 0
github.com/FITHSCS/backend/business/domain/gpstrackingbus/stores/gpstrackingdb/filter.go:33.17,36.3 2 0
github.com/FITHSCS/backend/business/domain/gpstrackingbus/stores/gpstrackingdb/gpstrackingdb.go:26.55,31.2 1 0
github.com/FITHSCS/backend/business/domain/gpstrackingbus/stores/gpstrackingdb/gpstrackingdb.go:35.82,74.89 2 0
github.com/FITHSCS/backend/business/domain/gpstrackingbus/stores/gpstrackingdb/gpstrackingdb.go:74.89,76.3 1 0
github.com/FITHSCS/backend/business/domain/gpstrackingbus/stores/gpstrackingdb/gpstrackingdb.go:78.2,78.12 1 0
github.com/FITHSCS/backend/business/domain/gpstrackingbus/stores/gpstrackingdb/gpstrackingdb.go:82.105,111.89 4 0
github.com/FITHSCS/backend/business/domain/gpstrackingbus/stores/gpstrackingdb/gpstrackingdb.go:111.89,112.42 1 0
github.com/FITHSCS/backend/business/domain/gpstrackingbus/stores/gpstrackingdb/gpstrackingdb.go:112.42,114.4 1 0
github.com/FITHSCS/backend/business/domain/gpstrackingbus/stores/gpstrackingdb/gpstrackingdb.go:115.3,115.64 1 0
github.com/FITHSCS/backend/business/domain/gpstrackingbus/stores/gpstrackingdb/gpstrackingdb.go:118.2,118.38 1 0
github.com/FITHSCS/backend/business/domain/gpstrackingbus/stores/gpstrackingdb/gpstrackingdb.go:121.89,142.96 2 0
github.com/FITHSCS/backend/business/domain/gpstrackingbus/stores/gpstrackingdb/gpstrackingdb.go:142.96,144.3 1 0
github.com/FITHSCS/backend/business/domain/gpstrackingbus/stores/gpstrackingdb/gpstrackingdb.go:146.2,146.12 1 0
github.com/FITHSCS/backend/business/domain/gpstrackingbus/stores/gpstrackingdb/gpstrackingdb.go:149.79,159.74 3 0
github.com/FITHSCS/backend/business/domain/gpstrackingbus/stores/gpstrackingdb/gpstrackingdb.go:159.74,161.3 1 0
github.com/FITHSCS/backend/business/domain/gpstrackingbus/stores/gpstrackingdb/gpstrackingdb.go:163.2,163.12 1 0
github.com/FITHSCS/backend/business/domain/gpstrackingbus/stores/gpstrackingdb/gpstrackingdb.go:166.79,177.74 3 0
github.com/FITHSCS/backend/business/domain/gpstrackingbus/stores/gpstrackingdb/gpstrackingdb.go:177.74,179.3 1 0
github.com/FITHSCS/backend/business/domain/gpstrackingbus/stores/gpstrackingdb/gpstrackingdb.go:181.2,181.12 1 0
github.com/FITHSCS/backend/business/domain/gpstrackingbus/stores/gpstrackingdb/gpstrackingdb.go:185.150,214.16 6 0
github.com/FITHSCS/backend/business/domain/gpstrackingbus/stores/gpstrackingdb/gpstrackingdb.go:214.16,216.3 1 0
github.com/FITHSCS/backend/business/domain/gpstrackingbus/stores/gpstrackingdb/gpstrackingdb.go:218.2,222.93 4 0
github.com/FITHSCS/backend/business/domain/gpstrackingbus/stores/gpstrackingdb/gpstrackingdb.go:222.93,224.3 1 0
github.com/FITHSCS/backend/business/domain/gpstrackingbus/stores/gpstrackingdb/gpstrackingdb.go:226.2,226.33 1 0
github.com/FITHSCS/backend/business/domain/gpstrackingbus/stores/gpstrackingdb/gpstrackingdb.go:230.92,245.93 6 0
github.com/FITHSCS/backend/business/domain/gpstrackingbus/stores/gpstrackingdb/gpstrackingdb.go:245.93,247.3 1 0
github.com/FITHSCS/backend/business/domain/gpstrackingbus/stores/gpstrackingdb/gpstrackingdb.go:249.2,249.25 1 0
github.com/FITHSCS/backend/business/domain/gpstrackingbus/stores/gpstrackingdb/model.go:29.65,48.2 2 0
github.com/FITHSCS/backend/business/domain/gpstrackingbus/stores/gpstrackingdb/model.go:51.74,56.16 2 0
github.com/FITHSCS/backend/business/domain/gpstrackingbus/stores/gpstrackingdb/model.go:56.16,58.3 1 0
github.com/FITHSCS/backend/business/domain/gpstrackingbus/stores/gpstrackingdb/model.go:60.2,61.16 2 0
github.com/FITHSCS/backend/business/domain/gpstrackingbus/stores/gpstrackingdb/model.go:61.16,63.3 1 0
github.com/FITHSCS/backend/business/domain/gpstrackingbus/stores/gpstrackingdb/model.go:65.2,82.17 2 0
github.com/FITHSCS/backend/business/domain/gpstrackingbus/stores/gpstrackingdb/model.go:86.80,89.25 2 0
github.com/FITHSCS/backend/business/domain/gpstrackingbus/stores/gpstrackingdb/model.go:89.25,92.17 3 0
github.com/FITHSCS/backend/business/domain/gpstrackingbus/stores/gpstrackingdb/model.go:92.17,94.4 1 0
github.com/FITHSCS/backend/business/domain/gpstrackingbus/stores/gpstrackingdb/model.go:97.2,97.17 1 0
github.com/FITHSCS/backend/business/domain/gpstrackingbus/stores/gpstrackingdb/order.go:18.54,20.13 2 0
github.com/FITHSCS/backend/business/domain/gpstrackingbus/stores/gpstrackingdb/order.go:20.13,22.3 1 0
github.com/FITHSCS/backend/business/domain/gpstrackingbus/stores/gpstrackingdb/order.go:24.2,24.57 1 0
github.com/FITHSCS/backend/business/domain/gpstrackingbus/gpstrackingbus.go:34.39,36.2 1 0
github.com/FITHSCS/backend/business/domain/gpstrackingbus/gpstrackingbus.go:45.63,51.2 1 1
github.com/FITHSCS/backend/business/domain/gpstrackingbus/gpstrackingbus.go:54.87,75.57 3 5
github.com/FITHSCS/backend/business/domain/gpstrackingbus/gpstrackingbus.go:75.57,77.3 1 0
github.com/FITHSCS/backend/business/domain/gpstrackingbus/gpstrackingbus.go:79.2,79.24 1 5
github.com/FITHSCS/backend/business/domain/gpstrackingbus/gpstrackingbus.go:82.122,86.16 2 1
github.com/FITHSCS/backend/business/domain/gpstrackingbus/gpstrackingbus.go:86.16,88.3 1 0
github.com/FITHSCS/backend/business/domain/gpstrackingbus/gpstrackingbus.go:90.2,90.32 1 1
github.com/FITHSCS/backend/business/domain/gpstrackingbus/gpstrackingbus.go:90.32,92.3 1 1
github.com/FITHSCS/backend/business/domain/gpstrackingbus/gpstrackingbus.go:94.2,94.44 1 1
github.com/FITHSCS/backend/business/domain/gpstrackingbus/gpstrackingbus.go:94.44,96.3 1 1
github.com/FITHSCS/backend/business/domain/gpstrackingbus/gpstrackingbus.go:98.2,98.34 1 1
github.com/FITHSCS/backend/business/domain/gpstrackingbus/gpstrackingbus.go:98.34,100.3 1 1
github.com/FITHSCS/backend/business/domain/gpstrackingbus/gpstrackingbus.go:102.2,102.33 1 1
github.com/FITHSCS/backend/business/domain/gpstrackingbus/gpstrackingbus.go:102.33,104.3 1 1
github.com/FITHSCS/backend/business/domain/gpstrackingbus/gpstrackingbus.go:106.2,106.34 1 1
github.com/FITHSCS/backend/business/domain/gpstrackingbus/gpstrackingbus.go:106.34,108.3 1 1
github.com/FITHSCS/backend/business/domain/gpstrackingbus/gpstrackingbus.go:111.2,111.33 1 1
github.com/FITHSCS/backend/business/domain/gpstrackingbus/gpstrackingbus.go:111.33,113.3 1 1
github.com/FITHSCS/backend/business/domain/gpstrackingbus/gpstrackingbus.go:115.2,115.34 1 1
github.com/FITHSCS/backend/business/domain/gpstrackingbus/gpstrackingbus.go:115.34,117.3 1 1
github.com/FITHSCS/backend/business/domain/gpstrackingbus/gpstrackingbus.go:119.2,121.61 2 1
github.com/FITHSCS/backend/business/domain/gpstrackingbus/gpstrackingbus.go:121.61,123.3 1 0
github.com/FITHSCS/backend/business/domain/gpstrackingbus/gpstrackingbus.go:125.2,125.28 1 1
github.com/FITHSCS/backend/business/domain/gpstrackingbus/gpstrackingbus.go:129.95,132.16 2 1
github.com/FITHSCS/backend/business/domain/gpstrackingbus/gpstrackingbus.go:132.16,134.3 1 0
github.com/FITHSCS/backend/business/domain/gpstrackingbus/gpstrackingbus.go:136.2,136.24 1 1
github.com/FITHSCS/backend/business/domain/gpstrackingbus/gpstrackingbus.go:140.123,142.16 2 1
github.com/FITHSCS/backend/business/domain/gpstrackingbus/gpstrackingbus.go:142.16,144.3 1 0
github.com/FITHSCS/backend/business/domain/gpstrackingbus/gpstrackingbus.go:146.2,146.18 1 1
github.com/FITHSCS/backend/business/domain/gpstrackingbus/gpstrackingbus.go:150.80,152.2 1 0
github.com/FITHSCS/backend/business/domain/gpstrackingbus/gpstrackingbus.go:154.82,156.63 1 2
github.com/FITHSCS/backend/business/domain/gpstrackingbus/gpstrackingbus.go:156.63,158.3 1 0
github.com/FITHSCS/backend/business/domain/gpstrackingbus/gpstrackingbus.go:160.2,160.12 1 2
github.com/FITHSCS/backend/business/domain/gpstrackingbus/gpstrackingbus.go:163.82,165.63 1 2
github.com/FITHSCS/backend/business/domain/gpstrackingbus/gpstrackingbus.go:165.63,167.3 1 0
github.com/FITHSCS/backend/business/domain/gpstrackingbus/gpstrackingbus.go:169.2,169.12 1 2
github.com/FITHSCS/backend/business/domain/gpstrackingbus/testutil.go:13.88,19.19 4 2
github.com/FITHSCS/backend/business/domain/gpstrackingbus/testutil.go:19.19,36.3 3 4
github.com/FITHSCS/backend/business/domain/gpstrackingbus/testutil.go:38.2,38.17 1 2
github.com/FITHSCS/backend/business/domain/gpstrackingbus/testutil.go:41.131,45.27 3 2
github.com/FITHSCS/backend/business/domain/gpstrackingbus/testutil.go:45.27,47.17 2 4
github.com/FITHSCS/backend/business/domain/gpstrackingbus/testutil.go:47.17,49.4 1 0
github.com/FITHSCS/backend/business/domain/gpstrackingbus/testutil.go:51.3,51.16 1 4
github.com/FITHSCS/backend/business/domain/gpstrackingbus/testutil.go:54.2,54.18 1 2
github.com/FITHSCS/backend/business/domain/imagebus/stores/imagedb/filter.go:10.87,14.22 2 0
github.com/FITHSCS/backend/business/domain/imagebus/stores/imagedb/filter.go:14.22,17.3 2 0
github.com/FITHSCS/backend/business/domain/imagebus/stores/imagedb/filter.go:19.2,19.29 1 0
github.com/FITHSCS/backend/business/domain/imagebus/stores/imagedb/filter.go:19.29,22.3 2 0
github.com/FITHSCS/backend/business/domain/imagebus/stores/imagedb/filter.go:24.2,24.17 1 0
github.com/FITHSCS/backend/business/domain/imagebus/stores/imagedb/filter.go:24.17,27.3 2 0
github.com/FITHSCS/backend/business/domain/imagebus/stores/imagedb/imagedb.go:25.55,27.2 1 0
github.com/FITHSCS/backend/business/domain/imagebus/stores/imagedb/imagedb.go:29.69,62.16 3 0
github.com/FITHSCS/backend/business/domain/imagebus/stores/imagedb/imagedb.go:62.16,64.3 1 0
github.com/FITHSCS/backend/business/domain/imagebus/stores/imagedb/imagedb.go:65.2,65.70 1 0
github.com/FITHSCS/backend/business/domain/imagebus/stores/imagedb/imagedb.go:68.69,88.16 3 0
github.com/FITHSCS/backend/business/domain/imagebus/stores/imagedb/imagedb.go:88.16,90.3 1 0
github.com/FITHSCS/backend/business/domain/imagebus/stores/imagedb/imagedb.go:92.2,92.70 1 0
github.com/FITHSCS/backend/business/domain/imagebus/stores/imagedb/imagedb.go:95.133,125.16 7 0
github.com/FITHSCS/backend/business/domain/imagebus/stores/imagedb/imagedb.go:125.16,127.3 1 0
github.com/FITHSCS/backend/business/domain/imagebus/stores/imagedb/imagedb.go:129.2,134.93 4 0
github.com/FITHSCS/backend/business/domain/imagebus/stores/imagedb/imagedb.go:134.93,136.3 1 0
github.com/FITHSCS/backend/business/domain/imagebus/stores/imagedb/imagedb.go:138.2,138.28 1 0
github.com/FITHSCS/backend/business/domain/imagebus/stores/imagedb/imagedb.go:141.86,152.91 7 0
github.com/FITHSCS/backend/business/domain/imagebus/stores/imagedb/imagedb.go:152.91,154.3 1 0
github.com/FITHSCS/backend/business/domain/imagebus/stores/imagedb/imagedb.go:155.2,155.23 1 0
github.com/FITHSCS/backend/business/domain/imagebus/stores/imagedb/imagedb.go:158.91,183.84 4 0
github.com/FITHSCS/backend/business/domain/imagebus/stores/imagedb/imagedb.go:183.84,184.42 1 0
github.com/FITHSCS/backend/business/domain/imagebus/stores/imagedb/imagedb.go:184.42,186.4 1 0
github.com/FITHSCS/backend/business/domain/imagebus/stores/imagedb/imagedb.go:187.3,187.53 1 0
github.com/FITHSCS/backend/business/domain/imagebus/stores/imagedb/imagedb.go:189.2,189.24 1 0
github.com/FITHSCS/backend/business/domain/imagebus/stores/imagedb/imagedb.go:192.74,204.73 3 0
github.com/FITHSCS/backend/business/domain/imagebus/stores/imagedb/imagedb.go:204.73,206.3 1 0
github.com/FITHSCS/backend/business/domain/imagebus/stores/imagedb/imagedb.go:207.2,207.12 1 0
github.com/FITHSCS/backend/business/domain/imagebus/stores/imagedb/imagedb.go:210.77,219.73 3 0
github.com/FITHSCS/backend/business/domain/imagebus/stores/imagedb/imagedb.go:219.73,221.3 1 0
github.com/FITHSCS/backend/business/domain/imagebus/stores/imagedb/imagedb.go:222.2,222.12 1 0
github.com/FITHSCS/backend/business/domain/imagebus/stores/imagedb/model.go:29.53,48.2 2 0
github.com/FITHSCS/backend/business/domain/imagebus/stores/imagedb/model.go:50.53,53.16 2 0
github.com/FITHSCS/backend/business/domain/imagebus/stores/imagedb/model.go:53.16,55.3 1 0
github.com/FITHSCS/backend/business/domain/imagebus/stores/imagedb/model.go:57.2,58.16 2 0
github.com/FITHSCS/backend/business/domain/imagebus/stores/imagedb/model.go:58.16,60.3 1 0
github.com/FITHSCS/backend/business/domain/imagebus/stores/imagedb/model.go:62.2,63.16 2 0
github.com/FITHSCS/backend/business/domain/imagebus/stores/imagedb/model.go:63.16,65.3 1 0
github.com/FITHSCS/backend/business/domain/imagebus/stores/imagedb/model.go:67.2,68.16 2 0
github.com/FITHSCS/backend/business/domain/imagebus/stores/imagedb/model.go:68.16,70.3 1 0
github.com/FITHSCS/backend/business/domain/imagebus/stores/imagedb/model.go:72.2,87.17 2 0
github.com/FITHSCS/backend/business/domain/imagebus/stores/imagedb/model.go:91.59,94.25 2 0
github.com/FITHSCS/backend/business/domain/imagebus/stores/imagedb/model.go:94.25,97.17 3 0
github.com/FITHSCS/backend/business/domain/imagebus/stores/imagedb/model.go:97.17,99.4 1 0
github.com/FITHSCS/backend/business/domain/imagebus/stores/imagedb/model.go:101.2,101.17 1 0
github.com/FITHSCS/backend/business/domain/imagebus/stores/imagedb/order.go:22.49,24.9 2 0
github.com/FITHSCS/backend/business/domain/imagebus/stores/imagedb/order.go:24.9,26.3 1 0
github.com/FITHSCS/backend/business/domain/imagebus/stores/imagedb/order.go:27.2,27.53 1 0
github.com/FITHSCS/backend/business/domain/imagebus/imagebus.go:36.63,42.2 1 1
github.com/FITHSCS/backend/business/domain/imagebus/imagebus.go:44.76,64.52 3 6
github.com/FITHSCS/backend/business/domain/imagebus/imagebus.go:64.52,66.3 1 0
github.com/FITHSCS/backend/business/domain/imagebus/imagebus.go:67.2,67.19 1 6
github.com/FITHSCS/backend/business/domain/imagebus/imagebus.go:70.103,73.16 2 2
github.com/FITHSCS/backend/business/domain/imagebus/imagebus.go:73.16,75.3 1 0
github.com/FITHSCS/backend/business/domain/imagebus/imagebus.go:77.2,77.33 1 2
github.com/FITHSCS/backend/business/domain/imagebus/imagebus.go:77.33,79.3 1 2
github.com/FITHSCS/backend/business/domain/imagebus/imagebus.go:81.2,81.33 1 2
github.com/FITHSCS/backend/business/domain/imagebus/imagebus.go:81.33,83.3 1 2
github.com/FITHSCS/backend/business/domain/imagebus/imagebus.go:85.2,85.34 1 2
github.com/FITHSCS/backend/business/domain/imagebus/imagebus.go:85.34,87.3 1 2
github.com/FITHSCS/backend/business/domain/imagebus/imagebus.go:89.2,89.32 1 2
github.com/FITHSCS/backend/business/domain/imagebus/imagebus.go:89.32,91.3 1 2
github.com/FITHSCS/backend/business/domain/imagebus/imagebus.go:93.2,93.32 1 2
github.com/FITHSCS/backend/business/domain/imagebus/imagebus.go:93.32,95.3 1 2
github.com/FITHSCS/backend/business/domain/imagebus/imagebus.go:97.2,97.31 1 2
github.com/FITHSCS/backend/business/domain/imagebus/imagebus.go:97.31,99.3 1 2
github.com/FITHSCS/backend/business/domain/imagebus/imagebus.go:101.2,101.32 1 2
github.com/FITHSCS/backend/business/domain/imagebus/imagebus.go:101.32,103.3 1 2
github.com/FITHSCS/backend/business/domain/imagebus/imagebus.go:105.2,105.31 1 2
github.com/FITHSCS/backend/business/domain/imagebus/imagebus.go:105.31,107.3 1 2
github.com/FITHSCS/backend/business/domain/imagebus/imagebus.go:109.2,111.55 2 2
github.com/FITHSCS/backend/business/domain/imagebus/imagebus.go:111.55,113.3 1 0
github.com/FITHSCS/backend/business/domain/imagebus/imagebus.go:115.2,115.22 1 2
github.com/FITHSCS/backend/business/domain/imagebus/imagebus.go:118.118,120.16 2 1
github.com/FITHSCS/backend/business/domain/imagebus/imagebus.go:120.16,122.3 1 0
github.com/FITHSCS/backend/business/domain/imagebus/imagebus.go:123.2,123.20 1 1
github.com/FITHSCS/backend/business/domain/imagebus/imagebus.go:125.80,127.2 1 0
github.com/FITHSCS/backend/business/domain/imagebus/imagebus.go:129.85,132.16 2 1
github.com/FITHSCS/backend/business/domain/imagebus/imagebus.go:132.16,134.3 1 0
github.com/FITHSCS/backend/business/domain/imagebus/imagebus.go:135.2,135.25 1 1
github.com/FITHSCS/backend/business/domain/imagebus/imagebus.go:138.77,140.16 2 2
github.com/FITHSCS/backend/business/domain/imagebus/imagebus.go:140.16,142.3 1 0
github.com/FITHSCS/backend/business/domain/imagebus/imagebus.go:143.2,143.24 1 2
github.com/FITHSCS/backend/business/domain/imagebus/imagebus.go:143.24,145.3 1 0
github.com/FITHSCS/backend/business/domain/imagebus/imagebus.go:147.2,147.58 1 2
github.com/FITHSCS/backend/business/domain/imagebus/imagebus.go:147.58,149.3 1 0
github.com/FITHSCS/backend/business/domain/imagebus/imagebus.go:151.2,151.12 1 2
github.com/FITHSCS/backend/business/domain/imagebus/imagebus.go:154.77,156.58 1 2
github.com/FITHSCS/backend/business/domain/imagebus/imagebus.go:156.58,158.3 1 0
github.com/FITHSCS/backend/business/domain/imagebus/imagebus.go:159.2,159.12 1 2
github.com/FITHSCS/backend/business/domain/imagebus/testutil.go:14.96,25.19 8 2
github.com/FITHSCS/backend/business/domain/imagebus/testutil.go:25.19,41.3 3 4
github.com/FITHSCS/backend/business/domain/imagebus/testutil.go:43.2,43.14 1 2
github.com/FITHSCS/backend/business/domain/imagebus/testutil.go:46.139,50.27 3 2
github.com/FITHSCS/backend/business/domain/imagebus/testutil.go:50.27,52.17 2 4
github.com/FITHSCS/backend/business/domain/imagebus/testutil.go:52.17,54.4 1 0
github.com/FITHSCS/backend/business/domain/imagebus/testutil.go:56.3,56.16 1 4
github.com/FITHSCS/backend/business/domain/imagebus/testutil.go:59.2,59.18 1 2
github.com/FITHSCS/backend/business/domain/manifestbus/stores/manifestdb/filter.go:10.90,14.30 2 0
github.com/FITHSCS/backend/business/domain/manifestbus/stores/manifestdb/filter.go:14.30,17.3 2 0
github.com/FITHSCS/backend/business/domain/manifestbus/stores/manifestdb/filter.go:19.2,19.17 1 0
github.com/FITHSCS/backend/business/domain/manifestbus/stores/manifestdb/filter.go:19.17,22.3 2 0
github.com/FITHSCS/backend/business/domain/manifestbus/stores/manifestdb/manifestdb.go:25.55,27.2 1 0
github.com/FITHSCS/backend/business/domain/manifestbus/stores/manifestdb/manifestdb.go:29.75,66.16 3 0
github.com/FITHSCS/backend/business/domain/manifestbus/stores/manifestdb/manifestdb.go:66.16,68.3 1 0
github.com/FITHSCS/backend/business/domain/manifestbus/stores/manifestdb/manifestdb.go:69.2,69.70 1 0
github.com/FITHSCS/backend/business/domain/manifestbus/stores/manifestdb/manifestdb.go:72.75,94.16 3 0
github.com/FITHSCS/backend/business/domain/manifestbus/stores/manifestdb/manifestdb.go:94.16,96.3 1 0
github.com/FITHSCS/backend/business/domain/manifestbus/stores/manifestdb/manifestdb.go:98.2,98.70 1 0
github.com/FITHSCS/backend/business/domain/manifestbus/stores/manifestdb/manifestdb.go:102.100,134.16 7 0
github.com/FITHSCS/backend/business/domain/manifestbus/stores/manifestdb/manifestdb.go:134.16,136.3 1 0
github.com/FITHSCS/backend/business/domain/manifestbus/stores/manifestdb/manifestdb.go:137.2,141.93 4 0
github.com/FITHSCS/backend/business/domain/manifestbus/stores/manifestdb/manifestdb.go:141.93,143.3 1 0
github.com/FITHSCS/backend/business/domain/manifestbus/stores/manifestdb/manifestdb.go:144.2,145.31 2 0
github.com/FITHSCS/backend/business/domain/manifestbus/stores/manifestdb/manifestdb.go:148.89,159.91 7 0
github.com/FITHSCS/backend/business/domain/manifestbus/stores/manifestdb/manifestdb.go:159.91,161.3 1 0
github.com/FITHSCS/backend/business/domain/manifestbus/stores/manifestdb/manifestdb.go:162.2,162.23 1 0
github.com/FITHSCS/backend/business/domain/manifestbus/stores/manifestdb/manifestdb.go:165.100,192.84 4 0
github.com/FITHSCS/backend/business/domain/manifestbus/stores/manifestdb/manifestdb.go:192.84,193.42 1 0
github.com/FITHSCS/backend/business/domain/manifestbus/stores/manifestdb/manifestdb.go:193.42,195.4 1 0
github.com/FITHSCS/backend/business/domain/manifestbus/stores/manifestdb/manifestdb.go:196.3,196.59 1 0
github.com/FITHSCS/backend/business/domain/manifestbus/stores/manifestdb/manifestdb.go:198.2,198.27 1 0
github.com/FITHSCS/backend/business/domain/manifestbus/stores/manifestdb/manifestdb.go:201.77,213.78 3 0
github.com/FITHSCS/backend/business/domain/manifestbus/stores/manifestdb/manifestdb.go:213.78,215.3 1 0
github.com/FITHSCS/backend/business/domain/manifestbus/stores/manifestdb/manifestdb.go:216.2,216.12 1 0
github.com/FITHSCS/backend/business/domain/manifestbus/stores/manifestdb/manifestdb.go:219.77,228.78 3 0
github.com/FITHSCS/backend/business/domain/manifestbus/stores/manifestdb/manifestdb.go:228.78,230.3 1 0
github.com/FITHSCS/backend/business/domain/manifestbus/stores/manifestdb/manifestdb.go:231.2,231.12 1 0
github.com/FITHSCS/backend/business/domain/manifestbus/stores/manifestdb/model.go:32.65,53.2 2 0
github.com/FITHSCS/backend/business/domain/manifestbus/stores/manifestdb/model.go:55.65,58.16 2 0
github.com/FITHSCS/backend/business/domain/manifestbus/stores/manifestdb/model.go:58.16,60.3 1 0
github.com/FITHSCS/backend/business/domain/manifestbus/stores/manifestdb/model.go:62.2,63.16 2 0
github.com/FITHSCS/backend/business/domain/manifestbus/stores/manifestdb/model.go:63.16,65.3 1 0
github.com/FITHSCS/backend/business/domain/manifestbus/stores/manifestdb/model.go:67.2,68.16 2 0
github.com/FITHSCS/backend/business/domain/manifestbus/stores/manifestdb/model.go:68.16,70.3 1 0
github.com/FITHSCS/backend/business/domain/manifestbus/stores/manifestdb/model.go:72.2,89.17 2 0
github.com/FITHSCS/backend/business/domain/manifestbus/stores/manifestdb/model.go:93.71,96.25 2 0
github.com/FITHSCS/backend/business/domain/manifestbus/stores/manifestdb/model.go:96.25,99.17 3 0
github.com/FITHSCS/backend/business/domain/manifestbus/stores/manifestdb/model.go:99.17,101.4 1 0
github.com/FITHSCS/backend/business/domain/manifestbus/stores/manifestdb/model.go:103.2,103.17 1 0
github.com/FITHSCS/backend/business/domain/manifestbus/stores/manifestdb/order.go:22.49,24.9 2 0
github.com/FITHSCS/backend/business/domain/manifestbus/stores/manifestdb/order.go:24.9,26.3 1 0
github.com/FITHSCS/backend/business/domain/manifestbus/stores/manifestdb/order.go:27.2,27.53 1 0
github.com/FITHSCS/backend/business/domain/manifestbus/manifestbus.go:31.39,33.2 1 0
github.com/FITHSCS/backend/business/domain/manifestbus/manifestbus.go:40.63,46.2 1 1
github.com/FITHSCS/backend/business/domain/manifestbus/manifestbus.go:48.82,70.55 3 5
github.com/FITHSCS/backend/business/domain/manifestbus/manifestbus.go:70.55,72.3 1 0
github.com/FITHSCS/backend/business/domain/manifestbus/manifestbus.go:73.2,73.22 1 5
github.com/FITHSCS/backend/business/domain/manifestbus/manifestbus.go:76.122,79.16 2 1
github.com/FITHSCS/backend/business/domain/manifestbus/manifestbus.go:79.16,81.3 1 0
github.com/FITHSCS/backend/business/domain/manifestbus/manifestbus.go:83.2,83.41 1 1
github.com/FITHSCS/backend/business/domain/manifestbus/manifestbus.go:83.41,85.3 1 1
github.com/FITHSCS/backend/business/domain/manifestbus/manifestbus.go:87.2,87.44 1 1
github.com/FITHSCS/backend/business/domain/manifestbus/manifestbus.go:87.44,89.3 1 1
github.com/FITHSCS/backend/business/domain/manifestbus/manifestbus.go:91.2,91.35 1 1
github.com/FITHSCS/backend/business/domain/manifestbus/manifestbus.go:91.35,93.3 1 1
github.com/FITHSCS/backend/business/domain/manifestbus/manifestbus.go:95.2,95.38 1 1
github.com/FITHSCS/backend/business/domain/manifestbus/manifestbus.go:95.38,97.3 1 1
github.com/FITHSCS/backend/business/domain/manifestbus/manifestbus.go:99.2,99.34 1 1
github.com/FITHSCS/backend/business/domain/manifestbus/manifestbus.go:99.34,101.3 1 1
github.com/FITHSCS/backend/business/domain/manifestbus/manifestbus.go:103.2,103.40 1 1
github.com/FITHSCS/backend/business/domain/manifestbus/manifestbus.go:103.40,105.3 1 1
github.com/FITHSCS/backend/business/domain/manifestbus/manifestbus.go:107.2,107.38 1 1
github.com/FITHSCS/backend/business/domain/manifestbus/manifestbus.go:107.38,109.3 1 1
github.com/FITHSCS/backend/business/domain/manifestbus/manifestbus.go:111.2,111.40 1 1
github.com/FITHSCS/backend/business/domain/manifestbus/manifestbus.go:111.40,113.3 1 1
github.com/FITHSCS/backend/business/domain/manifestbus/manifestbus.go:115.2,115.37 1 1
github.com/FITHSCS/backend/business/domain/manifestbus/manifestbus.go:115.37,117.3 1 1
github.com/FITHSCS/backend/business/domain/manifestbus/manifestbus.go:119.2,119.36 1 1
github.com/FITHSCS/backend/business/domain/manifestbus/manifestbus.go:119.36,121.3 1 1
github.com/FITHSCS/backend/business/domain/manifestbus/manifestbus.go:123.2,125.57 2 1
github.com/FITHSCS/backend/business/domain/manifestbus/manifestbus.go:125.57,127.3 1 0
github.com/FITHSCS/backend/business/domain/manifestbus/manifestbus.go:129.2,129.24 1 1
github.com/FITHSCS/backend/business/domain/manifestbus/manifestbus.go:132.121,135.16 2 1
github.com/FITHSCS/backend/business/domain/manifestbus/manifestbus.go:135.16,137.3 1 0
github.com/FITHSCS/backend/business/domain/manifestbus/manifestbus.go:138.2,138.23 1 1
github.com/FITHSCS/backend/business/domain/manifestbus/manifestbus.go:140.80,142.2 1 0
github.com/FITHSCS/backend/business/domain/manifestbus/manifestbus.go:144.94,147.16 2 1
github.com/FITHSCS/backend/business/domain/manifestbus/manifestbus.go:147.16,149.3 1 0
github.com/FITHSCS/backend/business/domain/manifestbus/manifestbus.go:150.2,150.25 1 1
github.com/FITHSCS/backend/business/domain/manifestbus/manifestbus.go:153.83,155.16 2 2
github.com/FITHSCS/backend/business/domain/manifestbus/manifestbus.go:155.16,157.3 1 0
github.com/FITHSCS/backend/business/domain/manifestbus/manifestbus.go:158.2,158.24 1 2
github.com/FITHSCS/backend/business/domain/manifestbus/manifestbus.go:158.24,160.3 1 0
github.com/FITHSCS/backend/business/domain/manifestbus/manifestbus.go:162.2,162.64 1 2
github.com/FITHSCS/backend/business/domain/manifestbus/manifestbus.go:162.64,164.3 1 0
github.com/FITHSCS/backend/business/domain/manifestbus/manifestbus.go:166.2,166.12 1 2
github.com/FITHSCS/backend/business/domain/manifestbus/manifestbus.go:169.83,171.64 1 2
github.com/FITHSCS/backend/business/domain/manifestbus/manifestbus.go:171.64,173.3 1 0
github.com/FITHSCS/backend/business/domain/manifestbus/manifestbus.go:174.2,174.12 1 2
github.com/FITHSCS/backend/business/domain/manifestbus/testutil.go:14.98,23.19 7 2
github.com/FITHSCS/backend/business/domain/manifestbus/testutil.go:23.19,54.3 5 4
github.com/FITHSCS/backend/business/domain/manifestbus/testutil.go:56.2,56.14 1 2
github.com/FITHSCS/backend/business/domain/manifestbus/testutil.go:59.141,63.27 3 2
github.com/FITHSCS/backend/business/domain/manifestbus/testutil.go:63.27,65.17 2 4
github.com/FITHSCS/backend/business/domain/manifestbus/testutil.go:65.17,67.4 1 0
github.com/FITHSCS/backend/business/domain/manifestbus/testutil.go:69.3,69.16 1 4
github.com/FITHSCS/backend/business/domain/manifestbus/testutil.go:72.2,72.18 1 2
github.com/FITHSCS/backend/business/domain/pickupbatchbus/stores/pickupbatchdb/filter.go:12.93,16.27 2 0
github.com/FITHSCS/backend/business/domain/pickupbatchbus/stores/pickupbatchdb/filter.go:16.27,19.3 2 0
github.com/FITHSCS/backend/business/domain/pickupbatchbus/stores/pickupbatchdb/filter.go:20.2,20.27 1 0
github.com/FITHSCS/backend/business/domain/pickupbatchbus/stores/pickupbatchdb/filter.go:20.27,23.3 2 0
github.com/FITHSCS/backend/business/domain/pickupbatchbus/stores/pickupbatchdb/filter.go:25.2,25.29 1 0
github.com/FITHSCS/backend/business/domain/pickupbatchbus/stores/pickupbatchdb/filter.go:25.29,28.3 2 0
github.com/FITHSCS/backend/business/domain/pickupbatchbus/stores/pickupbatchdb/filter.go:29.2,29.34 1 0
github.com/FITHSCS/backend/business/domain/pickupbatchbus/stores/pickupbatchdb/filter.go:29.34,32.3 2 0
github.com/FITHSCS/backend/business/domain/pickupbatchbus/stores/pickupbatchdb/filter.go:33.2,33.39 1 0
github.com/FITHSCS/backend/business/domain/pickupbatchbus/stores/pickupbatchdb/filter.go:33.39,36.3 2 0
github.com/FITHSCS/backend/business/domain/pickupbatchbus/stores/pickupbatchdb/filter.go:38.2,38.46 1 0
github.com/FITHSCS/backend/business/domain/pickupbatchbus/stores/pickupbatchdb/filter.go:38.46,41.3 2 0
github.com/FITHSCS/backend/business/domain/pickupbatchbus/stores/pickupbatchdb/filter.go:42.2,42.28 1 0
github.com/FITHSCS/backend/business/domain/pickupbatchbus/stores/pickupbatchdb/filter.go:42.28,45.3 2 0
github.com/FITHSCS/backend/business/domain/pickupbatchbus/stores/pickupbatchdb/filter.go:47.2,47.28 1 0
github.com/FITHSCS/backend/business/domain/pickupbatchbus/stores/pickupbatchdb/filter.go:47.28,50.3 2 0
github.com/FITHSCS/backend/business/domain/pickupbatchbus/stores/pickupbatchdb/filter.go:51.2,51.29 1 0
github.com/FITHSCS/backend/business/domain/pickupbatchbus/stores/pickupbatchdb/filter.go:51.29,54.3 2 0
github.com/FITHSCS/backend/business/domain/pickupbatchbus/stores/pickupbatchdb/filter.go:56.2,56.29 1 0
github.com/FITHSCS/backend/business/domain/pickupbatchbus/stores/pickupbatchdb/filter.go:56.29,59.3 2 0
github.com/FITHSCS/backend/business/domain/pickupbatchbus/stores/pickupbatchdb/filter.go:60.2,60.29 1 0
github.com/FITHSCS/backend/business/domain/pickupbatchbus/stores/pickupbatchdb/filter.go:60.29,63.3 2 0
github.com/FITHSCS/backend/business/domain/pickupbatchbus/stores/pickupbatchdb/filter.go:65.2,65.17 1 0
github.com/FITHSCS/backend/business/domain/pickupbatchbus/stores/pickupbatchdb/filter.go:65.17,68.3 2 0
github.com/FITHSCS/backend/business/domain/pickupbatchbus/stores/pickupbatchdb/model.go:32.75,52.2 2 0
github.com/FITHSCS/backend/business/domain/pickupbatchbus/stores/pickupbatchdb/model.go:54.75,56.16 2 0
github.com/FITHSCS/backend/business/domain/pickupbatchbus/stores/pickupbatchdb/model.go:56.16,58.3 1 0
github.com/FITHSCS/backend/business/domain/pickupbatchbus/stores/pickupbatchdb/model.go:60.2,61.16 2 0
github.com/FITHSCS/backend/business/domain/pickupbatchbus/stores/pickupbatchdb/model.go:61.16,63.3 1 0
github.com/FITHSCS/backend/business/domain/pickupbatchbus/stores/pickupbatchdb/model.go:65.2,82.17 2 0
github.com/FITHSCS/backend/business/domain/pickupbatchbus/stores/pickupbatchdb/model.go:86.82,90.25 2 0
github.com/FITHSCS/backend/business/domain/pickupbatchbus/stores/pickupbatchdb/model.go:90.25,93.17 3 0
github.com/FITHSCS/backend/business/domain/pickupbatchbus/stores/pickupbatchdb/model.go:93.17,95.4 1 0
github.com/FITHSCS/backend/business/domain/pickupbatchbus/stores/pickupbatchdb/model.go:97.2,97.17 1 0
github.com/FITHSCS/backend/business/domain/pickupbatchbus/stores/pickupbatchdb/order.go:24.49,26.9 2 0
github.com/FITHSCS/backend/business/domain/pickupbatchbus/stores/pickupbatchdb/order.go:26.9,28.3 1 0
github.com/FITHSCS/backend/business/domain/pickupbatchbus/stores/pickupbatchdb/order.go:29.2,29.53 1 0
github.com/FITHSCS/backend/business/domain/pickupbatchbus/stores/pickupbatchdb/pickupbatchdb.go:24.55,26.2 1 0
github.com/FITHSCS/backend/business/domain/pickupbatchbus/stores/pickupbatchdb/pickupbatchdb.go:28.81,63.16 3 0
github.com/FITHSCS/backend/business/domain/pickupbatchbus/stores/pickupbatchdb/pickupbatchdb.go:63.16,65.3 1 0
github.com/FITHSCS/backend/business/domain/pickupbatchbus/stores/pickupbatchdb/pickupbatchdb.go:66.2,66.70 1 0
github.com/FITHSCS/backend/business/domain/pickupbatchbus/stores/pickupbatchdb/pickupbatchdb.go:69.81,89.16 3 0
github.com/FITHSCS/backend/business/domain/pickupbatchbus/stores/pickupbatchdb/pickupbatchdb.go:89.16,91.3 1 0
github.com/FITHSCS/backend/business/domain/pickupbatchbus/stores/pickupbatchdb/pickupbatchdb.go:93.2,93.70 1 0
github.com/FITHSCS/backend/business/domain/pickupbatchbus/stores/pickupbatchdb/pickupbatchdb.go:97.109,127.16 7 0
github.com/FITHSCS/backend/business/domain/pickupbatchbus/stores/pickupbatchdb/pickupbatchdb.go:127.16,129.3 1 0
github.com/FITHSCS/backend/business/domain/pickupbatchbus/stores/pickupbatchdb/pickupbatchdb.go:130.2,134.93 4 0
github.com/FITHSCS/backend/business/domain/pickupbatchbus/stores/pickupbatchdb/pickupbatchdb.go:134.93,136.3 1 0
github.com/FITHSCS/backend/business/domain/pickupbatchbus/stores/pickupbatchdb/pickupbatchdb.go:137.2,138.35 2 0
github.com/FITHSCS/backend/business/domain/pickupbatchbus/stores/pickupbatchdb/pickupbatchdb.go:141.107,167.84 4 0
github.com/FITHSCS/backend/business/domain/pickupbatchbus/stores/pickupbatchdb/pickupbatchdb.go:167.84,168.42 1 0
github.com/FITHSCS/backend/business/domain/pickupbatchbus/stores/pickupbatchdb/pickupbatchdb.go:168.42,170.4 1 0
github.com/FITHSCS/backend/business/domain/pickupbatchbus/stores/pickupbatchdb/pickupbatchdb.go:171.3,171.65 1 0
github.com/FITHSCS/backend/business/domain/pickupbatchbus/stores/pickupbatchdb/pickupbatchdb.go:173.2,173.30 1 0
github.com/FITHSCS/backend/business/domain/pickupbatchbus/stores/pickupbatchdb/pickupbatchdb.go:176.92,187.91 7 0
github.com/FITHSCS/backend/business/domain/pickupbatchbus/stores/pickupbatchdb/pickupbatchdb.go:187.91,189.3 1 0
github.com/FITHSCS/backend/business/domain/pickupbatchbus/stores/pickupbatchdb/pickupbatchdb.go:190.2,190.23 1 0
github.com/FITHSCS/backend/business/domain/pickupbatchbus/stores/pickupbatchdb/pickupbatchdb.go:193.80,205.83 3 0
github.com/FITHSCS/backend/business/domain/pickupbatchbus/stores/pickupbatchdb/pickupbatchdb.go:205.83,207.3 1 0
github.com/FITHSCS/backend/business/domain/pickupbatchbus/stores/pickupbatchdb/pickupbatchdb.go:208.2,208.12 1 0
github.com/FITHSCS/backend/business/domain/pickupbatchbus/stores/pickupbatchdb/pickupbatchdb.go:211.80,220.83 3 0
github.com/FITHSCS/backend/business/domain/pickupbatchbus/stores/pickupbatchdb/pickupbatchdb.go:220.83,222.3 1 0
github.com/FITHSCS/backend/business/domain/pickupbatchbus/stores/pickupbatchdb/pickupbatchdb.go:223.2,223.12 1 0
github.com/FITHSCS/backend/business/domain/pickupbatchbus/pickupbatchbus.go:32.39,34.2 1 0
github.com/FITHSCS/backend/business/domain/pickupbatchbus/pickupbatchbus.go:41.63,47.2 1 1
github.com/FITHSCS/backend/business/domain/pickupbatchbus/pickupbatchbus.go:49.88,70.58 3 5
github.com/FITHSCS/backend/business/domain/pickupbatchbus/pickupbatchbus.go:70.58,72.3 1 0
github.com/FITHSCS/backend/business/domain/pickupbatchbus/pickupbatchbus.go:74.2,74.25 1 5
github.com/FITHSCS/backend/business/domain/pickupbatchbus/pickupbatchbus.go:77.131,80.16 2 1
github.com/FITHSCS/backend/business/domain/pickupbatchbus/pickupbatchbus.go:80.16,82.3 1 0
github.com/FITHSCS/backend/business/domain/pickupbatchbus/pickupbatchbus.go:84.2,84.38 1 1
github.com/FITHSCS/backend/business/domain/pickupbatchbus/pickupbatchbus.go:84.38,86.3 1 1
github.com/FITHSCS/backend/business/domain/pickupbatchbus/pickupbatchbus.go:88.2,88.47 1 1
github.com/FITHSCS/backend/business/domain/pickupbatchbus/pickupbatchbus.go:88.47,90.3 1 1
github.com/FITHSCS/backend/business/domain/pickupbatchbus/pickupbatchbus.go:92.2,92.40 1 1
github.com/FITHSCS/backend/business/domain/pickupbatchbus/pickupbatchbus.go:92.40,94.3 1 1
github.com/FITHSCS/backend/business/domain/pickupbatchbus/pickupbatchbus.go:96.2,96.50 1 1
github.com/FITHSCS/backend/business/domain/pickupbatchbus/pickupbatchbus.go:96.50,98.3 1 1
github.com/FITHSCS/backend/business/domain/pickupbatchbus/pickupbatchbus.go:100.2,100.42 1 1
github.com/FITHSCS/backend/business/domain/pickupbatchbus/pickupbatchbus.go:100.42,102.3 1 1
github.com/FITHSCS/backend/business/domain/pickupbatchbus/pickupbatchbus.go:104.2,104.40 1 1
github.com/FITHSCS/backend/business/domain/pickupbatchbus/pickupbatchbus.go:104.40,106.3 1 1
github.com/FITHSCS/backend/business/domain/pickupbatchbus/pickupbatchbus.go:108.2,108.46 1 1
github.com/FITHSCS/backend/business/domain/pickupbatchbus/pickupbatchbus.go:108.46,110.3 1 1
github.com/FITHSCS/backend/business/domain/pickupbatchbus/pickupbatchbus.go:112.2,112.48 1 1
github.com/FITHSCS/backend/business/domain/pickupbatchbus/pickupbatchbus.go:112.48,114.3 1 1
github.com/FITHSCS/backend/business/domain/pickupbatchbus/pickupbatchbus.go:116.2,116.40 1 1
github.com/FITHSCS/backend/business/domain/pickupbatchbus/pickupbatchbus.go:116.40,118.3 1 1
github.com/FITHSCS/backend/business/domain/pickupbatchbus/pickupbatchbus.go:120.2,122.60 2 1
github.com/FITHSCS/backend/business/domain/pickupbatchbus/pickupbatchbus.go:122.60,124.3 1 0
github.com/FITHSCS/backend/business/domain/pickupbatchbus/pickupbatchbus.go:125.2,125.27 1 1
github.com/FITHSCS/backend/business/domain/pickupbatchbus/pickupbatchbus.go:128.97,131.16 2 1
github.com/FITHSCS/backend/business/domain/pickupbatchbus/pickupbatchbus.go:131.16,133.3 1 0
github.com/FITHSCS/backend/business/domain/pickupbatchbus/pickupbatchbus.go:134.2,134.25 1 1
github.com/FITHSCS/backend/business/domain/pickupbatchbus/pickupbatchbus.go:137.124,140.16 2 1
github.com/FITHSCS/backend/business/domain/pickupbatchbus/pickupbatchbus.go:140.16,142.3 1 0
github.com/FITHSCS/backend/business/domain/pickupbatchbus/pickupbatchbus.go:143.2,143.27 1 1
github.com/FITHSCS/backend/business/domain/pickupbatchbus/pickupbatchbus.go:146.80,149.2 1 0
github.com/FITHSCS/backend/business/domain/pickupbatchbus/pickupbatchbus.go:151.83,154.16 2 2
github.com/FITHSCS/backend/business/domain/pickupbatchbus/pickupbatchbus.go:154.16,156.3 1 0
github.com/FITHSCS/backend/business/domain/pickupbatchbus/pickupbatchbus.go:158.2,158.24 1 2
github.com/FITHSCS/backend/business/domain/pickupbatchbus/pickupbatchbus.go:158.24,160.3 1 0
github.com/FITHSCS/backend/business/domain/pickupbatchbus/pickupbatchbus.go:162.2,162.64 1 2
github.com/FITHSCS/backend/business/domain/pickupbatchbus/pickupbatchbus.go:162.64,164.3 1 0
github.com/FITHSCS/backend/business/domain/pickupbatchbus/pickupbatchbus.go:165.2,165.12 1 2
github.com/FITHSCS/backend/business/domain/pickupbatchbus/pickupbatchbus.go:169.83,171.64 1 2
github.com/FITHSCS/backend/business/domain/pickupbatchbus/pickupbatchbus.go:171.64,173.3 1 0
github.com/FITHSCS/backend/business/domain/pickupbatchbus/pickupbatchbus.go:174.2,174.12 1 2
github.com/FITHSCS/backend/business/domain/pickupbatchbus/testutil.go:13.115,22.19 7 2
github.com/FITHSCS/backend/business/domain/pickupbatchbus/testutil.go:22.19,40.3 3 4
github.com/FITHSCS/backend/business/domain/pickupbatchbus/testutil.go:42.2,42.14 1 2
github.com/FITHSCS/backend/business/domain/pickupbatchbus/testutil.go:45.158,49.27 3 2
github.com/FITHSCS/backend/business/domain/pickupbatchbus/testutil.go:49.27,51.17 2 4
github.com/FITHSCS/backend/business/domain/pickupbatchbus/testutil.go:51.17,53.4 1 0
github.com/FITHSCS/backend/business/domain/pickupbatchbus/testutil.go:55.3,55.16 1 4
github.com/FITHSCS/backend/business/domain/pickupbatchbus/testutil.go:58.2,58.18 1 2
github.com/FITHSCS/backend/business/domain/routebus/stores/routedb/filter.go:10.87,14.22 2 0
github.com/FITHSCS/backend/business/domain/routebus/stores/routedb/filter.go:14.22,17.3 2 0
github.com/FITHSCS/backend/business/domain/routebus/stores/routedb/filter.go:18.2,18.33 1 0
github.com/FITHSCS/backend/business/domain/routebus/stores/routedb/filter.go:18.33,21.3 2 0
github.com/FITHSCS/backend/business/domain/routebus/stores/routedb/filter.go:23.2,23.31 1 0
github.com/FITHSCS/backend/business/domain/routebus/stores/routedb/filter.go:23.31,26.3 2 0
github.com/FITHSCS/backend/business/domain/routebus/stores/routedb/filter.go:28.2,28.29 1 0
github.com/FITHSCS/backend/business/domain/routebus/stores/routedb/filter.go:28.29,31.3 2 0
github.com/FITHSCS/backend/business/domain/routebus/stores/routedb/filter.go:33.2,33.27 1 0
github.com/FITHSCS/backend/business/domain/routebus/stores/routedb/filter.go:33.27,36.3 2 0
github.com/FITHSCS/backend/business/domain/routebus/stores/routedb/filter.go:38.2,38.28 1 0
github.com/FITHSCS/backend/business/domain/routebus/stores/routedb/filter.go:38.28,41.3 2 0
github.com/FITHSCS/backend/business/domain/routebus/stores/routedb/filter.go:43.2,43.29 1 0
github.com/FITHSCS/backend/business/domain/routebus/stores/routedb/filter.go:43.29,46.3 2 0
github.com/FITHSCS/backend/business/domain/routebus/stores/routedb/filter.go:47.2,47.29 1 0
github.com/FITHSCS/backend/business/domain/routebus/stores/routedb/filter.go:47.29,50.3 2 0
github.com/FITHSCS/backend/business/domain/routebus/stores/routedb/filter.go:52.2,52.17 1 0
github.com/FITHSCS/backend/business/domain/routebus/stores/routedb/filter.go:52.17,55.3 2 0
github.com/FITHSCS/backend/business/domain/routebus/stores/routedb/model.go:29.55,48.2 2 0
github.com/FITHSCS/backend/business/domain/routebus/stores/routedb/model.go:50.53,53.16 2 0
github.com/FITHSCS/backend/business/domain/routebus/stores/routedb/model.go:53.16,55.3 1 0
github.com/FITHSCS/backend/business/domain/routebus/stores/routedb/model.go:57.2,58.16 2 0
github.com/FITHSCS/backend/business/domain/routebus/stores/routedb/model.go:58.16,60.3 1 0
github.com/FITHSCS/backend/business/domain/routebus/stores/routedb/model.go:62.2,63.16 2 0
github.com/FITHSCS/backend/business/domain/routebus/stores/routedb/model.go:63.16,65.3 1 0
github.com/FITHSCS/backend/business/domain/routebus/stores/routedb/model.go:67.2,68.16 2 0
github.com/FITHSCS/backend/business/domain/routebus/stores/routedb/model.go:68.16,70.3 1 0
github.com/FITHSCS/backend/business/domain/routebus/stores/routedb/model.go:72.2,73.16 2 0
github.com/FITHSCS/backend/business/domain/routebus/stores/routedb/model.go:73.16,75.3 1 0
github.com/FITHSCS/backend/business/domain/routebus/stores/routedb/model.go:77.2,93.20 2 0
github.com/FITHSCS/backend/business/domain/routebus/stores/routedb/model.go:96.59,100.25 2 0
github.com/FITHSCS/backend/business/domain/routebus/stores/routedb/model.go:100.25,103.17 3 0
github.com/FITHSCS/backend/business/domain/routebus/stores/routedb/model.go:103.17,105.4 1 0
github.com/FITHSCS/backend/business/domain/routebus/stores/routedb/model.go:107.2,107.17 1 0
github.com/FITHSCS/backend/business/domain/routebus/stores/routedb/order.go:24.49,26.9 2 0
github.com/FITHSCS/backend/business/domain/routebus/stores/routedb/order.go:26.9,28.3 1 0
github.com/FITHSCS/backend/business/domain/routebus/stores/routedb/order.go:29.2,29.53 1 0
github.com/FITHSCS/backend/business/domain/routebus/stores/routedb/routedb.go:25.55,27.2 1 0
github.com/FITHSCS/backend/business/domain/routebus/stores/routedb/routedb.go:29.69,62.16 3 0
github.com/FITHSCS/backend/business/domain/routebus/stores/routedb/routedb.go:62.16,64.3 1 0
github.com/FITHSCS/backend/business/domain/routebus/stores/routedb/routedb.go:65.2,65.70 1 0
github.com/FITHSCS/backend/business/domain/routebus/stores/routedb/routedb.go:68.69,87.16 3 0
github.com/FITHSCS/backend/business/domain/routebus/stores/routedb/routedb.go:87.16,89.3 1 0
github.com/FITHSCS/backend/business/domain/routebus/stores/routedb/routedb.go:91.2,91.70 1 0
github.com/FITHSCS/backend/business/domain/routebus/stores/routedb/routedb.go:95.91,125.16 7 0
github.com/FITHSCS/backend/business/domain/routebus/stores/routedb/routedb.go:125.16,127.3 1 0
github.com/FITHSCS/backend/business/domain/routebus/stores/routedb/routedb.go:128.2,132.93 4 0
github.com/FITHSCS/backend/business/domain/routebus/stores/routedb/routedb.go:132.93,134.3 1 0
github.com/FITHSCS/backend/business/domain/routebus/stores/routedb/routedb.go:135.2,135.28 1 0
github.com/FITHSCS/backend/business/domain/routebus/stores/routedb/routedb.go:138.91,163.84 4 0
github.com/FITHSCS/backend/business/domain/routebus/stores/routedb/routedb.go:163.84,164.42 1 0
github.com/FITHSCS/backend/business/domain/routebus/stores/routedb/routedb.go:164.42,166.4 1 0
github.com/FITHSCS/backend/business/domain/routebus/stores/routedb/routedb.go:167.3,167.53 1 0
github.com/FITHSCS/backend/business/domain/routebus/stores/routedb/routedb.go:169.2,169.24 1 0
github.com/FITHSCS/backend/business/domain/routebus/stores/routedb/routedb.go:172.86,183.91 7 0
github.com/FITHSCS/backend/business/domain/routebus/stores/routedb/routedb.go:183.91,185.3 1 0
github.com/FITHSCS/backend/business/domain/routebus/stores/routedb/routedb.go:186.2,186.23 1 0
github.com/FITHSCS/backend/business/domain/routebus/stores/routedb/routedb.go:189.70,201.83 3 0
github.com/FITHSCS/backend/business/domain/routebus/stores/routedb/routedb.go:201.83,203.3 1 0
github.com/FITHSCS/backend/business/domain/routebus/stores/routedb/routedb.go:204.2,204.12 1 0
github.com/FITHSCS/backend/business/domain/routebus/routebus.go:24.39,26.2 1 0
github.com/FITHSCS/backend/business/domain/routebus/routebus.go:33.63,38.2 1 1
github.com/FITHSCS/backend/business/domain/routebus/routebus.go:40.76,60.52 3 5
github.com/FITHSCS/backend/business/domain/routebus/routebus.go:60.52,62.3 1 0
github.com/FITHSCS/backend/business/domain/routebus/routebus.go:64.2,64.19 1 5
github.com/FITHSCS/backend/business/domain/routebus/routebus.go:67.102,70.16 2 1
github.com/FITHSCS/backend/business/domain/routebus/routebus.go:70.16,72.3 1 0
github.com/FITHSCS/backend/business/domain/routebus/routebus.go:74.2,74.35 1 1
github.com/FITHSCS/backend/business/domain/routebus/routebus.go:74.35,76.3 1 1
github.com/FITHSCS/backend/business/domain/routebus/routebus.go:78.2,78.33 1 1
github.com/FITHSCS/backend/business/domain/routebus/routebus.go:78.33,80.3 1 1
github.com/FITHSCS/backend/business/domain/routebus/routebus.go:82.2,82.29 1 1
github.com/FITHSCS/backend/business/domain/routebus/routebus.go:82.29,84.3 1 1
github.com/FITHSCS/backend/business/domain/routebus/routebus.go:86.2,86.27 1 1
github.com/FITHSCS/backend/business/domain/routebus/routebus.go:86.27,88.3 1 1
github.com/FITHSCS/backend/business/domain/routebus/routebus.go:90.2,90.30 1 1
github.com/FITHSCS/backend/business/domain/routebus/routebus.go:90.30,92.3 1 1
github.com/FITHSCS/backend/business/domain/routebus/routebus.go:94.2,94.33 1 1
github.com/FITHSCS/backend/business/domain/routebus/routebus.go:94.33,96.3 1 1
github.com/FITHSCS/backend/business/domain/routebus/routebus.go:98.2,98.34 1 1
github.com/FITHSCS/backend/business/domain/routebus/routebus.go:98.34,100.3 1 1
github.com/FITHSCS/backend/business/domain/routebus/routebus.go:102.2,102.31 1 1
github.com/FITHSCS/backend/business/domain/routebus/routebus.go:102.31,104.3 1 1
github.com/FITHSCS/backend/business/domain/routebus/routebus.go:106.2,106.32 1 1
github.com/FITHSCS/backend/business/domain/routebus/routebus.go:106.32,108.3 1 1
github.com/FITHSCS/backend/business/domain/routebus/routebus.go:110.2,112.54 2 1
github.com/FITHSCS/backend/business/domain/routebus/routebus.go:112.54,114.3 1 0
github.com/FITHSCS/backend/business/domain/routebus/routebus.go:115.2,115.21 1 1
github.com/FITHSCS/backend/business/domain/routebus/routebus.go:118.85,121.16 2 1
github.com/FITHSCS/backend/business/domain/routebus/routebus.go:121.16,123.3 1 0
github.com/FITHSCS/backend/business/domain/routebus/routebus.go:124.2,124.17 1 1
github.com/FITHSCS/backend/business/domain/routebus/routebus.go:127.118,129.16 2 1
github.com/FITHSCS/backend/business/domain/routebus/routebus.go:129.16,131.3 1 0
github.com/FITHSCS/backend/business/domain/routebus/routebus.go:132.2,132.21 1 1
github.com/FITHSCS/backend/business/domain/routebus/routebus.go:135.80,137.2 1 0
github.com/FITHSCS/backend/business/domain/routebus/routebus.go:139.73,142.16 2 2
github.com/FITHSCS/backend/business/domain/routebus/routebus.go:142.16,144.3 1 0
github.com/FITHSCS/backend/business/domain/routebus/routebus.go:146.2,146.24 1 2
github.com/FITHSCS/backend/business/domain/routebus/routebus.go:146.24,148.3 1 0
github.com/FITHSCS/backend/business/domain/routebus/routebus.go:150.2,150.54 1 2
github.com/FITHSCS/backend/business/domain/routebus/routebus.go:150.54,152.3 1 0
github.com/FITHSCS/backend/business/domain/routebus/routebus.go:153.2,153.12 1 2
github.com/FITHSCS/backend/business/domain/routebus/testutil.go:13.85,17.19 3 2
github.com/FITHSCS/backend/business/domain/routebus/testutil.go:17.19,34.3 3 4
github.com/FITHSCS/backend/business/domain/routebus/testutil.go:36.2,36.17 1 2
github.com/FITHSCS/backend/business/domain/routebus/testutil.go:39.128,43.27 3 2
github.com/FITHSCS/backend/business/domain/routebus/testutil.go:43.27,45.17 2 4
github.com/FITHSCS/backend/business/domain/routebus/testutil.go:45.17,47.4 1 0
github.com/FITHSCS/backend/business/domain/routebus/testutil.go:49.3,49.16 1 4
github.com/FITHSCS/backend/business/domain/routebus/testutil.go:52.2,52.18 1 2
github.com/FITHSCS/backend/business/domain/signaturebus/stores/signaturedb/filter.go:10.91,14.28 2 0
github.com/FITHSCS/backend/business/domain/signaturebus/stores/signaturedb/filter.go:14.28,17.3 2 0
github.com/FITHSCS/backend/business/domain/signaturebus/stores/signaturedb/filter.go:19.2,19.34 1 0
github.com/FITHSCS/backend/business/domain/signaturebus/stores/signaturedb/filter.go:19.34,22.3 2 0
github.com/FITHSCS/backend/business/domain/signaturebus/stores/signaturedb/filter.go:24.2,24.30 1 0
github.com/FITHSCS/backend/business/domain/signaturebus/stores/signaturedb/filter.go:24.30,27.3 2 0
github.com/FITHSCS/backend/business/domain/signaturebus/stores/signaturedb/filter.go:29.2,29.28 1 0
github.com/FITHSCS/backend/business/domain/signaturebus/stores/signaturedb/filter.go:29.28,32.3 2 0
github.com/FITHSCS/backend/business/domain/signaturebus/stores/signaturedb/filter.go:34.2,34.29 1 0
github.com/FITHSCS/backend/business/domain/signaturebus/stores/signaturedb/filter.go:34.29,37.3 2 0
github.com/FITHSCS/backend/business/domain/signaturebus/stores/signaturedb/filter.go:39.2,39.29 1 0
github.com/FITHSCS/backend/business/domain/signaturebus/stores/signaturedb/filter.go:39.29,42.3 2 0
github.com/FITHSCS/backend/business/domain/signaturebus/stores/signaturedb/filter.go:43.2,43.29 1 0
github.com/FITHSCS/backend/business/domain/signaturebus/stores/signaturedb/filter.go:43.29,46.3 2 0
github.com/FITHSCS/backend/business/domain/signaturebus/stores/signaturedb/filter.go:48.2,48.17 1 0
github.com/FITHSCS/backend/business/domain/signaturebus/stores/signaturedb/filter.go:48.17,51.3 2 0
github.com/FITHSCS/backend/business/domain/signaturebus/stores/signaturedb/model.go:35.69,58.2 2 0
github.com/FITHSCS/backend/business/domain/signaturebus/stores/signaturedb/model.go:60.69,62.16 2 0
github.com/FITHSCS/backend/business/domain/signaturebus/stores/signaturedb/model.go:62.16,64.3 1 0
github.com/FITHSCS/backend/business/domain/signaturebus/stores/signaturedb/model.go:66.2,67.16 2 0
github.com/FITHSCS/backend/business/domain/signaturebus/stores/signaturedb/model.go:67.16,69.3 1 0
github.com/FITHSCS/backend/business/domain/signaturebus/stores/signaturedb/model.go:71.2,72.16 2 0
github.com/FITHSCS/backend/business/domain/signaturebus/stores/signaturedb/model.go:72.16,74.3 1 0
github.com/FITHSCS/backend/business/domain/signaturebus/stores/signaturedb/model.go:76.2,77.16 2 0
github.com/FITHSCS/backend/business/domain/signaturebus/stores/signaturedb/model.go:77.16,79.3 1 0
github.com/FITHSCS/backend/business/domain/signaturebus/stores/signaturedb/model.go:81.2,82.16 2 0
github.com/FITHSCS/backend/business/domain/signaturebus/stores/signaturedb/model.go:82.16,84.3 1 0
github.com/FITHSCS/backend/business/domain/signaturebus/stores/signaturedb/model.go:86.2,87.16 2 0
github.com/FITHSCS/backend/business/domain/signaturebus/stores/signaturedb/model.go:87.16,89.3 1 0
github.com/FITHSCS/backend/business/domain/signaturebus/stores/signaturedb/model.go:91.2,92.16 2 0
github.com/FITHSCS/backend/business/domain/signaturebus/stores/signaturedb/model.go:92.16,94.3 1 0
github.com/FITHSCS/backend/business/domain/signaturebus/stores/signaturedb/model.go:96.2,97.27 2 0
github.com/FITHSCS/backend/business/domain/signaturebus/stores/signaturedb/model.go:97.27,99.3 1 0
github.com/FITHSCS/backend/business/domain/signaturebus/stores/signaturedb/model.go:101.2,102.16 2 0
github.com/FITHSCS/backend/business/domain/signaturebus/stores/signaturedb/model.go:102.16,104.3 1 0
github.com/FITHSCS/backend/business/domain/signaturebus/stores/signaturedb/model.go:106.2,107.16 2 0
github.com/FITHSCS/backend/business/domain/signaturebus/stores/signaturedb/model.go:107.16,109.3 1 0
github.com/FITHSCS/backend/business/domain/signaturebus/stores/signaturedb/model.go:111.2,131.17 2 0
github.com/FITHSCS/backend/business/domain/signaturebus/stores/signaturedb/model.go:135.75,138.25 2 0
github.com/FITHSCS/backend/business/domain/signaturebus/stores/signaturedb/model.go:138.25,141.17 3 0
github.com/FITHSCS/backend/business/domain/signaturebus/stores/signaturedb/model.go:141.17,143.4 1 0
github.com/FITHSCS/backend/business/domain/signaturebus/stores/signaturedb/model.go:145.2,145.17 1 0
github.com/FITHSCS/backend/business/domain/signaturebus/stores/signaturedb/order.go:21.49,24.9 2 0
github.com/FITHSCS/backend/business/domain/signaturebus/stores/signaturedb/order.go:24.9,26.3 1 0
github.com/FITHSCS/backend/business/domain/signaturebus/stores/signaturedb/order.go:27.2,27.53 1 0
github.com/FITHSCS/backend/business/domain/signaturebus/stores/signaturedb/signaturedb.go:25.55,27.2 1 0
[...]
github.com/FITHSCS/backend/business/domain/userbus/stores/usercache/usercache.go:110.2,112.17 2 0
github.com/FITHSCS/backend/business/domain/userbus/stores/usercache/usercache.go:116.105,118.8 2 0
github.com/FITHSCS/backend/business/domain/userbus/stores/usercache/usercache.go:118.8,120.3 1 0
github.com/FITHSCS/backend/business/domain/userbus/stores/usercache/usercache.go:122.2,123.16 2 0
github.com/FITHSCS/backend/business/domain/userbus/stores/usercache/usercache.go:123.16,125.3 1 0
github.com/FITHSCS/backend/business/domain/userbus/stores/usercache/usercache.go:127.2,129.17 2 0
github.com/FITHSCS/backend/business/domain/userbus/stores/usercache/usercache.go:133.60,135.13 2 0
github.com/FITHSCS/backend/business/domain/userbus/stores/usercache/usercache.go:135.13,137.3 1 0
github.com/FITHSCS/backend/business/domain/userbus/stores/usercache/usercache.go:139.2,139.18 1 0
github.com/FITHSCS/backend/business/domain/userbus/stores/usercache/usercache.go:143.46,146.2 2 0
github.com/FITHSCS/backend/business/domain/userbus/stores/usercache/usercache.go:149.47,152.2 2 0
github.com/FITHSCS/backend/business/domain/userbus/stores/userdb/filter.go:12.86,15.27 2 0
github.com/FITHSCS/backend/business/domain/userbus/stores/userdb/filter.go:15.27,18.3 2 0
github.com/FITHSCS/backend/business/domain/userbus/stores/userdb/filter.go:20.2,20.24 1 0
github.com/FITHSCS/backend/business/domain/userbus/stores/userdb/filter.go:20.24,23.3 2 0
github.com/FITHSCS/backend/business/domain/userbus/stores/userdb/filter.go:25.2,25.25 1 0
github.com/FITHSCS/backend/business/domain/userbus/stores/userdb/filter.go:25.25,28.3 2 0
github.com/FITHSCS/backend/business/domain/userbus/stores/userdb/filter.go:30.2,30.25 1 0
github.com/FITHSCS/backend/business/domain/userbus/stores/userdb/filter.go:30.25,33.3 2 0
github.com/FITHSCS/backend/business/domain/userbus/stores/userdb/filter.go:35.2,35.36 1 0
github.com/FITHSCS/backend/business/domain/userbus/stores/userdb/filter.go:35.36,38.3 2 0
github.com/FITHSCS/backend/business/domain/userbus/stores/userdb/filter.go:40.2,40.34 1 0
github.com/FITHSCS/backend/business/domain/userbus/stores/userdb/filter.go:40.34,43.3 2 0
github.com/FITHSCS/backend/business/domain/userbus/stores/userdb/filter.go:45.2,45.17 1 0
github.com/FITHSCS/backend/business/domain/userbus/stores/userdb/filter.go:45.17,48.3 2 0
github.com/FITHSCS/backend/business/domain/userbus/stores/userdb/model.go:30.38,46.2 1 0
github.com/FITHSCS/backend/business/domain/userbus/stores/userdb/model.go:48.47,54.16 3 0
github.com/FITHSCS/backend/business/domain/userbus/stores/userdb/model.go:54.16,56.3 1 0
github.com/FITHSCS/backend/business/domain/userbus/stores/userdb/model.go:58.2,59.16 2 0
github.com/FITHSCS/backend/business/domain/userbus/stores/userdb/model.go:59.16,61.3 1 0
github.com/FITHSCS/backend/business/domain/userbus/stores/userdb/model.go:63.2,64.16 2 0
github.com/FITHSCS/backend/business/domain/userbus/stores/userdb/model.go:64.16,66.3 1 0
github.com/FITHSCS/backend/business/domain/userbus/stores/userdb/model.go:68.2,69.16 2 0
github.com/FITHSCS/backend/business/domain/userbus/stores/userdb/model.go:69.16,71.3 1 0
github.com/FITHSCS/backend/business/domain/userbus/stores/userdb/model.go:73.2,86.17 2 0
github.com/FITHSCS/backend/business/domain/userbus/stores/userdb/model.go:89.53,92.25 2 0
github.com/FITHSCS/backend/business/domain/userbus/stores/userdb/model.go:92.25,95.17 3 0
github.com/FITHSCS/backend/business/domain/userbus/stores/userdb/model.go:95.17,97.4 1 0
github.com/FITHSCS/backend/business/domain/userbus/stores/userdb/model.go:100.2,100.17 1 0
github.com/FITHSCS/backend/business/domain/userbus/stores/userdb/order.go:19.54,21.13 2 0
github.com/FITHSCS/backend/business/domain/userbus/stores/userdb/order.go:21.13,23.3 1 0
github.com/FITHSCS/backend/business/domain/userbus/stores/userdb/order.go:25.2,25.57 1 0
github.com/FITHSCS/backend/business/domain/userbus/stores/userdb/userdb.go:28.55,33.2 1 0
github.com/FITHSCS/backend/business/domain/userbus/stores/userdb/userdb.go:36.69,43.87 2 0
github.com/FITHSCS/backend/business/domain/userbus/stores/userdb/userdb.go:43.87,44.49 1 0
github.com/FITHSCS/backend/business/domain/userbus/stores/userdb/userdb.go:44.49,46.4 1 0
github.com/FITHSCS/backend/business/domain/userbus/stores/userdb/userdb.go:47.3,47.49 1 0
github.com/FITHSCS/backend/business/domain/userbus/stores/userdb/userdb.go:50.2,50.12 1 0
github.com/FITHSCS/backend/business/domain/userbus/stores/userdb/userdb.go:54.69,70.83 2 0
github.com/FITHSCS/backend/business/domain/userbus/stores/userdb/userdb.go:70.83,71.49 1 0
github.com/FITHSCS/backend/business/domain/userbus/stores/userdb/userdb.go:71.49,73.4 1 0
github.com/FITHSCS/backend/business/domain/userbus/stores/userdb/userdb.go:74.3,74.49 1 0
github.com/FITHSCS/backend/business/domain/userbus/stores/userdb/userdb.go:77.2,77.12 1 0
github.com/FITHSCS/backend/business/domain/userbus/stores/userdb/userdb.go:81.69,88.83 2 0
github.com/FITHSCS/backend/business/domain/userbus/stores/userdb/userdb.go:88.83,90.3 1 0
github.com/FITHSCS/backend/business/domain/userbus/stores/userdb/userdb.go:92.2,92.12 1 0
github.com/FITHSCS/backend/business/domain/userbus/stores/userdb/userdb.go:96.130,112.16 6 0
github.com/FITHSCS/backend/business/domain/userbus/stores/userdb/userdb.go:112.16,114.3 1 0
github.com/FITHSCS/backend/business/domain/userbus/stores/userdb/userdb.go:116.2,120.93 4 0
github.com/FITHSCS/backend/business/domain/userbus/stores/userdb/userdb.go:120.93,122.3 1 0
github.com/FITHSCS/backend/business/domain/userbus/stores/userdb/userdb.go:124.2,124.27 1 0
github.com/FITHSCS/backend/business/domain/userbus/stores/userdb/userdb.go:128.85,143.93 6 0
github.com/FITHSCS/backend/business/domain/userbus/stores/userdb/userdb.go:143.93,145.3 1 0
github.com/FITHSCS/backend/business/domain/userbus/stores/userdb/userdb.go:147.2,147.25 1 0
github.com/FITHSCS/backend/business/domain/userbus/stores/userdb/userdb.go:151.88,167.82 4 0
github.com/FITHSCS/backend/business/domain/userbus/stores/userdb/userdb.go:167.82,168.42 1 0
github.com/FITHSCS/backend/business/domain/userbus/stores/userdb/userdb.go:168.42,170.4 1 0
github.com/FITHSCS/backend/business/domain/userbus/stores/userdb/userdb.go:171.3,171.51 1 0
github.com/FITHSCS/backend/business/domain/userbus/stores/userdb/userdb.go:174.2,174.25 1 0
github.com/FITHSCS/backend/business/domain/userbus/stores/userdb/userdb.go:178.93,194.82 4 0
github.com/FITHSCS/backend/business/domain/userbus/stores/userdb/userdb.go:194.82,195.42 1 0
github.com/FITHSCS/backend/business/domain/userbus/stores/userdb/userdb.go:195.42,197.4 1 0
github.com/FITHSCS/backend/business/domain/userbus/stores/userdb/userdb.go:198.3,198.51 1 0
github.com/FITHSCS/backend/business/domain/userbus/stores/userdb/userdb.go:201.2,201.25 1 0
github.com/FITHSCS/backend/business/domain/userbus/stores/userdb/userdb.go:205.105,221.82 4 0
github.com/FITHSCS/backend/business/domain/userbus/stores/userdb/userdb.go:221.82,222.42 1 0
github.com/FITHSCS/backend/business/domain/userbus/stores/userdb/userdb.go:222.42,224.4 1 0
github.com/FITHSCS/backend/business/domain/userbus/stores/userdb/userdb.go:225.3,225.51 1 0
github.com/FITHSCS/backend/business/domain/userbus/stores/userdb/userdb.go:228.2,228.25 1 0
github.com/FITHSCS/backend/business/domain/userbus/testutil.go:15.51,19.19 3 2
github.com/FITHSCS/backend/business/domain/userbus/testutil.go:19.19,32.3 3 4
github.com/FITHSCS/backend/business/domain/userbus/testutil.go:34.2,34.16 1 2
github.com/FITHSCS/backend/business/domain/userbus/testutil.go:38.97,42.29 3 2
github.com/FITHSCS/backend/business/domain/userbus/testutil.go:42.29,44.17 2 4
github.com/FITHSCS/backend/business/domain/userbus/testutil.go:44.17,46.4 1 0
github.com/FITHSCS/backend/business/domain/userbus/testutil.go:47.3,47.16 1 4
github.com/FITHSCS/backend/business/domain/userbus/testutil.go:50.2,50.18 1 2
github.com/FITHSCS/backend/business/domain/userbus/userbus.go:64.90,71.44 2 1
github.com/FITHSCS/backend/business/domain/userbus/userbus.go:71.44,73.17 2 0
github.com/FITHSCS/backend/business/domain/userbus/userbus.go:73.17,75.4 1 0
github.com/FITHSCS/backend/business/domain/userbus/userbus.go:78.2,78.10 1 1
github.com/FITHSCS/backend/business/domain/userbus/userbus.go:82.93,84.16 2 5
github.com/FITHSCS/backend/business/domain/userbus/userbus.go:84.16,86.3 1 0
github.com/FITHSCS/backend/business/domain/userbus/userbus.go:87.2,102.50 3 5
github.com/FITHSCS/backend/business/domain/userbus/userbus.go:102.50,104.3 1 0
github.com/FITHSCS/backend/business/domain/userbus/userbus.go:106.2,106.17 1 5
github.com/FITHSCS/backend/business/domain/userbus/userbus.go:110.106,111.20 1 1
github.com/FITHSCS/backend/business/domain/userbus/userbus.go:111.20,113.3 1 1
github.com/FITHSCS/backend/business/domain/userbus/userbus.go:115.2,115.21 1 1
github.com/FITHSCS/backend/business/domain/userbus/userbus.go:115.21,117.3 1 1
github.com/FITHSCS/backend/business/domain/userbus/userbus.go:119.2,119.21 1 1
github.com/FITHSCS/backend/business/domain/userbus/userbus.go:119.21,121.3 1 0
github.com/FITHSCS/backend/business/domain/userbus/userbus.go:123.2,123.21 1 1
github.com/FITHSCS/backend/business/domain/userbus/userbus.go:123.21,125.3 1 1
github.com/FITHSCS/backend/business/domain/userbus/userbus.go:127.2,127.24 1 1
github.com/FITHSCS/backend/business/domain/userbus/userbus.go:127.24,129.17 2 1
github.com/FITHSCS/backend/business/domain/userbus/userbus.go:129.17,131.4 1 0
github.com/FITHSCS/backend/business/domain/userbus/userbus.go:132.3,132.24 1 1
github.com/FITHSCS/backend/business/domain/userbus/userbus.go:135.2,135.26 1 1
github.com/FITHSCS/backend/business/domain/userbus/userbus.go:135.26,137.3 1 1
github.com/FITHSCS/backend/business/domain/userbus/userbus.go:139.2,139.23 1 1
github.com/FITHSCS/backend/business/domain/userbus/userbus.go:139.23,141.3 1 0
github.com/FITHSCS/backend/business/domain/userbus/userbus.go:143.2,145.50 2 1
github.com/FITHSCS/backend/business/domain/userbus/userbus.go:145.50,147.3 1 0
github.com/FITHSCS/backend/business/domain/userbus/userbus.go:149.2,149.17 1 1
github.com/FITHSCS/backend/business/domain/userbus/userbus.go:153.83,154.50 1 2
github.com/FITHSCS/backend/business/domain/userbus/userbus.go:154.50,156.3 1 0
github.com/FITHSCS/backend/business/domain/userbus/userbus.go:158.2,158.12 1 2
github.com/FITHSCS/backend/business/domain/userbus/userbus.go:162.117,164.16 2 1
github.com/FITHSCS/backend/business/domain/userbus/userbus.go:164.16,166.3 1 0
github.com/FITHSCS/backend/business/domain/userbus/userbus.go:168.2,168.19 1 1
github.com/FITHSCS/backend/business/domain/userbus/userbus.go:172.80,174.2 1 0
github.com/FITHSCS/backend/business/domain/userbus/userbus.go:177.83,179.16 2 0
github.com/FITHSCS/backend/business/domain/userbus/userbus.go:179.16,181.3 1 0
github.com/FITHSCS/backend/business/domain/userbus/userbus.go:183.2,183.18 1 0
github.com/FITHSCS/backend/business/domain/userbus/userbus.go:187.88,189.16 2 0
github.com/FITHSCS/backend/business/domain/userbus/userbus.go:189.16,191.3 1 0
github.com/FITHSCS/backend/business/domain/userbus/userbus.go:193.2,193.18 1 0
github.com/FITHSCS/backend/business/domain/userbus/userbus.go:197.98,199.16 2 0
github.com/FITHSCS/backend/business/domain/userbus/userbus.go:199.16,201.3 1 0
github.com/FITHSCS/backend/business/domain/userbus/userbus.go:203.2,203.18 1 0
github.com/FITHSCS/backend/business/domain/userbus/userbus.go:209.117,211.16 2 0
github.com/FITHSCS/backend/business/domain/userbus/userbus.go:211.16,213.3 1 0
github.com/FITHSCS/backend/business/domain/userbus/userbus.go:215.2,215.90 1 0
github.com/FITHSCS/backend/business/domain/userbus/userbus.go:215.90,217.3 1 0
github.com/FITHSCS/backend/business/domain/userbus/userbus.go:219.2,219.17 1 0
github.com/FITHSCS/backend/business/domain/vehiclebus/stores/vehicledb/filter.go:12.89,16.30 2 0
github.com/FITHSCS/backend/business/domain/vehiclebus/stores/vehicledb/filter.go:16.30,19.6 2 0
github.com/FITHSCS/backend/business/domain/vehiclebus/stores/vehicledb/filter.go:20.5,20.34 1 0
github.com/FITHSCS/backend/business/domain/vehiclebus/stores/vehicledb/filter.go:20.34,23.5 2 0
github.com/FITHSCS/backend/business/domain/vehiclebus/stores/vehicledb/filter.go:24.4,24.33 1 0
github.com/FITHSCS/backend/business/domain/vehiclebus/stores/vehicledb/filter.go:24.33,27.5 2 0
github.com/FITHSCS/backend/business/domain/vehiclebus/stores/vehicledb/filter.go:28.4,28.36 1 0
github.com/FITHSCS/backend/business/domain/vehiclebus/stores/vehicledb/filter.go:28.36,31.5 2 0
github.com/FITHSCS/backend/business/domain/vehiclebus/stores/vehicledb/filter.go:33.4,33.36 1 0
github.com/FITHSCS/backend/business/domain/vehiclebus/stores/vehicledb/filter.go:33.36,36.5 2 0
github.com/FITHSCS/backend/business/domain/vehiclebus/stores/vehicledb/filter.go:39.5,39.36 1 0
github.com/FITHSCS/backend/business/domain/vehiclebus/stores/vehicledb/filter.go:39.36,42.6 2 0
github.com/FITHSCS/backend/business/domain/vehiclebus/stores/vehicledb/filter.go:44.5,44.32 1 0
github.com/FITHSCS/backend/business/domain/vehiclebus/stores/vehicledb/filter.go:44.32,47.6 2 0
github.com/FITHSCS/backend/business/domain/vehiclebus/stores/vehicledb/filter.go:48.5,48.32 1 0
github.com/FITHSCS/backend/business/domain/vehiclebus/stores/vehicledb/filter.go:48.32,51.6 2 0
github.com/FITHSCS/backend/business/domain/vehiclebus/stores/vehicledb/filter.go:53.5,53.20 1 0
github.com/FITHSCS/backend/business/domain/vehiclebus/stores/vehicledb/filter.go:53.20,56.6 2 0
github.com/FITHSCS/backend/business/domain/vehiclebus/stores/vehicledb/model.go:30.50,43.2 1 0
github.com/FITHSCS/backend/business/domain/vehiclebus/stores/vehicledb/model.go:45.59,48.16 2 0
github.com/FITHSCS/backend/business/domain/vehiclebus/stores/vehicledb/model.go:48.16,50.3 1 0
github.com/FITHSCS/backend/business/domain/vehiclebus/stores/vehicledb/model.go:52.2,53.16 2 0
github.com/FITHSCS/backend/business/domain/vehiclebus/stores/vehicledb/model.go:53.16,55.3 1 0
github.com/FITHSCS/backend/business/domain/vehiclebus/stores/vehicledb/model.go:57.2,58.16 2 0
github.com/FITHSCS/backend/business/domain/vehiclebus/stores/vehicledb/model.go:58.16,60.3 1 0
github.com/FITHSCS/backend/business/domain/vehiclebus/stores/vehicledb/model.go:62.2,73.17 2 0
github.com/FITHSCS/backend/business/domain/vehiclebus/stores/vehicledb/model.go:77.65,81.25 2 0
github.com/FITHSCS/backend/business/domain/vehiclebus/stores/vehicledb/model.go:81.25,84.17 3 0
github.com/FITHSCS/backend/business/domain/vehiclebus/stores/vehicledb/model.go:84.17,86.4 1 0
github.com/FITHSCS/backend/business/domain/vehiclebus/stores/vehicledb/model.go:88.2,88.17 1 0
github.com/FITHSCS/backend/business/domain/vehiclebus/stores/vehicledb/order.go:24.49,26.10 2 0
github.com/FITHSCS/backend/business/domain/vehiclebus/stores/vehicledb/order.go:26.10,28.4 1 0
github.com/FITHSCS/backend/business/domain/vehiclebus/stores/vehicledb/order.go:29.3,29.54 1 0
github.com/FITHSCS/backend/business/domain/vehiclebus/stores/vehicledb/vehicledb.go:24.55,26.2 1 0
github.com/FITHSCS/backend/business/domain/vehiclebus/stores/vehicledb/vehicledb.go:32.73,55.2 3 0
github.com/FITHSCS/backend/business/domain/vehiclebus/stores/vehicledb/vehicledb.go:57.73,71.2 2 0
github.com/FITHSCS/backend/business/domain/vehiclebus/stores/vehicledb/vehicledb.go:74.97,100.16 7 0
github.com/FITHSCS/backend/business/domain/vehiclebus/stores/vehicledb/vehicledb.go:100.16,102.3 1 0
github.com/FITHSCS/backend/business/domain/vehiclebus/stores/vehicledb/vehicledb.go:103.2,107.93 4 0
github.com/FITHSCS/backend/business/domain/vehiclebus/stores/vehicledb/vehicledb.go:107.93,109.3 1 0
github.com/FITHSCS/backend/business/domain/vehiclebus/stores/vehicledb/vehicledb.go:110.2,111.30 2 0
github.com/FITHSCS/backend/business/domain/vehiclebus/stores/vehicledb/vehicledb.go:114.88,125.91 7 0
github.com/FITHSCS/backend/business/domain/vehiclebus/stores/vehicledb/vehicledb.go:125.91,127.3 1 0
github.com/FITHSCS/backend/business/domain/vehiclebus/stores/vehicledb/vehicledb.go:128.2,128.23 1 0
github.com/FITHSCS/backend/business/domain/vehiclebus/stores/vehicledb/vehicledb.go:130.90,150.84 4 0
github.com/FITHSCS/backend/business/domain/vehiclebus/stores/vehicledb/vehicledb.go:150.84,151.42 1 0
github.com/FITHSCS/backend/business/domain/vehiclebus/stores/vehicledb/vehicledb.go:151.42,153.4 1 0
github.com/FITHSCS/backend/business/domain/vehiclebus/stores/vehicledb/vehicledb.go:154.3,154.35 1 0
github.com/FITHSCS/backend/business/domain/vehiclebus/stores/vehicledb/vehicledb.go:156.2,156.26 1 0
github.com/FITHSCS/backend/business/domain/vehiclebus/stores/vehicledb/vehicledb.go:159.72,169.80 3 0
github.com/FITHSCS/backend/business/domain/vehiclebus/stores/vehicledb/vehicledb.go:169.80,171.3 1 0
github.com/FITHSCS/backend/business/domain/vehiclebus/stores/vehicledb/vehicledb.go:172.2,172.12 1 0
github.com/FITHSCS/backend/business/domain/vehiclebus/testutil.go:11.50,15.19 3 2
github.com/FITHSCS/backend/business/domain/vehiclebus/testutil.go:15.19,27.3 3 4
github.com/FITHSCS/backend/business/domain/vehiclebus/testutil.go:29.2,29.17 1 2
github.com/FITHSCS/backend/business/domain/vehiclebus/testutil.go:32.93,36.27 3 2
github.com/FITHSCS/backend/business/domain/vehiclebus/testutil.go:36.27,38.17 2 4
github.com/FITHSCS/backend/business/domain/vehiclebus/testutil.go:38.17,40.4 1 0
github.com/FITHSCS/backend/business/domain/vehiclebus/testutil.go:42.3,42.16 1 4
github.com/FITHSCS/backend/business/domain/vehiclebus/testutil.go:45.2,45.18 1 2
github.com/FITHSCS/backend/business/domain/vehiclebus/vehiclebus.go:36.63,42.2 1 1
github.com/FITHSCS/backend/business/domain/vehiclebus/vehiclebus.go:44.80,60.54 3 5
github.com/FITHSCS/backend/business/domain/vehiclebus/vehiclebus.go:60.54,62.3 1 0
github.com/FITHSCS/backend/business/domain/vehiclebus/vehiclebus.go:63.2,63.21 1 5
github.com/FITHSCS/backend/business/domain/vehiclebus/vehiclebus.go:66.115,69.16 2 1
github.com/FITHSCS/backend/business/domain/vehiclebus/vehiclebus.go:69.16,71.3 1 0
github.com/FITHSCS/backend/business/domain/vehiclebus/vehiclebus.go:73.2,73.38 1 1
github.com/FITHSCS/backend/business/domain/vehiclebus/vehiclebus.go:73.38,75.3 1 1
github.com/FITHSCS/backend/business/domain/vehiclebus/vehiclebus.go:77.2,77.38 1 1
github.com/FITHSCS/backend/business/domain/vehiclebus/vehiclebus.go:77.38,79.3 1 1
github.com/FITHSCS/backend/business/domain/vehiclebus/vehiclebus.go:81.2,81.41 1 1
github.com/FITHSCS/backend/business/domain/vehiclebus/vehiclebus.go:81.41,83.3 1 1
github.com/FITHSCS/backend/business/domain/vehiclebus/vehiclebus.go:85.2,85.41 1 1
github.com/FITHSCS/backend/business/domain/vehiclebus/vehiclebus.go:85.41,87.3 1 1
github.com/FITHSCS/backend/business/domain/vehiclebus/vehiclebus.go:89.2,89.40 1 1
github.com/FITHSCS/backend/business/domain/vehiclebus/vehiclebus.go:89.40,91.3 1 1
github.com/FITHSCS/backend/business/domain/vehiclebus/vehiclebus.go:93.2,95.65 2 1
github.com/FITHSCS/backend/business/domain/vehiclebus/vehiclebus.go:95.65,97.3 1 0
github.com/FITHSCS/backend/business/domain/vehiclebus/vehiclebus.go:98.2,98.32 1 1
github.com/FITHSCS/backend/business/domain/vehiclebus/vehiclebus.go:101.89,104.16 2 1
github.com/FITHSCS/backend/business/domain/vehiclebus/vehiclebus.go:104.16,106.3 1 0
github.com/FITHSCS/backend/business/domain/vehiclebus/vehiclebus.go:107.2,107.21 1 1
github.com/FITHSCS/backend/business/domain/vehiclebus/vehiclebus.go:110.120,113.16 2 1
github.com/FITHSCS/backend/business/domain/vehiclebus/vehiclebus.go:113.16,115.3 1 0
github.com/FITHSCS/backend/business/domain/vehiclebus/vehiclebus.go:116.2,116.22 1 1
github.com/FITHSCS/backend/business/domain/vehiclebus/vehiclebus.go:119.80,121.2 1 0
github.com/FITHSCS/backend/business/domain/vehiclebus/vehiclebus.go:123.75,125.56 1 2
github.com/FITHSCS/backend/business/domain/vehiclebus/vehiclebus.go:125.56,127.3 1 0
github.com/FITHSCS/backend/business/domain/vehiclebus/vehiclebus.go:128.2,128.12 1 2
